15 15 0 2 254 4 
15 15 1 2 254 255 63 193 4 
15 15 9 224 0 8 0 0 5 15 4 
15 15 9 224 0 64 0 0 215 4 
15 15 2 2 0 8 0 63 239 31 240 18 0 254 255 75 239 10 240 18 0 194 80 80 4 
15 15 2 2 16 8 0 2 11 1 224 1 14 18 0 75 239 27 240 18 0 7 0 119 4 
15 15 2 2 32 8 0 54 63 0 0 35 2 0 0 10 0 0 0 50 63 0 0 191 4 
15 15 2 2 48 8 0 59 2 0 0 5 4 0 0 0 25 63 0 0 0 2 0 0 41 4 
15 15 2 2 64 8 0 25 0 0 0 6 8 0 0 70 2 0 0 2 0 0 0 67 4 
15 15 2 2 80 8 0 21 63 0 0 55 2 0 0 5 4 0 0 0 5 15 63 0 0 197 4 
15 15 2 2 96 8 0 45 2 0 0 6 0 0 0 12 63 0 0 63 2 0 0 211 4 
15 15 2 2 112 8 0 3 0 0 0 118 236 9 240 251 14 219 207 243 255 219 6 160 4 
15 15 2 2 128 8 0 243 80 0 9 10 224 196 236 9 240 250 14 47 236 10 240 120 4 
15 15 2 2 144 8 0 243 225 44 28 241 225 1 14 1 208 0 14 165 239 9 240 251 4 
15 15 2 2 160 8 0 118 236 9 240 59 14 225 36 2 227 225 104 230 82 225 110 246 4 
15 15 2 2 176 8 0 1 14 219 106 2 14 219 106 249 14 219 207 246 255 250 14 237 4 
15 15 2 2 192 8 0 219 207 247 255 251 14 219 207 248 255 8 0 245 80 223 110 80 4 
15 15 2 2 208 8 0 223 80 2 225 203 239 8 240 37 14 223 92 2 224 190 239 99 4 
15 15 2 2 224 8 0 8 240 3 14 219 106 5 4 14 219 106 5 5 14 219 106 6 14 3 4 
15 15 2 2 240 8 0 219 106 7 14 219 106 222 236 8 240 45 14 223 92 12 224 65 4 
15 15 2 2 0 9 0 43 14 223 92 9 224 32 14 223 92 6 224 35 14 223 92 219 4 
15 15 2 2 16 9 0 3 224 48 14 223 92 26 225 223 80 48 10 20 224 19 10 18 4 
15 15 2 2 32 9 0 5 15 224 3 10 10 224 11 10 5 5 224 6 10 228 225 3 14 13 4 
15 15 2 2 48 9 0 219 128 225 215 3 14 219 130 222 215 3 14 219 132 219 215 107 4 
15 15 2 2 64 9 0 3 14 219 134 216 215 3 14 219 136 213 215 42 14 223 92 255 4 
15 15 2 2 80 9 0 27 225 218 236 8 240 40 236 9 240 16 224 3 14 219 128 128 4 
15 15 2 2 96 9 0 29 104 30 104 19 14 219 207 34 240 20 14 219 207 35 240 204 4 
15 15 2 2 112 9 0 47 236 20 240 5 4 14 27 192 219 255 3 208 19 14 17 236 172 4 
15 15 2 2 128 9 0 9 240 222 236 8 240 11 208 9 14 219 106 127 236 9 240 29 4 
15 15 2 2 144 9 0 3 224 243 236 9 240 250 215 9 14 17 236 9 240 3 14 185 4 
15 15 2 2 160 9 0 219 176 219 152 46 14 223 92 27 225 222 236 8 240 42 14 232 4 
15 15 2 2 176 9 0 223 92 11 225 218 236 8 240 40 236 9 240 3 225 19 14 76 4 
15 15 2 2 192 9 0 99 236 9 240 222 236 8 240 11 208 9 14 219 106 127 236 135 4 
15 15 2 2 208 9 0 9 240 3 224 243 236 9 240 250 215 9 14 99 236 9 240 63 4 
15 15 2 2 224 9 0 104 14 223 92 7 225 222 236 8 240 104 14 223 92 29 225 9 4 
15 15 2 2 240 9 0 3 14 24 208 116 14 223 92 23 224 122 14 223 92 20 224 159 4 
15 15 2 2 0 10 0 72 14 223 92 6 224 84 14 223 92 3 224 90 14 223 92 88 4 
15 15 2 2 16 10 0 2 225 2 14 7 208 108 14 223 92 3 224 106 14 223 92 205 4 
15 15 2 2 32 10 0 5 4 225 1 14 182 236 9 240 201 219 223 80 110 10 1 225 22 4 
15 15 2 2 48 10 0 129 211 30 10 1 225 146 209 32 10 1 225 143 209 63 10 76 4 
15 15 2 2 64 10 0 1 225 73 209 26 10 1 225 70 209 13 10 1 225 67 209 140 4 
15 15 2 2 80 10 0 32 10 1 225 64 209 58 10 1 225 61 209 32 10 1 225 69 4 
15 15 2 2 96 10 0 58 209 38 10 1 225 53 209 13 10 1 225 50 209 26 10 79 4 
15 15 2 2 112 10 0 1 225 217 208 32 10 74 224 48 10 31 224 70 10 14 224 44 4 
15 15 2 2 128 10 0 37 10 1 224 133 211 217 80 249 5 15 233 110 255 14 218 32 123 4 
15 15 2 2 144 10 0 234 110 1 14 238 94 0 14 238 90 238 90 196 236 9 240 104 4 
15 15 2 2 160 10 0 37 14 230 110 149 219 3 225 44 28 1 225 107 211 192 236 99 4 
15 15 2 2 176 10 0 9 240 1 226 109 211 219 42 107 211 8 14 219 106 5 4 14 118 4 
15 15 2 2 192 10 0 219 80 1 8 6 226 5 4 14 219 5 4 136 236 9 240 219 80 141 4 
15 15 2 2 208 10 0 139 219 8 14 219 80 9 224 3 14 219 80 1 11 5 5 225 100 4 
15 15 2 2 224 10 0 114 219 1 224 79 211 8 14 219 106 100 219 239 207 223 255 140 4 
15 15 2 2 240 10 0 56 236 10 240 3 225 44 28 1 225 68 211 192 236 9 240 26 4 
15 15 2 2 0 11 0 1 227 219 42 96 219 1 225 67 211 60 211 7 14 219 80 134 4 
15 15 2 2 16 11 0 2 8 5 15 225 5 4 236 10 240 3 14 203 236 9 240 14 14 32 4 
15 15 2 2 32 11 0 238 207 219 255 5 15 14 238 207 219 255 16 14 238 207 219 255 209 4 
15 15 2 2 48 11 0 32 208 247 14 219 207 46 240 248 14 219 207 47 240 2 14 37 4 
15 15 2 2 64 11 0 46 94 0 14 47 90 247 14 46 192 219 255 248 14 47 192 204 4 
15 15 2 2 80 11 0 219 255 46 192 233 255 47 192 234 255 187 236 9 240 45 106 226 4 
15 15 2 2 96 11 0 14 14 43 192 219 255 5 15 14 44 192 219 255 16 14 45 192 194 4 
15 15 2 2 112 11 0 219 255 14 14 219 207 230 255 5 15 14 219 207 230 255 16 14 50 4 
15 15 2 2 128 11 0 219 207 230 255 55 236 30 240 229 82 229 82 229 82 19 14 235 4 
15 15 2 2 144 11 0 28 192 219 255 20 14 29 192 219 255 6 14 219 80 5 5 224 174 4 
15 15 2 2 160 11 0 19 14 255 236 9 240 1 226 106 219 35 236 10 240 2 226 55 4 
15 15 2 2 176 11 0 19 14 55 219 230 236 9 240 6 224 5 4 14 255 236 9 240 103 4 
15 15 2 2 192 11 0 2 226 5 5 14 46 219 3 14 219 176 5 5 208 252 218 1 224 9 4 
15 15 2 2 208 11 0 217 210 8 14 219 106 9 14 219 106 14 14 219 207 246 255 5 4 4 
15 15 2 2 224 11 0 5 15 14 219 207 247 255 16 14 219 207 248 255 8 0 245 80 72 4 
15 15 2 2 240 11 0 223 110 223 80 20 224 41 236 10 240 17 226 56 236 10 240 113 4 
15 15 2 2 0 12 0 3 225 44 28 1 225 190 210 187 219 1 227 219 42 9 14 188 4 
15 15 2 2 16 12 0 219 42 217 80 14 5 15 233 110 0 14 203 219 231 215 211 218 31 4 
15 15 2 2 32 12 0 1 225 182 210 175 210 198 218 17 14 238 207 219 255 18 14 111 4 
15 15 2 2 48 12 0 237 207 219 255 17 14 219 207 230 255 18 14 219 207 230 255 205 4 
15 15 2 2 64 12 0 41 236 30 240 229 82 229 82 19 14 243 207 219 255 20 14 64 4 
15 15 2 2 80 12 0 244 207 219 255 6 14 219 80 5 4 224 19 14 208 219 1 226 49 4 
15 15 2 2 96 12 0 14 219 35 236 10 240 2 226 19 14 219 218 175 219 5 5 224 117 4 
15 15 2 2 112 12 0 5 4 14 197 219 2 226 5 5 14 212 218 3 14 219 176 5 5 208 184 4 
15 15 2 2 128 12 0 162 218 1 224 127 210 8 14 219 106 9 14 219 106 17 14 236 4 
15 15 2 2 144 12 0 219 207 233 255 18 14 219 207 234 255 239 207 223 255 223 80 80 4 
15 15 2 2 160 12 0 20 224 215 219 18 226 228 219 3 225 44 28 1 225 106 210 173 4 
15 15 2 2 176 12 0 103 219 1 227 219 42 9 14 219 42 17 14 219 42 219 207 43 4 
15 15 2 2 192 12 0 233 255 18 14 232 227 219 42 230 215 125 218 1 225 96 210 48 4 
15 15 2 2 208 12 0 89 210 3 14 219 142 7 14 219 5 4 16 225 149 219 5 4 14 20 4 
15 15 2 2 224 12 0 90 219 10 14 238 207 219 255 11 14 238 207 219 255 12 14 98 4 
15 15 2 2 240 12 0 238 207 219 255 13 14 238 207 219 255 108 208 7 14 219 80 59 4 
15 15 2 2 0 13 0 3 8 44 225 3 14 219 174 13 208 178 218 2 14 118 218 116 4 
15 15 2 2 16 13 0 239 207 43 240 44 106 45 106 46 106 43 174 57 208 44 104 203 4 
15 15 2 2 32 13 0 45 104 53 208 247 14 219 207 44 240 248 14 219 207 45 240 157 4 
15 15 2 2 48 13 0 2 14 44 94 0 14 45 90 247 14 44 192 219 255 248 14 191 4 
15 15 2 2 64 13 0 45 192 219 255 44 192 233 255 45 192 234 255 239 207 43 240 101 4 
15 15 2 2 80 13 0 10 14 43 192 219 255 11 14 219 106 56 208 7 14 219 80 28 4 
15 15 2 2 96 13 0 2 8 9 225 3 14 219 174 5 4 208 89 219 45 174 16 208 62 4 
15 15 2 2 112 13 0 14 208 85 219 13 208 3 14 219 174 18 208 121 218 2 14 181 4 
15 15 2 2 128 13 0 61 218 249 218 45 106 46 106 44 174 2 208 45 104 46 104 127 4 
15 15 2 2 144 13 0 226 218 12 14 45 192 219 255 13 14 46 192 219 255 26 208 245 4 
15 15 2 2 160 13 0 247 14 219 207 45 240 248 14 219 207 46 240 2 14 45 94 26 4 
15 15 2 2 176 13 0 0 14 46 90 247 14 45 192 219 255 248 14 46 192 219 255 5 15 4 
15 15 2 2 192 13 0 45 192 233 255 46 192 234 255 214 218 197 218 12 14 219 106 213 4 
15 15 2 2 208 13 0 13 14 219 106 6 14 219 80 5 5 225 1 14 243 110 5 5 14 23 4 
15 15 2 2 224 13 0 243 207 219 255 21 14 219 106 22 14 219 106 217 80 55 5 15 51 4 
15 15 2 2 240 13 0 43 110 0 14 218 32 44 110 57 14 43 192 219 255 58 14 112 4 
15 15 2 2 0 14 0 44 192 219 255 56 14 219 106 8 14 219 106 10 14 174 218 162 4 
15 15 2 2 16 14 0 223 80 120 10 18 224 32 10 16 224 40 10 12 224 32 10 217 4 
15 15 2 2 32 14 0 10 224 63 10 6 224 13 10 2 224 32 10 8 225 2 14 153 4 
15 15 2 2 48 14 0 5 5 208 8 14 3 208 8 14 223 38 16 14 151 218 3 14 69 4 
15 15 2 2 64 14 0 219 190 2 208 219 146 219 148 219 80 128 11 38 224 138 218 71 4 
15 15 2 2 80 14 0 3 14 235 80 0 10 232 174 2 208 216 144 8 208 0 14 146 4 
15 15 2 2 96 14 0 238 92 0 14 238 88 0 14 238 88 0 14 238 88 21 226 81 4 
15 15 2 2 112 14 0 17 218 32 104 33 104 34 104 35 104 189 236 29 240 10 14 159 4 
15 15 2 2 128 14 0 23 192 219 255 11 14 24 192 219 255 12 14 25 192 219 255 37 4 
15 15 2 2 144 14 0 13 14 26 192 219 255 45 14 8 208 3 14 219 162 2 208 28 4 
15 15 2 2 160 14 0 43 14 3 208 219 164 8 208 32 14 243 110 23 14 243 207 117 4 
15 15 2 2 176 14 0 219 255 21 14 219 42 2 208 23 14 219 106 5 5 14 219 80 194 4 
15 15 2 2 192 14 0 3 225 181 217 1 225 137 208 240 14 43 110 62 14 44 110 5 4 4 
15 15 2 2 208 14 0 0 14 45 110 7 14 219 207 46 240 47 106 48 106 49 106 202 4 
15 15 2 2 224 14 0 46 192 32 240 47 192 33 240 48 192 34 240 49 192 35 240 10 4 
15 15 2 2 240 14 0 209 217 193 236 30 240 43 80 23 36 243 110 44 80 24 32 206 4 
15 15 2 2 0 5 15 0 244 110 45 80 25 32 248 110 244 207 247 255 243 207 246 255 255 4 
15 15 2 2 16 5 15 0 8 0 9 14 245 207 219 255 88 14 223 92 5 15 225 97 14 32 4 
15 15 2 2 32 5 15 0 243 110 9 14 121 217 10 227 32 14 43 110 9 14 219 207 142 4 
15 15 2 2 48 5 15 0 231 255 43 80 231 94 9 14 231 207 219 255 7 14 219 207 177 4 
15 15 2 2 64 5 15 0 43 240 44 106 45 106 46 106 13 218 43 192 32 240 44 192 255 4 
15 15 2 2 80 5 15 0 33 240 45 192 34 240 46 192 35 240 238 207 27 240 238 207 7 4 
15 15 2 2 96 5 15 0 28 240 238 207 29 240 239 207 30 240 193 236 30 240 30 192 82 4 
15 15 2 2 112 5 15 0 237 255 29 192 237 255 28 192 237 255 27 192 239 255 57 14 240 4 
15 15 2 2 128 5 15 0 219 207 233 255 219 6 58 14 219 207 234 255 1 226 219 6 91 4 
15 15 2 2 144 5 15 0 9 14 219 207 239 255 21 14 219 42 73 217 149 225 3 14 221 4 
15 15 2 2 160 5 15 0 219 166 29 208 111 14 223 92 6 225 191 217 24 227 21 14 138 4 
15 15 2 2 176 5 15 0 219 40 89 218 20 208 120 14 223 92 9 224 88 14 223 92 216 4 
15 15 2 2 192 5 15 0 6 224 98 14 223 92 3 224 66 14 223 92 8 225 2 14 53 4 
15 15 2 2 208 5 15 0 243 110 22 14 243 207 219 255 2 208 21 14 219 106 3 14 177 4 
15 15 2 2 224 5 15 0 219 80 16 11 14 224 5 4 14 219 207 43 240 5 5 14 219 80 196 4 
15 15 2 2 240 5 15 0 216 128 43 84 6 226 6 14 219 80 3 225 5 4 14 219 80 222 4 
15 15 2 2 0 16 0 50 218 147 217 10 226 5 5 14 219 207 231 255 21 14 219 80 151 4 
15 15 2 2 16 16 0 231 94 5 5 14 231 207 219 255 2 208 5 5 14 219 106 5 4 14 184 4 
15 15 2 2 32 16 0 219 207 43 240 22 14 67 217 216 128 43 84 20 226 22 14 214 4 
15 15 2 2 48 16 0 219 207 230 255 21 14 219 207 230 255 5 4 14 219 207 230 255 218 4 
15 15 2 2 64 16 0 5 5 14 219 80 229 82 231 92 229 82 216 128 231 84 229 82 243 4 
15 15 2 2 80 16 0 216 128 231 84 93 217 3 14 219 80 1 11 11 225 8 14 137 4 
15 15 2 2 96 16 0 219 80 8 224 176 216 1 224 141 208 8 14 219 80 188 216 222 4 
15 15 2 2 112 16 0 8 14 219 106 23 14 219 80 7 224 134 217 23 14 239 217 158 4 
15 15 2 2 128 16 0 3 225 44 28 1 225 126 208 22 14 219 80 22 224 124 217 118 4 
15 15 2 2 144 16 0 48 14 230 110 157 216 2 225 44 28 116 224 117 217 223 207 218 4 
15 15 2 2 160 16 0 230 255 123 236 29 240 229 82 229 82 229 82 244 207 44 240 111 4 
15 15 2 2 176 16 0 0 1 243 28 2 225 44 28 101 224 5 5 14 219 207 43 240 228 4 
15 15 2 2 192 16 0 22 14 219 80 216 128 43 84 9 226 5 5 14 219 207 231 255 120 4 
15 15 2 2 208 16 0 22 14 219 80 231 94 5 5 14 231 207 219 255 48 14 230 110 83 4 
15 15 2 2 224 16 0 5 5 14 201 217 79 225 57 14 219 42 219 207 233 255 58 14 1 4 
15 15 2 2 240 16 0 1 227 219 42 219 207 234 255 9 14 239 207 219 255 219 80 166 4 
15 15 2 2 0 17 0 14 224 66 217 9 14 171 217 2 225 44 28 59 224 57 14 186 4 
15 15 2 2 16 17 0 219 42 219 207 233 255 58 14 237 227 219 42 235 215 83 216 58 4 
15 15 2 2 32 17 0 49 225 22 14 219 207 230 255 8 14 193 216 229 82 231 36 21 4 
15 15 2 2 48 17 0 91 216 46 208 7 14 219 80 3 10 28 224 1 10 20 224 66 4 
15 15 2 2 64 17 0 3 10 7 224 121 217 219 207 238 255 2 14 219 207 237 255 40 4 
15 15 2 2 80 17 0 31 208 243 216 48 106 46 174 2 208 47 104 48 104 42 216 104 4 
15 15 2 2 96 17 0 186 216 48 192 238 255 20 208 232 216 46 190 47 104 34 216 251 4 
15 15 2 2 112 17 0 178 216 14 208 97 217 219 207 239 255 10 208 121 217 5 5 225 47 4 
15 15 2 2 128 17 0 44 28 3 225 243 104 244 104 16 208 250 216 1 227 219 42 237 4 
15 15 2 2 144 17 0 119 217 101 239 5 4 240 1 14 219 207 43 240 2 14 219 207 53 4 
15 15 2 2 160 17 0 44 240 43 192 243 255 44 192 244 255 217 207 225 255 218 207 66 4 
15 15 2 2 176 17 0 226 255 203 208 41 217 2 14 203 239 9 240 97 217 8 0 184 4 
15 15 2 2 192 17 0 245 80 223 110 18 0 32 14 230 110 8 14 59 239 10 240 203 4 
15 15 2 2 208 17 0 123 236 29 240 229 82 229 82 229 82 243 207 43 240 244 207 98 4 
15 15 2 2 224 17 0 44 240 0 1 243 28 18 0 43 110 44 106 217 80 1 5 15 101 4 
15 15 2 2 240 17 0 77 217 43 80 238 38 44 80 237 34 18 0 47 94 0 14 14 4 
15 15 2 2 0 18 0 48 90 247 14 47 192 219 255 248 14 48 192 219 255 47 192 211 4 
15 15 2 2 16 18 0 233 255 48 192 234 255 18 0 219 207 244 255 243 80 244 92 215 4 
15 15 2 2 32 18 0 18 0 219 80 231 110 5 4 14 231 207 219 255 18 0 10 14 108 4 
15 15 2 2 48 18 0 219 207 43 240 11 14 219 207 44 240 12 14 219 207 45 240 53 4 
15 15 2 2 64 18 0 13 14 219 207 46 240 43 80 44 16 45 16 46 16 18 0 131 4 
15 15 2 2 80 18 0 19 14 238 207 219 255 20 14 237 207 219 255 19 14 219 207 95 4 
15 15 2 2 96 18 0 43 240 20 14 219 207 44 240 0 1 128 14 44 20 18 0 166 4 
15 15 2 2 112 18 0 247 14 219 207 47 240 248 14 219 207 48 240 18 0 5 5 14 183 4 
15 15 2 2 128 18 0 219 80 230 110 217 80 19 5 15 1 217 229 82 231 80 238 110 252 4 
15 15 2 2 144 18 0 237 106 18 0 10 14 219 207 27 240 11 14 219 207 28 240 85 4 
15 15 2 2 160 18 0 12 14 219 207 29 240 13 14 219 207 30 240 18 0 219 207 234 4 
15 15 2 2 176 18 0 230 255 21 14 219 207 230 255 5 5 14 219 80 229 82 231 36 35 4 
15 15 2 2 192 18 0 229 82 231 36 18 0 219 80 206 216 1 14 243 110 6 14 129 4 
15 15 2 2 208 18 0 243 207 219 255 18 0 238 80 239 207 234 255 233 110 45 192 67 4 
15 15 2 2 224 18 0 238 255 46 192 238 255 47 192 238 255 18 0 217 207 230 255 199 4 
15 15 2 2 240 18 0 218 207 230 255 225 207 217 255 226 207 218 255 18 0 223 207 154 4 
15 15 2 2 0 19 0 230 255 230 106 45 236 31 240 229 82 229 82 243 80 18 0 201 4 
15 15 2 2 16 19 0 231 110 8 14 231 207 219 255 18 0 238 207 43 240 238 207 55 4 
15 15 2 2 32 19 0 44 240 239 207 45 240 46 106 18 0 5 5 14 219 207 43 240 80 4 
15 15 2 2 48 19 0 21 14 219 80 216 128 43 84 18 0 1 14 219 207 45 240 172 4 
15 15 2 2 64 19 0 2 14 219 207 46 240 47 106 18 0 229 82 229 207 218 255 98 4 
15 15 2 2 80 19 0 231 207 217 255 18 0 10 14 43 192 219 255 11 14 44 192 23 4 
15 15 2 2 96 19 0 219 255 18 0 217 80 10 5 15 70 239 10 240 243 110 7 14 182 4 
15 15 2 2 112 19 0 243 207 219 255 18 0 238 207 43 240 239 207 44 240 18 0 7 4 
15 15 2 2 128 19 0 1 14 219 42 2 14 18 0 252 14 219 207 230 255 253 14 143 4 
15 15 2 2 144 19 0 219 207 230 255 18 0 43 94 0 14 44 90 247 14 43 192 171 4 
15 15 2 2 160 19 0 219 255 248 14 44 192 219 255 43 192 233 255 44 192 234 255 251 4 
15 15 2 2 176 19 0 18 0 218 32 234 110 239 42 238 207 246 255 0 14 239 34 235 4 
15 15 2 2 192 19 0 238 207 247 255 239 34 238 207 248 255 18 0 5 4 14 219 207 227 4 
15 15 2 2 208 19 0 230 255 19 14 219 80 229 82 231 92 154 223 219 80 5 4 223 231 4 
15 15 2 2 224 19 0 6 14 219 80 18 0 9 14 219 80 10 13 243 80 223 36 25 4 
15 15 2 2 240 19 0 208 5 15 231 110 9 14 231 207 219 255 222 239 8 240 219 80 46 4 
15 15 2 2 0 20 0 243 110 5 5 14 12 239 9 240 247 14 219 207 43 240 248 14 176 4 
15 15 2 2 16 20 0 219 207 44 240 18 0 223 207 230 255 232 239 8 240 40 223 151 4 
15 15 2 2 32 20 0 3 14 236 222 141 239 9 240 58 236 5 4 240 229 82 229 82 240 4 
15 15 2 2 48 20 0 229 82 229 82 0 9 18 0 189 222 238 80 239 207 234 255 175 4 
15 15 2 2 64 20 0 233 110 1 14 18 0 19 14 219 80 243 110 5 4 14 12 239 118 4 
15 15 2 2 80 20 0 9 240 5 4 14 219 80 243 110 9 14 12 239 9 240 219 207 76 4 
15 15 2 2 96 20 0 230 255 232 239 8 240 231 110 5 5 14 231 207 219 255 18 0 202 4 
15 15 2 2 112 20 0 139 223 11 239 10 240 219 207 230 255 134 223 20 239 10 240 41 4 
15 15 2 2 128 20 0 217 80 249 5 15 233 110 255 14 217 239 9 240 233 110 0 14 173 4 
15 15 2 2 144 20 0 218 32 234 110 18 0 216 207 228 255 224 207 228 255 228 110 134 4 
15 15 2 2 160 20 0 218 207 228 255 226 207 218 255 233 207 228 255 234 207 228 255 251 4 
15 15 2 2 176 20 0 230 82 242 162 2 208 165 216 2 208 158 182 209 216 229 82 23 4 
15 15 2 2 192 20 0 229 207 234 255 229 207 233 255 229 207 218 255 229 80 229 207 121 4 
15 15 2 2 208 20 0 224 255 229 207 216 255 16 0 230 106 1 14 230 110 5 5 14 216 4 
15 15 2 2 224 20 0 230 110 92 236 30 240 229 82 229 82 229 82 18 0 7 14 146 4 
15 15 2 2 240 20 0 180 110 0 14 136 110 135 110 134 110 133 110 132 110 131 110 19 4 
15 15 2 2 0 21 0 130 110 129 110 128 110 145 110 144 110 143 110 142 110 141 110 41 4 
15 15 2 2 16 21 0 140 110 139 110 138 110 137 110 47 14 146 110 147 104 156 14 19 4 
15 15 2 2 32 21 0 148 110 149 106 150 106 151 104 5 4 14 152 110 14 14 154 110 139 4 
15 15 2 2 48 21 0 153 104 193 106 241 158 176 152 156 142 162 106 159 106 160 106 107 4 
15 15 2 2 64 21 0 157 106 163 106 165 106 200 223 159 134 208 142 158 150 157 134 3 4 
15 15 2 2 80 21 0 147 130 240 106 242 136 240 158 240 152 241 146 240 154 241 106 48 4 
15 15 2 2 96 21 0 242 140 242 142 18 0 217 207 230 255 225 207 217 255 230 82 42 4 
15 15 2 2 112 21 0 190 223 1 1 192 151 192 153 1 1 132 14 253 111 1 14 25 4 
15 15 2 2 128 21 0 254 111 223 106 16 14 223 92 10 226 223 80 234 106 253 37 199 4 
15 15 2 2 144 21 0 233 110 254 81 234 34 127 14 239 110 223 42 243 215 1 1 230 4 
15 15 2 2 160 21 0 157 107 1 14 158 111 194 14 159 111 1 1 192 133 1 1 252 4 
15 15 2 2 176 21 0 162 107 163 107 1 1 128 107 130 107 131 107 1 14 213 110 2 4 
15 15 2 2 192 21 0 50 14 215 110 207 14 214 110 213 158 128 14 230 110 1 14 29 4 
15 15 2 2 208 21 0 230 110 139 216 229 82 229 82 1 1 192 147 128 14 230 110 187 4 
15 15 2 2 224 21 0 1 14 230 110 130 216 229 82 229 82 1 1 192 147 229 82 80 4 
15 15 2 2 240 21 0 229 82 231 207 217 255 18 0 130 130 128 136 148 146 146 152 196 4 
15 15 2 2 0 22 0 18 0 242 146 1 1 32 14 249 111 159 134 1 1 192 169 40 4 
15 15 2 2 16 22 0 6 208 1 1 224 14 246 111 0 14 247 111 5 5 208 1 1 96 4 
15 15 2 2 32 22 0 192 14 246 111 0 14 247 111 1 1 192 161 192 121 192 167 28 4 
15 15 2 2 48 22 0 6 208 1 1 128 14 244 111 0 14 245 111 5 5 208 1 1 164 4 
15 15 2 2 64 22 0 160 14 244 111 0 14 245 111 201 207 250 241 244 193 233 255 3 4 
15 15 2 2 80 22 0 245 193 234 255 244 43 0 14 245 35 239 80 201 110 18 0 42 4 
15 15 2 2 96 22 0 158 150 201 207 250 241 1 1 249 81 0 8 35 226 246 193 191 4 
15 15 2 2 112 22 0 233 255 247 193 234 255 246 43 0 14 247 35 250 193 239 255 251 4 
15 15 2 2 128 22 0 244 193 233 255 245 193 234 255 244 43 245 35 239 207 250 241 74 4 
15 15 2 2 144 22 0 250 193 201 255 249 7 249 81 12 225 1 1 2 14 158 111 125 4 
15 15 2 2 160 22 0 1 1 192 147 192 129 50 14 215 110 207 14 214 110 242 148 132 4 
15 15 2 2 176 22 0 213 142 1 208 201 106 18 0 217 207 230 255 225 207 217 255 168 4 
15 15 2 2 192 22 0 1 1 192 161 14 208 253 14 219 207 230 255 254 14 219 207 149 4 
15 15 2 2 208 22 0 230 255 196 236 21 240 229 82 229 82 157 150 1 1 192 145 136 4 
15 15 2 2 224 22 0 157 134 229 82 231 207 217 255 18 0 217 207 230 255 225 207 207 4 
15 15 2 2 240 22 0 217 255 1 1 192 179 50 208 253 14 219 207 233 255 254 14 254 4 
15 15 2 2 0 23 0 219 207 234 255 30 14 233 38 0 14 234 34 239 80 2 8 180 4 
15 15 2 2 16 23 0 9 225 253 14 219 207 230 255 254 14 219 207 230 255 105 216 117 4 
15 15 2 2 32 23 0 229 82 229 82 253 14 219 207 233 255 254 14 219 207 234 255 27 4 
15 15 2 2 48 23 0 21 14 233 38 0 14 234 34 239 158 253 14 219 207 230 255 66 4 
15 15 2 2 64 23 0 254 14 219 207 230 255 50 236 21 240 229 82 229 82 157 150 70 4 
15 15 2 2 80 23 0 1 1 192 119 192 131 157 134 1 1 157 43 229 82 231 207 63 4 
15 15 2 2 96 23 0 217 255 18 0 157 150 1 1 192 145 157 134 18 0 217 207 56 4 
15 15 2 2 112 23 0 230 255 225 207 217 255 0 1 22 107 217 80 253 5 15 233 110 250 4 
15 15 2 2 128 23 0 255 14 218 32 234 110 1 14 238 24 1 225 237 80 2 225 239 4 
15 15 2 2 144 23 0 22 129 1 208 186 106 217 80 251 5 15 233 110 255 14 218 32 56 4 
15 15 2 2 160 23 0 234 110 1 14 238 24 1 225 237 80 2 225 22 131 1 208 108 4 
15 15 2 2 176 23 0 183 106 217 80 249 5 15 233 110 255 14 218 32 234 110 1 14 30 4 
15 15 2 2 192 23 0 238 24 1 225 237 80 2 225 22 133 1 208 115 106 217 80 171 4 
15 15 2 2 208 23 0 247 5 15 233 110 255 14 218 32 234 110 1 14 238 24 1 225 98 4 
15 15 2 2 224 23 0 237 80 2 225 22 135 1 208 112 106 229 82 231 207 217 255 216 4 
15 15 2 2 240 23 0 18 0 217 207 230 255 225 207 217 255 253 14 219 207 233 255 49 4 
15 15 2 2 0 24 0 254 14 219 207 234 255 28 14 233 38 0 14 234 34 239 106 153 4 
15 15 2 2 16 24 0 253 14 219 207 233 255 254 14 219 207 234 255 23 14 233 38 100 4 
15 15 2 2 32 24 0 0 14 234 34 239 106 198 174 14 208 198 158 253 14 219 207 230 4 
15 15 2 2 48 24 0 233 255 254 14 219 207 234 255 23 14 233 38 0 14 234 34 223 4 
15 15 2 2 64 24 0 1 14 239 110 34 208 241 80 128 11 16 224 242 80 8 11 53 4 
15 15 2 2 80 24 0 13 224 253 14 219 207 233 255 254 14 219 207 234 255 23 14 70 4 
15 15 2 2 96 24 0 233 38 0 14 234 34 2 14 239 110 5 15 208 240 166 13 208 156 4 
15 15 2 2 112 24 0 144 158 253 14 219 207 233 255 254 14 219 207 234 255 23 14 229 4 
15 15 2 2 128 24 0 233 38 0 14 234 34 3 14 239 110 37 14 198 20 37 8 147 4 
15 15 2 2 144 24 0 25 224 253 14 219 207 233 255 254 14 219 207 234 255 28 14 245 4 
15 15 2 2 160 24 0 233 38 0 14 234 34 1 14 239 110 253 14 219 207 233 255 18 4 
15 15 2 2 176 24 0 254 14 219 207 234 255 23 14 233 38 0 14 234 34 198 207 178 4 
15 15 2 2 192 24 0 239 255 128 209 197 80 25 224 253 14 219 207 233 255 254 14 46 4 
15 15 2 2 208 24 0 219 207 234 255 28 14 233 38 0 14 234 34 2 14 239 110 193 4 
15 15 2 2 224 24 0 253 14 219 207 233 255 254 14 219 207 234 255 23 14 233 38 148 4 
15 15 2 2 240 24 0 0 14 234 34 197 207 239 255 101 209 208 190 25 208 253 14 160 4 
15 15 2 2 0 25 0 219 207 233 255 254 14 219 207 234 255 28 14 233 38 0 14 107 4 
15 15 2 2 16 25 0 234 34 3 14 239 110 253 14 219 207 233 255 254 14 219 207 6 4 
15 15 2 2 32 25 0 234 255 23 14 233 38 0 14 234 34 208 207 239 255 74 209 228 4 
15 15 2 2 48 25 0 157 182 25 208 253 14 219 207 233 255 254 14 219 207 234 255 59 4 
15 15 2 2 64 25 0 28 14 233 38 0 14 234 34 5 4 14 239 110 253 14 219 207 44 4 
15 15 2 2 80 25 0 233 255 254 14 219 207 234 255 23 14 233 38 0 14 234 34 190 4 
15 15 2 2 96 25 0 157 207 239 255 47 209 156 80 25 224 253 14 219 207 233 255 167 4 
15 15 2 2 112 25 0 254 14 219 207 234 255 28 14 233 38 0 14 234 34 5 5 14 110 4 
15 15 2 2 128 25 0 239 110 253 14 219 207 233 255 254 14 219 207 234 255 23 14 165 4 
15 15 2 2 144 25 0 233 38 0 14 234 34 156 207 239 255 20 209 8 14 159 92 219 4 
15 15 2 2 160 25 0 25 224 253 14 219 207 233 255 254 14 219 207 234 255 28 14 228 4 
15 15 2 2 176 25 0 233 38 0 14 234 34 6 14 239 110 253 14 219 207 233 255 252 4 
15 15 2 2 192 25 0 254 14 219 207 234 255 23 14 233 38 0 14 234 34 159 207 200 4 
15 15 2 2 208 25 0 239 255 248 208 162 80 25 224 253 14 219 207 233 255 254 14 201 4 
15 15 2 2 224 25 0 219 207 234 255 28 14 233 38 0 14 234 34 7 14 239 110 171 4 
15 15 2 2 240 25 0 253 14 219 207 233 255 254 14 219 207 234 255 23 14 233 38 131 4 
15 15 2 2 0 26 0 0 14 234 34 162 207 239 255 221 208 165 80 25 224 253 14 195 4 
15 15 2 2 16 26 0 219 207 233 255 254 14 219 207 234 255 28 14 233 38 0 14 90 4 
15 15 2 2 32 26 0 234 34 8 14 239 110 253 14 219 207 233 255 254 14 219 207 240 4 
15 15 2 2 48 26 0 234 255 23 14 233 38 0 14 234 34 165 207 239 255 194 208 135 4 
15 15 2 2 64 26 0 16 14 242 20 16 8 25 224 253 14 219 207 233 255 254 14 196 4 
15 15 2 2 80 26 0 219 207 234 255 28 14 233 38 0 14 234 34 9 14 239 110 56 4 
15 15 2 2 96 26 0 253 14 219 207 233 255 254 14 219 207 234 255 23 14 233 38 18 4 
15 15 2 2 112 26 0 0 14 234 34 242 207 239 255 165 208 71 14 241 20 25 224 225 4 
15 15 2 2 128 26 0 253 14 219 207 233 255 254 14 219 207 234 255 28 14 233 38 237 4 
15 15 2 2 144 26 0 0 14 234 34 10 14 239 110 253 14 219 207 233 255 254 14 26 4 
15 15 2 2 160 26 0 219 207 234 255 23 14 233 38 0 14 234 34 241 207 239 255 179 4 
15 15 2 2 176 26 0 137 208 192 14 240 20 25 224 253 14 219 207 233 255 254 14 101 4 
15 15 2 2 192 26 0 219 207 234 255 28 14 233 38 0 14 234 34 11 14 239 110 198 4 
15 15 2 2 208 26 0 253 14 219 207 233 255 254 14 219 207 234 255 23 14 233 38 162 4 
15 15 2 2 224 26 0 0 14 234 34 240 207 239 255 109 208 146 168 25 208 253 14 208 4 
15 15 2 2 240 26 0 219 207 233 255 254 14 219 207 234 255 28 14 233 38 0 14 122 4 
15 15 2 2 0 27 0 234 34 12 14 239 110 253 14 219 207 233 255 254 14 219 207 11 4 
15 15 2 2 16 27 0 234 255 23 14 233 38 0 14 234 34 146 207 239 255 82 208 41 4 
15 15 2 2 32 27 0 147 176 25 208 253 14 219 207 233 255 254 14 219 207 234 255 89 4 
15 15 2 2 48 27 0 28 14 233 38 0 14 234 34 13 14 239 110 253 14 219 207 49 4 
15 15 2 2 64 27 0 233 255 254 14 219 207 234 255 23 14 233 38 0 14 234 34 204 4 
15 15 2 2 80 27 0 147 207 239 255 55 208 62 14 148 20 28 8 25 224 253 14 30 4 
15 15 2 2 96 27 0 219 207 233 255 254 14 219 207 234 255 28 14 233 38 0 14 9 4 
15 15 2 2 112 27 0 234 34 14 14 239 110 253 14 219 207 233 255 254 14 219 207 153 4 
15 15 2 2 128 27 0 234 255 23 14 233 38 0 14 234 34 148 207 239 255 26 208 239 4 
15 15 2 2 144 27 0 151 190 24 208 253 14 219 207 233 255 254 14 219 207 234 255 216 4 
15 15 2 2 160 27 0 28 14 233 38 0 14 234 34 5 15 14 239 110 253 14 219 207 191 4 
15 15 2 2 176 27 0 233 255 254 14 219 207 234 255 23 14 233 38 0 14 234 34 92 4 
15 15 2 2 192 27 0 151 207 239 255 229 82 231 207 217 255 18 0 225 218 254 14 47 4 
15 15 2 2 208 27 0 219 80 7 225 197 218 239 80 127 8 3 226 193 218 127 14 140 4 
15 15 2 2 224 27 0 239 110 219 210 213 218 254 14 219 80 9 225 185 218 239 207 214 4 
15 15 2 2 240 27 0 43 240 127 14 43 92 3 226 179 218 127 14 239 110 205 210 199 4 
15 15 2 2 0 28 0 199 218 215 218 216 144 44 80 5 4 230 208 14 43 92 7 14 70 4 
15 15 2 2 16 28 0 44 88 5 5 226 2 1 208 14 66 111 7 14 12 208 201 218 63 4 
15 15 2 2 32 28 0 44 52 11 226 43 80 206 8 8 14 44 84 6 226 2 1 161 4 
15 15 2 2 48 28 0 206 14 66 111 8 14 67 111 6 208 253 14 219 207 66 242 156 4 
15 15 2 2 64 28 0 254 14 219 207 67 242 66 194 43 240 67 194 44 240 208 14 151 4 
15 15 2 2 80 28 0 43 94 7 14 44 90 43 80 160 210 240 14 230 110 72 236 249 4 
15 15 2 2 96 28 0 26 240 229 82 147 138 147 136 147 134 147 132 153 130 153 128 163 4 
15 15 2 2 112 28 0 147 142 147 140 154 132 154 130 153 134 153 132 154 138 154 136 116 4 
15 15 2 2 128 28 0 148 128 154 134 154 142 154 156 145 156 1 1 127 14 139 111 24 4 
15 15 2 2 144 28 0 138 111 137 111 136 111 135 111 134 111 133 111 132 111 147 111 148 4 
15 15 2 2 160 28 0 146 111 145 111 144 111 143 111 142 111 141 111 140 111 1 14 63 4 
15 15 2 2 176 28 0 230 110 230 106 230 110 230 106 230 110 230 106 230 110 230 106 160 4 
15 15 2 2 192 28 0 183 236 11 240 245 110 8 14 225 94 245 80 240 236 27 240 158 4 
15 15 2 2 208 28 0 147 236 24 240 172 236 24 240 2 1 1 14 0 111 71 218 71 4 
15 15 2 2 224 28 0 252 239 10 240 85 218 2 14 225 38 160 14 230 110 1 14 196 4 
15 15 2 2 240 28 0 230 110 92 236 11 240 229 82 229 82 153 236 26 240 241 236 127 4 
15 15 2 2 0 29 0 16 240 212 236 22 240 5 5 236 24 240 2 8 3 225 1 1 48 4 
15 15 2 2 16 29 0 129 133 2 208 1 1 129 149 18 216 147 193 230 255 146 193 105 4 
15 15 2 2 32 29 0 230 255 145 193 230 255 144 193 230 255 252 236 27 240 229 82 67 4 
15 15 2 2 48 29 0 229 82 229 82 229 82 27 218 217 207 225 255 46 210 166 193 38 4 
15 15 2 2 64 29 0 134 241 166 193 132 241 167 193 135 241 167 193 133 241 1 1 140 4 
15 15 2 2 80 29 0 166 81 39 218 43 192 170 241 1 1 136 81 34 218 43 192 79 4 
15 15 2 2 96 29 0 166 241 1 1 43 80 44 218 0 1 45 36 43 110 0 14 108 4 
15 15 2 2 112 29 0 46 32 44 110 127 14 43 94 0 14 44 90 1 218 1 1 0 4 
15 15 2 2 128 29 0 145 111 144 111 1 1 166 81 27 218 47 110 48 106 47 80 188 4 
15 15 2 2 144 29 0 45 92 43 110 48 80 46 88 44 110 127 14 43 38 0 14 161 4 
15 15 2 2 160 29 0 44 34 238 217 1 1 147 111 146 111 129 80 5 4 11 1 224 100 4 
15 15 2 2 176 29 0 1 14 43 110 1 1 162 81 1 11 43 20 1 11 243 110 218 4 
15 15 2 2 192 29 0 254 14 141 20 243 16 141 110 129 80 8 11 1 224 1 14 160 4 
15 15 2 2 208 29 0 43 110 162 81 2 11 1 224 1 14 43 20 1 11 243 110 218 4 
15 15 2 2 224 29 0 254 14 140 20 243 16 140 110 129 80 16 11 1 224 1 14 122 4 
15 15 2 2 240 29 0 43 110 163 81 1 11 43 20 234 217 141 20 243 16 141 110 181 4 
15 15 2 2 0 30 0 129 80 32 11 1 224 1 14 43 110 163 81 2 11 1 224 119 4 
15 15 2 2 16 30 0 1 14 43 20 220 217 140 20 243 16 140 110 162 81 16 11 32 4 
15 15 2 2 32 30 0 2 224 141 132 1 208 141 148 162 81 32 11 2 224 140 132 201 4 
15 15 2 2 48 30 0 1 208 140 148 163 81 16 11 2 224 141 134 1 208 141 150 197 4 
15 15 2 2 64 30 0 163 81 32 11 2 224 140 134 1 208 140 150 162 81 5 4 11 150 4 
15 15 2 2 80 30 0 2 224 141 136 1 208 141 152 162 81 8 11 2 224 140 136 165 4 
15 15 2 2 96 30 0 1 208 140 152 162 81 64 11 2 224 141 138 1 208 141 154 90 4 
15 15 2 2 112 30 0 162 81 128 11 2 224 140 138 1 208 140 154 163 81 64 11 194 4 
15 15 2 2 128 30 0 2 224 141 140 1 208 141 156 163 81 128 11 2 224 140 140 240 4 
15 15 2 2 144 30 0 1 208 140 156 136 80 128 11 2 224 145 144 1 208 145 128 13 4 
15 15 2 2 160 30 0 140 158 134 14 230 110 1 14 230 110 129 80 64 11 1 224 204 4 
15 15 2 2 176 30 0 1 14 74 217 134 14 230 110 1 14 230 110 129 80 128 11 85 4 
15 15 2 2 192 30 0 1 224 1 14 71 217 135 14 230 110 1 14 230 110 135 80 235 4 
15 15 2 2 208 30 0 1 11 58 217 135 14 230 110 1 14 230 110 135 80 2 11 191 4 
15 15 2 2 224 30 0 1 224 1 14 55 217 140 14 230 110 1 14 230 110 135 80 214 4 
15 15 2 2 240 30 0 5 4 11 1 224 1 14 40 217 140 14 230 110 1 14 230 110 157 4 
15 15 2 2 0 31 0 135 80 8 11 1 224 1 14 37 217 141 14 230 110 1 14 7 4 
15 15 2 2 16 31 0 230 110 136 80 2 11 1 224 1 14 22 217 141 14 230 110 198 4 
15 15 2 2 32 31 0 1 14 230 110 136 80 5 4 11 1 224 1 14 19 217 142 14 251 4 
15 15 2 2 48 31 0 230 110 1 14 230 110 136 80 8 11 1 224 1 14 5 4 217 62 4 
15 15 2 2 64 31 0 142 14 230 110 1 14 230 110 130 80 1 11 3 217 143 14 243 4 
15 15 2 2 80 31 0 230 110 1 14 230 110 136 80 16 11 1 224 1 14 244 216 39 4 
15 15 2 2 96 31 0 143 14 230 110 1 14 230 110 136 80 32 11 1 224 1 14 54 4 
15 15 2 2 112 31 0 241 216 1 1 161 187 173 208 0 14 166 93 6 227 166 81 216 4 
15 15 2 2 128 31 0 56 8 3 227 1 1 128 145 5 15 208 125 14 166 93 14 227 198 4 
15 15 2 2 144 31 0 166 81 43 110 44 106 44 52 5 4 226 43 80 129 8 0 14 207 4 
15 15 2 2 160 31 0 44 84 5 4 227 1 1 128 129 128 131 27 208 166 81 43 110 85 4 
15 15 2 2 176 31 0 44 106 216 144 44 80 5 4 230 216 14 43 92 0 14 44 88 202 4 
15 15 2 2 192 31 0 13 227 166 81 45 110 46 106 46 52 5 4 226 45 80 255 8 55 4 
15 15 2 2 208 31 0 0 14 46 84 3 227 1 1 128 129 2 208 1 1 128 145 175 4 
15 15 2 2 224 31 0 128 147 0 14 1 1 167 93 6 227 167 81 56 8 3 227 207 4 
15 15 2 2 240 31 0 1 1 128 149 5 15 208 125 14 167 93 14 227 167 81 43 110 230 4 
15 15 2 2 0 32 0 44 106 44 52 5 4 226 43 80 129 8 0 14 44 84 5 4 227 135 4 
15 15 2 2 16 32 0 1 1 128 133 128 135 27 208 167 81 43 110 44 106 216 144 68 4 
15 15 2 2 32 32 0 44 80 5 4 230 216 14 43 92 0 14 44 88 13 227 167 81 111 4 
15 15 2 2 48 32 0 45 110 46 106 46 52 5 4 226 45 80 255 8 0 14 46 84 29 4 
15 15 2 2 64 32 0 3 227 1 1 128 133 2 208 1 1 128 149 128 151 128 155 148 4 
15 15 2 2 80 32 0 141 80 1 11 1 224 128 139 128 153 140 80 1 11 1 224 213 4 
15 15 2 2 96 32 0 128 137 128 159 141 80 2 11 1 224 128 143 128 157 140 80 129 4 
15 15 2 2 112 32 0 2 11 1 224 128 141 129 80 5 4 11 1 224 1 14 172 216 29 4 
15 15 2 2 128 32 0 2 224 0 14 1 208 1 14 1 11 243 110 254 14 129 21 125 4 
15 15 2 2 144 32 0 243 16 129 111 129 80 8 11 1 224 1 14 157 216 2 224 46 4 
15 15 2 2 160 32 0 0 14 1 208 1 14 147 216 129 21 243 16 129 111 129 80 137 4 
15 15 2 2 176 32 0 16 11 1 224 1 14 144 216 2 224 0 14 1 208 1 14 233 4 
15 15 2 2 192 32 0 1 11 243 110 243 70 243 70 251 14 129 21 243 16 129 111 171 4 
15 15 2 2 208 32 0 18 0 183 193 30 240 56 236 19 240 28 192 51 240 29 192 113 4 
15 15 2 2 224 32 0 52 240 30 192 53 240 31 192 54 240 113 14 33 110 61 14 119 4 
15 15 2 2 240 32 0 34 110 122 14 35 110 65 14 36 110 156 236 19 240 28 192 251 4 
15 15 2 2 0 33 0 47 240 29 192 48 240 30 192 49 240 31 192 50 240 33 106 52 4 
15 15 2 2 16 33 0 34 106 128 14 35 110 67 14 36 110 73 236 19 240 28 192 41 4 
15 15 2 2 32 33 0 43 240 29 192 44 240 30 192 45 240 31 192 46 240 33 106 36 4 
15 15 2 2 48 33 0 34 106 32 14 35 110 65 14 36 110 156 236 19 240 92 236 172 4 
15 15 2 2 64 33 0 20 240 30 192 128 241 18 0 230 110 64 221 229 82 229 82 87 4 
15 15 2 2 80 33 0 229 82 18 0 230 110 70 221 229 82 229 82 229 82 18 0 20 4 
15 15 2 2 96 33 0 252 14 219 207 233 255 253 14 219 207 234 255 18 0 128 14 161 4 
15 15 2 2 112 33 0 230 110 1 14 230 110 117 236 11 240 229 82 229 82 18 0 216 4 
15 15 2 2 128 33 0 43 192 230 255 44 192 230 255 59 221 229 82 229 82 18 0 34 4 
15 15 2 2 144 33 0 217 207 230 255 225 207 217 255 18 0 229 82 231 207 217 255 95 4 
15 15 2 2 160 33 0 18 0 43 110 44 106 255 14 216 128 43 86 0 14 44 86 132 4 
15 15 2 2 176 33 0 18 0 253 14 219 207 43 240 254 14 219 207 44 240 18 0 101 4 
15 15 2 2 192 33 0 46 106 208 5 15 45 110 7 14 46 34 170 81 18 0 1 11 139 4 
15 15 2 2 208 33 0 243 110 243 70 253 14 18 0 43 110 44 106 232 80 44 16 177 4 
15 15 2 2 224 33 0 18 0 49 218 5 4 14 225 38 2 1 35 81 10 225 209 216 186 4 
15 15 2 2 240 33 0 223 110 223 5 4 5 4 225 2 1 1 14 35 111 2 208 223 80 49 4 
15 15 2 2 0 34 0 1 8 250 217 231 110 1 14 231 207 219 255 219 80 0 8 215 4 
15 15 2 2 16 34 0 23 226 3 14 219 106 1 14 219 80 243 110 3 14 219 207 37 4 
15 15 2 2 32 34 0 244 255 243 80 244 92 12 226 233 217 231 110 2 14 231 207 105 4 
15 15 2 2 48 34 0 219 255 219 207 230 255 7 216 229 82 3 14 219 42 235 215 83 4 
15 15 2 2 64 34 0 217 207 225 255 5 5 210 255 217 2 1 42 81 6 10 1 225 243 4 
15 15 2 2 80 34 0 127 208 3 10 96 224 6 10 46 224 1 10 35 224 3 10 181 4 
15 15 2 2 96 34 0 1 224 150 208 254 14 219 80 43 110 44 106 255 14 43 24 125 4 
15 15 2 2 112 34 0 5 4 225 44 80 2 225 2 14 138 208 254 14 219 80 65 8 60 4 
15 15 2 2 128 34 0 6 225 1 1 2 14 236 111 2 1 5 5 14 128 208 254 14 148 4 
15 15 2 2 144 34 0 219 80 78 8 1 224 124 208 1 1 2 14 236 111 2 1 44 4 
15 15 2 2 160 34 0 6 14 117 208 254 14 219 80 84 8 112 225 1 1 235 107 165 4 
15 15 2 2 176 34 0 2 1 3 14 108 208 1 1 235 81 43 110 44 106 8 14 87 4 
15 15 2 2 192 34 0 43 92 0 14 44 88 10 226 235 81 234 106 201 5 15 233 110 86 4 
15 15 2 2 208 34 0 1 14 234 34 254 14 219 207 239 255 235 43 235 81 43 110 96 4 
15 15 2 2 224 34 0 44 106 8 14 43 24 84 225 44 80 82 225 201 193 193 241 235 4 
15 15 2 2 240 34 0 202 193 194 241 203 193 195 241 204 193 196 241 205 193 197 241 230 4 
15 15 2 2 0 35 0 206 193 198 241 207 193 199 241 208 193 200 241 2 1 36 43 175 4 
15 15 2 2 16 35 0 0 14 37 35 59 208 2 14 1 1 236 93 5 4 225 254 14 28 4 
15 15 2 2 32 35 0 219 80 67 8 36 224 3 14 236 93 5 4 225 254 14 219 80 201 4 
15 15 2 2 48 35 0 75 8 29 224 5 4 14 236 93 9 225 254 14 219 80 13 8 200 4 
15 15 2 2 64 35 0 5 5 225 2 1 38 43 0 14 39 35 32 208 2 1 30 208 38 4 
15 15 2 2 80 35 0 2 14 1 1 236 93 5 4 225 254 14 219 80 67 8 7 224 224 4 
15 15 2 2 96 35 0 3 14 236 93 6 225 254 14 219 80 75 8 2 225 236 43 180 4 
15 15 2 2 112 35 0 5 15 208 5 4 14 236 93 9 225 254 14 219 80 13 8 5 5 225 19 4 
15 15 2 2 128 35 0 2 1 40 43 0 14 41 35 1 208 2 1 1 14 42 111 45 4 
15 15 2 2 144 35 0 95 209 89 217 230 82 2 1 43 5 5 7 225 252 216 5 5 14 173 4 
15 15 2 2 160 35 0 230 110 2 217 229 82 2 1 43 107 44 5 5 13 225 44 107 132 4 
15 15 2 2 176 35 0 1 1 238 107 1 14 237 111 239 107 240 107 241 107 2 1 79 4 
15 15 2 2 192 35 0 38 107 39 107 40 107 41 107 1 1 238 5 5 40 225 2 1 206 4 
15 15 2 2 208 35 0 1 14 38 93 0 14 39 89 5 5 227 1 1 238 107 239 107 76 4 
15 15 2 2 224 35 0 240 107 195 208 1 14 40 93 0 14 41 89 3 227 1 1 255 4 
15 15 2 2 240 35 0 237 5 5 186 208 1 1 10 14 239 93 0 14 240 89 11 227 194 4 
15 15 2 2 0 36 0 128 14 237 37 43 110 44 106 0 14 44 34 43 6 44 90 246 4 
15 15 2 2 16 36 0 43 192 241 241 170 208 239 43 0 14 240 35 166 208 2 1 205 4 
15 15 2 2 32 36 0 38 107 39 107 40 107 41 107 1 1 237 81 18 10 1 225 48 4 
15 15 2 2 48 36 0 154 208 3 10 1 225 128 208 1 10 1 225 119 208 31 10 162 4 
15 15 2 2 64 36 0 111 224 1 10 103 224 3 10 95 224 1 10 87 224 7 10 88 4 
15 15 2 2 80 36 0 79 224 1 10 69 224 3 10 61 224 1 10 53 224 5 15 10 198 4 
15 15 2 2 96 36 0 45 224 1 10 37 224 3 10 29 224 1 10 21 224 7 10 64 4 
15 15 2 2 112 36 0 13 224 1 10 7 224 3 10 1 224 119 208 140 216 1 1 238 4 
15 15 2 2 128 36 0 2 14 1 208 3 14 237 111 238 107 111 208 128 14 230 110 144 4 
15 15 2 2 144 36 0 41 14 202 216 5 4 14 99 208 32 14 230 110 19 14 196 216 235 4 
15 15 2 2 160 36 0 5 5 14 93 208 132 14 230 110 45 14 190 216 6 14 87 208 6 4 
15 15 2 2 176 36 0 128 14 230 110 42 14 184 216 7 14 81 208 32 14 230 110 198 4 
15 15 2 2 192 36 0 43 14 178 216 8 14 75 208 132 14 230 110 45 14 172 216 127 4 
15 15 2 2 208 36 0 9 14 69 208 32 14 230 110 18 14 166 216 10 14 63 208 149 4 
15 15 2 2 224 36 0 230 106 230 106 129 216 229 82 229 82 1 1 11 14 55 208 111 4 
15 15 2 2 240 36 0 128 14 230 110 1 14 152 216 12 14 49 208 128 14 230 110 138 4 
15 15 2 2 0 37 0 2 14 146 216 13 14 43 208 128 14 230 110 3 14 140 216 240 4 
15 15 2 2 16 37 0 14 14 37 208 1 14 230 110 6 14 134 216 5 15 14 31 208 213 4 
15 15 2 2 32 37 0 1 14 230 110 16 14 128 216 16 14 25 208 230 106 74 216 101 4 
15 15 2 2 48 37 0 229 82 1 1 17 14 19 208 145 14 230 110 100 14 230 110 179 4 
15 15 2 2 64 37 0 17 14 230 110 5 15 14 230 110 115 14 230 110 85 14 230 110 39 4 
15 15 2 2 80 37 0 22 216 245 110 6 14 225 94 245 80 1 1 18 14 237 111 32 4 
15 15 2 2 96 37 0 1 14 238 111 2 208 1 14 241 111 241 81 0 8 3 226 155 4 
15 15 2 2 112 37 0 2 1 1 14 44 111 1 1 241 81 229 82 105 208 99 216 203 4 
15 15 2 2 128 37 0 84 14 93 216 67 14 91 216 6 14 102 216 250 14 82 216 184 4 
15 15 2 2 144 37 0 249 14 80 216 93 208 13 14 31 239 19 240 2 1 35 107 46 4 
15 15 2 2 160 37 0 18 0 2 1 35 81 18 0 78 216 82 14 72 216 77 14 155 4 
15 15 2 2 176 37 0 70 216 32 14 68 216 254 14 219 80 48 5 15 64 216 13 14 22 4 
15 15 2 2 192 37 0 62 216 70 208 64 216 78 14 58 216 70 14 56 216 1 14 242 4 
15 15 2 2 208 37 0 54 216 254 14 47 216 60 208 54 216 86 14 48 216 87 14 251 4 
15 15 2 2 224 37 0 46 216 5 4 14 57 216 52 208 46 216 67 14 40 216 82 14 19 4 
15 15 2 2 240 37 0 38 216 2 14 55 216 44 208 206 239 24 240 245 239 24 240 29 4 
15 15 2 2 0 38 0 34 216 254 14 219 207 230 255 45 236 25 240 229 82 32 208 248 4 
15 15 2 2 16 38 0 197 239 24 240 215 239 24 240 22 216 254 14 219 207 230 255 179 4 
15 15 2 2 32 38 0 19 236 25 240 229 82 20 208 230 110 222 223 229 82 229 82 20 4 
15 15 2 2 48 38 0 1 1 18 0 219 207 230 255 227 223 229 82 18 0 230 110 164 4 
15 15 2 2 64 38 0 223 223 229 82 18 0 217 207 230 255 225 207 217 255 18 0 104 4 
15 15 2 2 80 38 0 229 82 231 207 217 255 18 0 5 5 216 252 14 235 223 251 14 245 4 
15 15 2 2 96 38 0 26 239 19 240 236 223 254 14 229 223 253 14 26 239 19 240 184 4 
15 15 2 2 112 38 0 38 158 5 5 208 38 158 30 174 2 208 30 108 38 142 30 192 79 4 
15 15 2 2 128 38 0 24 240 23 106 42 106 41 106 134 14 25 110 26 106 159 239 121 4 
15 15 2 2 144 38 0 20 240 38 106 219 236 20 240 243 236 20 240 38 182 131 239 182 4 
15 15 2 2 160 38 0 20 240 38 162 5 5 208 38 186 131 239 20 240 138 239 20 240 194 4 
15 15 2 2 176 38 0 38 186 150 239 20 240 38 160 5 5 208 38 184 131 239 20 240 206 4 
15 15 2 2 192 38 0 150 239 20 240 38 184 138 239 20 240 26 106 127 14 31 36 222 4 
15 15 2 2 208 38 0 25 110 232 106 26 34 36 80 25 94 232 106 26 90 26 14 24 4 
15 15 2 2 224 38 0 39 110 31 106 41 106 42 106 23 106 24 106 33 80 28 94 195 4 
15 15 2 2 240 38 0 34 80 29 90 35 80 30 90 0 14 31 90 9 231 33 80 42 4 
15 15 2 2 0 39 0 28 38 34 80 29 34 35 80 30 34 0 14 31 34 1 208 5 15 4 
15 15 2 2 16 39 0 41 138 216 144 28 54 29 54 30 54 31 54 216 144 41 54 149 4 
15 15 2 2 32 39 0 42 54 23 54 24 54 39 46 225 215 30 80 29 16 28 16 230 4 
15 15 2 2 48 39 0 216 164 41 138 159 239 20 240 38 106 219 236 20 240 243 236 170 4 
15 15 2 2 64 39 0 20 240 38 182 131 239 20 240 38 162 5 5 208 38 184 131 239 82 4 
15 15 2 2 80 39 0 20 240 138 239 20 240 38 170 5 5 208 38 176 131 239 20 240 19 4 
15 15 2 2 96 39 0 138 239 20 240 38 176 2 208 38 168 2 208 150 239 20 240 39 4 
15 15 2 2 112 39 0 26 106 36 80 31 36 25 110 232 106 26 34 126 14 25 94 18 4 
15 15 2 2 128 39 0 232 106 26 90 41 106 42 106 23 106 24 106 35 80 30 2 210 4 
15 15 2 2 144 39 0 244 207 24 240 243 207 23 240 34 80 30 2 243 80 42 38 140 4 
15 15 2 2 160 39 0 244 80 23 34 0 14 24 34 35 80 29 2 243 80 42 38 75 4 
15 15 2 2 176 39 0 244 80 23 34 0 14 24 34 33 80 30 2 243 80 41 38 61 4 
15 15 2 2 192 39 0 244 80 42 34 0 14 23 34 24 34 34 80 29 2 243 80 48 4 
15 15 2 2 208 39 0 41 38 244 80 42 34 0 14 23 34 24 34 35 80 28 2 20 4 
15 15 2 2 224 39 0 243 80 41 38 244 80 42 34 0 14 23 34 24 34 33 80 225 4 
15 15 2 2 240 39 0 29 2 244 80 41 38 0 14 42 34 23 34 24 34 34 80 244 4 
15 15 2 2 0 40 0 28 2 244 80 41 38 0 14 42 34 23 34 24 34 159 239 200 4 
15 15 2 2 16 40 0 20 240 37 106 35 174 18 239 20 240 34 108 35 30 232 106 58 4 
15 15 2 2 32 40 0 35 34 37 30 30 174 26 239 20 240 29 108 30 30 232 106 60 4 
15 15 2 2 48 40 0 30 34 37 30 5 4 236 31 240 30 190 42 239 20 240 37 174 86 4 
15 15 2 2 64 40 0 0 12 29 108 30 30 232 106 30 34 25 108 26 30 232 106 34 4 
15 15 2 2 80 40 0 26 34 0 12 37 190 33 239 20 240 38 136 255 12 30 192 174 4 
15 15 2 2 96 40 0 42 240 29 192 41 240 29 80 34 2 244 207 28 240 243 207 66 4 
15 15 2 2 112 40 0 27 240 30 80 35 2 244 207 30 240 243 207 29 240 34 2 2 4 
15 15 2 2 128 40 0 243 80 28 38 244 80 29 34 232 106 30 34 41 80 35 2 28 4 
15 15 2 2 144 40 0 243 80 28 38 244 80 29 34 232 106 30 34 35 174 85 239 149 4 
15 15 2 2 160 40 0 20 240 41 80 29 94 42 80 30 90 42 174 0 12 34 80 244 4 
15 15 2 2 176 40 0 29 94 35 80 30 90 0 12 38 106 219 236 20 240 38 182 123 4 
15 15 2 2 192 40 0 102 239 20 240 38 162 10 208 38 180 3 208 127 14 30 110 83 4 
15 15 2 2 208 40 0 25 208 128 14 30 110 22 208 30 106 20 208 38 176 252 215 6 4 
15 15 2 2 224 40 0 135 14 31 96 241 215 126 14 31 100 246 215 134 14 31 92 45 4 
15 15 2 2 240 40 0 5 4 224 216 144 30 50 31 42 249 215 38 164 3 208 30 108 8 4 
15 15 2 2 0 41 0 30 174 234 215 18 0 127 14 31 110 255 14 30 110 29 110 246 4 
15 15 2 2 16 41 0 28 110 18 0 127 14 38 190 255 14 31 110 2 208 127 14 189 4 
15 15 2 2 32 41 0 31 110 128 14 30 110 29 106 28 106 243 215 38 174 5 4 208 141 4 
15 15 2 2 48 41 0 128 14 31 110 30 106 247 215 31 106 30 106 244 215 24 80 238 4 
15 15 2 2 64 41 0 23 16 42 16 41 16 248 224 26 190 240 215 24 190 12 208 208 4 
15 15 2 2 80 41 0 25 80 26 16 235 224 216 144 41 54 42 54 23 54 24 54 99 4 
15 15 2 2 96 41 0 25 6 216 160 26 6 242 215 26 80 212 225 25 40 210 224 225 4 
15 15 2 2 112 41 0 41 174 17 208 127 14 41 20 2 225 42 160 12 208 42 42 5 4 4 
15 15 2 2 128 41 0 232 106 23 34 24 34 7 227 216 128 24 50 23 50 42 50 93 4 
15 15 2 2 144 41 0 25 42 25 40 191 224 25 80 201 224 42 192 28 240 23 192 65 4 
15 15 2 2 160 41 0 29 240 24 52 30 110 25 48 31 110 30 50 31 158 38 190 135 4 
15 15 2 2 176 41 0 31 142 137 239 20 240 30 54 31 54 2 227 38 132 38 126 30 4 
15 15 2 2 192 41 0 6 225 38 128 31 106 30 106 29 106 28 106 18 0 31 40 5 15 4 
15 15 2 2 208 41 0 3 224 216 128 30 50 18 0 216 144 30 50 2 225 38 130 35 4 
15 15 2 2 224 41 0 18 0 38 134 18 0 35 54 36 54 2 227 38 140 38 126 53 4 
15 15 2 2 240 41 0 6 225 38 136 36 106 35 106 34 106 33 106 18 0 36 40 190 4 
15 15 2 2 0 42 0 3 224 216 128 35 50 18 0 216 144 35 50 234 225 38 138 248 4 
15 15 2 2 16 42 0 18 0 0 14 233 110 234 110 5 4 0 22 236 21 240 234 42 212 4 
15 15 2 2 32 42 0 8 14 234 92 216 164 12 239 21 240 18 0 239 106 233 62 72 4 
15 15 2 2 48 42 0 22 239 21 240 18 0 255 14 227 207 9 240 9 56 5 15 11 115 4 
15 15 2 2 64 42 0 6 5 15 216 178 7 5 15 42 5 15 173 110 210 236 25 240 9 80 105 4 
15 15 2 2 80 42 0 5 15 11 6 5 15 216 178 7 5 15 42 5 15 173 110 210 236 25 240 152 4 
15 15 2 2 96 42 0 0 12 18 0 234 207 5 4 240 233 207 5 5 240 255 14 227 207 59 4 
15 15 2 2 112 42 0 234 255 254 14 227 207 233 255 192 167 65 208 238 207 160 240 14 4 
15 15 2 2 128 42 0 238 207 161 240 238 207 162 240 238 207 163 240 238 207 164 240 20 4 
15 15 2 2 144 42 0 238 207 165 240 238 207 166 240 238 207 167 240 238 207 168 240 244 4 
15 15 2 2 160 42 0 238 207 169 240 238 207 170 240 238 207 171 240 238 207 172 240 212 4 
15 15 2 2 176 42 0 238 207 173 240 238 207 174 240 238 207 175 240 238 207 176 240 180 4 
15 15 2 2 192 42 0 238 207 177 240 238 207 178 240 238 207 179 240 238 207 180 240 148 4 
15 15 2 2 208 42 0 238 207 181 240 238 207 182 240 238 207 183 240 238 207 184 240 116 4 
15 15 2 2 224 42 0 238 207 185 240 238 207 186 240 238 207 187 240 238 207 188 240 84 4 
15 15 2 2 240 42 0 238 207 189 240 238 207 190 240 238 207 191 240 64 208 238 207 212 4 
15 15 2 2 0 43 0 128 240 238 207 129 240 238 207 130 240 238 207 131 240 238 207 23 4 
15 15 2 2 16 43 0 132 240 238 207 133 240 238 207 134 240 238 207 135 240 238 207 247 4 
15 15 2 2 32 43 0 136 240 238 207 137 240 238 207 138 240 238 207 139 240 238 207 215 4 
15 15 2 2 48 43 0 140 240 238 207 141 240 238 207 142 240 238 207 143 240 238 207 183 4 
15 15 2 2 64 43 0 144 240 238 207 145 240 238 207 146 240 238 207 147 240 238 207 151 4 
15 15 2 2 80 43 0 148 240 238 207 149 240 238 207 150 240 238 207 151 240 238 207 119 4 
15 15 2 2 96 43 0 152 240 238 207 153 240 238 207 154 240 238 207 155 240 238 207 87 4 
15 15 2 2 112 43 0 156 240 238 207 157 240 238 207 158 240 238 207 159 240 5 4 192 48 4 
15 15 2 2 128 43 0 234 255 5 5 192 233 255 18 0 192 161 18 0 234 207 5 4 240 137 4 
15 15 2 2 144 43 0 233 207 5 5 240 255 14 227 207 234 255 254 14 227 207 233 255 70 4 
15 15 2 2 160 43 0 192 169 65 208 192 192 238 255 193 192 238 255 194 192 238 255 109 4 
15 15 2 2 176 43 0 195 192 238 255 196 192 238 255 197 192 238 255 198 192 238 255 91 4 
15 15 2 2 192 43 0 199 192 238 255 200 192 238 255 201 192 238 255 202 192 238 255 59 4 
15 15 2 2 208 43 0 203 192 238 255 204 192 238 255 205 192 238 255 206 192 238 255 27 4 
15 15 2 2 224 43 0 207 192 238 255 208 192 238 255 209 192 238 255 210 192 238 255 251 4 
15 15 2 2 240 43 0 211 192 238 255 212 192 238 255 213 192 238 255 214 192 238 255 219 4 
15 15 2 2 0 44 0 215 192 238 255 216 192 238 255 217 192 238 255 218 192 238 255 186 4 
15 15 2 2 16 44 0 219 192 238 255 220 192 238 255 221 192 238 255 222 192 238 255 154 4 
15 15 2 2 32 44 0 223 192 238 255 64 208 224 192 238 255 225 192 238 255 226 192 87 4 
15 15 2 2 48 44 0 238 255 227 192 238 255 228 192 238 255 229 192 238 255 230 192 90 4 
15 15 2 2 64 44 0 238 255 231 192 238 255 232 192 238 255 233 192 238 255 234 192 58 4 
15 15 2 2 80 44 0 238 255 235 192 238 255 236 192 238 255 237 192 238 255 238 192 26 4 
15 15 2 2 96 44 0 238 255 239 192 238 255 240 192 238 255 241 192 238 255 242 192 250 4 
15 15 2 2 112 44 0 238 255 243 192 238 255 244 192 238 255 245 192 238 255 246 192 218 4 
15 15 2 2 128 44 0 238 255 247 192 238 255 248 192 238 255 249 192 238 255 250 192 186 4 
15 15 2 2 144 44 0 238 255 251 192 238 255 252 192 238 255 253 192 238 255 254 192 154 4 
15 15 2 2 160 44 0 238 255 255 192 238 255 5 4 192 234 255 5 5 192 233 255 18 0 43 4 
15 15 2 2 176 44 0 242 180 18 0 22 80 5 15 10 216 180 18 0 255 14 227 207 140 4 
15 15 2 2 192 44 0 10 240 254 14 227 207 11 240 253 14 227 207 12 240 252 14 154 4 
15 15 2 2 208 44 0 227 207 13 240 10 42 22 160 141 142 11 42 22 162 143 128 80 4 
15 15 2 2 224 44 0 12 42 22 164 143 134 13 42 22 166 143 136 14 106 5 15 106 240 4 
15 15 2 2 240 44 0 16 106 17 106 171 236 22 240 10 46 129 239 22 240 22 160 234 4 
15 15 2 2 0 45 0 141 158 11 46 134 239 22 240 22 162 143 144 12 46 139 239 101 4 
15 15 2 2 16 45 0 22 240 22 164 143 150 0 0 13 46 145 239 22 240 22 166 93 4 
15 15 2 2 32 45 0 143 152 0 0 14 46 150 239 22 240 18 144 0 0 5 15 46 226 4 
15 15 2 2 48 45 0 155 239 22 240 18 146 0 0 16 46 160 239 22 240 18 148 242 4 
15 15 2 2 64 45 0 0 0 17 46 165 239 22 240 18 150 205 236 22 240 19 62 254 4 
15 15 2 2 80 45 0 124 239 22 240 18 0 215 14 19 110 0 0 0 0 0 0 150 4 
15 15 2 2 96 45 0 0 0 195 236 22 240 19 46 173 239 22 240 215 14 19 110 113 4 
15 15 2 2 112 45 0 0 0 0 0 0 0 0 0 195 236 22 240 19 46 184 239 194 4 
15 15 2 2 128 45 0 22 240 0 0 18 0 0 0 198 239 22 240 0 0 0 0 124 4 
15 15 2 2 144 45 0 0 0 0 0 0 0 0 0 18 0 3 14 20 110 0 0 154 4 
15 15 2 2 160 45 0 20 46 207 239 22 240 18 0 117 217 10 14 225 38 2 1 167 4 
15 15 2 2 176 45 0 46 81 12 225 1 14 46 111 2 1 124 14 68 111 144 14 41 4 
15 15 2 2 192 45 0 69 111 99 217 69 194 230 255 57 217 229 82 2 1 47 81 103 4 
15 15 2 2 208 45 0 2 1 36 25 5 4 225 2 1 48 81 2 1 37 25 1 225 51 4 
15 15 2 2 224 45 0 17 209 36 194 47 242 37 194 48 242 2 1 45 107 20 14 64 4 
15 15 2 2 240 45 0 1 1 200 93 1 226 183 208 2 1 1 14 49 111 45 111 0 4 
15 15 2 2 0 46 0 2 1 68 81 222 110 221 106 1 1 193 81 43 110 44 106 96 4 
15 15 2 2 16 46 0 79 14 43 94 0 14 44 90 6 14 43 192 219 255 7 14 86 4 
15 15 2 2 32 46 0 44 192 219 255 77 217 44 52 9 226 43 80 6 8 0 14 224 4 
15 15 2 2 48 46 0 44 84 5 4 226 90 217 25 225 59 217 23 208 65 217 216 128 158 4 
15 15 2 2 64 46 0 44 80 5 4 231 250 14 43 92 255 14 44 88 7 226 77 217 248 4 
15 15 2 2 80 46 0 12 225 5 4 14 219 104 5 5 14 219 104 7 208 5 4 14 219 106 184 4 
15 15 2 2 96 46 0 5 5 14 219 106 2 14 2 1 45 39 29 104 30 104 5 4 14 146 4 
15 15 2 2 112 46 0 219 207 34 240 5 5 14 219 207 35 240 47 236 20 240 28 192 215 4 
15 15 2 2 128 46 0 44 240 217 207 233 255 218 207 234 255 27 80 238 38 44 80 21 4 
15 15 2 2 144 46 0 237 34 5 5 217 0 1 128 14 44 20 2 224 222 106 10 208 126 4 
15 15 2 2 160 46 0 254 216 44 52 8 226 43 80 248 8 0 14 44 84 3 226 32 4 
15 15 2 2 176 46 0 248 14 222 110 221 106 223 207 68 242 231 216 2 1 221 216 42 4 
15 15 2 2 192 46 0 1 1 194 81 43 110 44 106 119 14 43 94 0 14 44 90 40 4 
15 15 2 2 208 46 0 8 14 43 192 219 255 9 14 44 192 219 255 248 216 44 52 22 4 
15 15 2 2 224 46 0 9 226 43 80 6 8 0 14 44 84 5 4 226 7 217 25 225 44 4 
15 15 2 2 240 46 0 223 216 23 208 236 216 216 128 44 80 5 4 231 250 14 43 92 46 4 
15 15 2 2 0 47 0 255 14 44 88 7 226 250 216 12 225 5 4 14 219 104 5 5 14 44 4 
15 15 2 2 16 47 0 219 104 7 208 5 4 14 219 106 5 5 14 219 106 5 4 14 2 1 223 4 
15 15 2 2 32 47 0 45 39 5 4 14 219 207 43 240 5 5 14 219 207 44 240 238 216 227 4 
15 15 2 2 48 47 0 43 80 238 38 44 80 237 34 156 216 5 4 230 94 14 43 92 50 4 
15 15 2 2 64 47 0 0 14 44 88 2 226 94 14 9 208 230 216 44 52 7 226 203 4 
15 15 2 2 80 47 0 43 80 194 8 0 14 44 84 2 226 194 14 191 216 2 14 79 4 
15 15 2 2 96 47 0 219 207 69 242 75 208 2 1 50 43 50 81 6 8 74 226 84 4 
15 15 2 2 112 47 0 50 107 49 5 5 5 5 225 49 107 222 106 221 106 144 14 38 208 229 4 
15 15 2 2 128 47 0 2 1 68 81 222 110 221 106 120 216 137 216 216 144 44 80 141 4 
15 15 2 2 144 47 0 5 4 230 248 14 43 92 0 14 44 88 26 227 222 106 221 106 168 4 
15 15 2 2 160 47 0 104 216 5 4 230 194 14 43 92 0 14 44 88 2 227 94 14 201 4 
15 15 2 2 176 47 0 13 208 172 216 50 14 238 38 0 14 237 34 90 216 5 4 230 47 4 
15 15 2 2 192 47 0 194 14 43 92 0 14 44 88 19 227 194 14 135 216 16 208 31 4 
15 15 2 2 208 47 0 62 14 222 38 0 14 221 34 98 216 216 144 44 80 5 4 230 152 4 
15 15 2 2 224 47 0 248 14 43 92 0 14 44 88 3 227 248 14 222 110 221 106 79 4 
15 15 2 2 240 47 0 223 207 68 242 2 14 219 207 69 242 71 216 69 194 230 255 253 4 
15 15 2 2 0 48 0 29 216 229 82 217 207 225 255 79 208 68 216 230 82 2 1 162 4 
15 15 2 2 16 48 0 45 81 2 225 223 106 10 208 7 14 45 93 2 226 1 14 166 4 
15 15 2 2 32 48 0 5 4 208 7 14 45 93 2 225 2 14 223 110 223 80 229 82 147 4 
15 15 2 2 48 48 0 59 208 48 216 254 14 219 207 144 241 54 208 43 216 254 14 61 4 
15 15 2 2 64 48 0 219 207 145 241 49 208 219 207 30 240 43 192 34 240 44 192 190 4 
15 15 2 2 80 48 0 35 240 9 236 20 240 5 4 14 29 192 219 255 5 5 14 30 192 182 4 
15 15 2 2 96 48 0 219 255 217 80 5 4 5 15 233 110 218 207 234 255 238 80 237 16 50 4 
15 15 2 2 112 48 0 18 0 82 216 216 144 44 80 18 0 69 81 230 110 70 216 34 4 
15 15 2 2 128 48 0 229 82 231 80 238 110 237 106 18 0 68 194 230 255 209 223 126 4 
15 15 2 2 144 48 0 229 82 18 0 217 207 230 255 225 207 217 255 18 0 222 207 31 4 
15 15 2 2 160 48 0 43 240 221 207 44 240 18 0 229 82 231 207 217 255 18 0 96 4 
15 15 2 2 176 48 0 1 14 243 110 5 4 14 243 207 219 255 5 5 14 219 106 18 0 148 4 
15 15 2 2 192 48 0 6 14 219 207 43 240 7 14 219 207 44 240 18 0 8 14 48 4 
15 15 2 2 208 48 0 219 207 43 240 9 14 219 207 44 240 18 0 243 110 2 14 215 4 
15 15 2 2 224 48 0 243 207 219 255 3 14 219 106 18 0 3 14 43 110 44 106 168 4 
15 15 2 2 240 48 0 6 14 219 207 29 240 7 14 35 239 24 240 8 14 43 110 51 4 
15 15 2 2 0 49 0 44 106 219 207 29 240 9 14 35 239 24 240 217 80 2 5 15 19 4 
15 15 2 2 16 49 0 233 110 218 207 234 255 18 0 2 14 219 207 43 240 3 14 218 4 
15 15 2 2 32 49 0 219 207 44 240 18 0 21 14 175 110 172 132 157 154 157 152 247 4 
15 15 2 2 48 49 0 172 152 172 158 148 142 171 156 171 150 171 138 171 136 159 154 194 4 
15 15 2 2 64 49 0 157 138 2 1 70 105 71 105 148 156 172 156 172 150 159 152 17 4 
15 15 2 2 80 49 0 157 136 172 138 171 142 18 0 21 14 111 110 108 132 163 154 168 4 
15 15 2 2 96 49 0 163 152 108 152 108 158 152 132 107 156 107 150 107 138 107 136 22 4 
15 15 2 2 112 49 0 165 154 163 138 2 1 70 105 71 105 152 146 108 156 108 150 89 4 
15 15 2 2 128 49 0 165 152 163 136 108 138 107 142 18 0 7 217 230 82 157 154 147 4 
15 15 2 2 144 49 0 5 5 194 223 255 157 138 223 80 229 82 251 208 254 216 230 82 48 4 
15 15 2 2 160 49 0 163 154 17 194 223 255 163 138 223 80 229 82 242 208 245 216 27 4 
15 15 2 2 176 49 0 230 82 2 1 2 81 2 224 0 14 21 208 3 81 234 106 16 4 
15 15 2 2 192 49 0 0 5 15 233 110 1 14 234 34 239 207 223 255 5 5 7 3 43 180 4 
15 15 2 2 208 49 0 31 14 3 23 157 154 5 4 81 3 93 2 225 1 14 2 111 101 4 
15 15 2 2 224 49 0 157 138 1 107 223 80 229 82 212 208 215 216 230 82 2 1 100 4 
15 15 2 2 240 49 0 14 81 2 224 0 14 21 208 5 15 81 234 106 64 5 15 233 110 77 4 
15 15 2 2 0 50 0 1 14 234 34 239 207 223 255 17 7 5 15 43 31 14 5 15 23 110 4 
15 15 2 2 16 50 0 163 154 16 81 5 15 93 2 225 1 14 14 111 163 138 13 107 156 4 
15 15 2 2 32 50 0 223 80 229 82 182 208 185 216 2 1 8 81 253 225 11 81 151 4 
15 15 2 2 48 50 0 234 106 32 5 15 233 110 1 14 234 34 254 14 219 207 239 255 1 4 
15 15 2 2 64 50 0 12 43 11 43 31 14 11 23 157 152 11 81 10 93 2 225 243 4 
15 15 2 2 80 50 0 1 14 8 111 157 136 9 107 156 208 159 216 2 1 20 81 16 4 
15 15 2 2 96 50 0 253 225 23 81 234 106 96 5 15 233 110 1 14 234 34 254 14 227 4 
15 15 2 2 112 50 0 219 207 239 255 24 43 23 43 31 14 23 23 163 152 23 81 63 4 
15 15 2 2 128 50 0 22 93 2 225 1 14 20 111 163 136 21 107 130 208 2 1 98 4 
15 15 2 2 144 50 0 1 81 2 224 157 154 18 0 5 4 81 234 106 0 5 15 233 110 174 4 
15 15 2 2 160 50 0 1 14 234 34 174 207 239 255 171 162 3 208 171 152 171 136 14 4 
15 15 2 2 176 50 0 6 43 171 180 7 43 5 5 43 5 4 43 31 14 5 4 23 5 4 81 92 4 
15 15 2 2 192 50 0 3 93 2 225 1 14 1 111 2 107 18 0 2 1 13 81 104 4 
15 15 2 2 208 50 0 2 224 163 154 18 0 16 81 234 106 64 5 15 233 110 1 14 95 4 
15 15 2 2 224 50 0 234 34 110 207 239 255 107 162 3 208 107 152 107 136 18 43 160 4 
15 15 2 2 240 50 0 107 180 19 43 17 43 16 43 31 14 16 23 16 81 5 15 93 229 4 
15 15 2 2 0 51 0 2 225 1 14 13 111 14 107 18 0 2 1 9 81 2 224 145 4 
15 15 2 2 16 51 0 157 152 18 0 10 81 234 106 32 5 15 233 110 1 14 234 34 34 4 
15 15 2 2 32 51 0 239 80 173 110 12 7 10 43 31 14 10 23 11 81 10 93 246 4 
15 15 2 2 48 51 0 2 225 1 14 9 111 8 107 18 0 2 1 21 81 2 224 95 4 
15 15 2 2 64 51 0 163 152 18 0 22 81 234 106 96 5 15 233 110 1 14 234 34 160 4 
15 15 2 2 80 51 0 239 80 109 110 24 7 22 43 31 14 22 23 23 81 22 93 202 4 
15 15 2 2 96 51 0 2 225 1 14 21 111 20 107 18 0 23 216 2 1 0 81 31 4 
15 15 2 2 112 51 0 5 15 224 0 5 5 5 5 225 254 14 219 207 230 255 84 223 7 208 218 4 
15 15 2 2 128 51 0 2 14 0 93 5 5 225 254 14 219 207 230 255 102 223 229 82 223 4 
15 15 2 2 144 51 0 0 208 229 82 231 207 217 255 18 0 217 207 230 255 225 207 85 4 
15 15 2 2 160 51 0 217 255 18 0 158 168 254 215 18 0 180 216 254 14 219 207 208 4 
15 15 2 2 176 51 0 230 255 27 236 21 240 229 82 169 208 172 216 2 1 225 80 192 4 
15 15 2 2 192 51 0 253 5 15 51 111 255 14 218 32 52 111 1 14 234 106 51 37 246 4 
15 15 2 2 208 51 0 233 110 52 81 234 34 163 216 51 194 233 255 52 194 234 255 218 4 
15 15 2 2 224 51 0 158 216 148 208 151 216 2 1 53 107 26 14 53 93 13 226 84 4 
15 15 2 2 240 51 0 253 14 219 207 233 255 219 42 254 14 219 207 234 255 1 227 180 4 
15 15 2 2 0 52 0 219 42 141 216 2 1 53 43 240 215 128 208 2 1 160 14 51 4 
15 15 2 2 16 52 0 51 111 1 14 52 111 1 1 160 81 2 1 59 111 60 107 29 4 
15 15 2 2 32 52 0 61 81 59 25 2 225 62 81 60 25 22 224 1 1 192 181 146 4 
15 15 2 2 48 52 0 14 208 61 194 230 255 27 236 21 240 229 82 59 194 230 255 177 4 
15 15 2 2 64 52 0 27 236 21 240 229 82 13 14 173 110 172 223 1 1 192 149 45 4 
15 15 2 2 80 52 0 59 194 61 242 60 194 62 242 2 1 61 43 0 14 62 35 68 4 
15 15 2 2 96 52 0 62 53 7 226 61 81 255 8 0 14 62 85 2 226 61 107 74 4 
15 15 2 2 112 52 0 62 107 18 0 21 14 230 110 60 14 230 110 143 236 30 240 255 4 
15 15 2 2 128 52 0 229 82 229 82 50 14 230 110 79 236 31 240 229 82 18 0 179 4 
15 15 2 2 144 52 0 65 216 254 14 219 207 54 242 72 208 60 216 2 14 225 38 254 4 
15 15 2 2 160 52 0 5 15 14 230 110 254 14 219 80 127 11 254 11 253 11 230 110 145 4 
15 15 2 2 176 52 0 241 14 230 110 245 236 29 240 229 82 229 82 229 82 10 14 26 4 
15 15 2 2 192 52 0 230 110 109 236 31 240 229 82 132 236 31 240 7 236 5 4 240 175 4 
15 15 2 2 208 52 0 0 9 252 225 229 236 30 240 129 236 31 240 196 80 45 110 8 4 
15 15 2 2 224 52 0 46 110 45 106 195 80 0 1 45 16 43 110 46 192 44 240 193 4 
15 15 2 2 240 52 0 222 110 46 192 221 255 222 207 43 240 221 207 44 240 43 192 71 4 
15 15 2 2 0 53 0 243 255 44 192 244 255 217 207 225 255 5 15 208 13 14 173 110 89 4 
15 15 2 2 16 53 0 73 223 11 208 217 207 230 255 225 207 217 255 18 0 239 80 78 4 
15 15 2 2 32 53 0 230 110 27 236 21 240 229 82 18 0 229 82 231 207 217 255 57 4 
15 15 2 2 48 53 0 18 0 2 1 57 81 2 1 36 25 5 4 225 2 1 58 81 69 4 
15 15 2 2 64 53 0 2 1 37 25 89 224 2 1 55 43 56 107 20 14 55 93 79 4 
15 15 2 2 80 53 0 93 227 55 107 5 5 236 24 240 0 9 5 5 225 181 14 43 110 81 4 
15 15 2 2 96 53 0 57 14 64 239 27 240 178 14 43 110 57 14 137 216 1 1 227 4 
15 15 2 2 112 53 0 144 81 43 110 44 106 124 14 43 94 0 14 44 90 65 14 81 4 
15 15 2 2 128 53 0 110 216 124 14 91 216 150 14 45 110 57 14 64 216 1 1 164 4 
15 15 2 2 144 53 0 145 81 43 110 44 106 144 14 43 94 0 14 44 90 25 14 68 4 
15 15 2 2 160 53 0 94 216 50 14 75 216 122 14 45 110 57 14 48 216 1 1 26 4 
15 15 2 2 176 53 0 193 81 43 110 44 106 79 14 91 216 94 14 45 110 57 14 248 4 
15 15 2 2 192 53 0 38 216 1 1 194 81 43 110 44 106 119 14 81 216 66 14 199 4 
15 15 2 2 208 53 0 45 110 57 14 28 216 1 1 199 81 230 110 230 106 38 14 47 4 
15 15 2 2 224 53 0 43 110 57 14 82 216 1 1 200 81 230 110 230 106 10 14 6 4 
15 15 2 2 240 53 0 43 110 57 14 69 239 27 240 2 1 56 43 26 14 56 93 149 4 
15 15 2 2 0 54 0 5 5 227 56 107 246 14 43 110 56 14 58 216 18 0 46 110 152 4 
15 15 2 2 16 54 0 47 106 45 192 230 255 230 110 47 192 230 255 49 236 29 240 249 4 
15 15 2 2 32 54 0 245 110 5 5 14 225 94 245 80 18 0 44 110 45 106 43 192 126 4 
15 15 2 2 48 54 0 230 255 230 110 45 192 230 255 49 239 29 240 34 110 35 106 65 4 
15 15 2 2 64 54 0 243 207 29 240 44 192 30 240 9 236 20 240 29 192 43 240 204 4 
15 15 2 2 80 54 0 30 192 44 240 29 192 230 255 30 192 230 255 18 0 44 2 183 4 
15 15 2 2 96 54 0 243 207 44 240 43 2 243 207 43 240 244 80 44 38 18 0 214 4 
15 15 2 2 112 54 0 43 94 0 14 44 90 43 192 230 255 44 192 230 255 18 0 134 4 
15 15 2 2 128 54 0 212 223 229 82 229 82 229 82 18 0 207 223 245 110 5 5 14 184 4 
15 15 2 2 144 54 0 225 94 245 80 18 0 216 207 228 255 224 207 228 255 228 110 50 4 
15 15 2 2 160 54 0 218 207 228 255 226 207 218 255 233 207 228 255 234 207 228 255 217 4 
15 15 2 2 176 54 0 243 207 228 255 244 207 228 255 0 238 43 240 12 14 232 5 4 188 4 
15 15 2 2 192 54 0 3 227 238 207 228 255 251 215 230 82 158 80 32 11 6 224 119 4 
15 15 2 2 208 54 0 157 80 32 11 3 224 71 236 25 240 26 208 164 80 32 11 182 4 
15 15 2 2 224 54 0 6 224 163 80 32 11 3 224 102 236 25 240 17 208 158 80 213 4 
15 15 2 2 240 54 0 16 11 6 224 157 80 16 11 3 224 133 236 25 240 8 208 152 4 
15 15 2 2 0 55 0 164 80 16 11 5 5 224 163 80 16 11 2 224 157 236 25 240 79 4 
15 15 2 2 16 55 0 229 82 0 238 54 240 12 14 232 5 4 3 227 229 207 237 255 222 4 
15 15 2 2 32 55 0 251 215 229 207 244 255 229 207 243 255 229 207 234 255 229 207 53 4 
15 15 2 2 48 55 0 233 255 229 207 218 255 229 80 229 207 224 255 229 207 216 255 205 4 
15 15 2 2 64 55 0 16 0 1 1 127 14 139 111 138 111 137 111 136 111 135 111 14 4 
15 15 2 2 80 55 0 134 111 133 111 132 111 147 111 146 111 145 111 144 111 143 111 153 4 
15 15 2 2 96 55 0 142 111 141 111 140 111 140 146 141 146 140 144 141 144 140 150 217 4 
15 15 2 2 112 55 0 141 150 140 148 141 148 140 154 141 154 140 152 141 152 140 158 49 4 
15 15 2 2 128 55 0 145 144 140 156 141 156 1 1 161 173 34 208 1 1 192 161 46 4 
15 15 2 2 144 55 0 250 215 160 14 230 110 1 14 230 110 92 236 11 240 229 82 133 4 
15 15 2 2 160 55 0 229 82 147 193 230 255 146 193 230 255 145 193 230 255 144 193 245 4 
15 15 2 2 176 55 0 230 255 88 236 22 240 229 82 229 82 229 82 229 82 128 14 124 4 
15 15 2 2 192 55 0 230 110 1 14 230 110 117 236 11 240 229 82 229 82 219 215 210 4 
15 15 2 2 208 55 0 18 0 18 0 217 207 230 255 229 82 231 207 217 255 18 0 109 4 
15 15 2 2 224 55 0 177 142 177 134 177 156 177 154 177 152 177 146 160 146 160 144 233 4 
15 15 2 2 240 55 0 163 144 163 146 163 148 18 0 217 207 230 255 225 207 217 255 5 15 4 
15 15 2 2 0 56 0 8 14 225 38 177 144 179 106 178 106 186 106 183 106 115 106 11 4 
15 15 2 2 16 56 0 112 106 254 14 80 216 43 192 222 255 44 192 221 255 253 14 11 4 
15 15 2 2 32 56 0 74 216 2 14 43 192 219 255 3 14 44 192 219 255 252 14 204 4 
15 15 2 2 48 56 0 66 216 5 4 14 43 192 219 255 5 5 14 44 192 219 255 251 14 193 4 
15 15 2 2 64 56 0 58 216 6 14 43 192 219 255 7 14 44 192 219 255 223 80 143 4 
15 15 2 2 80 56 0 187 110 222 207 43 240 221 207 44 240 44 192 43 240 44 106 30 4 
15 15 2 2 96 56 0 43 80 188 110 2 14 219 80 184 110 2 14 219 207 43 240 137 4 
15 15 2 2 112 56 0 3 14 58 216 185 110 5 4 14 219 80 116 110 5 4 14 219 207 47 4 
15 15 2 2 128 56 0 43 240 5 5 14 49 216 117 110 6 14 219 80 113 110 6 14 248 4 
15 15 2 2 144 56 0 219 207 43 240 7 14 40 216 114 110 242 158 9 14 186 110 171 4 
15 15 2 2 160 56 0 183 110 115 110 112 110 177 128 242 142 217 207 225 255 229 82 208 4 
15 15 2 2 176 56 0 231 207 217 255 18 0 219 80 45 110 46 106 127 14 45 94 254 4 
15 15 2 2 192 56 0 0 14 46 90 50 14 29 110 30 106 45 192 34 240 46 192 46 4 
15 15 2 2 208 56 0 35 240 47 236 20 240 27 192 43 240 28 192 44 240 152 14 46 4 
15 15 2 2 224 56 0 43 38 58 14 44 34 18 0 219 207 44 240 44 192 43 240 30 4 
15 15 2 2 240 56 0 44 106 43 80 18 0 78 111 32 99 97 109 101 114 97 32 75 4 
15 15 2 2 0 57 0 100 97 116 97 46 46 46 13 10 0 67 111 110 102 105 100 53 4 
15 15 2 2 16 57 0 101 110 99 101 32 40 80 105 120 101 108 115 41 32 32 61 181 4 
15 15 2 2 32 57 0 32 37 117 13 10 0 32 66 108 111 98 32 83 105 122 101 120 4 
15 15 2 2 48 57 0 32 40 80 105 120 101 108 115 41 32 32 61 32 37 117 13 105 4 
15 15 2 2 64 57 0 10 0 84 105 108 116 32 69 114 114 111 114 32 40 80 105 177 4 
15 15 2 2 80 57 0 120 101 108 115 41 32 32 61 32 37 100 13 10 0 32 80 225 4 
15 15 2 2 96 57 0 97 110 32 69 114 114 111 114 32 40 80 105 120 101 108 115 173 4 
15 15 2 2 112 57 0 41 32 32 61 32 37 100 13 10 0 84 105 108 116 32 65 239 4 
15 15 2 2 128 57 0 110 103 108 101 32 40 100 101 103 114 101 101 115 41 32 61 240 4 
15 15 2 2 144 57 0 32 37 100 13 10 0 32 80 97 110 32 65 110 103 108 101 45 4 
15 15 2 2 160 57 0 32 40 100 101 103 114 101 101 115 41 32 61 32 37 100 13 192 4 
15 15 2 2 176 57 0 10 0 13 10 0 83 101 97 114 99 104 105 110 103 46 46 2 4 
15 15 2 2 192 57 0 46 13 10 0 30 14 246 110 8 14 247 110 0 14 248 110 63 4 
15 15 2 2 208 57 0 2 1 9 0 245 80 30 111 9 0 245 80 31 111 3 225 85 4 
15 15 2 2 224 57 0 30 103 1 208 61 208 9 0 245 80 25 111 9 0 245 80 92 4 
15 15 2 2 240 57 0 26 111 9 0 245 80 27 111 9 0 9 0 245 80 233 110 196 4 
15 15 2 2 0 58 0 9 0 245 80 234 110 9 0 9 0 9 0 245 80 28 111 49 4 
15 15 2 2 16 58 0 9 0 245 80 29 111 9 0 9 0 246 207 32 242 247 207 41 4 
15 15 2 2 32 58 0 33 242 248 207 34 242 25 194 246 255 26 194 247 255 27 194 53 4 
15 15 2 2 48 58 0 248 255 2 1 28 83 2 225 29 83 7 224 9 0 245 80 161 4 
15 15 2 2 64 58 0 238 110 28 7 248 226 29 7 249 215 32 194 246 255 33 194 123 4 
15 15 2 2 80 58 0 247 255 34 194 248 255 2 1 30 7 0 14 31 91 191 215 91 4 
15 15 2 2 96 58 0 18 0 217 207 230 255 218 207 230 255 225 207 217 255 226 207 252 4 
15 15 2 2 112 58 0 218 255 230 82 230 82 230 82 230 82 217 80 251 5 15 43 110 205 4 
15 15 2 2 128 58 0 255 14 218 32 44 110 43 192 222 255 221 110 222 207 230 255 252 4 
15 15 2 2 144 58 0 221 207 230 255 251 14 219 207 230 255 252 14 219 207 230 255 112 4 
15 15 2 2 160 58 0 253 14 219 207 230 255 70 194 230 255 71 194 230 255 80 236 113 4 
15 15 2 2 176 58 0 5 4 240 245 110 7 14 225 92 2 226 225 106 229 82 225 110 180 4 
15 15 2 2 192 58 0 245 80 2 14 243 207 219 255 3 14 244 207 219 255 2 14 83 4 
15 15 2 2 208 58 0 219 207 43 240 3 14 219 207 44 240 43 192 243 255 44 192 141 4 
15 15 2 2 224 58 0 244 255 217 207 225 255 218 207 226 255 229 82 229 207 218 255 25 4 
15 15 2 2 240 58 0 231 207 217 255 18 0 217 207 230 255 218 207 230 255 225 207 103 4 
15 15 2 2 0 59 0 217 255 226 207 218 255 251 14 219 207 43 240 252 14 219 207 221 4 
15 15 2 2 16 59 0 44 240 0 1 128 14 44 20 26 225 251 14 219 207 233 255 48 4 
15 15 2 2 32 59 0 252 14 219 207 234 255 238 207 243 255 237 207 244 255 238 42 142 4 
15 15 2 2 48 59 0 0 14 239 34 243 207 233 255 244 207 234 255 253 14 219 207 103 4 
15 15 2 2 64 59 0 239 255 239 80 44 106 243 110 44 192 244 255 16 208 251 14 149 4 
15 15 2 2 80 59 0 219 80 254 8 6 225 253 14 219 207 230 255 95 236 31 240 101 4 
15 15 2 2 96 59 0 5 5 208 253 14 219 207 230 255 181 236 25 240 229 82 229 82 218 4 
15 15 2 2 112 59 0 229 207 218 255 231 207 217 255 18 0 27 80 32 2 243 207 213 4 
15 15 2 2 128 59 0 23 240 244 207 24 240 33 2 243 80 24 38 0 14 244 32 169 4 
15 15 2 2 144 59 0 25 110 27 80 34 2 243 80 25 38 0 14 244 32 26 110 239 4 
15 15 2 2 160 59 0 27 80 35 2 243 80 26 38 28 80 32 2 243 80 24 38 255 4 
15 15 2 2 176 59 0 244 80 25 34 0 14 26 34 28 80 33 2 243 80 25 38 55 4 
15 15 2 2 192 59 0 244 80 26 34 28 80 34 2 243 80 26 38 29 80 32 2 223 4 
15 15 2 2 208 59 0 243 80 25 38 244 80 26 34 29 80 33 2 243 80 26 38 220 4 
15 15 2 2 224 59 0 30 80 32 2 243 80 26 38 18 0 217 207 230 255 218 207 134 4 
15 15 2 2 240 59 0 230 255 225 207 217 255 226 207 218 255 194 106 193 106 192 106 89 4 
15 15 2 2 0 60 0 252 14 219 64 127 11 60 11 194 110 251 14 219 80 193 110 55 4 
15 15 2 2 16 60 0 252 14 219 56 240 11 48 11 193 18 253 14 219 80 128 11 201 4 
15 15 2 2 32 60 0 192 110 253 14 219 56 5 15 11 7 11 192 18 253 14 219 80 32 4 
15 15 2 2 48 60 0 5 4 13 243 80 56 11 192 18 252 14 219 174 3 208 158 156 135 4 
15 15 2 2 64 60 0 157 140 242 140 194 128 229 82 229 207 218 255 231 207 217 255 69 4 
15 15 2 2 80 60 0 18 0 254 14 227 207 233 255 255 14 227 207 234 255 243 106 179 4 
15 15 2 2 96 60 0 244 106 238 82 3 224 243 74 244 42 251 215 18 0 255 14 147 4 
15 15 2 2 112 60 0 227 207 248 255 229 82 255 14 227 207 247 255 229 82 255 14 119 4 
15 15 2 2 128 60 0 227 207 246 255 229 82 230 106 230 106 230 106 9 0 245 82 34 4 
15 15 2 2 144 60 0 9 224 253 14 227 42 5 5 225 254 14 227 42 2 225 255 14 64 4 
15 15 2 2 160 60 0 227 42 244 215 253 14 227 207 28 240 254 14 227 207 29 240 180 4 
15 15 2 2 176 60 0 255 14 227 207 30 240 18 0 217 207 230 255 218 207 230 255 22 4 
15 15 2 2 192 60 0 225 207 217 255 226 207 218 255 63 14 199 22 198 106 253 14 137 4 
15 15 2 2 208 60 0 219 80 198 18 251 14 219 80 199 18 252 14 219 80 3 10 158 4 
15 15 2 2 224 60 0 9 224 1 10 5 4 224 2 10 6 225 199 140 5 4 208 199 140 155 4 
15 15 2 2 240 60 0 198 136 1 208 198 136 253 14 219 80 5 5 10 3 224 1 10 48 4 
15 15 2 2 0 61 0 5 4 225 151 142 148 134 199 158 1 208 148 150 148 154 148 136 241 4 
15 15 2 2 16 61 0 198 138 229 82 229 207 218 255 231 207 217 255 18 0 217 207 83 4 
15 15 2 2 32 61 0 230 255 218 207 230 255 225 207 217 255 226 207 218 255 172 106 5 4 4 
15 15 2 2 48 61 0 171 106 253 14 219 176 172 136 219 162 2 208 172 140 171 140 242 4 
15 15 2 2 64 61 0 219 180 172 142 219 166 2 208 171 136 1 208 171 138 219 168 167 4 
15 15 2 2 80 61 0 2 208 172 132 1 208 172 148 219 172 2 208 157 138 1 208 11 4 
15 15 2 2 96 61 0 157 154 219 174 2 208 157 136 1 208 157 152 252 14 219 80 109 4 
15 15 2 2 112 61 0 175 110 172 138 171 142 229 82 229 207 218 255 231 207 217 255 113 4 
15 15 2 2 128 61 0 18 0 26 106 25 106 24 106 23 106 32 14 231 110 216 144 56 4 
15 15 2 2 144 61 0 27 54 28 54 29 54 30 54 23 54 24 54 25 54 26 54 171 4 
15 15 2 2 160 61 0 32 80 23 92 33 80 24 88 34 80 25 88 35 80 26 88 147 4 
15 15 2 2 176 61 0 9 227 32 80 23 94 33 80 24 90 34 80 25 90 35 80 3 4 
15 15 2 2 192 61 0 26 90 27 42 231 46 228 215 18 0 217 207 230 255 218 207 46 4 
15 15 2 2 208 61 0 230 255 225 207 217 255 226 207 218 255 230 82 230 82 195 80 117 4 
15 15 2 2 224 61 0 223 110 1 14 196 207 219 255 222 207 43 240 221 207 44 240 134 4 
15 15 2 2 240 61 0 43 192 243 255 44 192 244 255 229 82 229 82 229 82 229 207 186 4 
15 15 2 2 0 62 0 218 255 231 207 217 255 18 0 26 106 25 106 16 14 231 110 203 4 
15 15 2 2 16 62 0 216 144 29 54 30 54 25 54 26 54 34 80 25 92 35 80 166 4 
15 15 2 2 32 62 0 26 88 5 5 227 34 80 25 94 35 80 26 90 29 42 231 46 24 4 
15 15 2 2 48 62 0 240 215 18 0 179 236 10 240 45 236 14 240 1 1 192 145 178 4 
15 15 2 2 64 62 0 1 1 192 161 7 208 114 236 14 240 1 1 161 173 2 208 198 4 
15 15 2 2 80 62 0 161 236 27 240 233 236 27 240 243 215 243 106 244 106 255 14 100 4 
15 15 2 2 96 62 0 225 36 233 110 255 14 226 32 234 110 237 102 7 208 47 14 52 4 
15 15 2 2 112 62 0 239 100 5 4 208 58 14 239 96 1 208 243 42 18 0 30 238 132 4 
15 15 2 2 128 62 0 0 240 46 238 0 240 248 106 38 156 166 142 166 156 9 236 179 4 
15 15 2 2 144 62 0 21 240 226 236 28 240 26 236 31 240 249 215 18 0 255 14 75 4 
15 15 2 2 160 62 0 227 80 55 110 72 14 1 208 76 14 231 110 231 46 254 215 134 4 
15 15 2 2 176 62 0 231 106 231 46 254 215 55 46 247 215 0 0 18 0 255 14 129 4 
15 15 2 2 192 62 0 227 80 172 186 5 4 208 175 106 171 142 172 138 148 156 172 162 139 4 
15 15 2 2 208 62 0 254 215 173 110 243 110 244 106 18 0 255 14 227 80 232 78 183 4 
15 15 2 2 224 62 0 18 0 0 0 0 208 0 208 0 208 232 46 250 215 18 0 99 4 
15 15 2 2 240 62 0 48 49 50 51 52 53 54 55 56 57 97 98 99 100 101 102 108 4 
15 15 2 2 0 63 0 0 255 194 144 157 156 18 0 194 130 18 0 0 0 0 0 203 4 
15 15 2 2 16 63 0 0 0 0 1 0 0 0 0 0 0 0 1 0 0 0 0 171 4 
15 15 2 2 32 63 0 0 0 1 0 0 0 0 1 0 0 0 0 0 0 1 0 154 4 
15 15 2 2 48 63 0 0 0 0 0 0 0 0 0 0 0 0 0 0 1 1 1 138 4 
15 15 8 64 184 4 
