
 Pan Angle (degrees) = 0
Tilt Angle (degrees) = 2
 Pan Error (Pixels
)  = 2
Tilt Error (Pixels)  = 3
 Blob Size (Pixels)  = 22
Confidence (Pixels)  = 200


 Pan Angle (degrees) = 0
Tilt Angle (degrees) = 2
 Pan Error (Pixels)  = 2
Tilt Error (Pixels)  = 3
 Blob Size (Pixels)  = 20
Confidence (Pixels)  = 193


 Pan Angle (degrees) = 0
Tilt Angle (degrees) = 2
 Pan Error (Pixels)  = 2
Tilt Error (Pixels)  = 3
 Blob Size (Pixels)  = 18
Confidence (Pixels)  = 209


 Pan Angle (degrees) = 0
Tilt Angle (degrees) = 2
 Pan Error (Pixels)  = 2
Tilt Error (Pixels)  = 3
 Blob Size (Pixels)  = 20
Confidence (Pixels)  = 193


 Pan Angle (degrees) = 0
Tilt Angle (degrees) = 2
 Pan Error (Pixels)  = 2
Tilt Error (Pixels)  = 3
 Blob Size (Pixels)  = 20
Confidence (Pixels)  = 209


 Pan Angle (degrees) = 0
Tilt Angle (degrees) = 2
 Pan Error (Pixels)  = 2
Tilt Error (Pixels)  = 3
 Blob Size (Pixels)  = 17
Confidence (Pixels)  = 179


 Pan Angle (degrees) = 0
Tilt Angle (degrees) = 2
 Pan Err
or (Pixels)  = 6
Tilt Error (Pixels)  = 2
 Blob Size (Pixels)  = 1
Confidence (Pixels)  = 137

Searching...

Searching...

Searching...

Searching...


 Pan Angle (degrees) = 8
Tilt Angle (degrees) = 0
 Pan Error (Pixels)  = -49
Tilt Error (Pixels)  = 15
 Blob Size (Pixels)  = 16
Confidence (Pixels)  = 197


 Pan Angle (degrees) = -3
Tilt Angle (degrees) = 2
 Pan Error (Pixels)  = -1
Tilt Error (Pixels)  = 2
 Blob Size (Pixels)  = 18
Confidence (Pixels)  = 196


 Pan Angle (degrees) = -3
Tilt Angle (degr
ees) = 2
 Pan Error (Pixels)  = -2
Tilt Error (Pixels)  = 2
 Blob Size (Pixels)  = 20
Confidence (Pixels)  = 210


 Pan Angle (degrees) = -3
Tilt Angle (degrees) = 2
 Pan Error (Pixels)  = -2
Tilt Error (Pixels)  = 2
 Blob Size (Pixels)  = 17

Confidence (Pixels)  = 195


 Pan Angle (degrees) = -3
Tilt Angle (degrees) = 2
 Pan Error (Pixels)  = -2
Tilt Error (Pixels)  = 2
 Blob Size (Pixels)  = 19
Confidence (Pixels)  = 197


 Pan Angle (degrees) = -3
Tilt Angle (degrees) = 2
 Pan Error (Pixels)  = -2
Tilt Error (Pixels)  = 2
 Blob Size (Pixels)  = 19
Confidence (Pixels)  = 196


 Pan Angle (degrees) = -3
Tilt Angle (degrees) = 2
 Pan Error (Pixels)  = -2
Tilt Error (Pixels)  = 2
 Blob Size (Pixels)  = 20
Confidence (Pixels)  = 186

Searching...

Searching...

Searching...

Searc

 Pan Angle (degrees) = -1
Tilt Angle (degrees) = 2
 Pan Error (Pixels)  = 3
Tilt Error (Pixels)  = 2
 Blob Size (Pixels)  = 18
Confidence (Pixels)  = 193


 Pan Angle (degrees) = -2
Tilt Angle (degrees) = 2
 Pan Error (Pixels)  = 8
Tilt Error (Pixels)  = -3
 Blob Size (Pixels)  = 3
Confidence (Pixels)  = 142

Searching...

Searching...

Searching...

Searching...

Searching...

Searching...

Searching...

Searching
...

Searching...

Searching...

Searching...

Searching...

Searching...

Searching...

Searching...

Searching...

Searching...

Searching...

Searching...

Searching...

Searching...

Searching...


 Pan Angle (degrees) = 0
Tilt Angle (degrees) = 2
 Pan Error (Pixels)  = 6
Tilt Error (Pixels)  = 8
 Blob Size (Pixels)  = 21
Confidence (Pixels)  = 189


 Pan Angle (degrees) = 0
Tilt Angle (degrees) = 2
 Pan Error (Pixels)  = 6
Tilt Error (Pixels)  = 3
 Blob Size (Pixels)  = 20
Confidence (Pixels)  = 183


 Pan Angle (degrees) = 0
Tilt Angle (degrees) = 2
 Pan Error (Pixels)  = 6
Tilt Error (Pixels)  = 3
 Blob Size (Pixels)  = 19
Confidence (Pixels)  = 202


 Pan Angle (degrees) = 0
Tilt Angle (degrees) = 2
 Pan Error (Pixels)  = 6
Tilt Error (Pixels)  = 2
 Blob Size (Pixels)  = 18
Confidence (Pixels)  = 177


 Pan Angle (degrees) = 0

Tilt Angle (degrees) = 2
 Pan Error (Pixels)  = 6
Tilt Error (Pixels)  = 3
 Blob Size (Pixels)  = 19
Confidence (Pixels)  = 186


 Pan Angle (degrees) = 0
Tilt Angle (degrees) = 2
 Pan Error (Pixels)  = 6
Tilt Error (Pixels)  = 3
 Blob Size (Pixels)  = 20
Confidence (Pixels)  = 194


 Pan Angle (degrees) = 0
Tilt Angle (degrees) = 2
 Pan Error (Pixels)  = 6
Tilt Error (Pixels)  = 3
 Blob Size (Pixels)  = 19
Confidence (Pixels)  = 187

Searching...

Searching...

Searching...

Searching...

Searching...

Searching...

Searching...

Searching...

Searching...

