15 15 0 2 254 4 
15 15 1 2 254 255 63 193 4 
15 15 9 224 0 8 0 0 5 15 4 
15 15 9 224 0 64 0 0 215 4 
15 15 2 2 0 8 0 62 239 18 240 18 0 254 255 40 239 5 4 240 18 0 194 80 135 4 
15 15 2 2 16 8 0 2 11 1 224 1 14 18 0 244 239 5 15 240 18 0 5 4 0 221 4 
15 15 2 2 32 8 0 250 36 0 0 250 1 0 0 5 4 0 0 0 225 36 0 0 178 4 
15 15 2 2 48 8 0 193 1 0 0 25 0 0 0 6 8 0 0 0 2 0 0 217 4 
15 15 2 2 64 8 0 2 0 0 0 220 36 0 0 241 1 0 0 5 5 0 0 0 187 4 
15 15 2 2 80 8 0 216 207 228 255 224 207 228 255 228 110 218 207 228 255 226 207 249 4 
15 15 2 2 96 8 0 218 255 233 207 228 255 234 207 228 255 230 82 242 162 2 208 230 4 
15 15 2 2 112 8 0 165 216 2 208 158 182 209 216 229 82 229 207 234 255 229 207 176 4 
15 15 2 2 128 8 0 233 255 229 207 218 255 229 80 229 207 224 255 229 207 216 255 172 4 
15 15 2 2 144 8 0 16 0 230 106 1 14 230 110 5 5 14 230 110 167 236 17 240 166 4 
15 15 2 2 160 8 0 229 82 229 82 229 82 18 0 7 14 180 110 0 14 136 110 98 4 
15 15 2 2 176 8 0 135 110 134 110 133 110 132 110 131 110 130 110 129 110 128 110 184 4 
15 15 2 2 192 8 0 145 110 144 110 143 110 142 110 141 110 140 110 139 110 138 110 88 4 
15 15 2 2 208 8 0 137 110 47 14 146 110 147 104 156 14 148 110 149 106 150 106 74 4 
15 15 2 2 224 8 0 151 104 5 4 14 152 110 14 14 154 110 153 104 193 106 241 158 30 4 
15 15 2 2 240 8 0 176 152 156 142 162 106 159 106 160 106 157 106 163 106 165 106 80 4 
15 15 2 2 0 9 0 200 223 159 134 208 142 158 150 157 134 147 130 240 106 242 136 137 4 
15 15 2 2 16 9 0 240 158 240 152 241 146 240 154 241 106 242 140 242 142 18 0 85 4 
15 15 2 2 32 9 0 217 207 230 255 225 207 217 255 230 82 190 223 1 1 192 151 144 4 
15 15 2 2 48 9 0 192 153 1 1 132 14 229 111 1 14 230 111 223 106 16 14 183 4 
15 15 2 2 64 9 0 223 92 10 226 223 80 234 106 229 37 233 110 230 81 234 34 101 4 
15 15 2 2 80 9 0 127 14 239 110 223 42 243 215 1 1 157 107 1 14 158 111 192 4 
15 15 2 2 96 9 0 194 14 159 111 1 1 192 133 1 1 162 107 163 107 1 1 79 4 
15 15 2 2 112 9 0 128 107 130 107 131 107 1 14 213 110 50 14 215 110 207 14 9 4 
15 15 2 2 128 9 0 214 110 213 158 128 14 230 110 1 14 230 110 139 216 229 82 221 4 
15 15 2 2 144 9 0 229 82 1 1 192 147 128 14 230 110 1 14 230 110 130 216 56 4 
15 15 2 2 160 9 0 229 82 229 82 1 1 192 147 229 82 229 82 231 207 217 255 148 4 
15 15 2 2 176 9 0 18 0 130 130 128 136 148 146 146 152 18 0 242 146 1 1 61 4 
15 15 2 2 192 9 0 32 14 225 111 159 134 1 1 192 169 6 208 1 1 224 14 95 4 
15 15 2 2 208 9 0 222 111 0 14 223 111 5 5 208 1 1 192 14 222 111 0 14 122 4 
15 15 2 2 224 9 0 223 111 1 1 192 161 192 121 192 167 6 208 1 1 128 14 92 4 
15 15 2 2 240 9 0 220 111 0 14 221 111 5 5 208 1 1 160 14 220 111 0 14 128 4 
15 15 2 2 0 10 0 221 111 201 207 226 241 220 193 233 255 221 193 234 255 220 43 40 4 
15 15 2 2 16 10 0 0 14 221 35 239 80 201 110 18 0 158 150 201 207 226 241 173 4 
15 15 2 2 32 10 0 1 1 225 81 0 8 35 226 222 193 233 255 223 193 234 255 129 4 
15 15 2 2 48 10 0 222 43 0 14 223 35 226 193 239 255 220 193 233 255 221 193 245 4 
15 15 2 2 64 10 0 234 255 220 43 221 35 239 207 226 241 226 193 201 255 225 7 222 4 
15 15 2 2 80 10 0 225 81 12 225 1 1 2 14 158 111 1 1 192 147 192 129 206 4 
15 15 2 2 96 10 0 50 14 215 110 207 14 214 110 242 148 213 142 1 208 201 106 255 4 
15 15 2 2 112 10 0 18 0 217 207 230 255 225 207 217 255 1 1 192 161 14 208 26 4 
15 15 2 2 128 10 0 253 14 219 207 230 255 254 14 219 207 230 255 51 236 11 240 35 4 
15 15 2 2 144 10 0 229 82 229 82 157 150 1 1 192 145 157 134 229 82 231 207 94 4 
15 15 2 2 160 10 0 217 255 18 0 217 207 230 255 225 207 217 255 1 1 192 179 222 4 
15 15 2 2 176 10 0 50 208 253 14 219 207 233 255 254 14 219 207 234 255 30 14 216 4 
15 15 2 2 192 10 0 233 38 0 14 234 34 239 80 2 8 9 225 253 14 219 207 33 4 
15 15 2 2 208 10 0 230 255 254 14 219 207 230 255 105 216 229 82 229 82 253 14 232 4 
15 15 2 2 224 10 0 219 207 233 255 254 14 219 207 234 255 21 14 233 38 0 14 161 4 
15 15 2 2 240 10 0 234 34 239 158 253 14 219 207 230 255 254 14 219 207 230 255 52 4 
15 15 2 2 0 11 0 161 236 10 240 229 82 229 82 157 150 1 1 192 119 192 131 77 4 
15 15 2 2 16 11 0 157 134 1 1 157 43 229 82 231 207 217 255 18 0 157 150 234 4 
15 15 2 2 32 11 0 1 1 192 145 157 134 18 0 217 207 230 255 225 207 217 255 52 4 
15 15 2 2 48 11 0 0 1 22 107 217 80 253 5 15 233 110 255 14 218 32 234 110 84 4 
15 15 2 2 64 11 0 1 14 238 24 1 225 237 80 2 225 22 129 1 208 186 106 14 4 
15 15 2 2 80 11 0 217 80 251 5 15 233 110 255 14 218 32 234 110 1 14 238 24 163 4 
15 15 2 2 96 11 0 1 225 237 80 2 225 22 131 1 208 183 106 217 80 249 5 15 211 4 
15 15 2 2 112 11 0 233 110 255 14 218 32 234 110 1 14 238 24 1 225 237 80 151 4 
15 15 2 2 128 11 0 2 225 22 133 1 208 115 106 217 80 247 5 15 233 110 255 14 178 4 
15 15 2 2 144 11 0 218 32 234 110 1 14 238 24 1 225 237 80 2 225 22 135 91 4 
15 15 2 2 160 11 0 1 208 112 106 229 82 231 207 217 255 18 0 217 207 230 255 66 4 
15 15 2 2 176 11 0 225 207 217 255 253 14 219 207 233 255 254 14 219 207 234 255 125 4 
15 15 2 2 192 11 0 28 14 233 38 0 14 234 34 239 106 253 14 219 207 233 255 232 4 
15 15 2 2 208 11 0 254 14 219 207 234 255 23 14 233 38 0 14 234 34 239 106 219 4 
15 15 2 2 224 11 0 198 174 14 208 198 158 253 14 219 207 233 255 254 14 219 207 8 4 
15 15 2 2 240 11 0 234 255 23 14 233 38 0 14 234 34 1 14 239 110 34 208 108 4 
15 15 2 2 0 12 0 241 80 128 11 16 224 242 80 8 11 13 224 253 14 219 207 61 4 
15 15 2 2 16 12 0 233 255 254 14 219 207 234 255 23 14 233 38 0 14 234 34 11 4 
15 15 2 2 32 12 0 2 14 239 110 5 15 208 240 166 13 208 144 158 253 14 219 207 46 4 
15 15 2 2 48 12 0 233 255 254 14 219 207 234 255 23 14 233 38 0 14 234 34 235 4 
15 15 2 2 64 12 0 3 14 239 110 37 14 198 20 37 8 25 224 253 14 219 207 90 4 
15 15 2 2 80 12 0 233 255 254 14 219 207 234 255 28 14 233 38 0 14 234 34 198 4 
15 15 2 2 96 12 0 1 14 239 110 253 14 219 207 233 255 254 14 219 207 234 255 232 4 
15 15 2 2 112 12 0 23 14 233 38 0 14 234 34 198 207 239 255 128 209 197 80 73 4 
15 15 2 2 128 12 0 25 224 253 14 219 207 233 255 254 14 219 207 234 255 28 14 17 4 
15 15 2 2 144 12 0 233 38 0 14 234 34 2 14 239 110 253 14 219 207 233 255 45 4 
15 15 2 2 160 12 0 254 14 219 207 234 255 23 14 233 38 0 14 234 34 197 207 207 4 
15 15 2 2 176 12 0 239 255 101 209 208 190 25 208 253 14 219 207 233 255 254 14 252 4 
15 15 2 2 192 12 0 219 207 234 255 28 14 233 38 0 14 234 34 3 14 239 110 220 4 
15 15 2 2 208 12 0 253 14 219 207 233 255 254 14 219 207 234 255 23 14 233 38 176 4 
15 15 2 2 224 12 0 0 14 234 34 208 207 239 255 74 209 157 182 25 208 253 14 7 4 
15 15 2 2 240 12 0 219 207 233 255 254 14 219 207 234 255 28 14 233 38 0 14 136 4 
15 15 2 2 0 13 0 234 34 5 4 14 239 110 253 14 219 207 233 255 254 14 219 207 33 4 
15 15 2 2 16 13 0 234 255 23 14 233 38 0 14 234 34 157 207 239 255 47 209 78 4 
15 15 2 2 32 13 0 156 80 25 224 253 14 219 207 233 255 254 14 219 207 234 255 174 4 
15 15 2 2 48 13 0 28 14 233 38 0 14 234 34 5 5 14 239 110 253 14 219 207 71 4 
15 15 2 2 64 13 0 233 255 254 14 219 207 234 255 23 14 233 38 0 14 234 34 218 4 
15 15 2 2 80 13 0 156 207 239 255 20 209 8 14 159 92 25 224 253 14 219 207 162 4 
15 15 2 2 96 13 0 233 255 254 14 219 207 234 255 28 14 233 38 0 14 234 34 181 4 
15 15 2 2 112 13 0 6 14 239 110 253 14 219 207 233 255 254 14 219 207 234 255 210 4 
15 15 2 2 128 13 0 23 14 233 38 0 14 234 34 159 207 239 255 248 208 162 80 11 4 
15 15 2 2 144 13 0 25 224 253 14 219 207 233 255 254 14 219 207 234 255 28 14 0 4 
15 15 2 2 160 13 0 233 38 0 14 234 34 7 14 239 110 253 14 219 207 233 255 23 4 
15 15 2 2 176 13 0 254 14 219 207 234 255 23 14 233 38 0 14 234 34 162 207 225 4 
15 15 2 2 192 13 0 239 255 221 208 165 80 25 224 253 14 219 207 233 255 254 14 253 4 
15 15 2 2 208 13 0 219 207 234 255 28 14 233 38 0 14 234 34 8 14 239 110 198 4 
15 15 2 2 224 13 0 253 14 219 207 233 255 254 14 219 207 234 255 23 14 233 38 159 4 
15 15 2 2 240 13 0 0 14 234 34 165 207 239 255 194 208 16 14 242 20 16 8 181 4 
15 15 2 2 0 14 0 25 224 253 14 219 207 233 255 254 14 219 207 234 255 28 14 143 4 
15 15 2 2 16 14 0 233 38 0 14 234 34 9 14 239 110 253 14 219 207 233 255 164 4 
15 15 2 2 32 14 0 254 14 219 207 234 255 23 14 233 38 0 14 234 34 242 207 32 4 
15 15 2 2 48 14 0 239 255 165 208 71 14 241 20 25 224 253 14 219 207 233 255 107 4 
15 15 2 2 64 14 0 254 14 219 207 234 255 28 14 233 38 0 14 234 34 10 14 164 4 
15 15 2 2 80 14 0 239 110 253 14 219 207 233 255 254 14 219 207 234 255 23 14 224 4 
15 15 2 2 96 14 0 233 38 0 14 234 34 241 207 239 255 137 208 192 14 240 20 140 4 
15 15 2 2 112 14 0 25 224 253 14 219 207 233 255 254 14 219 207 234 255 28 14 31 4 
15 15 2 2 128 14 0 233 38 0 14 234 34 11 14 239 110 253 14 219 207 233 255 50 4 
15 15 2 2 144 14 0 254 14 219 207 234 255 23 14 233 38 0 14 234 34 240 207 178 4 
15 15 2 2 160 14 0 239 255 109 208 146 168 25 208 253 14 219 207 233 255 254 14 87 4 
15 15 2 2 176 14 0 219 207 234 255 28 14 233 38 0 14 234 34 12 14 239 110 225 4 
15 15 2 2 192 14 0 253 14 219 207 233 255 254 14 219 207 234 255 23 14 233 38 190 4 
15 15 2 2 208 14 0 0 14 234 34 146 207 239 255 82 208 147 176 25 208 253 14 92 4 
15 15 2 2 224 14 0 219 207 233 255 254 14 219 207 234 255 28 14 233 38 0 14 150 4 
15 15 2 2 240 14 0 234 34 13 14 239 110 253 14 219 207 233 255 254 14 219 207 39 4 
15 15 2 2 0 5 15 0 234 255 23 14 233 38 0 14 234 34 147 207 239 255 55 208 95 4 
15 15 2 2 16 5 15 0 62 14 148 20 28 8 25 224 253 14 219 207 233 255 254 14 35 4 
15 15 2 2 32 5 15 0 219 207 234 255 28 14 233 38 0 14 234 34 14 14 239 110 110 4 
15 15 2 2 48 5 15 0 253 14 219 207 233 255 254 14 219 207 234 255 23 14 233 38 77 4 
15 15 2 2 64 5 15 0 0 14 234 34 148 207 239 255 26 208 151 190 24 208 253 14 16 4 
15 15 2 2 80 5 15 0 219 207 233 255 254 14 219 207 234 255 28 14 233 38 0 14 37 4 
15 15 2 2 96 5 15 0 234 34 5 15 14 239 110 253 14 219 207 233 255 254 14 219 207 180 4 
15 15 2 2 112 5 15 0 234 255 23 14 233 38 0 14 234 34 151 207 239 255 229 82 187 4 
15 15 2 2 128 5 15 0 231 207 217 255 18 0 144 218 254 14 219 80 7 225 116 218 246 4 
15 15 2 2 144 5 15 0 239 80 127 8 3 226 112 218 127 14 239 110 138 210 132 218 196 4 
15 15 2 2 160 5 15 0 254 14 219 80 9 225 104 218 239 207 43 240 127 14 43 92 253 4 
15 15 2 2 176 5 15 0 3 226 98 218 127 14 239 110 124 210 118 218 134 218 216 144 204 4 
15 15 2 2 192 5 15 0 44 80 5 4 230 208 14 43 92 7 14 44 88 5 5 226 1 1 224 4 
15 15 2 2 208 5 15 0 208 14 254 111 7 14 12 208 120 218 44 52 11 226 43 80 199 4 
15 15 2 2 224 5 15 0 206 8 8 14 44 84 6 226 1 1 206 14 254 111 8 14 88 4 
15 15 2 2 240 5 15 0 255 111 6 208 253 14 219 207 254 241 254 14 219 207 255 241 111 4 
15 15 2 2 0 16 0 254 193 43 240 255 193 44 240 208 14 43 94 7 14 44 90 52 4 
15 15 2 2 16 16 0 43 80 79 210 240 14 230 110 163 236 5 15 240 229 82 147 138 12 4 
15 15 2 2 32 16 0 147 136 147 134 147 132 153 130 153 128 147 142 147 140 154 132 239 4 
15 15 2 2 48 16 0 154 130 153 134 153 132 154 138 154 136 148 128 154 134 154 142 194 4 
15 15 2 2 64 16 0 154 156 145 156 1 1 127 14 139 111 138 111 137 111 136 111 216 4 
15 15 2 2 80 16 0 135 111 134 111 133 111 132 111 147 111 146 111 145 111 144 111 200 4 
15 15 2 2 96 16 0 143 111 142 111 141 111 140 111 1 14 230 110 230 106 230 110 147 4 
15 15 2 2 112 16 0 230 106 230 110 230 106 230 110 230 106 148 236 5 5 240 245 110 12 4 
15 15 2 2 128 16 0 8 14 225 94 245 80 153 236 16 240 238 236 13 240 7 236 131 4 
15 15 2 2 144 16 0 14 240 249 217 217 239 5 4 240 7 218 2 14 225 38 160 14 42 4 
15 15 2 2 160 16 0 230 110 1 14 230 110 57 236 5 5 240 229 82 229 82 18 216 35 4 
15 15 2 2 176 16 0 147 193 230 255 146 193 230 255 145 193 230 255 144 193 230 255 94 4 
15 15 2 2 192 16 0 165 236 16 240 229 82 229 82 229 82 229 82 220 217 217 207 98 4 
15 15 2 2 208 16 0 225 255 239 209 1 1 168 81 240 217 43 192 172 241 1 1 46 4 
15 15 2 2 224 16 0 136 81 235 217 43 192 168 241 1 1 43 80 245 217 0 1 159 4 
15 15 2 2 240 16 0 45 36 43 110 0 14 46 32 44 110 127 14 43 94 0 14 248 4 
15 15 2 2 0 17 0 44 90 202 217 1 1 145 111 144 111 1 1 168 81 228 217 9 4 
15 15 2 2 16 17 0 47 110 48 106 47 80 45 92 43 110 48 80 46 88 44 110 99 4 
15 15 2 2 32 17 0 127 14 43 38 0 14 44 34 183 217 1 1 147 111 146 111 252 4 
15 15 2 2 48 17 0 1 1 162 163 3 208 141 128 140 144 6 208 162 161 2 208 141 4 
15 15 2 2 64 17 0 140 128 1 208 140 144 141 144 162 81 5 4 11 18 224 1 1 159 4 
15 15 2 2 80 17 0 244 81 5 15 225 1 14 244 111 140 80 2 11 2 224 141 130 26 4 
15 15 2 2 96 17 0 1 208 141 146 141 80 2 11 2 224 140 146 5 4 208 140 130 207 4 
15 15 2 2 112 17 0 2 208 1 1 244 107 1 1 162 81 8 11 18 224 1 1 76 4 
15 15 2 2 128 17 0 245 81 5 15 225 1 14 245 111 140 80 5 4 11 2 224 141 132 228 4 
15 15 2 2 144 17 0 1 208 141 148 141 80 5 4 11 2 224 140 148 5 4 208 140 132 151 4 
15 15 2 2 160 17 0 2 208 1 1 245 107 136 80 128 11 2 224 145 144 1 208 224 4 
15 15 2 2 176 17 0 145 128 140 158 134 14 230 110 1 14 230 110 129 80 64 11 153 4 
15 15 2 2 192 17 0 1 224 1 14 77 217 134 14 230 110 1 14 230 110 129 80 249 4 
15 15 2 2 208 17 0 128 11 1 224 1 14 74 217 135 14 230 110 1 14 230 110 49 4 
15 15 2 2 224 17 0 135 80 1 11 61 217 135 14 230 110 1 14 230 110 135 80 239 4 
15 15 2 2 240 17 0 2 11 1 224 1 14 58 217 140 14 230 110 1 14 230 110 154 4 
15 15 2 2 0 18 0 135 80 5 4 11 1 224 1 14 43 217 140 14 230 110 1 14 19 4 
15 15 2 2 16 18 0 230 110 135 80 8 11 1 224 1 14 40 217 141 14 230 110 188 4 
15 15 2 2 32 18 0 1 14 230 110 136 80 2 11 1 224 1 14 25 217 141 14 5 5 4 
15 15 2 2 48 18 0 230 110 1 14 230 110 136 80 5 4 11 1 224 1 14 22 217 61 4 
15 15 2 2 64 18 0 142 14 230 110 1 14 230 110 136 80 8 11 1 224 1 14 124 4 
15 15 2 2 80 18 0 7 217 142 14 230 110 1 14 230 110 130 80 1 11 6 217 170 4 
15 15 2 2 96 18 0 143 14 230 110 1 14 230 110 136 80 16 11 1 224 1 14 83 4 
15 15 2 2 112 18 0 247 216 143 14 230 110 1 14 230 110 136 80 32 11 1 224 115 4 
15 15 2 2 128 18 0 1 14 244 216 1 1 161 187 176 208 0 14 166 93 6 227 183 4 
15 15 2 2 144 18 0 166 81 56 8 3 227 1 1 128 145 5 15 208 125 14 166 93 189 4 
15 15 2 2 160 18 0 14 227 166 81 43 110 44 106 44 52 5 4 226 43 80 129 8 233 4 
15 15 2 2 176 18 0 0 14 44 84 5 4 227 1 1 128 129 128 131 27 208 166 81 221 4 
15 15 2 2 192 18 0 43 110 44 106 216 144 44 80 5 4 230 216 14 43 92 0 14 178 4 
15 15 2 2 208 18 0 44 88 13 227 166 81 45 110 46 106 46 52 5 4 226 45 80 183 4 
15 15 2 2 224 18 0 255 8 0 14 46 84 3 227 1 1 128 129 2 208 1 1 182 4 
15 15 2 2 240 18 0 128 145 128 147 0 14 1 1 167 93 6 227 167 81 56 8 161 4 
15 15 2 2 0 19 0 3 227 1 1 128 149 5 15 208 125 14 167 93 14 227 167 81 149 4 
15 15 2 2 16 19 0 43 110 44 106 44 52 5 4 226 43 80 129 8 0 14 44 84 210 4 
15 15 2 2 32 19 0 5 4 227 1 1 128 133 128 135 27 208 167 81 43 110 44 106 194 4 
15 15 2 2 48 19 0 216 144 44 80 5 4 230 216 14 43 92 0 14 44 88 13 227 252 4 
15 15 2 2 64 19 0 167 81 45 110 46 106 46 52 5 4 226 45 80 255 8 0 14 164 4 
15 15 2 2 80 19 0 46 84 3 227 1 1 128 133 2 208 1 1 128 149 128 151 42 4 
15 15 2 2 96 19 0 128 155 141 80 1 11 1 224 128 139 128 153 140 80 1 11 152 4 
15 15 2 2 112 19 0 1 224 128 137 128 159 141 80 2 11 1 224 128 143 128 157 121 4 
15 15 2 2 128 19 0 140 80 2 11 1 224 128 141 129 80 5 4 11 1 224 1 14 194 4 
15 15 2 2 144 19 0 170 216 2 224 0 14 1 208 1 14 1 11 243 110 254 14 142 4 
15 15 2 2 160 19 0 129 21 243 16 129 111 129 80 8 11 1 224 1 14 155 216 121 4 
15 15 2 2 176 19 0 2 224 0 14 1 208 1 14 1 11 243 110 243 70 253 14 184 4 
15 15 2 2 192 19 0 129 21 243 16 129 111 129 80 16 11 1 224 1 14 139 216 97 4 
15 15 2 2 208 19 0 2 224 0 14 1 208 1 14 1 11 243 110 243 70 243 70 106 4 
15 15 2 2 224 19 0 251 14 129 21 243 16 129 111 18 0 183 193 30 240 67 236 176 4 
15 15 2 2 240 19 0 12 240 28 192 51 240 29 192 52 240 30 192 53 240 31 192 27 4 
15 15 2 2 0 20 0 54 240 113 14 33 110 61 14 34 110 122 14 35 110 65 14 113 4 
15 15 2 2 16 20 0 36 110 167 236 12 240 28 192 47 240 29 192 48 240 30 192 225 4 
15 15 2 2 32 20 0 49 240 31 192 50 240 33 106 34 106 128 14 35 110 67 14 31 4 
15 15 2 2 48 20 0 36 110 84 236 12 240 28 192 43 240 29 192 44 240 30 192 28 4 
15 15 2 2 64 20 0 45 240 31 192 46 240 33 106 34 106 32 14 35 110 65 14 105 4 
15 15 2 2 80 20 0 36 110 167 236 12 240 65 236 13 240 30 192 128 241 18 0 236 4 
15 15 2 2 96 20 0 230 110 145 221 229 82 229 82 229 82 18 0 230 110 151 221 71 4 
15 15 2 2 112 20 0 229 82 229 82 229 82 18 0 252 14 219 207 233 255 253 14 26 4 
15 15 2 2 128 20 0 219 207 234 255 18 0 128 14 230 110 1 14 230 110 82 236 64 4 
15 15 2 2 144 20 0 5 5 240 229 82 229 82 18 0 43 192 230 255 44 192 230 255 66 4 
15 15 2 2 160 20 0 140 221 229 82 229 82 18 0 217 207 230 255 225 207 217 255 74 4 
15 15 2 2 176 20 0 18 0 229 82 231 207 217 255 18 0 43 110 44 106 255 14 19 4 
15 15 2 2 192 20 0 216 128 43 86 0 14 44 86 18 0 253 14 219 207 43 240 221 4 
15 15 2 2 208 20 0 254 14 219 207 44 240 18 0 46 106 208 5 15 45 110 7 14 13 4 
15 15 2 2 224 20 0 46 34 172 81 18 0 43 110 44 106 232 80 44 16 18 0 244 4 
15 15 2 2 240 20 0 0 14 233 110 234 110 5 4 0 133 236 10 240 234 42 8 14 162 4 
15 15 2 2 0 21 0 234 92 216 164 123 239 10 240 18 0 239 106 233 62 133 239 187 4 
15 15 2 2 16 21 0 10 240 18 0 255 14 227 207 9 240 9 56 5 15 11 6 5 15 163 4 
15 15 2 2 32 21 0 216 178 7 5 15 42 5 15 173 110 45 236 5 15 240 9 80 5 15 11 72 4 
15 15 2 2 48 21 0 6 5 15 216 178 7 5 15 42 5 15 173 110 45 236 5 15 240 0 12 138 4 
15 15 2 2 64 21 0 18 0 234 207 5 4 240 233 207 5 5 240 255 14 227 207 234 255 147 4 
15 15 2 2 80 21 0 254 14 227 207 233 255 192 167 65 208 238 207 160 240 238 207 111 4 
15 15 2 2 96 21 0 161 240 238 207 162 240 238 207 163 240 238 207 164 240 238 207 73 4 
15 15 2 2 112 21 0 165 240 238 207 166 240 238 207 167 240 238 207 168 240 238 207 41 4 
15 15 2 2 128 21 0 169 240 238 207 170 240 238 207 171 240 238 207 172 240 238 207 9 4 
15 15 2 2 144 21 0 173 240 238 207 174 240 238 207 175 240 238 207 176 240 238 207 233 4 
15 15 2 2 160 21 0 177 240 238 207 178 240 238 207 179 240 238 207 180 240 238 207 201 4 
15 15 2 2 176 21 0 181 240 238 207 182 240 238 207 183 240 238 207 184 240 238 207 169 4 
15 15 2 2 192 21 0 185 240 238 207 186 240 238 207 187 240 238 207 188 240 238 207 137 4 
15 15 2 2 208 21 0 189 240 238 207 190 240 238 207 191 240 64 208 238 207 128 240 86 4 
15 15 2 2 224 21 0 238 207 129 240 238 207 130 240 238 207 131 240 238 207 132 240 73 4 
15 15 2 2 240 21 0 238 207 133 240 238 207 134 240 238 207 135 240 238 207 136 240 41 4 
15 15 2 2 0 22 0 238 207 137 240 238 207 138 240 238 207 139 240 238 207 140 240 8 4 
15 15 2 2 16 22 0 238 207 141 240 238 207 142 240 238 207 143 240 238 207 144 240 232 4 
15 15 2 2 32 22 0 238 207 145 240 238 207 146 240 238 207 147 240 238 207 148 240 200 4 
15 15 2 2 48 22 0 238 207 149 240 238 207 150 240 238 207 151 240 238 207 152 240 168 4 
15 15 2 2 64 22 0 238 207 153 240 238 207 154 240 238 207 155 240 238 207 156 240 136 4 
15 15 2 2 80 22 0 238 207 157 240 238 207 158 240 238 207 159 240 5 4 192 234 255 8 4 
15 15 2 2 96 22 0 5 5 192 233 255 18 0 192 161 18 0 234 207 5 4 240 233 207 239 4 
15 15 2 2 112 22 0 5 5 240 255 14 227 207 234 255 254 14 227 207 233 255 192 169 202 4 
15 15 2 2 128 22 0 65 208 192 192 238 255 193 192 238 255 194 192 238 255 195 192 136 4 
15 15 2 2 144 22 0 238 255 196 192 238 255 197 192 238 255 198 192 238 255 199 192 140 4 
15 15 2 2 160 22 0 238 255 200 192 238 255 201 192 238 255 202 192 238 255 203 192 108 4 
15 15 2 2 176 22 0 238 255 204 192 238 255 205 192 238 255 206 192 238 255 207 192 76 4 
15 15 2 2 192 22 0 238 255 208 192 238 255 209 192 238 255 210 192 238 255 211 192 44 4 
15 15 2 2 208 22 0 238 255 212 192 238 255 213 192 238 255 214 192 238 255 215 192 12 4 
15 15 2 2 224 22 0 238 255 216 192 238 255 217 192 238 255 218 192 238 255 219 192 236 4 
15 15 2 2 240 22 0 238 255 220 192 238 255 221 192 238 255 222 192 238 255 223 192 204 4 
15 15 2 2 0 23 0 238 255 64 208 224 192 238 255 225 192 238 255 226 192 238 255 62 4 
15 15 2 2 16 23 0 227 192 238 255 228 192 238 255 229 192 238 255 230 192 238 255 143 4 
15 15 2 2 32 23 0 231 192 238 255 232 192 238 255 233 192 238 255 234 192 238 255 111 4 
15 15 2 2 48 23 0 235 192 238 255 236 192 238 255 237 192 238 255 238 192 238 255 79 4 
15 15 2 2 64 23 0 239 192 238 255 240 192 238 255 241 192 238 255 242 192 238 255 47 4 
15 15 2 2 80 23 0 243 192 238 255 244 192 238 255 245 192 238 255 246 192 238 255 5 15 4 
15 15 2 2 96 23 0 247 192 238 255 248 192 238 255 249 192 238 255 250 192 238 255 239 4 
15 15 2 2 112 23 0 251 192 238 255 252 192 238 255 253 192 238 255 254 192 238 255 207 4 
15 15 2 2 128 23 0 255 192 238 255 5 4 192 234 255 5 5 192 233 255 18 0 242 180 167 4 
15 15 2 2 144 23 0 18 0 22 80 5 15 10 216 180 18 0 255 14 227 207 10 240 109 4 
15 15 2 2 160 23 0 254 14 227 207 11 240 253 14 227 207 12 240 252 14 227 207 23 4 
15 15 2 2 176 23 0 13 240 10 42 22 160 141 142 11 42 22 162 143 128 12 42 1 4 
15 15 2 2 192 23 0 22 164 143 134 13 42 22 166 143 136 14 106 5 15 106 16 106 225 4 
15 15 2 2 208 23 0 17 106 26 236 12 240 10 46 240 239 11 240 22 160 141 158 165 4 
15 15 2 2 224 23 0 11 46 245 239 11 240 22 162 143 144 12 46 250 239 11 240 248 4 
15 15 2 2 240 23 0 22 164 143 150 0 0 13 46 0 239 12 240 22 166 143 152 13 4 
15 15 2 2 0 24 0 0 0 14 46 5 5 239 12 240 18 144 0 0 5 15 46 10 239 224 4 
15 15 2 2 16 24 0 12 240 18 146 0 0 16 46 5 15 239 12 240 18 148 0 0 86 4 
15 15 2 2 32 24 0 17 46 20 239 12 240 18 150 60 236 12 240 19 62 235 239 143 4 
15 15 2 2 48 24 0 11 240 18 0 215 14 19 110 0 0 0 0 0 0 0 0 65 4 
15 15 2 2 64 24 0 50 236 12 240 19 46 28 239 12 240 215 14 19 110 0 0 220 4 
15 15 2 2 80 24 0 0 0 0 0 0 0 50 236 12 240 19 46 39 239 12 240 39 4 
15 15 2 2 96 24 0 0 0 18 0 0 0 53 239 12 240 0 0 0 0 0 0 82 4 
15 15 2 2 112 24 0 0 0 0 0 0 0 18 0 3 14 20 110 0 0 20 46 141 4 
15 15 2 2 128 24 0 62 239 12 240 18 0 38 158 5 5 208 38 158 30 174 2 208 46 4 
15 15 2 2 144 24 0 30 108 38 142 30 192 24 240 23 106 42 106 41 106 134 14 244 4 
15 15 2 2 160 24 0 25 110 26 106 132 239 13 240 38 106 192 236 13 240 216 236 204 4 
15 15 2 2 176 24 0 13 240 38 182 104 239 13 240 38 162 5 5 208 38 186 104 239 51 4 
15 15 2 2 192 24 0 13 240 111 239 13 240 38 186 123 239 13 240 38 160 5 5 208 234 4 
15 15 2 2 208 24 0 38 184 104 239 13 240 123 239 13 240 38 184 111 239 13 240 66 4 
15 15 2 2 224 24 0 26 106 127 14 31 36 25 110 232 106 26 34 36 80 25 94 176 4 
15 15 2 2 240 24 0 232 106 26 90 26 14 39 110 31 106 41 106 42 106 23 106 64 4 
15 15 2 2 0 25 0 24 106 33 80 28 94 34 80 29 90 35 80 30 90 0 14 148 4 
15 15 2 2 16 25 0 31 90 9 231 33 80 28 38 34 80 29 34 35 80 30 34 83 4 
15 15 2 2 32 25 0 0 14 31 34 1 208 41 138 216 144 28 54 29 54 30 54 143 4 
15 15 2 2 48 25 0 31 54 216 144 41 54 42 54 23 54 24 54 39 46 225 215 143 4 
15 15 2 2 64 25 0 30 80 29 16 28 16 216 164 41 138 132 239 13 240 38 106 173 4 
15 15 2 2 80 25 0 192 236 13 240 216 236 13 240 38 182 104 239 13 240 38 162 49 4 
15 15 2 2 96 25 0 5 5 208 38 184 104 239 13 240 111 239 13 240 38 170 5 5 208 124 4 
15 15 2 2 112 25 0 38 176 104 239 13 240 111 239 13 240 38 176 2 208 38 168 120 4 
15 15 2 2 128 25 0 2 208 123 239 13 240 26 106 36 80 31 36 25 110 232 106 22 4 
15 15 2 2 144 25 0 26 34 126 14 25 94 232 106 26 90 41 106 42 106 23 106 166 4 
15 15 2 2 160 25 0 24 106 35 80 30 2 244 207 24 240 243 207 23 240 34 80 40 4 
15 15 2 2 176 25 0 30 2 243 80 42 38 244 80 23 34 0 14 24 34 35 80 72 4 
15 15 2 2 192 25 0 29 2 243 80 42 38 244 80 23 34 0 14 24 34 33 80 59 4 
15 15 2 2 208 25 0 30 2 243 80 41 38 244 80 42 34 0 14 23 34 24 34 80 4 
15 15 2 2 224 25 0 34 80 29 2 243 80 41 38 244 80 42 34 0 14 23 34 9 4 
15 15 2 2 240 25 0 24 34 35 80 28 2 243 80 41 38 244 80 42 34 0 14 248 4 
15 15 2 2 0 26 0 23 34 24 34 33 80 29 2 244 80 41 38 0 14 42 34 242 4 
15 15 2 2 16 26 0 23 34 24 34 34 80 28 2 244 80 41 38 0 14 42 34 226 4 
15 15 2 2 32 26 0 23 34 24 34 132 239 13 240 30 192 42 240 29 192 41 240 241 4 
15 15 2 2 48 26 0 29 80 34 2 244 207 28 240 243 207 27 240 30 80 35 2 242 4 
15 15 2 2 64 26 0 244 207 30 240 243 207 29 240 34 2 243 80 28 38 244 80 21 4 
15 15 2 2 80 26 0 29 34 232 106 30 34 41 80 35 2 243 80 28 38 244 80 90 4 
15 15 2 2 96 26 0 29 34 232 106 30 34 35 174 58 239 13 240 41 80 29 94 198 4 
15 15 2 2 112 26 0 42 80 30 90 42 174 0 12 34 80 29 94 35 80 30 90 196 4 
15 15 2 2 128 26 0 0 12 38 106 192 236 13 240 38 182 75 239 13 240 38 162 66 4 
15 15 2 2 144 26 0 10 208 38 180 3 208 127 14 30 110 25 208 128 14 30 110 175 4 
15 15 2 2 160 26 0 22 208 30 106 20 208 38 176 252 215 135 14 31 96 241 215 107 4 
15 15 2 2 176 26 0 126 14 31 100 246 215 134 14 31 92 5 4 224 216 144 30 50 171 4 
15 15 2 2 192 26 0 31 42 249 215 38 164 3 208 30 108 30 174 234 215 18 0 67 4 
15 15 2 2 208 26 0 127 14 31 110 255 14 30 110 29 110 28 110 18 0 127 14 171 4 
15 15 2 2 224 26 0 38 190 255 14 31 110 2 208 127 14 31 110 128 14 30 110 126 4 
15 15 2 2 240 26 0 29 106 28 106 243 215 38 174 5 4 208 128 14 31 110 30 106 208 4 
15 15 2 2 0 27 0 247 215 31 106 30 106 244 215 24 80 23 16 42 16 41 16 53 4 
15 15 2 2 16 27 0 248 224 26 190 240 215 24 190 12 208 25 80 26 16 235 224 74 4 
15 15 2 2 32 27 0 216 144 41 54 42 54 23 54 24 54 25 6 216 160 26 6 72 4 
15 15 2 2 48 27 0 242 215 26 80 212 225 25 40 210 224 41 174 17 208 127 14 145 4 
15 15 2 2 64 27 0 41 20 2 225 42 160 12 208 42 42 232 106 23 34 24 34 194 4 
15 15 2 2 80 27 0 7 227 216 128 24 50 23 50 42 50 25 42 25 40 191 224 61 4 
15 15 2 2 96 27 0 25 80 201 224 42 192 28 240 23 192 29 240 24 52 30 110 189 4 
15 15 2 2 112 27 0 25 48 31 110 30 50 31 158 38 190 31 142 110 239 13 240 163 4 
15 15 2 2 128 27 0 30 54 31 54 2 227 38 132 38 126 6 225 38 128 31 106 111 4 
15 15 2 2 144 27 0 30 106 29 106 28 106 18 0 31 40 3 224 216 128 30 50 216 4 
15 15 2 2 160 27 0 18 0 216 144 30 50 2 225 38 130 18 0 38 134 18 0 28 4 
15 15 2 2 176 27 0 35 54 36 54 2 227 38 140 38 126 6 225 38 136 36 106 32 4 
15 15 2 2 192 27 0 35 106 34 106 33 106 18 0 36 40 3 224 216 128 35 50 143 4 
15 15 2 2 208 27 0 18 0 216 144 35 50 234 225 38 138 18 0 21 14 175 110 117 4 
15 15 2 2 224 27 0 172 132 157 154 157 152 172 152 172 158 148 142 171 156 171 150 45 4 
15 15 2 2 240 27 0 171 138 171 136 159 154 157 138 2 1 0 105 1 105 148 156 35 4 
15 15 2 2 0 28 0 172 156 172 150 159 152 157 136 172 138 171 142 18 0 21 14 86 4 
15 15 2 2 16 28 0 111 110 108 132 163 154 163 152 108 152 108 158 152 132 107 156 90 4 
15 15 2 2 32 28 0 107 150 107 138 107 136 165 154 163 138 2 1 0 105 1 105 149 4 
15 15 2 2 48 28 0 152 146 108 156 108 150 165 152 163 136 108 138 107 142 18 0 19 4 
15 15 2 2 64 28 0 7 217 230 82 157 154 198 193 223 255 157 138 223 80 229 82 95 4 
15 15 2 2 80 28 0 251 208 254 216 230 82 163 154 210 193 223 255 163 138 223 80 173 4 
15 15 2 2 96 28 0 229 82 242 208 245 216 230 82 1 1 195 81 2 224 0 14 124 4 
15 15 2 2 112 28 0 21 208 196 81 234 106 0 5 15 233 110 1 14 234 34 239 207 227 4 
15 15 2 2 128 28 0 223 255 198 7 196 43 31 14 196 23 157 154 197 81 196 93 80 4 
15 15 2 2 144 28 0 2 225 1 14 195 111 157 138 194 107 223 80 229 82 212 208 206 4 
15 15 2 2 160 28 0 215 216 230 82 1 1 207 81 2 224 0 14 21 208 208 81 65 4 
15 15 2 2 176 28 0 234 106 64 5 15 233 110 1 14 234 34 239 207 223 255 210 7 166 4 
15 15 2 2 192 28 0 208 43 31 14 208 23 163 154 209 81 208 93 2 225 1 14 147 4 
15 15 2 2 208 28 0 207 111 163 138 206 107 223 80 229 82 182 208 185 216 1 1 237 4 
15 15 2 2 224 28 0 201 81 253 225 204 81 234 106 32 5 15 233 110 1 14 234 34 246 4 
15 15 2 2 240 28 0 254 14 219 207 239 255 205 43 204 43 31 14 204 23 157 152 24 4 
15 15 2 2 0 29 0 204 81 203 93 2 225 1 14 201 111 157 136 202 107 156 208 170 4 
15 15 2 2 16 29 0 159 216 1 1 213 81 253 225 216 81 234 106 96 5 15 233 110 5 15 4 
15 15 2 2 32 29 0 1 14 234 34 254 14 219 207 239 255 217 43 216 43 31 14 204 4 
15 15 2 2 48 29 0 216 23 163 152 216 81 215 93 2 225 1 14 213 111 163 136 199 4 
15 15 2 2 64 29 0 214 107 130 208 1 1 194 81 2 224 157 154 18 0 197 81 182 4 
15 15 2 2 80 29 0 234 106 0 5 15 233 110 1 14 234 34 174 207 239 255 171 162 2 4 
15 15 2 2 96 29 0 3 208 171 152 171 136 199 43 171 180 200 43 198 43 197 43 17 4 
15 15 2 2 112 29 0 31 14 197 23 197 81 196 93 2 225 1 14 194 111 195 107 222 4 
15 15 2 2 128 29 0 18 0 1 1 206 81 2 224 163 154 18 0 209 81 234 106 133 4 
15 15 2 2 144 29 0 64 5 15 233 110 1 14 234 34 110 207 239 255 107 162 3 208 131 4 
15 15 2 2 160 29 0 107 152 107 136 211 43 107 180 212 43 210 43 209 43 31 14 7 4 
15 15 2 2 176 29 0 209 23 209 81 208 93 2 225 1 14 206 111 207 107 18 0 125 4 
15 15 2 2 192 29 0 1 1 202 81 2 224 157 152 18 0 203 81 234 106 32 5 15 58 4 
15 15 2 2 208 29 0 233 110 1 14 234 34 239 80 173 110 205 7 203 43 31 14 76 4 
15 15 2 2 224 29 0 203 23 204 81 203 93 2 225 1 14 202 111 201 107 18 0 103 4 
15 15 2 2 240 29 0 1 1 214 81 2 224 163 152 18 0 215 81 234 106 96 5 15 172 4 
15 15 2 2 0 30 0 233 110 1 14 234 34 239 80 109 110 217 7 215 43 31 14 67 4 
15 15 2 2 16 30 0 215 23 216 81 215 93 2 225 1 14 214 111 213 107 18 0 250 4 
15 15 2 2 32 30 0 23 216 1 1 193 81 5 15 224 193 5 5 5 5 225 254 14 219 207 106 4 
15 15 2 2 48 30 0 230 255 84 223 7 208 2 14 193 93 5 5 225 254 14 219 207 245 4 
15 15 2 2 64 30 0 230 255 102 223 229 82 0 208 229 82 231 207 217 255 18 0 150 4 
15 15 2 2 80 30 0 217 207 230 255 225 207 217 255 18 0 158 168 254 215 18 0 58 4 
15 15 2 2 96 30 0 180 216 254 14 219 207 230 255 138 236 10 240 229 82 169 208 55 4 
15 15 2 2 112 30 0 172 216 1 1 225 80 253 5 15 246 111 255 14 218 32 247 111 217 4 
15 15 2 2 128 30 0 1 14 234 106 246 37 233 110 247 81 234 34 163 216 246 193 3 4 
15 15 2 2 144 30 0 233 255 247 193 234 255 158 216 148 208 151 216 1 1 248 107 23 4 
15 15 2 2 160 30 0 26 14 248 93 13 226 253 14 219 207 233 255 219 42 254 14 36 4 
15 15 2 2 176 30 0 219 207 234 255 1 227 219 42 141 216 1 1 248 43 240 215 97 4 
15 15 2 2 192 30 0 128 208 1 1 160 14 246 111 1 14 247 111 1 1 160 81 81 4 
15 15 2 2 208 30 0 1 1 250 111 251 107 252 81 250 25 2 225 253 81 251 25 152 4 
15 15 2 2 224 30 0 22 224 1 1 192 181 14 208 252 193 230 255 138 236 10 240 161 4 
15 15 2 2 240 30 0 229 82 250 193 230 255 138 236 10 240 229 82 13 14 173 110 58 4 
15 15 2 2 0 31 0 172 223 1 1 192 149 250 193 252 241 251 193 253 241 1 1 167 4 
15 15 2 2 16 31 0 252 43 0 14 253 35 253 53 7 226 252 81 255 8 0 14 251 4 
15 15 2 2 32 31 0 253 85 2 226 252 107 253 107 18 0 21 14 230 110 60 14 229 4 
15 15 2 2 48 31 0 230 110 218 236 17 240 229 82 229 82 50 14 230 110 78 236 86 4 
15 15 2 2 64 31 0 18 240 229 82 18 0 65 216 254 14 219 207 249 241 72 208 129 4 
15 15 2 2 80 31 0 60 216 2 14 225 38 5 15 14 230 110 254 14 219 80 127 11 48 4 
15 15 2 2 96 31 0 254 11 253 11 230 110 241 14 230 110 115 236 17 240 229 82 46 4 
15 15 2 2 112 31 0 229 82 229 82 10 14 230 110 94 236 18 240 229 82 108 236 184 4 
15 15 2 2 128 31 0 18 240 7 236 5 4 240 0 9 252 225 12 236 18 240 105 236 63 4 
15 15 2 2 144 31 0 18 240 196 80 45 110 46 110 45 106 195 80 0 1 45 16 24 4 
15 15 2 2 160 31 0 43 110 46 192 44 240 222 110 46 192 221 255 222 207 43 240 188 4 
15 15 2 2 176 31 0 221 207 44 240 43 192 243 255 44 192 244 255 217 207 225 255 33 4 
15 15 2 2 192 31 0 5 15 208 13 14 173 110 73 223 11 208 217 207 230 255 225 207 200 4 
15 15 2 2 208 31 0 217 255 18 0 239 80 230 110 138 236 10 240 229 82 18 0 215 4 
15 15 2 2 224 31 0 229 82 231 207 217 255 18 0 216 207 228 255 224 207 228 255 10 4 
15 15 2 2 240 31 0 228 110 218 207 228 255 226 207 218 255 233 207 228 255 234 207 49 4 
15 15 2 2 0 32 0 228 255 243 207 228 255 244 207 228 255 0 238 43 240 12 14 139 4 
15 15 2 2 16 32 0 232 5 4 3 227 238 207 228 255 251 215 230 82 158 80 32 11 55 4 
15 15 2 2 32 32 0 6 224 157 80 32 11 3 224 162 236 14 240 26 208 164 80 113 4 
15 15 2 2 48 32 0 32 11 6 224 163 80 32 11 3 224 193 236 14 240 17 208 14 4 
15 15 2 2 64 32 0 158 80 16 11 6 224 157 80 16 11 3 224 224 236 14 240 248 4 
15 15 2 2 80 32 0 8 208 164 80 16 11 5 5 224 163 80 16 11 2 224 248 236 236 4 
15 15 2 2 96 32 0 14 240 229 82 0 238 54 240 12 14 232 5 4 3 227 229 207 147 4 
15 15 2 2 112 32 0 237 255 251 215 229 207 244 255 229 207 243 255 229 207 234 255 196 4 
15 15 2 2 128 32 0 229 207 233 255 229 207 218 255 229 80 229 207 224 255 229 207 183 4 
15 15 2 2 144 32 0 216 255 16 0 1 1 127 14 139 111 138 111 137 111 136 111 244 4 
15 15 2 2 160 32 0 135 111 134 111 133 111 132 111 147 111 146 111 145 111 144 111 104 4 
15 15 2 2 176 32 0 143 111 142 111 141 111 140 111 140 146 141 146 140 144 141 144 196 4 
15 15 2 2 192 32 0 140 150 141 150 140 148 141 148 140 154 141 154 140 152 141 152 0 4 
15 15 2 2 208 32 0 140 158 145 144 140 156 141 156 1 1 161 173 34 208 1 1 44 4 
15 15 2 2 224 32 0 192 161 250 215 160 14 230 110 1 14 230 110 57 236 5 5 240 75 4 
15 15 2 2 240 32 0 229 82 229 82 147 193 230 255 146 193 230 255 145 193 230 255 214 4 
15 15 2 2 0 33 0 144 193 230 255 199 236 11 240 229 82 229 82 229 82 229 82 27 4 
15 15 2 2 16 33 0 128 14 230 110 1 14 230 110 82 236 5 5 240 229 82 229 82 229 4 
15 15 2 2 32 33 0 219 215 18 0 18 0 217 207 230 255 229 82 231 207 217 255 147 4 
15 15 2 2 48 33 0 18 0 177 142 177 134 177 156 177 154 177 152 177 146 160 146 205 4 
15 15 2 2 64 33 0 160 144 163 144 163 146 163 148 18 0 217 207 230 255 225 207 125 4 
15 15 2 2 80 33 0 217 255 8 14 225 38 177 144 179 106 178 106 186 106 183 106 215 4 
15 15 2 2 96 33 0 115 106 112 106 254 14 80 216 43 192 222 255 44 192 221 255 0 4 
15 15 2 2 112 33 0 253 14 74 216 2 14 43 192 219 255 3 14 44 192 219 255 146 4 
15 15 2 2 128 33 0 252 14 66 216 5 4 14 43 192 219 255 5 5 14 44 192 219 255 135 4 
15 15 2 2 144 33 0 251 14 58 216 6 14 43 192 219 255 7 14 44 192 219 255 124 4 
15 15 2 2 160 33 0 223 80 187 110 222 207 43 240 221 207 44 240 44 192 43 240 76 4 
15 15 2 2 176 33 0 44 106 43 80 188 110 2 14 219 80 184 110 2 14 219 207 213 4 
15 15 2 2 192 33 0 43 240 3 14 58 216 185 110 5 4 14 219 80 116 110 5 4 14 133 4 
15 15 2 2 208 33 0 219 207 43 240 5 5 14 49 216 117 110 6 14 219 80 113 110 41 4 
15 15 2 2 224 33 0 6 14 219 207 43 240 7 14 40 216 114 110 242 158 9 14 134 4 
15 15 2 2 240 33 0 186 110 183 110 115 110 112 110 177 128 242 142 217 207 225 255 166 4 
15 15 2 2 0 34 0 229 82 231 207 217 255 18 0 219 80 45 110 46 106 127 14 24 4 
15 15 2 2 16 34 0 45 94 0 14 46 90 50 14 29 110 30 106 45 192 34 240 87 4 
15 15 2 2 32 34 0 46 192 35 240 20 236 13 240 27 192 43 240 28 192 44 240 206 4 
15 15 2 2 48 34 0 152 14 43 38 58 14 44 34 18 0 219 207 44 240 44 192 89 4 
15 15 2 2 64 34 0 43 240 44 106 43 80 18 0 30 14 246 110 8 14 247 110 81 4 
15 15 2 2 80 34 0 0 14 248 110 1 1 9 0 245 80 236 111 9 0 245 80 29 4 
15 15 2 2 96 34 0 237 111 3 225 236 103 1 208 61 208 9 0 245 80 231 111 101 4 
15 15 2 2 112 34 0 9 0 245 80 232 111 9 0 245 80 233 111 9 0 9 0 13 4 
15 15 2 2 128 34 0 245 80 233 110 9 0 245 80 234 110 9 0 9 0 9 0 253 4 
15 15 2 2 144 34 0 245 80 234 111 9 0 245 80 235 111 9 0 9 0 246 207 45 4 
15 15 2 2 160 34 0 238 241 247 207 239 241 248 207 240 241 231 193 246 255 232 193 199 4 
15 15 2 2 176 34 0 247 255 233 193 248 255 1 1 234 83 2 225 235 83 7 224 76 4 
15 15 2 2 192 34 0 9 0 245 80 238 110 234 7 248 226 235 7 249 215 238 193 52 4 
15 15 2 2 208 34 0 246 255 239 193 247 255 240 193 248 255 1 1 236 7 0 14 196 4 
15 15 2 2 224 34 0 237 91 191 215 18 0 217 207 230 255 218 207 230 255 225 207 63 4 
15 15 2 2 240 34 0 217 255 226 207 218 255 194 106 193 106 192 106 252 14 219 64 226 4 
15 15 2 2 0 35 0 127 11 60 11 194 110 251 14 219 80 193 110 252 14 219 56 88 4 
15 15 2 2 16 35 0 240 11 48 11 193 18 253 14 219 80 128 11 192 110 253 14 198 4 
15 15 2 2 32 35 0 219 56 5 15 11 7 11 192 18 253 14 219 80 5 4 13 243 80 30 4 
15 15 2 2 48 35 0 56 11 192 18 252 14 219 174 3 208 158 156 157 140 242 140 77 4 
15 15 2 2 64 35 0 194 128 229 82 229 207 218 255 231 207 217 255 18 0 217 207 75 4 
15 15 2 2 80 35 0 230 255 218 207 230 255 225 207 217 255 226 207 218 255 63 14 183 4 
15 15 2 2 96 35 0 199 22 198 106 253 14 219 80 198 18 251 14 219 80 199 18 81 4 
15 15 2 2 112 35 0 252 14 219 80 3 10 9 224 1 10 5 4 224 2 10 6 225 92 4 
15 15 2 2 128 35 0 199 140 5 4 208 199 140 198 136 1 208 198 136 253 14 219 80 60 4 
15 15 2 2 144 35 0 5 5 10 3 224 1 10 5 4 225 151 142 148 134 199 158 1 208 242 4 
15 15 2 2 160 35 0 148 150 148 154 148 136 198 138 229 82 229 207 218 255 231 207 251 4 
15 15 2 2 176 35 0 217 255 18 0 217 207 230 255 218 207 230 255 225 207 217 255 156 4 
15 15 2 2 192 35 0 226 207 218 255 172 106 171 106 253 14 219 176 172 136 219 162 29 4 
15 15 2 2 208 35 0 2 208 172 140 171 140 219 180 172 142 219 166 2 208 171 136 121 4 
15 15 2 2 224 35 0 1 208 171 138 219 168 2 208 172 132 1 208 172 148 219 172 214 4 
15 15 2 2 240 35 0 2 208 157 138 1 208 157 154 219 174 2 208 157 136 1 208 151 4 
15 15 2 2 0 36 0 157 152 252 14 219 80 175 110 172 138 171 142 229 82 229 207 247 4 
15 15 2 2 16 36 0 218 255 231 207 217 255 18 0 217 207 230 255 218 207 230 255 52 4 
15 15 2 2 32 36 0 225 207 217 255 226 207 218 255 230 82 230 82 195 80 223 110 214 4 
15 15 2 2 48 36 0 1 14 196 207 219 255 222 207 43 240 221 207 44 240 43 192 177 4 
15 15 2 2 64 36 0 243 255 44 192 244 255 229 82 229 82 229 82 229 207 218 255 149 4 
15 15 2 2 80 36 0 231 207 217 255 18 0 144 236 5 4 240 10 236 8 240 1 1 136 4 
15 15 2 2 96 36 0 192 145 1 1 192 161 7 208 76 236 8 240 1 1 161 173 109 4 
15 15 2 2 112 36 0 2 208 74 236 16 240 146 236 16 240 243 215 30 238 0 240 28 4 
15 15 2 2 128 36 0 46 238 0 240 248 106 38 156 166 142 166 156 120 236 10 240 84 4 
15 15 2 2 144 36 0 36 236 17 240 43 236 18 240 249 215 18 0 255 14 227 80 252 4 
15 15 2 2 160 36 0 55 110 72 14 1 208 76 14 231 110 231 46 254 215 231 106 130 4 
15 15 2 2 176 36 0 231 46 254 215 55 46 247 215 0 0 18 0 255 14 227 80 185 4 
15 15 2 2 192 36 0 232 78 18 0 0 0 0 208 0 208 0 208 232 46 250 215 121 4 
15 15 2 2 208 36 0 18 0 194 144 157 156 18 0 194 130 18 0 0 0 0 0 3 4 
15 15 2 2 224 36 0 0 0 0 1 0 0 0 0 0 0 1 0 0 0 0 1 245 4 
15 15 2 2 240 36 0 0 0 0 0 0 0 1 0 0 0 0 0 0 0 255 255 233 4 
15 15 8 64 184 4 
