DoneServo: 132, Ang
le: -3
Servo: 132, Angle: -3

Servo: 132, Angle: -3
Servo: 132, Angle: -3

Servo: 132, Angle: -3
Servo: 
132, Angle: -3
Servo: 132, Angle: -3

Servo: 132, Angle: -3
Servo: 132, Angle: -3

Servo: 132, Angle: -3

Servo: 132, Angle: -3
Servo: 132, Angle: -3

Servo: 132, Angle: -3
Servo: 
132, Angle: -3
Servo: 132, Angle: -3

Servo: 132, Angle: -3
Servo: 132, Angle: -3

Servo: 132, Angle: -3

Servo: 132, Angle: -3
Servo: 132, Angle: -3

Servo: 132, Angle: -3
Servo: 
132, Angle: -3
Servo: 132, Angle: -3

Servo: 132, Angle: -3
Servo: 132, Angle: -3

Servo: 132, Angle: -3

Servo: 132, Angle: -3
Servo: 132, Angle: -3

Servo: 132, Angle: -3
Servo: 
132, Angle: -3
Servo: 132, Angle: -3

Servo: 132, Angle: -3
Servo: 132, Angle: -3

Servo: 132, Angle: -3

Servo: 132, Angle: -3
Servo: 132, Angle: -3

Servo: 132, Angle: -3
Servo: 132, Ang
le: -3
Servo: 132, Angle: -3

Servo: 132, Angle: -3
Servo: 132, Angle: -3

Servo: 132, Angle: -3

Servo: 132, Angle: -3
Servo: 132, Angle: -3

Servo: 132, Angle: -3
Servo: 132, Ang
le: -3
Servo: 132, Angle: -3

Servo: 132, Angle: -3
Servo: 132, Angle: -3

Servo: 132, Angle: -3

Servo: 132, Angle: -3
Servo: 132, Angle: -3

Servo: 132, Angle: -3
Servo: 132, Ang
le: -3
Servo: 132, Angle: -3

Servo: 132, Angle: -3
Servo: 132, Angle: -3

Servo: 132, Angle: -3

Servo: 132, Angle: -3
Servo: 132, Angle: -3

Servo: 132, Angle: -3
Servo: 132, Ang
le: -3
Servo: 132, Angle: -3

Servo: 132, Angle: -3
Servo: 132, Angle: -3

Servo: 132, Angle: -3

Servo: 132, Angle: -3
Servo: 132, Angle: -3

Servo: 132, Angle: -3
Servo: 132, Ang
le: -3
Servo: 132, Angle: -3

Servo: 132, Angle: -3
Servo: 132, Angle: -3

Servo: 132, Angle: -3

Servo: 132, Angle: -3
Servo: 132, Angle: -3

Servo: 132, Angle: -3
Servo: 132, Ang
le: -3
Servo: 132, Angle: -3

Servo: 132, Angle: -3
Servo: 132, Angle: -3

Servo: 132, Angle: -3

Servo: 132, Angle: -3
Servo: 132, Angle: -3

Servo: 132, Angle: -3
Servo: 132, Angle: -3

Servo: 132, Angle: -3

Servo: 132, Angle: -3
Servo: 132, Angle: -3

Servo: 132, Angle: -3

Servo: 132, Angle: -3
Servo: 132, Angle: -3

Servo: 132, Angle: -3
Servo: 132, Angle: -3

Servo: 132, Angle: -3

Servo: 132, Angle: -3
Servo: 132, Angle: -3

Servo: 132, Angle: -3

Servo: 132, Angle: -3
Servo: 132, Angle: -3

Servo: 132, Angle: -3
Servo: 132, Angle: -3

Servo: 132, Angle: -3

Servo: 132, Angle: -3
Servo: 132, Angle: -3

Servo: 132, Angle: -3

Servo: 132, Angle: -3
Servo: 132, Angle: -3

Servo: 132, Angle: -3
Servo: 132, Angle: -3

Servo: 132, Angle: -3

Servo: 132, Angle: -3
Servo: 132, Angle: -3

Servo: 132, Angle: -3

Servo: 132, Angle: -3
Servo: 132, Angle: -3

Servo: 132, Angle: -3
Servo: 132, Angle: -3

Servo: 132, Angle: -3

Servo: 132, Angle: -3
Servo: 132, Angle: -3

Servo: 132, Angle: -3

Servo: 132, Angle: -3
Servo: 132, Angle: -3

Servo: 132, Angle: -3
Servo: 132, Angle: -3

Servo: 132, Angle: -3

Servo: 132, Angle: -3
Servo: 132, Angle: -3

Servo: 132, Angle: -3
Servo: 
132, Angle: -3
Servo: 132, Angle: -3

Servo: 132, Angle: -3
Servo: 132, Angle: -3

Servo: 132, Angle: -3

Servo: 132, Angle: -3
Servo: 132, Angle: -3

Servo: 132, Angle: -3
Servo: 
132, Angle: -3
Servo: 132, Angle: -3

Servo: 132, Angle: -3
Servo: 132, Angle: -3

Servo: 132, Angle: -3

Servo: 132, Angle: -3
Servo: 132, Angle: -3

Servo: 132, Angle: -3
Servo: 
132, Angle: -3
Servo: 132, Angle: -3

Servo: 132, Angle: -3
Servo: 132, Angle: -3

Servo: 132, Angle: -3

Servo: 132, Angle: -3
Servo: 132, Angle: -3

Servo: 132, Angle: -3
Servo: 
132, Angle: -3
Servo: 132, Angle: -3

Servo: 132, Angle: -3
Servo: 132, Angle: -3

Servo: 132, Angle: -3

Servo: 132, Angle: -3
Servo: 132, Angle: -3

Servo: 132, Angle: -3
Servo: 
132, Angle: -3
Servo: 132, Angle: -3

Servo: 132, Angle: -3
Servo: 132, Angle: -3

Servo: 132, Angle: -3

Servo: 132, Angle: -3
Servo: 132, Angle: -3

Servo: 132, Angle: -3
Servo: 
132, Angle: -3
Servo: 132, Angle: -3

Servo: 132, Angle: -3
Servo: 132, Angle: -3

Servo: 132, Angle: -3

Servo: 132, Angle: -3
Servo: 132, Angle: -3

Servo: 132, Angle: -3
Servo: 132, Ang
le: -3
Servo: 132, Angle: -3

Servo: 132, Angle: -3
Servo: 132, Angle: -3

Servo: 132, Angle: -3

10: 28161 start
10: 28161 returned RUN
-22272: 1 returned RUN

266: 28161 returned RUN
-1: 
-512 returned RUN
0: 1 returned RUN

18059: -15871 returned RUN
0: 1 returned RUN

0: 1 returned RUN

-1: -512 returned RUN
0: 1 returned RUN

0: 1 returned RUN
0: 1 retu
rned RUN
-1: -512 returned RUN

-19968: 1 returned RUN
10: 28161 returned RUN

18186: 28161 returned RUN

0: 1 returned RUN
20: -16127 returned RUN

130: 12033 returned RUN
58: 
23553 returned RUN
18186: 28161 returned RUN

-30383: -19455 returned RUN
-30383: -19455 returned 
RUN
17: 12033 returned RUN

-25078: 28161 returned RUN
18186: 28161 returned RUN

120: 7937 returned RUN
0: 1 ret
urned RUN
0: 1 returned RUN

11152: 1281 returned RUN
10: 28161 returned RUN

10: 28161 returned RUN

9253: -4351 returned RUN
0: 0 returned RUN

0: 1 returned RUN
26783: 
7425 returned RUN
22301: 11777 returned RUN

0: -23039 returned RUN
0: 1 returned RUN

19857: 18177 returned RUN

9631: 7425 returned RUN
0: 1 returned RUN

0: 1 returned RUN

11264: 1 returned RUN
10: 28161 returned RUN

-16004: -31231 returned RUN
-24832: 1 returned RUN

0: 1 returned RUN

0: 1 returned RUN
9873: 18177 returned RUN

29696: 1 returned RUN
0: 1 returne
d RUN
0: 1 returned RUN

0: 1 returned RUN
29: 11777 returned RUN

0: 1 returned RUN

Servo: 127, Angle: -5
Servo: 127, Angle: -5

Servo: 127, Angle: -5
Servo: 127, Angle: -5

Servo: 127, Angle: -5

Servo: 127, Angle: -5
Servo: 127, Angle: -5

Servo: 127, Angle: -5

Servo: 127, Angle: -5
Servo: 127, Angle: -5

Servo: 127, Angle: -5
Servo: 127, Angle: -5

Servo: 127, Angle: -5

Servo: 127, Angle: -5
Servo: 127, Angle: -5

Servo: 127, Angle: -5

Servo: 127, Angle: -5
Servo: 127, Angle: -5

Servo: 127, Angle: -5
Servo: 127, Angle: -5

Servo: 127, Angle: -5

Servo: 127, Angle: -5
Servo: 127, Angle: -5

Servo: 127, Angle: -5

Servo: 127, Angle: -5
Servo: 127, Angle: -5

