15 15 0 2 254 4 
15 15 1 2 254 255 63 193 4 
15 15 9 224 0 8 0 0 5 15 4 
15 15 9 224 0 64 0 0 215 4 
15 15 2 2 0 8 0 44 239 40 240 18 0 254 255 99 239 10 240 18 0 194 80 66 4 
15 15 2 2 16 8 0 2 11 1 224 1 14 18 0 36 239 28 240 18 0 11 0 153 4 
15 15 2 2 32 8 0 93 73 0 0 255 2 0 0 1 0 0 0 48 81 0 0 171 4 
15 15 2 2 48 8 0 108 3 0 0 5 4 0 0 0 43 81 0 0 95 3 0 0 115 4 
15 15 2 2 64 8 0 5 5 0 0 0 38 81 0 0 90 3 0 0 5 5 0 0 0 214 4 
15 15 2 2 80 8 0 34 81 0 0 104 3 0 0 5 4 0 0 0 18 81 0 0 95 4 
15 15 2 2 96 8 0 20 3 0 0 16 0 0 0 11 81 0 0 72 3 0 0 198 4 
15 15 2 2 112 8 0 7 0 0 0 242 80 0 0 224 1 0 0 25 0 0 0 65 4 
15 15 2 2 128 8 0 6 8 0 0 112 3 0 0 2 0 0 0 235 80 0 0 182 4 
15 15 2 2 144 8 0 249 1 0 0 7 0 0 0 230 80 0 0 85 3 0 0 213 4 
15 15 2 2 160 8 0 5 5 0 0 0 142 236 9 240 251 14 219 207 243 255 219 6 86 4 
15 15 2 2 176 8 0 243 80 0 9 10 224 220 236 9 240 250 14 71 236 10 240 24 4 
15 15 2 2 192 8 0 243 225 44 28 241 225 1 14 1 208 0 14 189 239 9 240 179 4 
15 15 2 2 208 8 0 142 236 9 240 59 14 225 36 2 227 225 104 230 82 225 110 174 4 
15 15 2 2 224 8 0 1 14 219 106 2 14 219 106 249 14 219 207 246 255 250 14 189 4 
15 15 2 2 240 8 0 219 207 247 255 251 14 219 207 248 255 8 0 245 80 223 110 32 4 
15 15 2 2 0 9 0 223 80 2 225 227 239 8 240 37 14 223 92 2 224 214 239 2 4 
15 15 2 2 16 9 0 8 240 3 14 219 106 5 4 14 219 106 5 5 14 219 106 6 14 210 4 
15 15 2 2 32 9 0 219 106 7 14 219 106 246 236 8 240 45 14 223 92 12 224 248 4 
15 15 2 2 48 9 0 43 14 223 92 9 224 32 14 223 92 6 224 35 14 223 92 171 4 
15 15 2 2 64 9 0 3 224 48 14 223 92 26 225 223 80 48 10 20 224 19 10 226 4 
15 15 2 2 80 9 0 5 15 224 3 10 10 224 11 10 5 5 224 6 10 228 225 3 14 221 4 
15 15 2 2 96 9 0 219 128 225 215 3 14 219 130 222 215 3 14 219 132 219 215 59 4 
15 15 2 2 112 9 0 3 14 219 134 216 215 3 14 219 136 213 215 42 14 223 92 207 4 
15 15 2 2 128 9 0 27 225 242 236 8 240 64 236 9 240 16 224 3 14 219 128 32 4 
15 15 2 2 144 9 0 29 104 30 104 19 14 219 207 34 240 20 14 219 207 35 240 156 4 
15 15 2 2 160 9 0 36 236 22 240 5 4 14 27 192 219 255 3 208 19 14 41 236 109 4 
15 15 2 2 176 9 0 9 240 246 236 8 240 11 208 9 14 219 106 151 236 9 240 189 4 
15 15 2 2 192 9 0 3 224 11 236 10 240 250 215 9 14 41 236 9 240 3 14 88 4 
15 15 2 2 208 9 0 219 176 219 152 46 14 223 92 27 225 246 236 8 240 42 14 160 4 
15 15 2 2 224 9 0 223 92 11 225 242 236 8 240 64 236 9 240 3 225 19 14 236 4 
15 15 2 2 240 9 0 123 236 9 240 246 236 8 240 11 208 9 14 219 106 151 236 5 15 4 
15 15 2 2 0 10 0 9 240 3 224 11 236 10 240 250 215 9 14 123 236 9 240 221 4 
15 15 2 2 16 10 0 104 14 223 92 7 225 246 236 8 240 104 14 223 92 29 225 192 4 
15 15 2 2 32 10 0 3 14 24 208 116 14 223 92 23 224 122 14 223 92 20 224 110 4 
15 15 2 2 48 10 0 72 14 223 92 6 224 84 14 223 92 3 224 90 14 223 92 40 4 
15 15 2 2 64 10 0 2 225 2 14 7 208 108 14 223 92 3 224 106 14 223 92 157 4 
15 15 2 2 80 10 0 5 4 225 1 14 206 236 9 240 201 219 223 80 110 10 1 225 206 4 
15 15 2 2 96 10 0 129 211 30 10 1 225 146 209 32 10 1 225 143 209 63 10 28 4 
15 15 2 2 112 10 0 1 225 73 209 26 10 1 225 70 209 13 10 1 225 67 209 92 4 
15 15 2 2 128 10 0 32 10 1 225 64 209 58 10 1 225 61 209 32 10 1 225 21 4 
15 15 2 2 144 10 0 58 209 38 10 1 225 53 209 13 10 1 225 50 209 26 10 31 4 
15 15 2 2 160 10 0 1 225 217 208 32 10 74 224 48 10 31 224 70 10 14 224 252 4 
15 15 2 2 176 10 0 37 10 1 224 133 211 217 80 249 5 15 233 110 255 14 218 32 75 4 
15 15 2 2 192 10 0 234 110 1 14 238 94 0 14 238 90 238 90 220 236 9 240 32 4 
15 15 2 2 208 10 0 37 14 230 110 149 219 3 225 44 28 1 225 107 211 216 236 27 4 
15 15 2 2 224 10 0 9 240 1 226 109 211 219 42 107 211 8 14 219 106 5 4 14 70 4 
15 15 2 2 240 10 0 219 80 1 8 6 226 5 4 14 219 5 4 160 236 9 240 219 80 69 4 
15 15 2 2 0 11 0 139 219 8 14 219 80 9 224 3 14 219 80 1 11 5 5 225 51 4 
15 15 2 2 16 11 0 114 219 1 224 79 211 8 14 219 106 100 219 239 207 223 255 91 4 
15 15 2 2 32 11 0 80 236 10 240 3 225 44 28 1 225 68 211 216 236 9 240 185 4 
15 15 2 2 48 11 0 1 227 219 42 96 219 1 225 67 211 60 211 7 14 219 80 86 4 
15 15 2 2 64 11 0 2 8 5 15 225 28 236 10 240 3 14 227 236 9 240 14 14 192 4 
15 15 2 2 80 11 0 238 207 219 255 5 15 14 238 207 219 255 16 14 238 207 219 255 161 4 
15 15 2 2 96 11 0 32 208 247 14 219 207 46 240 248 14 219 207 47 240 2 14 245 4 
15 15 2 2 112 11 0 46 94 0 14 47 90 247 14 46 192 219 255 248 14 47 192 156 4 
15 15 2 2 128 11 0 219 255 46 192 233 255 47 192 234 255 211 236 9 240 45 106 154 4 
15 15 2 2 144 11 0 14 14 43 192 219 255 5 15 14 44 192 219 255 16 14 45 192 146 4 
15 15 2 2 160 11 0 219 255 14 14 219 207 230 255 5 15 14 219 207 230 255 16 14 2 4 
15 15 2 2 176 11 0 219 207 230 255 36 236 39 240 229 82 229 82 229 82 19 14 197 4 
15 15 2 2 192 11 0 28 192 219 255 20 14 29 192 219 255 6 14 219 80 5 5 224 126 4 
15 15 2 2 208 11 0 19 14 23 236 10 240 1 226 106 219 59 236 10 240 2 226 214 4 
15 15 2 2 224 11 0 19 14 55 219 254 236 9 240 6 224 5 4 14 23 236 10 240 6 4 
15 15 2 2 240 11 0 2 226 5 5 14 46 219 3 14 219 176 5 5 208 252 218 1 224 217 4 
15 15 2 2 0 12 0 217 210 8 14 219 106 9 14 219 106 14 14 219 207 246 255 211 4 
15 15 2 2 16 12 0 5 15 14 219 207 247 255 16 14 219 207 248 255 8 0 245 80 23 4 
15 15 2 2 32 12 0 223 110 223 80 20 224 65 236 10 240 17 226 80 236 10 240 16 4 
15 15 2 2 48 12 0 3 225 44 28 1 225 190 210 187 219 1 227 219 42 9 14 140 4 
15 15 2 2 64 12 0 219 42 217 80 14 5 15 233 110 0 14 203 219 231 215 211 218 239 4 
15 15 2 2 80 12 0 1 225 182 210 175 210 198 218 17 14 238 207 219 255 18 14 63 4 
15 15 2 2 96 12 0 237 207 219 255 17 14 219 207 230 255 18 14 219 207 230 255 157 4 
15 15 2 2 112 12 0 22 236 39 240 229 82 229 82 19 14 243 207 219 255 20 14 26 4 
15 15 2 2 128 12 0 244 207 219 255 6 14 219 80 5 4 224 19 14 208 219 1 226 1 4 
15 15 2 2 144 12 0 14 219 59 236 10 240 2 226 19 14 219 218 175 219 5 5 224 45 4 
15 15 2 2 160 12 0 5 4 14 197 219 2 226 5 5 14 212 218 3 14 219 176 5 5 208 136 4 
15 15 2 2 176 12 0 162 218 1 224 127 210 8 14 219 106 9 14 219 106 17 14 188 4 
15 15 2 2 192 12 0 219 207 233 255 18 14 219 207 234 255 239 207 223 255 223 80 32 4 
15 15 2 2 208 12 0 20 224 215 219 18 226 228 219 3 225 44 28 1 225 106 210 125 4 
15 15 2 2 224 12 0 103 219 1 227 219 42 9 14 219 42 17 14 219 42 219 207 251 4 
15 15 2 2 240 12 0 233 255 18 14 232 227 219 42 230 215 125 218 1 225 96 210 0 4 
15 15 2 2 0 13 0 89 210 3 14 219 142 7 14 219 5 4 16 225 149 219 5 4 14 227 4 
15 15 2 2 16 13 0 90 219 10 14 238 207 219 255 11 14 238 207 219 255 12 14 49 4 
15 15 2 2 32 13 0 238 207 219 255 13 14 238 207 219 255 108 208 7 14 219 80 10 4 
15 15 2 2 48 13 0 3 8 44 225 3 14 219 174 13 208 178 218 2 14 118 218 68 4 
15 15 2 2 64 13 0 239 207 43 240 44 106 45 106 46 106 43 174 57 208 44 104 155 4 
15 15 2 2 80 13 0 45 104 53 208 247 14 219 207 44 240 248 14 219 207 45 240 109 4 
15 15 2 2 96 13 0 2 14 44 94 0 14 45 90 247 14 44 192 219 255 248 14 143 4 
15 15 2 2 112 13 0 45 192 219 255 44 192 233 255 45 192 234 255 239 207 43 240 53 4 
15 15 2 2 128 13 0 10 14 43 192 219 255 11 14 219 106 56 208 7 14 219 80 236 4 
15 15 2 2 144 13 0 2 8 9 225 3 14 219 174 5 4 208 89 219 45 174 16 208 14 4 
15 15 2 2 160 13 0 14 208 85 219 13 208 3 14 219 174 18 208 121 218 2 14 133 4 
15 15 2 2 176 13 0 61 218 249 218 45 106 46 106 44 174 2 208 45 104 46 104 79 4 
15 15 2 2 192 13 0 226 218 12 14 45 192 219 255 13 14 46 192 219 255 26 208 197 4 
15 15 2 2 208 13 0 247 14 219 207 45 240 248 14 219 207 46 240 2 14 45 94 234 4 
15 15 2 2 224 13 0 0 14 46 90 247 14 45 192 219 255 248 14 46 192 219 255 223 4 
15 15 2 2 240 13 0 45 192 233 255 46 192 234 255 214 218 197 218 12 14 219 106 165 4 
15 15 2 2 0 14 0 13 14 219 106 6 14 219 80 5 5 225 1 14 243 110 5 5 14 230 4 
15 15 2 2 16 14 0 243 207 219 255 21 14 219 106 22 14 219 106 217 80 55 5 15 2 4 
15 15 2 2 32 14 0 43 110 0 14 218 32 44 110 57 14 43 192 219 255 58 14 63 4 
15 15 2 2 48 14 0 44 192 219 255 56 14 219 106 8 14 219 106 10 14 174 218 114 4 
15 15 2 2 64 14 0 223 80 120 10 18 224 32 10 16 224 40 10 12 224 32 10 169 4 
15 15 2 2 80 14 0 10 224 63 10 6 224 13 10 2 224 32 10 8 225 2 14 105 4 
15 15 2 2 96 14 0 5 5 208 8 14 3 208 8 14 223 38 16 14 151 218 3 14 21 4 
15 15 2 2 112 14 0 219 190 2 208 219 146 219 148 219 80 128 11 38 224 138 218 23 4 
15 15 2 2 128 14 0 3 14 235 80 0 10 232 174 2 208 216 144 8 208 0 14 98 4 
15 15 2 2 144 14 0 238 92 0 14 238 88 0 14 238 88 0 14 238 88 21 226 33 4 
15 15 2 2 160 14 0 17 218 32 104 33 104 34 104 35 104 170 236 38 240 10 14 121 4 
15 15 2 2 176 14 0 23 192 219 255 11 14 24 192 219 255 12 14 25 192 219 255 245 4 
15 15 2 2 192 14 0 13 14 26 192 219 255 45 14 8 208 3 14 219 162 2 208 236 4 
15 15 2 2 208 14 0 43 14 3 208 219 164 8 208 32 14 243 110 23 14 243 207 69 4 
15 15 2 2 224 14 0 219 255 21 14 219 42 2 208 23 14 219 106 5 5 14 219 80 146 4 
15 15 2 2 240 14 0 3 225 181 217 1 225 137 208 202 14 43 110 80 14 44 110 232 4 
15 15 2 2 0 5 15 0 0 14 45 110 7 14 219 207 46 240 47 106 48 106 49 106 153 4 
15 15 2 2 16 5 15 0 46 192 32 240 47 192 33 240 48 192 34 240 49 192 35 240 217 4 
15 15 2 2 32 5 15 0 209 217 174 236 39 240 43 80 23 36 243 110 44 80 24 32 167 4 
15 15 2 2 48 5 15 0 244 110 45 80 25 32 248 110 244 207 247 255 243 207 246 255 207 4 
15 15 2 2 64 5 15 0 8 0 9 14 245 207 219 255 88 14 223 92 5 15 225 97 14 240 4 
15 15 2 2 80 5 15 0 243 110 9 14 121 217 10 227 32 14 43 110 9 14 219 207 94 4 
15 15 2 2 96 5 15 0 231 255 43 80 231 94 9 14 231 207 219 255 7 14 219 207 129 4 
15 15 2 2 112 5 15 0 43 240 44 106 45 106 46 106 13 218 43 192 32 240 44 192 207 4 
15 15 2 2 128 5 15 0 33 240 45 192 34 240 46 192 35 240 238 207 27 240 238 207 215 4 
15 15 2 2 144 5 15 0 28 240 238 207 29 240 239 207 30 240 174 236 39 240 30 192 44 4 
15 15 2 2 160 5 15 0 237 255 29 192 237 255 28 192 237 255 27 192 239 255 57 14 192 4 
15 15 2 2 176 5 15 0 219 207 233 255 219 6 58 14 219 207 234 255 1 226 219 6 43 4 
15 15 2 2 192 5 15 0 9 14 219 207 239 255 21 14 219 42 73 217 149 225 3 14 173 4 
15 15 2 2 208 5 15 0 219 166 29 208 111 14 223 92 6 225 191 217 24 227 21 14 90 4 
15 15 2 2 224 5 15 0 219 40 89 218 20 208 120 14 223 92 9 224 88 14 223 92 168 4 
15 15 2 2 240 5 15 0 6 224 98 14 223 92 3 224 66 14 223 92 8 225 2 14 5 5 4 
15 15 2 2 0 16 0 243 110 22 14 243 207 219 255 2 208 21 14 219 106 3 14 128 4 
15 15 2 2 16 16 0 219 80 16 11 14 224 5 4 14 219 207 43 240 5 5 14 219 80 147 4 
15 15 2 2 32 16 0 216 128 43 84 6 226 6 14 219 80 3 225 5 4 14 219 80 173 4 
15 15 2 2 48 16 0 50 218 147 217 10 226 5 5 14 219 207 231 255 21 14 219 80 103 4 
15 15 2 2 64 16 0 231 94 5 5 14 231 207 219 255 2 208 5 5 14 219 106 5 4 14 136 4 
15 15 2 2 80 16 0 219 207 43 240 22 14 67 217 216 128 43 84 20 226 22 14 166 4 
15 15 2 2 96 16 0 219 207 230 255 21 14 219 207 230 255 5 4 14 219 207 230 255 170 4 
15 15 2 2 112 16 0 5 5 14 219 80 229 82 231 92 229 82 216 128 231 84 229 82 195 4 
15 15 2 2 128 16 0 216 128 231 84 93 217 3 14 219 80 1 11 11 225 8 14 89 4 
15 15 2 2 144 16 0 219 80 8 224 176 216 1 224 141 208 8 14 219 80 188 216 174 4 
15 15 2 2 160 16 0 8 14 219 106 23 14 219 80 7 224 134 217 23 14 239 217 110 4 
15 15 2 2 176 16 0 3 225 44 28 1 225 126 208 22 14 219 80 22 224 124 217 70 4 
15 15 2 2 192 16 0 48 14 230 110 157 216 2 225 44 28 116 224 117 217 223 207 170 4 
15 15 2 2 208 16 0 230 255 104 236 38 240 229 82 229 82 229 82 244 207 44 240 73 4 
15 15 2 2 224 16 0 0 1 243 28 2 225 44 28 101 224 5 5 14 219 207 43 240 180 4 
15 15 2 2 240 16 0 22 14 219 80 216 128 43 84 9 226 5 5 14 219 207 231 255 72 4 
15 15 2 2 0 17 0 22 14 219 80 231 94 5 5 14 231 207 219 255 48 14 230 110 34 4 
15 15 2 2 16 17 0 5 5 14 201 217 79 225 57 14 219 42 219 207 233 255 58 14 208 4 
15 15 2 2 32 17 0 1 227 219 42 219 207 234 255 9 14 239 207 219 255 219 80 117 4 
15 15 2 2 48 17 0 14 224 66 217 9 14 171 217 2 225 44 28 59 224 57 14 138 4 
15 15 2 2 64 17 0 219 42 219 207 233 255 58 14 237 227 219 42 235 215 83 216 10 4 
15 15 2 2 80 17 0 49 225 22 14 219 207 230 255 8 14 193 216 229 82 231 36 229 4 
15 15 2 2 96 17 0 91 216 46 208 7 14 219 80 3 10 28 224 1 10 20 224 18 4 
15 15 2 2 112 17 0 3 10 7 224 121 217 219 207 238 255 2 14 219 207 237 255 248 4 
15 15 2 2 128 17 0 31 208 243 216 48 106 46 174 2 208 47 104 48 104 42 216 56 4 
15 15 2 2 144 17 0 186 216 48 192 238 255 20 208 232 216 46 190 47 104 34 216 203 4 
15 15 2 2 160 17 0 178 216 14 208 97 217 219 207 239 255 10 208 121 217 5 5 225 255 4 
15 15 2 2 176 17 0 44 28 3 225 243 104 244 104 16 208 250 216 1 227 219 42 189 4 
15 15 2 2 192 17 0 119 217 125 239 5 4 240 1 14 219 207 43 240 2 14 219 207 237 4 
15 15 2 2 208 17 0 44 240 43 192 243 255 44 192 244 255 217 207 225 255 218 207 18 4 
15 15 2 2 224 17 0 226 255 203 208 41 217 2 14 227 239 9 240 97 217 8 0 112 4 
15 15 2 2 240 17 0 245 80 223 110 18 0 32 14 230 110 8 14 83 239 10 240 131 4 
15 15 2 2 0 18 0 104 236 38 240 229 82 229 82 229 82 243 207 43 240 244 207 59 4 
15 15 2 2 16 18 0 44 240 0 1 243 28 18 0 43 110 44 106 217 80 1 5 15 52 4 
15 15 2 2 32 18 0 77 217 43 80 238 38 44 80 237 34 18 0 47 94 0 14 221 4 
15 15 2 2 48 18 0 48 90 247 14 47 192 219 255 248 14 48 192 219 255 47 192 163 4 
15 15 2 2 64 18 0 233 255 48 192 234 255 18 0 219 207 244 255 243 80 244 92 167 4 
15 15 2 2 80 18 0 18 0 219 80 231 110 5 4 14 231 207 219 255 18 0 10 14 60 4 
15 15 2 2 96 18 0 219 207 43 240 11 14 219 207 44 240 12 14 219 207 45 240 5 5 4 
15 15 2 2 112 18 0 13 14 219 207 46 240 43 80 44 16 45 16 46 16 18 0 83 4 
15 15 2 2 128 18 0 19 14 238 207 219 255 20 14 237 207 219 255 19 14 219 207 47 4 
15 15 2 2 144 18 0 43 240 20 14 219 207 44 240 0 1 128 14 44 20 18 0 118 4 
15 15 2 2 160 18 0 247 14 219 207 47 240 248 14 219 207 48 240 18 0 5 5 14 135 4 
15 15 2 2 176 18 0 219 80 230 110 217 80 19 5 15 1 217 229 82 231 80 238 110 204 4 
15 15 2 2 192 18 0 237 106 18 0 10 14 219 207 27 240 11 14 219 207 28 240 37 4 
15 15 2 2 208 18 0 12 14 219 207 29 240 13 14 219 207 30 240 18 0 219 207 186 4 
15 15 2 2 224 18 0 230 255 21 14 219 207 230 255 5 5 14 219 80 229 82 231 36 243 4 
15 15 2 2 240 18 0 229 82 231 36 18 0 219 80 206 216 1 14 243 110 6 14 81 4 
15 15 2 2 0 19 0 243 207 219 255 18 0 238 80 239 207 234 255 233 110 45 192 18 4 
15 15 2 2 16 19 0 238 255 46 192 238 255 47 192 238 255 18 0 217 207 230 255 150 4 
15 15 2 2 32 19 0 218 207 230 255 225 207 217 255 226 207 218 255 18 0 223 207 105 4 
15 15 2 2 48 19 0 230 255 230 106 26 236 40 240 229 82 229 82 243 80 18 0 163 4 
15 15 2 2 64 19 0 231 110 8 14 231 207 219 255 18 0 238 207 43 240 238 207 7 4 
15 15 2 2 80 19 0 44 240 239 207 45 240 46 106 18 0 5 5 14 219 207 43 240 32 4 
15 15 2 2 96 19 0 21 14 219 80 216 128 43 84 18 0 1 14 219 207 45 240 124 4 
15 15 2 2 112 19 0 2 14 219 207 46 240 47 106 18 0 229 82 229 207 218 255 50 4 
15 15 2 2 128 19 0 231 207 217 255 18 0 10 14 43 192 219 255 11 14 44 192 231 4 
15 15 2 2 144 19 0 219 255 18 0 217 80 10 5 15 94 239 10 240 243 110 7 14 110 4 
15 15 2 2 160 19 0 243 207 219 255 18 0 238 207 43 240 239 207 44 240 18 0 215 4 
15 15 2 2 176 19 0 1 14 219 42 2 14 18 0 252 14 219 207 230 255 253 14 95 4 
15 15 2 2 192 19 0 219 207 230 255 18 0 43 94 0 14 44 90 247 14 43 192 123 4 
15 15 2 2 208 19 0 219 255 248 14 44 192 219 255 43 192 233 255 44 192 234 255 203 4 
15 15 2 2 224 19 0 18 0 218 32 234 110 239 42 238 207 246 255 0 14 239 34 187 4 
15 15 2 2 240 19 0 238 207 247 255 239 34 238 207 248 255 18 0 5 4 14 219 207 179 4 
15 15 2 2 0 20 0 230 255 19 14 219 80 229 82 231 92 154 223 219 80 5 4 223 182 4 
15 15 2 2 16 20 0 6 14 219 80 18 0 9 14 219 80 10 13 243 80 223 36 232 4 
15 15 2 2 32 20 0 208 5 15 231 110 9 14 231 207 219 255 246 239 8 240 219 80 229 4 
15 15 2 2 48 20 0 243 110 5 5 14 36 239 9 240 247 14 219 207 43 240 248 14 104 4 
15 15 2 2 64 20 0 219 207 44 240 18 0 223 207 230 255 0 239 9 240 40 223 78 4 
15 15 2 2 80 20 0 3 14 236 222 165 239 9 240 82 236 5 4 240 229 82 229 82 144 4 
15 15 2 2 96 20 0 229 82 229 82 0 9 18 0 189 222 238 80 239 207 234 255 127 4 
15 15 2 2 112 20 0 233 110 1 14 18 0 19 14 219 80 243 110 5 4 14 36 239 46 4 
15 15 2 2 128 20 0 9 240 5 4 14 219 80 243 110 9 14 36 239 9 240 219 207 5 4 4 
15 15 2 2 144 20 0 230 255 0 239 9 240 231 110 5 5 14 231 207 219 255 18 0 129 4 
15 15 2 2 160 20 0 139 223 35 239 10 240 219 207 230 255 134 223 44 239 10 240 201 4 
15 15 2 2 176 20 0 217 80 249 5 15 233 110 255 14 241 239 9 240 233 110 0 14 101 4 
15 15 2 2 192 20 0 218 32 234 110 18 0 218 207 228 255 226 207 218 255 233 207 246 4 
15 15 2 2 208 20 0 228 255 234 207 228 255 230 82 242 162 2 208 160 216 2 208 177 4 
15 15 2 2 224 20 0 158 182 204 216 229 82 229 207 234 255 229 207 233 255 229 207 236 4 
15 15 2 2 240 20 0 218 255 17 0 230 106 1 14 230 110 5 5 14 230 110 73 236 191 4 
15 15 2 2 0 21 0 39 240 229 82 229 82 229 82 18 0 7 14 180 110 0 14 212 4 
15 15 2 2 16 21 0 136 110 135 110 134 110 133 110 132 110 131 110 130 110 129 110 67 4 
15 15 2 2 32 21 0 128 110 145 110 144 110 143 110 142 110 141 110 140 110 139 110 245 4 
15 15 2 2 48 21 0 138 110 137 110 47 14 146 110 253 14 147 110 156 14 148 110 211 4 
15 15 2 2 64 21 0 149 106 150 106 151 104 5 4 14 152 110 14 14 154 110 153 104 108 4 
15 15 2 2 80 21 0 193 106 241 158 176 152 156 142 162 106 159 106 160 106 157 106 69 4 
15 15 2 2 96 21 0 163 106 165 106 199 223 159 134 208 142 158 150 157 134 240 106 145 4 
15 15 2 2 112 21 0 242 136 240 158 240 152 241 146 240 154 241 106 242 140 242 142 129 4 
15 15 2 2 128 21 0 18 0 217 207 230 255 225 207 217 255 230 82 190 223 2 1 104 4 
15 15 2 2 144 21 0 64 151 64 153 3 1 5 4 14 62 111 2 14 63 111 223 106 221 4 
15 15 2 2 160 21 0 16 14 223 92 10 226 223 80 234 106 62 37 233 110 63 81 53 4 
15 15 2 2 176 21 0 234 34 127 14 239 110 223 42 243 215 2 1 29 107 1 14 212 4 
15 15 2 2 192 21 0 30 111 194 14 31 111 2 1 64 133 2 1 34 107 35 107 86 4 
15 15 2 2 208 21 0 2 1 0 107 2 107 3 107 1 14 213 110 50 14 215 110 247 4 
15 15 2 2 224 21 0 207 14 214 110 213 158 0 14 230 110 2 14 230 110 139 216 74 4 
15 15 2 2 240 21 0 229 82 229 82 2 1 64 147 0 14 230 110 2 14 230 110 237 4 
15 15 2 2 0 22 0 130 216 229 82 229 82 2 1 64 147 229 82 229 82 231 207 36 4 
15 15 2 2 16 22 0 217 255 18 0 130 130 128 136 148 146 146 152 18 0 242 146 250 4 
15 15 2 2 32 22 0 3 1 32 14 58 111 159 134 2 1 64 169 6 208 3 1 0 4 
15 15 2 2 48 22 0 224 14 55 111 0 14 56 111 5 5 208 3 1 192 14 55 111 32 4 
15 15 2 2 64 22 0 0 14 56 111 2 1 64 161 64 121 64 167 6 208 3 1 147 4 
15 15 2 2 80 22 0 128 14 53 111 0 14 54 111 5 5 208 3 1 160 14 53 111 134 4 
15 15 2 2 96 22 0 0 14 54 111 201 207 59 243 53 195 233 255 54 195 234 255 75 4 
15 15 2 2 112 22 0 53 43 0 14 54 35 239 80 201 110 18 0 158 150 201 207 91 4 
15 15 2 2 128 22 0 59 243 3 1 58 81 0 8 35 226 55 195 233 255 56 195 191 4 
15 15 2 2 144 22 0 234 255 55 43 0 14 56 35 59 195 239 255 53 195 233 255 214 4 
15 15 2 2 160 22 0 54 195 234 255 53 43 54 35 239 207 59 243 59 195 201 255 249 4 
15 15 2 2 176 22 0 58 7 58 81 12 225 2 1 2 14 30 111 2 1 64 147 7 4 
15 15 2 2 192 22 0 64 129 50 14 215 110 207 14 214 110 242 148 213 142 1 208 5 5 4 
15 15 2 2 208 22 0 201 106 18 0 217 207 230 255 225 207 217 255 2 1 64 161 216 4 
15 15 2 2 224 22 0 14 208 253 14 219 207 230 255 254 14 219 207 230 255 185 236 78 4 
15 15 2 2 240 22 0 23 240 229 82 229 82 157 150 2 1 64 145 157 134 229 82 32 4 
15 15 2 2 0 23 0 231 207 217 255 18 0 217 207 230 255 225 207 217 255 2 1 45 4 
15 15 2 2 16 23 0 64 179 50 208 253 14 219 207 233 255 254 14 219 207 234 255 164 4 
15 15 2 2 32 23 0 30 14 233 38 0 14 234 34 239 80 2 8 9 225 253 14 50 4 
15 15 2 2 48 23 0 219 207 230 255 254 14 219 207 230 255 105 216 229 82 229 82 220 4 
15 15 2 2 64 23 0 253 14 219 207 233 255 254 14 219 207 234 255 21 14 233 38 55 4 
15 15 2 2 80 23 0 0 14 234 34 239 158 253 14 219 207 230 255 254 14 219 207 158 4 
15 15 2 2 96 23 0 230 255 39 236 23 240 229 82 229 82 157 150 2 1 64 119 43 4 
15 15 2 2 112 23 0 64 131 157 134 2 1 29 43 229 82 231 207 217 255 18 0 109 4 
15 15 2 2 128 23 0 157 150 2 1 64 145 157 134 18 0 217 207 230 255 225 207 236 4 
15 15 2 2 144 23 0 217 255 0 1 22 107 217 80 253 5 15 233 110 255 14 218 32 104 4 
15 15 2 2 160 23 0 234 110 1 14 238 24 1 225 237 80 2 225 22 129 1 208 110 4 
15 15 2 2 176 23 0 186 106 217 80 251 5 15 233 110 255 14 218 32 234 110 1 14 25 4 
15 15 2 2 192 23 0 238 24 1 225 237 80 2 225 22 131 1 208 183 106 217 80 105 4 
15 15 2 2 208 23 0 249 5 15 233 110 255 14 218 32 234 110 1 14 238 24 1 225 96 4 
15 15 2 2 224 23 0 237 80 2 225 22 133 1 208 115 106 217 80 247 5 15 233 110 22 4 
15 15 2 2 240 23 0 255 14 218 32 234 110 1 14 238 24 1 225 237 80 2 225 127 4 
15 15 2 2 0 24 0 22 135 1 208 112 106 229 82 231 207 217 255 18 0 217 207 29 4 
15 15 2 2 16 24 0 230 255 225 207 217 255 253 14 219 207 233 255 254 14 219 207 20 4 
15 15 2 2 32 24 0 234 255 28 14 233 38 0 14 234 34 239 106 253 14 219 207 122 4 
15 15 2 2 48 24 0 233 255 254 14 219 207 234 255 23 14 233 38 0 14 234 34 223 4 
15 15 2 2 64 24 0 239 106 198 174 14 208 198 158 253 14 219 207 233 255 254 14 236 4 
15 15 2 2 80 24 0 219 207 234 255 23 14 233 38 0 14 234 34 1 14 239 110 71 4 
15 15 2 2 96 24 0 34 208 241 80 128 11 16 224 242 80 8 11 13 224 253 14 137 4 
15 15 2 2 112 24 0 219 207 233 255 254 14 219 207 234 255 23 14 233 38 0 14 1 4 
15 15 2 2 128 24 0 234 34 2 14 239 110 5 15 208 240 166 13 208 144 158 253 14 96 4 
15 15 2 2 144 24 0 219 207 233 255 254 14 219 207 234 255 23 14 233 38 0 14 225 4 
15 15 2 2 160 24 0 234 34 3 14 239 110 37 14 198 20 37 8 25 224 253 14 140 4 
15 15 2 2 176 24 0 219 207 233 255 254 14 219 207 234 255 28 14 233 38 0 14 188 4 
15 15 2 2 192 24 0 234 34 1 14 239 110 253 14 219 207 233 255 254 14 219 207 89 4 
15 15 2 2 208 24 0 234 255 23 14 233 38 0 14 234 34 198 207 239 255 128 209 9 4 
15 15 2 2 224 24 0 197 80 25 224 253 14 219 207 233 255 254 14 219 207 234 255 186 4 
15 15 2 2 240 24 0 28 14 233 38 0 14 234 34 2 14 239 110 253 14 219 207 127 4 
15 15 2 2 0 25 0 233 255 254 14 219 207 234 255 23 14 233 38 0 14 234 34 14 4 
15 15 2 2 16 25 0 197 207 239 255 101 209 208 190 25 208 253 14 219 207 233 255 7 4 
15 15 2 2 32 25 0 254 14 219 207 234 255 28 14 233 38 0 14 234 34 3 14 192 4 
15 15 2 2 48 25 0 239 110 253 14 219 207 233 255 254 14 219 207 234 255 23 14 245 4 
15 15 2 2 64 25 0 233 38 0 14 234 34 208 207 239 255 74 209 157 182 25 208 150 4 
15 15 2 2 80 25 0 253 14 219 207 233 255 254 14 219 207 234 255 28 14 233 38 30 4 
15 15 2 2 96 25 0 0 14 234 34 5 4 14 239 110 253 14 219 207 233 255 254 14 81 4 
15 15 2 2 112 25 0 219 207 234 255 23 14 233 38 0 14 234 34 157 207 239 255 56 4 
15 15 2 2 128 25 0 47 209 156 80 25 224 253 14 219 207 233 255 254 14 219 207 43 4 
15 15 2 2 144 25 0 234 255 28 14 233 38 0 14 234 34 5 5 14 239 110 253 14 156 4 
15 15 2 2 160 25 0 219 207 233 255 254 14 219 207 234 255 23 14 233 38 0 14 208 4 
15 15 2 2 176 25 0 234 34 156 207 239 255 20 209 8 14 159 92 25 224 253 14 212 4 
15 15 2 2 192 25 0 219 207 233 255 254 14 219 207 234 255 28 14 233 38 0 14 171 4 
15 15 2 2 208 25 0 234 34 6 14 239 110 253 14 219 207 233 255 254 14 219 207 67 4 
15 15 2 2 224 25 0 234 255 23 14 233 38 0 14 234 34 159 207 239 255 248 208 168 4 
15 15 2 2 240 25 0 162 80 25 224 253 14 219 207 233 255 254 14 219 207 234 255 204 4 
15 15 2 2 0 26 0 28 14 233 38 0 14 234 34 7 14 239 110 253 14 219 207 104 4 
15 15 2 2 16 26 0 233 255 254 14 219 207 234 255 23 14 233 38 0 14 234 34 253 4 
15 15 2 2 32 26 0 162 207 239 255 221 208 165 80 25 224 253 14 219 207 233 255 43 4 
15 15 2 2 48 26 0 254 14 219 207 234 255 28 14 233 38 0 14 234 34 8 14 170 4 
15 15 2 2 64 26 0 239 110 253 14 219 207 233 255 254 14 219 207 234 255 23 14 228 4 
15 15 2 2 80 26 0 233 38 0 14 234 34 165 207 239 255 194 208 16 14 242 20 81 4 
15 15 2 2 96 26 0 16 8 25 224 253 14 219 207 233 255 254 14 219 207 234 255 53 4 
15 15 2 2 112 26 0 28 14 233 38 0 14 234 34 9 14 239 110 253 14 219 207 246 4 
15 15 2 2 128 26 0 233 255 254 14 219 207 234 255 23 14 233 38 0 14 234 34 141 4 
15 15 2 2 144 26 0 242 207 239 255 165 208 71 14 241 20 25 224 253 14 219 207 38 4 
15 15 2 2 160 26 0 233 255 254 14 219 207 234 255 28 14 233 38 0 14 234 34 104 4 
15 15 2 2 176 26 0 10 14 239 110 253 14 219 207 233 255 254 14 219 207 234 255 129 4 
15 15 2 2 192 26 0 23 14 233 38 0 14 234 34 241 207 239 255 137 208 192 14 255 4 
15 15 2 2 208 26 0 240 20 25 224 253 14 219 207 233 255 254 14 219 207 234 255 217 4 
15 15 2 2 224 26 0 28 14 233 38 0 14 234 34 11 14 239 110 253 14 219 207 132 4 
15 15 2 2 240 26 0 233 255 254 14 219 207 234 255 23 14 233 38 0 14 234 34 29 4 
15 15 2 2 0 27 0 240 207 239 255 109 208 146 168 25 208 253 14 219 207 233 255 55 4 
15 15 2 2 16 27 0 254 14 219 207 234 255 28 14 233 38 0 14 234 34 12 14 197 4 
15 15 2 2 32 27 0 239 110 253 14 219 207 233 255 254 14 219 207 234 255 23 14 3 4 
15 15 2 2 48 27 0 233 38 0 14 234 34 146 207 239 255 82 208 147 176 25 208 235 4 
15 15 2 2 64 27 0 253 14 219 207 233 255 254 14 219 207 234 255 28 14 233 38 44 4 
15 15 2 2 80 27 0 0 14 234 34 13 14 239 110 253 14 219 207 233 255 254 14 86 4 
15 15 2 2 96 27 0 219 207 234 255 23 14 233 38 0 14 234 34 147 207 239 255 80 4 
15 15 2 2 112 27 0 55 208 62 14 148 20 28 8 25 224 253 14 219 207 233 255 188 4 
15 15 2 2 128 27 0 254 14 219 207 234 255 28 14 233 38 0 14 234 34 14 14 83 4 
15 15 2 2 144 27 0 239 110 253 14 219 207 233 255 254 14 219 207 234 255 23 14 147 4 
15 15 2 2 160 27 0 233 38 0 14 234 34 148 207 239 255 26 208 151 190 24 208 160 4 
15 15 2 2 176 27 0 253 14 219 207 233 255 254 14 219 207 234 255 28 14 233 38 188 4 
15 15 2 2 192 27 0 0 14 234 34 5 15 14 239 110 253 14 219 207 233 255 254 14 228 4 
15 15 2 2 208 27 0 219 207 234 255 23 14 233 38 0 14 234 34 151 207 239 255 220 4 
15 15 2 2 224 27 0 229 82 231 207 217 255 18 0 110 218 130 218 216 144 44 80 162 4 
15 15 2 2 240 27 0 5 4 230 208 14 43 92 7 14 44 88 5 5 226 3 1 208 14 64 4 
15 15 2 2 0 28 0 83 111 7 14 12 208 116 218 44 52 11 226 43 80 206 8 65 4 
15 15 2 2 16 28 0 8 14 44 84 6 226 3 1 206 14 83 111 8 14 84 111 215 4 
15 15 2 2 32 28 0 6 208 253 14 219 207 83 243 254 14 219 207 84 243 83 195 220 4 
15 15 2 2 48 28 0 43 240 84 195 44 240 208 14 43 94 7 14 44 90 43 80 229 4 
15 15 2 2 64 28 0 71 210 240 14 230 110 233 236 34 240 229 82 147 134 147 132 231 4 
15 15 2 2 80 28 0 147 136 153 130 153 128 147 142 147 140 154 134 154 132 154 130 167 4 
15 15 2 2 96 28 0 154 158 154 156 2 1 127 14 5 15 111 14 111 6 111 5 4 111 159 4 
15 15 2 2 112 28 0 7 111 5 5 111 0 14 230 110 230 106 230 110 230 106 230 110 220 4 
15 15 2 2 128 28 0 230 106 230 110 230 106 197 236 11 240 245 110 8 14 225 94 8 4 
15 15 2 2 144 28 0 245 80 160 236 29 240 23 236 19 240 53 236 32 240 246 236 89 4 
15 15 2 2 160 28 0 30 240 93 236 37 240 1 1 1 14 224 111 102 236 33 240 17 4 
15 15 2 2 176 28 0 123 236 26 240 58 236 35 240 253 217 10 239 11 240 3 218 223 4 
15 15 2 2 192 28 0 8 14 225 38 32 14 230 110 2 14 230 110 106 236 11 240 204 4 
15 15 2 2 208 28 0 229 82 229 82 220 236 18 240 2 1 65 111 1 1 249 43 255 4 
15 15 2 2 224 28 0 0 14 250 35 251 43 252 35 60 14 251 25 5 4 225 252 81 0 4 
15 15 2 2 240 28 0 2 225 176 236 33 240 1 1 80 14 246 217 2 227 2 1 73 4 
15 15 2 2 0 29 0 0 131 1 1 120 14 240 217 2 227 2 1 0 135 1 1 154 4 
15 15 2 2 16 29 0 160 14 234 217 2 227 2 1 0 137 1 1 200 14 228 217 88 4 
15 15 2 2 32 29 0 2 227 2 1 0 141 1 1 200 14 251 25 6 225 252 81 42 4 
15 15 2 2 48 29 0 5 4 225 188 236 33 240 241 236 33 240 1 1 30 14 249 93 159 4 
15 15 2 2 64 29 0 0 14 250 89 57 227 200 14 207 217 54 227 222 236 33 240 176 4 
15 15 2 2 80 29 0 6 14 243 207 219 255 7 14 244 207 219 255 109 236 33 240 195 4 
15 15 2 2 96 29 0 243 207 222 255 244 207 221 255 155 236 33 240 2 14 27 192 190 4 
15 15 2 2 112 29 0 219 255 3 14 28 192 219 255 5 4 14 29 192 219 255 5 5 14 242 4 
15 15 2 2 128 29 0 30 192 219 255 6 14 219 207 230 255 7 14 219 207 230 255 96 4 
15 15 2 2 144 29 0 79 14 43 110 72 14 193 217 222 207 230 255 221 207 230 255 70 4 
15 15 2 2 160 29 0 63 14 43 110 72 14 185 217 170 217 45 14 43 110 72 14 196 4 
15 15 2 2 176 29 0 180 217 1 1 249 107 250 107 34 195 230 255 35 195 230 255 66 4 
15 15 2 2 192 29 0 32 195 230 255 33 195 230 255 27 14 43 110 72 14 88 217 69 4 
15 15 2 2 208 29 0 7 14 225 94 245 80 229 236 36 240 229 236 36 240 1 1 170 4 
15 15 2 2 224 29 0 200 14 130 217 1 227 45 216 2 1 33 81 32 11 11 224 90 4 
15 15 2 2 240 29 0 1 1 253 81 8 225 3 1 128 14 79 111 79 14 80 111 74 4 
15 15 2 2 0 30 0 18 14 81 111 82 107 2 1 33 81 32 11 1 224 1 14 177 4 
15 15 2 2 16 30 0 1 1 253 111 79 217 217 207 225 255 90 209 84 217 92 217 35 4 
15 15 2 2 32 30 0 45 38 8 14 46 34 55 217 2 1 7 111 5 5 111 84 217 219 4 
15 15 2 2 48 30 0 216 128 45 86 8 14 46 86 46 217 2 1 6 111 5 4 111 71 4 
15 15 2 2 64 30 0 71 209 65 217 5 4 14 225 38 2 1 44 81 95 217 43 192 176 4 
15 15 2 2 80 30 0 222 255 44 192 221 255 41 81 89 217 2 14 43 192 219 255 104 4 
15 15 2 2 96 30 0 3 14 44 192 219 255 2 14 219 207 43 240 3 14 219 207 23 4 
15 15 2 2 112 30 0 44 240 44 52 5 4 227 43 80 246 8 255 14 44 84 41 226 250 4 
15 15 2 2 128 30 0 2 14 219 207 45 240 3 14 219 207 46 240 216 144 46 80 200 4 
15 15 2 2 144 30 0 5 4 230 10 14 45 92 0 14 46 88 27 226 222 207 43 240 106 4 
15 15 2 2 160 30 0 221 207 44 240 216 144 43 54 44 54 216 144 43 54 44 54 32 4 
15 15 2 2 176 30 0 5 5 14 34 110 35 106 43 192 29 240 44 192 30 240 202 236 86 4 
15 15 2 2 192 30 0 21 240 29 192 43 240 30 192 44 240 29 192 222 255 30 192 143 4 
15 15 2 2 208 30 0 221 255 88 236 32 240 2 1 34 81 1 11 20 224 35 81 244 4 
15 15 2 2 224 30 0 1 11 17 224 39 194 7 242 39 194 5 5 242 38 81 43 110 47 4 
15 15 2 2 240 30 0 44 106 255 14 216 128 43 86 0 14 44 86 43 192 6 242 255 4 
15 15 2 2 0 31 0 43 192 5 4 242 10 208 222 207 230 255 221 207 230 255 247 216 48 4 
15 15 2 2 16 31 0 133 223 229 82 229 82 229 82 229 82 129 80 16 11 2 224 191 4 
15 15 2 2 32 31 0 141 150 1 208 141 134 140 150 2 1 35 81 2 11 2 224 46 4 
15 15 2 2 48 31 0 141 138 1 208 141 154 14 236 33 240 136 80 8 11 1 224 199 4 
15 15 2 2 64 31 0 1 14 230 110 230 106 136 80 5 4 11 1 224 1 14 230 110 191 4 
15 15 2 2 80 31 0 230 106 136 80 2 11 1 224 1 14 230 110 230 106 249 14 189 4 
15 15 2 2 96 31 0 43 110 71 14 141 216 9 14 225 94 245 80 5 5 14 230 110 40 4 
15 15 2 2 112 31 0 244 236 26 240 229 82 243 207 43 240 244 207 44 240 243 207 206 4 
15 15 2 2 128 31 0 230 255 244 207 230 255 238 14 45 110 71 14 46 110 47 106 175 4 
15 15 2 2 144 31 0 45 192 230 255 230 110 47 192 230 255 30 236 38 240 245 110 208 4 
15 15 2 2 160 31 0 5 5 14 225 94 245 80 55 194 30 240 249 236 20 240 28 192 218 4 
15 15 2 2 176 31 0 51 240 29 192 52 240 30 192 53 240 31 192 54 240 113 14 130 4 
15 15 2 2 192 31 0 33 110 61 14 34 110 122 14 35 110 65 14 36 110 93 236 112 4 
15 15 2 2 208 31 0 21 240 28 192 47 240 29 192 48 240 30 192 49 240 31 192 50 4 
15 15 2 2 224 31 0 50 240 33 106 34 106 128 14 35 110 67 14 36 110 10 236 204 4 
15 15 2 2 240 31 0 21 240 28 192 43 240 29 192 44 240 30 192 45 240 31 192 30 4 
15 15 2 2 0 32 0 46 240 33 106 34 106 32 14 35 110 65 14 36 110 93 236 190 4 
15 15 2 2 16 32 0 21 240 81 236 22 240 30 192 0 242 131 14 2 1 5 5 93 190 4 
15 15 2 2 32 32 0 3 227 5 4 14 7 95 8 208 7 81 123 8 3 227 5 4 14 179 4 
15 15 2 2 48 32 0 7 39 2 208 127 14 7 111 7 194 5 5 242 131 14 5 4 93 247 4 
15 15 2 2 64 32 0 3 227 5 4 14 6 95 8 208 6 81 123 8 3 227 5 4 14 149 4 
15 15 2 2 80 32 0 6 39 2 208 127 14 6 111 6 194 5 4 242 2 1 35 169 254 4 
15 15 2 2 96 32 0 2 208 65 236 35 240 2 1 34 169 2 208 134 236 35 240 69 4 
15 15 2 2 112 32 0 2 1 35 161 2 208 58 236 35 240 217 207 225 255 40 208 26 4 
15 15 2 2 128 32 0 44 110 45 106 43 192 230 255 230 110 45 192 230 255 30 236 43 4 
15 15 2 2 144 32 0 38 240 245 110 18 0 251 14 219 80 45 92 43 110 252 14 97 4 
15 15 2 2 160 32 0 219 80 46 88 44 110 43 192 230 255 230 110 157 221 229 82 28 4 
15 15 2 2 176 32 0 229 82 18 0 0 14 230 110 2 14 230 110 131 236 11 240 179 4 
15 15 2 2 192 32 0 229 82 229 82 18 0 217 207 230 255 225 207 217 255 18 0 117 4 
15 15 2 2 208 32 0 229 82 231 207 217 255 18 0 253 14 219 207 45 240 254 14 87 4 
15 15 2 2 224 32 0 219 207 46 240 79 14 18 0 251 93 0 14 252 89 18 0 248 4 
15 15 2 2 240 32 0 253 14 219 207 43 240 254 14 219 207 44 240 18 0 2 14 40 4 
15 15 2 2 0 33 0 219 207 230 255 3 14 219 207 230 255 18 0 43 110 44 106 107 4 
15 15 2 2 16 33 0 127 14 43 94 0 14 44 90 18 0 178 223 5 5 14 225 94 44 4 
15 15 2 2 32 33 0 245 80 18 0 217 207 230 255 225 207 217 255 5 4 14 225 38 54 4 
15 15 2 2 48 33 0 253 14 219 207 230 255 254 14 219 207 230 255 157 216 229 82 202 4 
15 15 2 2 64 33 0 229 82 27 192 222 255 28 192 222 255 29 192 222 255 30 192 91 4 
15 15 2 2 80 33 0 221 255 221 82 221 82 244 217 0 14 31 24 232 174 2 208 215 4 
15 15 2 2 96 33 0 31 52 9 208 0 14 216 128 28 84 0 14 29 84 0 14 236 4 
15 15 2 2 112 33 0 30 84 0 14 31 84 73 227 227 217 253 14 28 24 8 225 104 4 
15 15 2 2 128 33 0 232 104 29 24 5 5 225 232 104 30 24 2 225 232 104 31 24 0 4 
15 15 2 2 144 33 0 40 224 254 14 28 24 8 225 232 104 29 24 5 5 225 232 104 95 4 
15 15 2 2 160 33 0 30 24 2 225 232 104 31 24 43 224 232 104 28 24 8 225 35 4 
15 15 2 2 176 33 0 232 104 29 24 5 5 225 232 104 30 24 2 225 232 104 31 24 208 4 
15 15 2 2 192 33 0 12 224 28 80 29 225 29 80 27 225 30 80 25 225 31 80 133 4 
15 15 2 2 208 33 0 23 225 46 14 43 110 73 14 7 208 32 14 43 110 73 14 242 4 
15 15 2 2 224 33 0 3 208 20 14 43 110 73 14 44 110 45 106 43 192 230 255 21 4 
15 15 2 2 240 33 0 230 110 45 192 230 255 30 236 38 240 229 82 229 82 229 82 0 4 
15 15 2 2 0 34 0 27 106 28 106 29 106 30 106 54 208 217 207 233 255 218 207 129 4 
15 15 2 2 16 34 0 234 255 238 207 47 240 238 207 48 240 238 207 49 240 239 207 140 4 
15 15 2 2 32 34 0 50 240 6 14 32 110 33 106 34 106 35 106 47 192 27 240 88 4 
15 15 2 2 48 34 0 48 192 28 240 49 192 29 240 50 192 30 240 170 236 38 240 5 4 4 
15 15 2 2 64 34 0 23 192 47 240 24 192 48 240 25 192 49 240 26 192 50 240 182 4 
15 15 2 2 80 34 0 43 106 135 14 44 110 147 14 45 110 3 14 46 110 134 217 126 4 
15 15 2 2 96 34 0 30 110 23 192 32 240 24 192 33 240 25 192 34 240 26 192 89 4 
15 15 2 2 112 34 0 35 240 240 236 21 240 129 209 217 207 230 255 225 207 217 255 5 15 4 
15 15 2 2 128 34 0 20 14 225 38 12 14 219 106 13 14 219 106 14 14 219 106 17 4 
15 15 2 2 144 34 0 5 15 14 219 106 16 14 219 106 17 14 219 106 18 14 219 106 188 4 
15 15 2 2 160 34 0 19 14 219 106 112 217 1 14 238 24 25 225 237 80 23 225 71 4 
15 15 2 2 176 34 0 225 14 222 110 2 14 221 110 217 80 2 5 15 61 217 28 14 26 4 
15 15 2 2 192 34 0 238 110 3 14 237 110 217 80 5 4 5 15 54 217 22 14 238 110 135 4 
15 15 2 2 208 34 0 3 14 237 110 109 217 243 14 238 110 2 14 28 208 83 217 211 4 
15 15 2 2 224 34 0 2 14 238 24 26 225 237 80 24 225 209 14 222 110 2 14 120 4 
15 15 2 2 240 34 0 221 110 217 80 2 5 15 32 217 26 14 238 110 3 14 237 110 124 4 
15 15 2 2 0 35 0 217 80 5 4 5 15 25 217 20 14 238 110 3 14 237 110 80 217 152 4 
15 15 2 2 16 35 0 241 14 238 110 2 14 237 110 2 208 27 104 236 208 2 14 226 4 
15 15 2 2 32 35 0 219 207 233 255 3 14 219 207 234 255 21 217 238 207 43 240 189 4 
15 15 2 2 48 35 0 239 207 44 240 1 14 216 144 43 54 44 54 232 6 251 225 203 4 
15 15 2 2 64 35 0 222 80 43 36 233 110 221 80 44 32 234 110 45 192 238 255 26 4 
15 15 2 2 80 35 0 46 192 237 255 8 14 219 106 9 14 219 106 8 14 219 207 56 4 
15 15 2 2 96 35 0 43 240 9 14 219 207 44 240 216 144 44 80 5 4 230 8 14 157 4 
15 15 2 2 112 35 0 43 92 0 14 44 88 88 226 194 216 237 216 238 207 49 240 217 4 
15 15 2 2 128 35 0 239 207 50 240 1 14 216 144 49 54 50 54 232 6 251 225 105 4 
15 15 2 2 144 35 0 222 80 49 36 233 110 221 80 50 32 234 110 238 80 45 92 209 4 
15 15 2 2 160 35 0 43 110 238 80 46 88 44 110 10 14 43 192 219 255 11 14 76 4 
15 15 2 2 176 35 0 44 192 219 255 10 14 219 207 43 240 11 14 219 207 44 240 167 4 
15 15 2 2 192 35 0 216 128 44 80 5 4 231 241 14 43 92 255 14 44 88 38 227 58 4 
15 15 2 2 208 35 0 10 14 219 207 45 240 11 14 219 207 46 240 46 52 5 4 226 1 4 
15 15 2 2 224 35 0 45 80 5 15 8 0 14 46 84 25 227 137 216 211 216 44 174 243 4 
15 15 2 2 240 35 0 2 208 45 104 46 104 217 80 12 5 15 158 216 43 80 238 38 163 4 
15 15 2 2 0 36 0 44 80 238 34 45 80 238 34 46 80 238 34 217 80 16 5 15 233 4 
15 15 2 2 16 36 0 147 216 238 42 0 14 238 34 238 34 238 34 8 14 219 42 236 4 
15 15 2 2 32 36 0 9 14 156 227 219 42 154 215 195 216 238 207 243 255 237 207 166 4 
15 15 2 2 48 36 0 244 255 2 14 238 38 0 14 239 34 243 207 233 255 244 207 5 5 4 
15 15 2 2 64 36 0 234 255 109 216 43 80 44 16 45 16 46 16 2 225 254 14 73 4 
15 15 2 2 80 36 0 81 208 5 15 14 43 110 44 106 45 106 46 106 217 80 12 5 15 168 4 
15 15 2 2 96 36 0 107 216 238 80 43 38 238 80 44 34 238 80 45 34 238 80 79 4 
15 15 2 2 112 36 0 46 34 151 216 238 207 47 240 239 207 48 240 49 106 50 106 184 4 
15 15 2 2 128 36 0 46 80 50 24 232 174 2 208 50 52 8 208 47 80 43 92 228 4 
15 15 2 2 144 36 0 48 80 44 88 49 80 45 88 50 80 46 88 6 226 129 216 245 4 
15 15 2 2 160 36 0 121 216 100 216 46 192 30 240 41 208 16 14 219 207 43 240 211 4 
15 15 2 2 176 36 0 17 14 219 207 44 240 18 14 219 207 45 240 19 14 219 207 145 4 
15 15 2 2 192 36 0 46 240 43 80 44 16 45 16 46 16 19 224 40 216 78 216 175 4 
15 15 2 2 208 36 0 46 192 30 240 16 14 219 207 32 240 17 14 219 207 33 240 90 4 
15 15 2 2 224 36 0 18 14 219 207 34 240 19 14 219 207 35 240 240 236 21 240 93 4 
15 15 2 2 240 36 0 5 5 208 253 14 27 110 28 104 29 104 30 104 62 208 8 14 204 4 
15 15 2 2 0 37 0 219 207 47 240 9 14 219 207 48 240 216 144 47 54 48 54 250 4 
15 15 2 2 16 37 0 222 80 47 36 233 110 221 80 48 32 234 110 18 0 12 14 238 4 
15 15 2 2 32 37 0 219 207 43 240 13 14 219 207 44 240 14 14 219 207 45 240 46 4 
15 15 2 2 48 37 0 5 15 14 219 207 46 240 18 0 233 110 218 207 234 255 18 0 181 4 
15 15 2 2 64 37 0 222 207 28 240 222 207 29 240 222 207 30 240 221 207 31 240 174 4 
15 15 2 2 80 37 0 221 82 221 82 18 0 238 207 45 240 239 207 46 240 6 14 77 4 
15 15 2 2 96 37 0 219 207 233 255 7 14 219 207 234 255 18 0 43 192 27 240 53 4 
15 15 2 2 112 37 0 44 192 28 240 45 192 29 240 18 0 217 207 225 255 229 82 164 4 
15 15 2 2 128 37 0 231 207 217 255 18 0 217 80 253 5 15 233 110 255 14 218 32 36 4 
15 15 2 2 144 37 0 234 110 18 0 238 207 43 240 239 207 44 240 45 106 46 106 252 4 
15 15 2 2 160 37 0 18 0 5 4 14 219 207 233 255 5 5 14 219 207 234 255 18 0 201 4 
15 15 2 2 176 37 0 217 80 6 5 15 156 239 18 240 129 80 64 11 25 225 129 80 117 4 
15 15 2 2 192 37 0 128 11 22 225 135 80 1 11 19 225 135 80 2 11 16 225 233 4 
15 15 2 2 208 37 0 6 14 3 1 73 175 2 208 216 144 3 208 72 93 0 14 55 4 
15 15 2 2 224 37 0 73 89 5 4 226 72 43 0 14 73 35 31 208 74 107 29 208 241 4 
15 15 2 2 240 37 0 3 1 72 107 73 107 135 80 2 11 1 224 1 14 5 4 13 151 4 
15 15 2 2 0 38 0 243 207 45 240 135 80 1 11 3 13 243 207 44 240 129 80 85 4 
15 15 2 2 16 38 0 128 11 1 224 1 14 232 36 43 110 129 80 64 11 1 224 169 4 
15 15 2 2 32 38 0 1 14 43 36 44 36 45 36 74 111 74 81 18 0 206 14 117 4 
15 15 2 2 48 38 0 230 110 230 104 50 14 171 217 184 217 8 14 168 217 66 14 200 4 
15 15 2 2 64 38 0 230 110 2 14 170 217 239 14 230 110 230 104 17 14 230 110 157 4 
15 15 2 2 80 38 0 230 106 5 5 14 230 110 230 106 168 217 30 14 152 217 106 14 233 4 
15 15 2 2 96 38 0 230 110 2 14 154 217 206 14 230 110 230 104 50 14 230 110 141 4 
15 15 2 2 112 38 0 230 106 5 5 14 230 110 230 106 2 14 137 217 0 14 230 110 139 4 
15 15 2 2 128 38 0 230 106 5 15 14 132 217 86 14 230 110 2 14 205 239 20 240 5 4 4 
15 15 2 2 144 38 0 217 207 230 255 225 207 217 255 3 14 225 38 155 236 33 240 129 4 
15 15 2 2 160 38 0 27 192 222 255 28 192 221 255 2 14 219 106 3 1 76 43 246 4 
15 15 2 2 176 38 0 0 14 77 35 255 14 75 93 18 225 222 207 126 242 221 207 55 4 
15 15 2 2 192 38 0 127 242 75 107 136 80 2 11 10 224 136 80 5 4 11 7 224 82 4 
15 15 2 2 208 38 0 6 14 75 111 17 14 2 1 126 95 3 14 127 91 2 1 75 4 
15 15 2 2 224 38 0 65 81 29 224 5 4 10 20 224 7 10 12 224 1 10 5 5 224 120 4 
15 15 2 2 240 38 0 3 10 34 225 3 1 3 14 16 208 3 1 76 107 77 107 110 4 
15 15 2 2 0 39 0 5 4 14 11 208 3 14 3 1 75 93 22 224 1 14 5 5 208 81 4 
15 15 2 2 16 39 0 3 14 3 1 75 93 16 224 2 14 75 111 13 208 2 14 97 4 
15 15 2 2 32 39 0 3 1 231 110 75 25 232 174 2 208 75 53 3 208 231 80 6 4 
15 15 2 2 48 39 0 216 128 75 85 1 227 75 107 3 1 75 81 5 5 10 1 225 130 4 
15 15 2 2 64 39 0 117 208 1 10 94 224 7 10 52 224 1 10 38 224 3 10 196 4 
15 15 2 2 80 39 0 25 224 1 10 18 224 6 10 109 225 16 217 106 14 230 110 124 4 
15 15 2 2 96 39 0 2 14 247 216 76 14 3 1 77 175 2 208 216 144 3 208 47 4 
15 15 2 2 112 39 0 76 93 0 14 77 89 94 227 66 208 0 217 66 14 230 110 56 4 
15 15 2 2 128 39 0 2 14 21 208 244 14 2 1 126 37 43 110 1 14 127 33 112 4 
15 15 2 2 144 39 0 44 110 43 192 230 255 230 110 9 208 126 194 43 240 127 194 18 4 
15 15 2 2 160 39 0 44 240 244 14 43 94 1 14 44 90 24 217 8 217 209 216 126 4 
15 15 2 2 176 39 0 65 208 222 207 43 240 221 207 44 240 88 14 43 38 2 14 189 4 
15 15 2 2 192 39 0 44 34 12 217 252 216 197 216 222 207 43 240 221 207 44 240 225 4 
15 15 2 2 208 39 0 211 14 2 1 126 37 45 110 5 5 14 127 33 46 110 44 80 24 4 
15 15 2 2 224 39 0 46 24 232 174 2 208 46 52 5 4 208 45 80 43 92 46 80 143 4 
15 15 2 2 240 39 0 44 88 32 227 34 14 126 39 6 14 127 35 3 1 75 107 25 4 
15 15 2 2 0 40 0 25 208 10 14 77 175 2 208 216 144 3 208 76 93 0 14 19 4 
15 15 2 2 16 40 0 77 89 8 226 2 1 137 14 6 111 5 4 111 117 14 7 111 185 4 
15 15 2 2 32 40 0 5 5 111 1 208 212 216 3 1 1 14 3 208 208 216 3 1 49 4 
15 15 2 2 48 40 0 2 14 78 111 3 1 78 81 3 10 48 224 1 10 31 224 13 4 
15 15 2 2 64 40 0 3 10 12 224 1 10 45 225 141 136 140 152 204 216 5 4 230 187 4 
15 15 2 2 80 40 0 94 14 43 92 3 14 44 88 36 226 32 208 2 1 14 105 140 4 
15 15 2 2 96 40 0 131 216 244 52 30 226 43 80 134 8 3 14 44 84 25 226 92 4 
15 15 2 2 112 40 0 2 1 127 14 14 111 3 1 5 5 14 75 111 18 208 179 216 25 4 
15 15 2 2 128 40 0 5 4 230 94 14 43 92 3 14 44 88 11 226 2 1 127 14 101 4 
15 15 2 2 144 40 0 14 111 3 1 3 14 78 111 75 107 3 208 2 1 127 14 220 4 
15 15 2 2 160 40 0 14 111 75 195 43 240 44 106 43 190 44 104 151 216 78 195 251 4 
15 15 2 2 176 40 0 45 240 46 106 45 190 46 104 45 192 230 255 46 192 230 255 73 4 
15 15 2 2 192 40 0 2 14 219 207 47 240 48 106 47 190 48 104 47 192 230 255 72 4 
15 15 2 2 208 40 0 48 192 230 255 65 194 49 240 50 106 49 190 50 104 49 192 245 4 
15 15 2 2 224 40 0 230 255 50 192 230 255 74 216 95 14 51 110 72 14 52 110 16 4 
15 15 2 2 240 40 0 53 106 51 192 230 255 230 110 53 192 230 255 30 236 38 240 31 4 
15 15 2 2 0 41 0 245 110 5 15 14 225 94 245 80 3 14 3 1 231 110 75 25 1 4 
15 15 2 2 16 41 0 232 174 2 208 75 53 3 208 231 80 216 128 75 85 19 227 227 4 
15 15 2 2 32 41 0 2 14 219 207 230 255 167 14 229 82 216 128 231 84 2 1 146 4 
15 15 2 2 48 41 0 7 111 5 5 111 2 14 219 207 230 255 87 14 229 82 216 128 38 4 
15 15 2 2 64 41 0 231 84 6 111 5 4 111 217 207 225 255 229 82 231 207 217 255 35 4 
15 15 2 2 80 41 0 18 0 230 110 64 236 25 240 245 110 6 14 225 94 245 80 237 4 
15 15 2 2 96 41 0 2 14 243 207 219 255 18 0 5 5 14 230 110 244 236 26 240 100 4 
15 15 2 2 112 41 0 229 82 243 207 43 240 244 207 44 240 18 0 126 194 230 255 57 4 
15 15 2 2 128 41 0 127 194 230 255 222 207 230 255 221 207 230 255 18 0 230 110 164 4 
15 15 2 2 144 41 0 230 106 1 14 230 110 230 106 18 0 230 110 201 236 24 240 29 4 
15 15 2 2 160 41 0 245 110 18 14 225 94 245 80 18 0 2 14 230 110 230 106 102 4 
15 15 2 2 176 41 0 250 14 230 110 230 106 0 14 230 110 230 106 18 0 222 207 6 4 
15 15 2 2 192 41 0 230 255 221 207 230 255 86 14 230 110 2 14 18 0 2 1 192 4 
15 15 2 2 208 41 0 127 14 7 111 5 5 111 6 111 5 4 111 18 0 43 192 230 255 194 4 
15 15 2 2 224 41 0 44 192 230 255 18 0 2 1 14 107 190 223 216 144 244 80 75 4 
15 15 2 2 240 41 0 18 0 38 158 5 5 208 38 158 30 174 2 208 30 108 38 142 152 4 
15 15 2 2 0 42 0 30 192 24 240 23 106 42 106 41 106 134 14 25 110 26 106 165 4 
15 15 2 2 16 42 0 148 239 22 240 38 106 208 236 22 240 232 236 22 240 38 182 49 4 
15 15 2 2 32 42 0 120 239 22 240 38 162 5 5 208 38 186 120 239 22 240 127 239 237 4 
15 15 2 2 48 42 0 22 240 38 186 139 239 22 240 38 160 5 5 208 38 184 120 239 92 4 
15 15 2 2 64 42 0 22 240 139 239 22 240 38 184 127 239 22 240 26 106 127 14 169 4 
15 15 2 2 80 42 0 31 36 25 110 232 106 26 34 36 80 25 94 232 106 26 90 121 4 
15 15 2 2 96 42 0 26 14 39 110 31 106 41 106 42 106 23 106 24 106 33 80 145 4 
15 15 2 2 112 42 0 28 94 34 80 29 90 35 80 30 90 0 14 31 90 9 231 157 4 
15 15 2 2 128 42 0 33 80 28 38 34 80 29 34 35 80 30 34 0 14 31 34 236 4 
15 15 2 2 144 42 0 1 208 41 138 216 144 28 54 29 54 30 54 31 54 216 144 160 4 
15 15 2 2 160 42 0 41 54 42 54 23 54 24 54 39 46 225 215 30 80 29 16 48 4 
15 15 2 2 176 42 0 28 16 216 164 41 138 148 239 22 240 38 106 208 236 22 240 236 4 
15 15 2 2 192 42 0 232 236 22 240 38 182 120 239 22 240 38 162 5 5 208 38 184 116 4 
15 15 2 2 208 42 0 120 239 22 240 127 239 22 240 38 170 5 5 208 38 176 120 239 63 4 
15 15 2 2 224 42 0 22 240 127 239 22 240 38 176 2 208 38 168 2 208 139 239 182 4 
15 15 2 2 240 42 0 22 240 26 106 36 80 31 36 25 110 232 106 26 34 126 14 0 4 
15 15 2 2 0 43 0 25 94 232 106 26 90 41 106 42 106 23 106 24 106 35 80 247 4 
15 15 2 2 16 43 0 30 2 244 207 24 240 243 207 23 240 34 80 30 2 243 80 56 4 
15 15 2 2 32 43 0 42 38 244 80 23 34 0 14 24 34 35 80 29 2 243 80 199 4 
15 15 2 2 48 43 0 42 38 244 80 23 34 0 14 24 34 33 80 30 2 243 80 184 4 
15 15 2 2 64 43 0 41 38 244 80 42 34 0 14 23 34 24 34 34 80 29 2 160 4 
15 15 2 2 80 43 0 243 80 41 38 244 80 42 34 0 14 23 34 24 34 35 80 107 4 
15 15 2 2 96 43 0 28 2 243 80 41 38 244 80 42 34 0 14 23 34 24 34 176 4 
15 15 2 2 112 43 0 33 80 29 2 244 80 41 38 0 14 42 34 23 34 24 34 113 4 
15 15 2 2 128 43 0 34 80 28 2 244 80 41 38 0 14 42 34 23 34 24 34 97 4 
15 15 2 2 144 43 0 148 239 22 240 37 106 35 174 211 239 21 240 34 108 35 30 194 4 
15 15 2 2 160 43 0 232 106 35 34 37 30 30 174 219 239 21 240 29 108 30 30 247 4 
15 15 2 2 176 43 0 232 106 30 34 37 30 241 236 39 240 30 190 235 239 21 240 157 4 
15 15 2 2 192 43 0 37 174 0 12 29 108 30 30 232 106 30 34 25 108 26 30 30 4 
15 15 2 2 208 43 0 232 106 26 34 0 12 37 190 226 239 21 240 38 136 255 12 245 4 
15 15 2 2 224 43 0 37 106 232 106 35 174 253 239 21 240 32 108 33 30 34 30 67 4 
15 15 2 2 240 43 0 35 30 33 34 34 34 35 34 37 30 30 174 8 239 22 240 200 4 
15 15 2 2 0 44 0 27 108 28 30 29 30 30 30 28 34 29 34 30 34 37 30 152 4 
15 15 2 2 16 44 0 174 236 39 240 30 190 31 239 22 240 37 174 0 12 27 108 185 4 
15 15 2 2 32 44 0 28 30 29 30 30 30 232 106 28 34 29 34 30 34 23 108 109 4 
15 15 2 2 48 44 0 24 30 25 30 26 30 24 34 25 34 26 34 0 12 37 190 91 4 
15 15 2 2 64 44 0 5 15 239 22 240 38 136 255 12 30 192 42 240 29 192 41 240 229 4 
15 15 2 2 80 44 0 29 80 34 2 244 207 28 240 243 207 27 240 30 80 35 2 192 4 
15 15 2 2 96 44 0 244 207 30 240 243 207 29 240 34 2 243 80 28 38 244 80 227 4 
15 15 2 2 112 44 0 29 34 232 106 30 34 41 80 35 2 243 80 28 38 244 80 40 4 
15 15 2 2 128 44 0 29 34 232 106 30 34 35 174 74 239 22 240 41 80 29 94 123 4 
15 15 2 2 144 44 0 42 80 30 90 42 174 0 12 34 80 29 94 35 80 30 90 146 4 
15 15 2 2 160 44 0 0 12 38 106 208 236 22 240 38 182 91 239 22 240 38 162 222 4 
15 15 2 2 176 44 0 10 208 38 180 3 208 127 14 30 110 25 208 128 14 30 110 125 4 
15 15 2 2 192 44 0 22 208 30 106 20 208 38 176 252 215 135 14 31 96 241 215 57 4 
15 15 2 2 208 44 0 126 14 31 100 246 215 134 14 31 92 5 4 224 216 144 30 50 121 4 
15 15 2 2 224 44 0 31 42 249 215 38 164 3 208 30 108 30 174 234 215 18 0 17 4 
15 15 2 2 240 44 0 127 14 31 110 255 14 30 110 29 110 28 110 18 0 127 14 121 4 
15 15 2 2 0 45 0 38 190 255 14 31 110 2 208 127 14 31 110 128 14 30 110 75 4 
15 15 2 2 16 45 0 29 106 28 106 243 215 38 174 5 4 208 128 14 31 110 30 106 157 4 
15 15 2 2 32 45 0 247 215 31 106 30 106 244 215 24 80 23 16 42 16 41 16 3 4 
15 15 2 2 48 45 0 248 224 26 190 240 215 24 190 12 208 25 80 26 16 235 224 24 4 
15 15 2 2 64 45 0 216 144 41 54 42 54 23 54 24 54 25 6 216 160 26 6 22 4 
15 15 2 2 80 45 0 242 215 26 80 212 225 25 40 210 224 41 174 17 208 127 14 95 4 
15 15 2 2 96 45 0 41 20 2 225 42 160 12 208 42 42 232 106 23 34 24 34 144 4 
15 15 2 2 112 45 0 7 227 216 128 24 50 23 50 42 50 25 42 25 40 191 224 11 4 
15 15 2 2 128 45 0 25 80 201 224 42 192 28 240 23 192 29 240 24 52 30 110 139 4 
15 15 2 2 144 45 0 25 48 31 110 30 50 31 158 38 190 31 142 126 239 22 240 88 4 
15 15 2 2 160 45 0 30 54 31 54 2 227 38 132 38 126 6 225 38 128 31 106 61 4 
15 15 2 2 176 45 0 30 106 29 106 28 106 18 0 31 40 3 224 216 128 30 50 166 4 
15 15 2 2 192 45 0 18 0 216 144 30 50 2 225 38 130 18 0 38 134 18 0 234 4 
15 15 2 2 208 45 0 35 54 36 54 2 227 38 140 38 126 6 225 38 136 36 106 238 4 
15 15 2 2 224 45 0 35 106 34 106 33 106 18 0 36 40 3 224 216 128 35 50 93 4 
15 15 2 2 240 45 0 18 0 216 144 35 50 234 225 38 138 18 0 0 14 233 110 30 4 
15 15 2 2 0 46 0 234 110 5 4 0 11 236 23 240 234 42 8 14 234 92 216 164 136 4 
15 15 2 2 16 46 0 1 239 23 240 18 0 239 106 233 62 11 239 23 240 18 0 34 4 
15 15 2 2 32 46 0 255 14 227 207 9 240 9 56 5 15 11 6 5 15 216 178 7 5 15 230 4 
15 15 2 2 48 46 0 42 5 15 173 110 115 236 34 240 9 80 5 15 11 6 5 15 216 178 199 4 
15 15 2 2 64 46 0 7 5 15 42 5 15 173 110 115 236 34 240 0 12 18 0 234 207 220 4 
15 15 2 2 80 46 0 5 4 240 233 207 5 5 240 255 14 227 207 234 255 254 14 227 207 119 4 
15 15 2 2 96 46 0 233 255 64 167 65 208 238 207 160 240 238 207 161 240 238 207 54 4 
15 15 2 2 112 46 0 162 240 238 207 163 240 238 207 164 240 238 207 165 240 238 207 28 4 
15 15 2 2 128 46 0 166 240 238 207 167 240 238 207 168 240 238 207 169 240 238 207 252 4 
15 15 2 2 144 46 0 170 240 238 207 171 240 238 207 172 240 238 207 173 240 238 207 220 4 
15 15 2 2 160 46 0 174 240 238 207 175 240 238 207 176 240 238 207 177 240 238 207 188 4 
15 15 2 2 176 46 0 178 240 238 207 179 240 238 207 180 240 238 207 181 240 238 207 156 4 
15 15 2 2 192 46 0 182 240 238 207 183 240 238 207 184 240 238 207 185 240 238 207 124 4 
15 15 2 2 208 46 0 186 240 238 207 187 240 238 207 188 240 238 207 189 240 238 207 92 4 
15 15 2 2 224 46 0 190 240 238 207 191 240 64 208 238 207 128 240 238 207 129 240 105 4 
15 15 2 2 240 46 0 238 207 130 240 238 207 131 240 238 207 132 240 238 207 133 240 28 4 
15 15 2 2 0 47 0 238 207 134 240 238 207 135 240 238 207 136 240 238 207 137 240 251 4 
15 15 2 2 16 47 0 238 207 138 240 238 207 139 240 238 207 140 240 238 207 141 240 219 4 
15 15 2 2 32 47 0 238 207 142 240 238 207 143 240 238 207 144 240 238 207 145 240 187 4 
15 15 2 2 48 47 0 238 207 146 240 238 207 147 240 238 207 148 240 238 207 149 240 155 4 
15 15 2 2 64 47 0 238 207 150 240 238 207 151 240 238 207 152 240 238 207 153 240 123 4 
15 15 2 2 80 47 0 238 207 154 240 238 207 155 240 238 207 156 240 238 207 157 240 91 4 
15 15 2 2 96 47 0 238 207 158 240 238 207 159 240 5 4 192 234 255 5 5 192 233 255 124 4 
15 15 2 2 112 47 0 18 0 64 161 18 0 234 207 5 4 240 233 207 5 5 240 255 14 241 4 
15 15 2 2 128 47 0 227 207 234 255 254 14 227 207 233 255 64 169 65 208 192 192 146 4 
15 15 2 2 144 47 0 238 255 193 192 238 255 194 192 238 255 195 192 238 255 196 192 127 4 
15 15 2 2 160 47 0 238 255 197 192 238 255 198 192 238 255 199 192 238 255 200 192 95 4 
15 15 2 2 176 47 0 238 255 201 192 238 255 202 192 238 255 203 192 238 255 204 192 63 4 
15 15 2 2 192 47 0 238 255 205 192 238 255 206 192 238 255 207 192 238 255 208 192 31 4 
15 15 2 2 208 47 0 238 255 209 192 238 255 210 192 238 255 211 192 238 255 212 192 255 4 
15 15 2 2 224 47 0 238 255 213 192 238 255 214 192 238 255 215 192 238 255 216 192 223 4 
15 15 2 2 240 47 0 238 255 217 192 238 255 218 192 238 255 219 192 238 255 220 192 191 4 
15 15 2 2 0 48 0 238 255 221 192 238 255 222 192 238 255 223 192 238 255 64 208 46 4 
15 15 2 2 16 48 0 224 192 238 255 225 192 238 255 226 192 238 255 227 192 238 255 130 4 
15 15 2 2 32 48 0 228 192 238 255 229 192 238 255 230 192 238 255 231 192 238 255 98 4 
15 15 2 2 48 48 0 232 192 238 255 233 192 238 255 234 192 238 255 235 192 238 255 66 4 
15 15 2 2 64 48 0 236 192 238 255 237 192 238 255 238 192 238 255 239 192 238 255 34 4 
15 15 2 2 80 48 0 240 192 238 255 241 192 238 255 242 192 238 255 243 192 238 255 2 4 
15 15 2 2 96 48 0 244 192 238 255 245 192 238 255 246 192 238 255 247 192 238 255 226 4 
15 15 2 2 112 48 0 248 192 238 255 249 192 238 255 250 192 238 255 251 192 238 255 194 4 
15 15 2 2 128 48 0 252 192 238 255 253 192 238 255 254 192 238 255 255 192 238 255 162 4 
15 15 2 2 144 48 0 5 4 192 234 255 5 5 192 233 255 18 0 242 180 18 0 22 80 178 4 
15 15 2 2 160 48 0 5 15 10 216 180 18 0 255 14 227 207 10 240 254 14 227 207 254 4 
15 15 2 2 176 48 0 11 240 253 14 227 207 12 240 252 14 227 207 13 240 10 42 123 4 
15 15 2 2 192 48 0 22 160 141 142 11 42 22 162 143 128 12 42 22 164 143 134 58 4 
15 15 2 2 208 48 0 13 42 22 166 143 136 14 106 5 15 106 16 106 17 106 160 236 128 4 
15 15 2 2 224 48 0 24 240 10 46 118 239 24 240 22 160 141 158 11 46 123 239 187 4 
15 15 2 2 240 48 0 24 240 22 162 143 144 12 46 128 239 24 240 22 164 143 150 109 4 
15 15 2 2 0 49 0 0 0 13 46 134 239 24 240 22 166 143 152 0 0 14 46 244 4 
15 15 2 2 16 49 0 139 239 24 240 18 144 0 0 5 15 46 144 239 24 240 18 146 47 4 
15 15 2 2 32 49 0 0 0 16 46 149 239 24 240 18 148 0 0 17 46 154 239 115 4 
15 15 2 2 48 49 0 24 240 18 150 194 236 24 240 19 62 113 239 24 240 18 0 106 4 
15 15 2 2 64 49 0 215 14 19 110 0 0 0 0 0 0 0 0 184 236 24 240 121 4 
15 15 2 2 80 49 0 19 46 162 239 24 240 215 14 19 110 0 0 0 0 0 0 59 4 
15 15 2 2 96 49 0 0 0 184 236 24 240 19 46 173 239 24 240 0 0 18 0 200 4 
15 15 2 2 112 49 0 0 0 187 239 24 240 0 0 0 0 0 0 0 0 0 0 169 4 
15 15 2 2 128 49 0 0 0 18 0 3 14 20 110 0 0 20 46 196 239 24 240 169 4 
15 15 2 2 144 49 0 18 0 217 207 230 255 225 207 217 255 225 80 249 5 15 92 217 166 4 
15 15 2 2 160 49 0 11 225 251 14 219 106 252 14 219 106 1 14 243 110 249 14 43 4 
15 15 2 2 176 49 0 243 207 219 255 250 14 219 106 217 80 241 5 15 77 217 11 225 247 4 
15 15 2 2 192 49 0 243 14 219 106 244 14 219 106 1 14 243 110 241 14 243 207 77 4 
15 15 2 2 208 49 0 219 255 242 14 219 106 217 80 245 5 15 62 217 11 225 247 14 167 4 
15 15 2 2 224 49 0 219 106 248 14 219 106 1 14 243 110 245 14 243 207 219 255 76 4 
15 15 2 2 240 49 0 246 14 219 106 23 217 251 14 219 207 238 255 252 14 119 217 168 4 
15 15 2 2 0 50 0 2 14 38 217 249 14 219 207 238 255 250 14 112 217 5 4 14 186 4 
15 15 2 2 16 50 0 31 217 247 14 219 207 238 255 248 14 105 217 6 14 24 217 217 4 
15 15 2 2 32 50 0 245 14 219 207 238 255 246 14 98 217 8 14 17 217 243 14 208 4 
15 15 2 2 48 50 0 219 207 238 255 244 14 91 217 10 14 10 217 241 14 219 207 41 4 
15 15 2 2 64 50 0 238 255 242 14 219 207 237 255 52 217 239 14 219 207 238 255 102 4 
15 15 2 2 80 50 0 240 14 219 207 237 255 49 217 237 14 219 207 238 255 238 14 78 4 
15 15 2 2 96 50 0 219 207 237 255 34 217 49 14 238 110 117 14 237 110 218 216 174 4 
15 15 2 2 112 50 0 14 14 235 106 5 15 14 235 106 229 82 231 207 217 255 18 0 160 4 
15 15 2 2 128 50 0 217 207 230 255 225 207 217 255 5 4 14 225 38 222 106 221 106 141 4 
15 15 2 2 144 50 0 249 14 219 207 45 240 250 14 219 207 46 240 251 14 219 80 104 4 
15 15 2 2 160 50 0 45 92 43 110 252 14 219 80 46 88 44 110 2 14 43 192 184 4 
15 15 2 2 176 50 0 219 255 3 14 44 192 219 255 248 216 49 14 238 24 6 225 109 4 
15 15 2 2 192 50 0 117 14 237 24 3 225 253 216 223 216 255 216 238 216 238 207 184 4 
15 15 2 2 208 50 0 43 240 239 207 44 240 44 52 5 4 226 43 80 48 8 117 14 137 4 
15 15 2 2 224 50 0 44 84 10 227 226 216 215 216 216 128 46 80 5 4 231 208 14 117 4 
15 15 2 2 240 50 0 45 92 138 14 46 88 1 226 232 216 148 216 2 14 235 216 81 4 
15 15 2 2 0 51 0 145 216 238 207 47 240 239 207 48 240 2 14 219 207 29 240 223 4 
15 15 2 2 16 51 0 3 14 219 207 30 240 47 192 34 240 48 192 35 240 36 236 220 4 
15 15 2 2 32 51 0 22 240 27 192 45 240 28 192 46 240 27 192 29 240 28 192 237 4 
15 15 2 2 48 51 0 30 240 49 192 34 240 50 192 35 240 123 216 115 216 6 14 209 4 
15 15 2 2 64 51 0 208 216 179 216 238 207 47 240 239 207 48 240 107 216 5 4 14 71 4 
15 15 2 2 80 51 0 194 216 0 1 49 80 135 216 50 80 142 216 51 192 34 240 17 4 
15 15 2 2 96 51 0 52 192 35 240 102 216 94 216 10 14 114 216 238 207 53 240 170 4 
15 15 2 2 112 51 0 239 207 54 240 2 14 219 207 49 240 3 14 219 207 50 240 189 4 
15 15 2 2 128 51 0 160 216 238 80 49 92 47 110 238 80 50 88 48 110 74 216 225 4 
15 15 2 2 144 51 0 8 14 167 216 0 1 51 80 102 216 52 80 109 216 53 192 36 4 
15 15 2 2 160 51 0 34 240 54 192 35 240 69 216 123 216 131 216 116 216 46 80 121 4 
15 15 2 2 176 51 0 44 24 232 174 2 208 44 52 5 4 208 43 80 45 92 44 80 185 4 
15 15 2 2 192 51 0 46 88 5 5 226 118 216 238 207 222 255 237 207 221 255 104 216 220 4 
15 15 2 2 208 51 0 116 216 97 216 44 80 46 24 232 174 2 208 46 52 5 4 208 20 4 
15 15 2 2 224 51 0 45 80 43 92 46 80 44 88 5 5 226 103 216 238 207 222 255 35 4 
15 15 2 2 240 51 0 237 207 221 255 102 216 72 216 2 14 219 207 43 240 3 14 253 4 
15 15 2 2 0 52 0 219 207 44 240 82 216 43 80 238 38 44 80 237 34 72 216 158 4 
15 15 2 2 16 52 0 43 192 243 255 44 192 244 255 217 207 225 255 229 82 231 207 135 4 
15 15 2 2 32 52 0 217 255 18 0 253 14 219 207 233 255 254 14 219 207 234 255 130 4 
15 15 2 2 48 52 0 18 0 202 236 21 240 29 192 43 240 30 192 44 240 217 207 49 4 
15 15 2 2 64 52 0 233 255 218 207 234 255 29 80 238 38 44 80 237 34 18 0 240 4 
15 15 2 2 80 52 0 233 38 0 14 234 34 18 0 233 110 255 14 218 32 234 110 135 4 
15 15 2 2 96 52 0 238 80 237 16 18 0 47 2 243 207 45 240 244 207 46 240 42 4 
15 15 2 2 112 52 0 48 2 243 80 46 38 18 0 47 2 243 80 46 38 45 192 200 4 
15 15 2 2 128 52 0 29 240 46 192 30 240 18 0 2 14 219 207 238 255 3 14 117 4 
15 15 2 2 144 52 0 219 207 237 255 18 0 238 207 45 240 239 207 46 240 18 0 200 4 
15 15 2 2 160 52 0 222 207 43 240 221 207 44 240 18 0 188 223 12 14 40 239 186 4 
15 15 2 2 176 52 0 26 240 184 223 16 14 40 239 26 240 180 223 18 14 40 239 110 4 
15 15 2 2 192 52 0 26 240 176 223 14 14 40 239 26 240 172 223 12 14 235 106 56 4 
15 15 2 2 208 52 0 13 14 235 106 18 0 188 223 238 207 49 240 239 207 50 240 29 4 
15 15 2 2 224 52 0 18 0 182 223 238 207 51 240 239 207 52 240 18 0 219 207 195 4 
15 15 2 2 240 52 0 237 255 18 239 26 240 124 217 230 82 200 14 2 1 170 111 98 4 
15 15 2 2 0 53 0 171 107 5 5 14 174 111 1 14 175 111 5 4 14 172 111 173 107 5 15 4 
15 15 2 2 16 53 0 223 106 174 81 223 92 8 226 223 80 115 217 238 106 238 106 31 4 
15 15 2 2 32 53 0 238 106 238 106 223 42 245 215 206 107 207 107 208 107 1 14 101 4 
15 15 2 2 48 53 0 194 110 193 106 134 14 192 110 159 156 158 156 157 140 170 194 112 4 
15 15 2 2 64 53 0 230 255 171 194 230 255 11 216 229 82 229 82 229 82 85 209 162 4 
15 15 2 2 80 53 0 79 217 230 82 70 216 157 156 194 106 229 82 78 209 72 217 29 4 
15 15 2 2 96 53 0 253 14 219 207 29 240 254 14 219 207 30 240 29 80 2 225 145 4 
15 15 2 2 112 53 0 25 14 30 24 40 224 128 14 29 24 2 225 12 14 30 24 252 4 
15 15 2 2 128 53 0 30 224 64 14 29 24 2 225 6 14 30 24 22 224 32 14 117 4 
15 15 2 2 144 53 0 29 24 2 225 3 14 30 24 14 224 144 14 29 24 2 225 52 4 
15 15 2 2 160 53 0 1 14 30 24 6 224 200 14 29 24 17 225 30 80 5 15 225 161 4 
15 15 2 2 176 53 0 14 208 82 14 9 208 82 14 3 208 81 14 5 5 208 81 14 58 4 
15 15 2 2 192 53 0 202 110 69 14 7 208 80 14 202 110 140 14 3 208 106 14 42 4 
15 15 2 2 208 53 0 202 110 221 14 203 110 204 106 159 146 158 146 157 130 202 132 151 4 
15 15 2 2 224 53 0 12 209 157 146 202 148 18 0 3 217 2 14 225 38 254 14 108 4 
15 15 2 2 240 53 0 219 207 43 240 2 1 174 81 216 128 43 84 12 227 157 156 17 4 
15 15 2 2 0 54 0 254 14 219 5 4 233 110 234 106 16 217 238 207 222 255 237 207 241 4 
15 15 2 2 16 54 0 221 255 157 140 2 208 222 106 221 106 222 207 43 240 221 207 220 4 
15 15 2 2 32 54 0 44 240 43 192 243 255 44 192 244 255 217 207 225 255 229 208 145 4 
15 15 2 2 48 54 0 223 216 253 14 219 207 43 240 254 14 219 207 44 240 45 106 166 4 
15 15 2 2 64 54 0 46 106 136 14 32 110 19 14 33 110 34 106 35 106 43 192 22 4 
15 15 2 2 80 54 0 27 240 44 192 28 240 45 192 29 240 46 192 30 240 170 236 231 4 
15 15 2 2 96 54 0 38 240 23 192 43 240 24 192 44 240 25 192 45 240 26 192 154 4 
15 15 2 2 112 54 0 46 240 32 106 8 14 33 110 34 106 35 106 23 192 27 240 14 4 
15 15 2 2 128 54 0 24 192 28 240 25 192 29 240 26 192 30 240 240 236 21 240 179 4 
15 15 2 2 144 54 0 27 192 43 240 28 192 44 240 29 192 45 240 30 192 46 240 82 4 
15 15 2 2 160 54 0 27 192 243 255 28 192 244 255 168 208 162 216 230 82 157 156 39 4 
15 15 2 2 176 54 0 255 194 223 255 157 140 223 80 229 82 159 208 157 156 2 1 61 4 
15 15 2 2 192 54 0 255 107 157 140 18 0 194 130 18 0 146 216 5 5 14 225 38 135 4 
15 15 2 2 208 54 0 196 80 222 110 221 106 217 207 233 255 218 207 234 255 238 80 239 4 
15 15 2 2 224 54 0 237 110 239 106 195 80 222 38 0 14 221 34 222 207 43 240 70 4 
15 15 2 2 240 54 0 221 207 44 240 45 106 46 106 2 1 208 81 130 216 43 80 230 4 
15 15 2 2 0 55 0 238 38 44 80 238 34 45 80 238 34 46 80 238 34 208 43 5 15 4 
15 15 2 2 16 55 0 174 81 208 93 5 4 227 208 107 206 43 0 14 207 35 2 14 94 4 
15 15 2 2 32 55 0 208 194 219 255 219 80 5 4 13 2 14 243 207 219 255 219 128 246 4 
15 15 2 2 48 55 0 219 80 194 110 172 81 206 93 173 81 207 89 74 227 3 14 174 4 
15 15 2 2 64 55 0 219 106 5 4 14 219 106 103 216 44 174 2 208 216 144 3 208 195 4 
15 15 2 2 80 55 0 43 92 0 14 44 88 32 226 63 216 2 1 175 81 31 11 22 4 
15 15 2 2 96 55 0 238 207 43 240 238 207 44 240 238 207 45 240 238 207 46 240 255 4 
15 15 2 2 112 55 0 7 224 216 144 46 50 45 50 44 50 43 50 232 6 249 225 196 4 
15 15 2 2 128 55 0 92 216 83 216 43 192 238 255 44 192 237 255 3 14 219 42 32 4 
15 15 2 2 144 55 0 5 4 14 217 227 219 42 215 215 3 14 219 106 5 4 14 219 106 7 4 
15 15 2 2 160 55 0 58 216 44 174 2 208 216 144 3 208 43 92 0 14 44 88 19 4 
15 15 2 2 176 55 0 11 226 18 216 238 106 238 106 238 106 238 106 3 14 219 42 200 4 
15 15 2 2 192 55 0 5 4 14 238 227 219 42 236 215 2 1 255 43 2 1 206 107 241 4 
15 15 2 2 208 55 0 207 107 217 207 225 255 17 208 48 216 216 144 233 54 234 54 163 4 
15 15 2 2 224 55 0 216 144 233 54 234 54 176 14 233 38 2 14 234 34 18 0 67 4 
15 15 2 2 240 55 0 217 207 230 255 225 207 217 255 18 0 229 82 231 207 217 255 233 4 
15 15 2 2 0 56 0 18 0 5 4 13 243 207 233 255 244 207 234 255 176 14 233 38 126 4 
15 15 2 2 16 56 0 2 14 234 34 18 0 3 14 219 207 43 240 5 4 14 219 207 244 4 
15 15 2 2 32 56 0 44 240 2 1 174 81 0 1 18 0 216 144 233 54 234 54 204 4 
15 15 2 2 48 56 0 196 14 233 38 2 14 234 34 18 0 3 14 219 207 233 255 226 4 
15 15 2 2 64 56 0 5 4 14 219 207 234 255 18 0 216 207 228 255 224 207 228 255 177 4 
15 15 2 2 80 56 0 228 110 218 207 228 255 226 207 218 255 233 207 228 255 234 207 184 4 
15 15 2 2 96 56 0 228 255 243 207 228 255 244 207 228 255 0 238 43 240 12 14 19 4 
15 15 2 2 112 56 0 232 5 4 3 227 238 207 228 255 251 215 230 82 217 207 230 255 75 4 
15 15 2 2 128 56 0 225 207 217 255 3 14 225 38 242 80 5 4 11 7 224 242 80 42 4 
15 15 2 2 144 56 0 32 11 5 4 224 242 148 165 236 37 240 176 208 158 80 1 11 127 4 
15 15 2 2 160 56 0 7 224 157 80 1 11 5 4 224 158 144 166 236 37 240 166 208 21 4 
15 15 2 2 176 56 0 158 80 2 11 5 4 224 157 80 2 11 1 224 152 208 161 80 1 4 
15 15 2 2 192 56 0 2 11 7 224 160 80 2 11 5 4 224 161 146 167 236 37 240 84 4 
15 15 2 2 208 56 0 149 208 164 80 8 11 7 224 163 80 8 11 5 4 224 164 150 125 4 
15 15 2 2 224 56 0 168 236 37 240 139 208 240 80 2 11 7 224 240 80 16 11 81 4 
15 15 2 2 240 56 0 5 4 224 240 146 175 236 37 240 129 208 240 80 5 4 11 7 224 55 4 
15 15 2 2 0 57 0 240 80 32 11 5 4 224 240 148 186 236 37 240 119 208 242 80 172 4 
15 15 2 2 16 57 0 1 11 67 224 242 80 8 11 64 224 129 80 223 110 242 144 111 4 
15 15 2 2 32 57 0 223 80 3 1 85 25 231 110 1 14 231 207 219 255 223 207 96 4 
15 15 2 2 48 57 0 85 243 219 168 10 208 16 14 223 20 2 224 1 14 1 208 27 4 
15 15 2 2 64 57 0 0 14 230 110 197 236 37 240 229 82 1 14 219 170 10 208 182 4 
15 15 2 2 80 57 0 32 14 223 20 2 224 1 14 1 208 0 14 230 110 198 236 124 4 
15 15 2 2 96 57 0 37 240 229 82 1 14 219 172 10 208 64 14 223 20 2 224 132 4 
15 15 2 2 112 57 0 1 14 1 208 0 14 230 110 199 236 37 240 229 82 1 14 3 4 
15 15 2 2 128 57 0 219 174 60 208 128 14 223 20 2 224 1 14 1 208 0 14 93 4 
15 15 2 2 144 57 0 230 110 200 236 37 240 229 82 49 208 158 80 64 11 3 224 194 4 
15 15 2 2 160 57 0 157 80 64 11 40 225 158 80 32 11 3 224 157 80 32 11 206 4 
15 15 2 2 176 57 0 21 225 164 80 32 11 3 224 163 80 32 11 18 225 158 80 28 4 
15 15 2 2 192 57 0 16 11 3 224 157 80 16 11 5 15 225 164 80 16 11 22 224 8 4 
15 15 2 2 208 57 0 163 80 16 11 19 224 0 236 32 240 16 208 170 236 31 240 113 4 
15 15 2 2 224 57 0 13 208 201 236 31 240 10 208 232 236 31 240 7 208 158 146 126 4 
15 15 2 2 240 57 0 99 236 27 240 3 208 158 156 101 236 27 240 217 207 225 255 136 4 
15 15 2 2 0 58 0 229 82 231 207 217 255 229 82 0 238 54 240 12 14 232 5 4 172 4 
15 15 2 2 16 58 0 3 227 229 207 237 255 251 215 229 207 244 255 229 207 243 255 13 4 
15 15 2 2 32 58 0 229 207 234 255 229 207 233 255 229 207 218 255 229 80 229 207 243 4 
15 15 2 2 48 58 0 224 255 229 207 216 255 16 0 2 1 127 14 5 15 111 14 111 141 4 
15 15 2 2 64 58 0 7 111 6 111 5 5 111 5 4 111 140 156 141 156 140 154 141 154 18 4 
15 15 2 2 80 58 0 140 152 141 152 140 150 141 150 23 236 19 240 53 236 32 240 173 4 
15 15 2 2 96 58 0 160 236 29 240 2 1 33 173 97 208 97 216 2 1 64 161 170 4 
15 15 2 2 112 58 0 249 215 32 14 230 110 2 14 230 110 106 236 11 240 229 82 20 4 
15 15 2 2 128 58 0 229 82 3 1 86 43 0 14 87 35 88 35 89 35 220 236 63 4 
15 15 2 2 144 58 0 18 240 2 1 65 111 0 14 3 1 89 25 232 174 2 208 145 4 
15 15 2 2 160 58 0 89 53 9 208 190 14 216 128 86 85 0 14 87 85 0 14 36 4 
15 15 2 2 176 58 0 88 85 0 14 89 85 27 226 136 80 8 11 24 225 136 80 240 4 
15 15 2 2 192 58 0 2 11 6 224 136 80 5 4 11 3 225 200 236 29 240 23 208 156 4 
15 15 2 2 208 58 0 136 80 2 11 3 225 136 80 5 4 11 6 225 136 80 2 11 118 4 
15 15 2 2 224 58 0 14 224 136 80 5 4 11 11 224 72 236 19 240 8 208 2 1 16 4 
15 15 2 2 240 58 0 127 14 5 15 111 14 111 6 111 5 4 111 7 111 5 5 111 19 194 163 4 
15 15 2 2 0 59 0 230 255 18 194 230 255 17 194 230 255 16 194 230 255 77 236 123 4 
15 15 2 2 16 59 0 24 240 229 82 229 82 229 82 229 82 0 14 230 110 2 14 91 4 
15 15 2 2 32 59 0 230 110 131 236 11 240 229 82 229 82 156 215 18 0 85 236 175 4 
15 15 2 2 48 59 0 27 240 0 9 5 4 224 247 236 33 240 94 236 27 240 18 0 62 4 
15 15 2 2 64 59 0 206 14 230 110 230 104 50 14 42 217 2 14 230 110 230 106 12 4 
15 15 2 2 80 59 0 250 14 230 110 230 106 0 14 230 110 230 106 8 14 31 217 5 5 4 
15 15 2 2 96 59 0 128 14 230 110 2 14 53 217 196 14 230 110 230 104 60 14 163 4 
15 15 2 2 112 59 0 230 110 230 106 20 14 19 217 230 110 230 106 0 14 230 110 153 4 
15 15 2 2 128 59 0 230 106 10 14 12 217 148 14 230 110 2 14 233 239 30 240 8 4 
15 15 2 2 144 59 0 217 207 230 255 225 207 217 255 5 5 14 225 38 155 236 33 240 106 4 
15 15 2 2 160 59 0 27 192 222 255 28 192 221 255 2 14 219 106 94 195 43 240 32 4 
15 15 2 2 176 59 0 44 106 43 190 44 104 21 217 65 194 45 240 46 106 45 190 109 4 
15 15 2 2 192 59 0 46 104 45 192 230 255 46 192 230 255 224 14 47 110 72 14 229 4 
15 15 2 2 208 59 0 48 110 49 106 47 192 230 255 230 110 49 192 230 255 30 236 176 4 
15 15 2 2 224 59 0 38 240 245 110 7 14 225 94 245 80 2 1 65 81 2 224 88 4 
15 15 2 2 240 59 0 3 1 94 107 3 1 94 81 7 225 2 1 127 14 6 111 100 4 
15 15 2 2 0 60 0 5 4 111 7 111 5 5 111 186 208 141 136 140 152 92 29 9 225 61 4 
15 15 2 2 16 60 0 93 29 7 225 133 14 2 1 168 111 169 107 3 1 92 107 194 4 
15 15 2 2 32 60 0 93 107 65 194 43 240 44 106 43 190 44 104 218 216 217 14 14 4 
15 15 2 2 48 60 0 45 110 72 14 186 216 5 5 14 225 94 245 80 92 195 230 255 114 4 
15 15 2 2 64 60 0 93 195 230 255 197 14 43 110 72 14 158 216 5 5 14 225 94 241 4 
15 15 2 2 80 60 0 245 80 182 216 181 14 43 110 72 14 150 216 7 14 225 94 41 4 
15 15 2 2 96 60 0 245 80 34 195 230 255 35 195 230 255 32 195 230 255 33 195 218 4 
15 15 2 2 112 60 0 230 255 163 14 43 110 72 14 135 216 7 14 225 94 245 80 211 4 
15 15 2 2 128 60 0 2 14 3 1 92 25 1 225 93 81 114 224 1 14 92 25 81 4 
15 15 2 2 144 60 0 1 225 93 81 20 224 92 81 113 225 93 81 111 225 0 14 161 4 
15 15 2 2 160 60 0 3 1 34 111 35 107 3 1 32 111 33 107 2 1 49 14 156 4 
15 15 2 2 176 60 0 140 111 117 14 141 111 1 14 3 1 92 111 93 107 128 216 152 4 
15 15 2 2 192 60 0 128 14 230 110 2 14 230 110 64 236 25 240 245 110 6 14 14 4 
15 15 2 2 208 60 0 225 94 245 80 2 14 243 207 219 255 219 207 230 255 57 14 234 4 
15 15 2 2 224 60 0 229 82 216 128 231 84 2 1 6 111 5 4 111 2 14 219 207 113 4 
15 15 2 2 240 60 0 230 255 197 14 229 82 216 128 231 84 7 111 5 5 111 3 1 96 4 
15 15 2 2 0 61 0 32 81 3 1 34 37 43 110 3 1 33 81 3 1 35 33 172 4 
15 15 2 2 16 61 0 44 110 2 14 29 110 30 106 168 194 34 240 169 194 35 240 248 4 
15 15 2 2 32 61 0 36 236 22 240 27 192 45 240 28 192 46 240 44 80 28 24 231 4 
15 15 2 2 48 61 0 232 174 2 208 46 52 5 4 208 45 80 43 92 46 80 44 88 235 4 
15 15 2 2 64 61 0 5 4 227 2 14 3 1 92 111 93 107 142 194 230 255 143 194 107 4 
15 15 2 2 80 61 0 230 255 2 14 219 207 43 240 44 106 43 190 44 104 65 216 137 4 
15 15 2 2 96 61 0 148 14 45 110 72 14 33 216 7 14 225 94 245 80 6 208 100 4 
15 15 2 2 112 61 0 2 1 127 14 7 111 5 5 111 6 111 5 4 111 217 207 225 255 101 4 
15 15 2 2 128 61 0 229 82 231 207 217 255 18 0 44 110 45 106 43 192 230 255 103 4 
15 15 2 2 144 61 0 230 110 45 192 230 255 30 236 38 240 245 110 18 0 230 110 32 4 
15 15 2 2 160 61 0 230 106 1 14 230 110 230 106 18 0 46 110 47 106 45 192 232 4 
15 15 2 2 176 61 0 230 255 230 110 47 192 230 255 30 236 38 240 245 110 18 0 109 4 
15 15 2 2 192 61 0 90 195 230 255 91 195 230 255 222 207 230 255 221 207 230 255 215 4 
15 15 2 2 208 61 0 18 0 230 110 201 236 24 240 245 110 18 14 225 94 245 80 197 4 
15 15 2 2 224 61 0 18 0 43 192 230 255 44 192 230 255 18 0 21 14 175 110 218 4 
15 15 2 2 240 61 0 172 132 157 154 157 152 172 152 172 158 148 142 171 156 171 150 251 4 
15 15 2 2 0 62 0 171 138 171 136 159 154 157 138 3 1 112 105 113 105 148 156 5 15 4 
15 15 2 2 16 62 0 172 156 172 150 159 152 157 136 172 138 171 142 18 0 64 14 249 4 
15 15 2 2 32 62 0 111 110 108 148 163 154 163 152 108 152 108 158 152 132 107 156 24 4 
15 15 2 2 48 62 0 107 150 107 138 107 136 165 154 163 138 3 1 112 105 113 105 130 4 
15 15 2 2 64 62 0 152 146 108 156 108 150 165 152 163 136 108 138 107 142 18 0 225 4 
15 15 2 2 80 62 0 7 217 230 82 157 154 229 193 223 255 157 138 223 80 229 82 14 4 
15 15 2 2 96 62 0 251 208 254 216 230 82 163 154 241 193 223 255 163 138 223 80 92 4 
15 15 2 2 112 62 0 229 82 242 208 245 216 230 82 1 1 226 81 2 224 0 14 43 4 
15 15 2 2 128 62 0 21 208 227 81 234 106 0 5 15 233 110 1 14 234 34 239 207 146 4 
15 15 2 2 144 62 0 223 255 229 7 227 43 31 14 227 23 157 154 228 81 227 93 131 4 
15 15 2 2 160 62 0 2 225 1 14 226 111 157 138 225 107 223 80 229 82 212 208 94 4 
15 15 2 2 176 62 0 215 216 230 82 1 1 238 81 2 224 0 14 21 208 239 81 209 4 
15 15 2 2 192 62 0 234 106 64 5 15 233 110 1 14 234 34 239 207 223 255 241 7 85 4 
15 15 2 2 208 62 0 239 43 31 14 239 23 163 154 240 81 239 93 2 225 1 14 229 4 
15 15 2 2 224 62 0 238 111 163 138 237 107 223 80 229 82 182 208 185 216 1 1 125 4 
15 15 2 2 240 62 0 232 81 253 225 235 81 234 106 32 5 15 233 110 1 14 234 34 134 4 
15 15 2 2 0 63 0 254 14 219 207 239 255 236 43 235 43 31 14 235 23 157 152 136 4 
15 15 2 2 16 63 0 235 81 234 93 2 225 1 14 232 111 157 136 233 107 156 208 252 4 
15 15 2 2 32 63 0 159 216 1 1 244 81 253 225 247 81 234 106 96 5 15 233 110 159 4 
15 15 2 2 48 63 0 1 14 234 34 254 14 219 207 239 255 248 43 247 43 31 14 92 4 
15 15 2 2 64 63 0 247 23 163 152 247 81 246 93 2 225 1 14 244 111 163 136 25 4 
15 15 2 2 80 63 0 245 107 130 208 1 1 225 81 2 224 157 154 18 0 228 81 39 4 
15 15 2 2 96 63 0 234 106 0 5 15 233 110 1 14 234 34 174 207 239 255 171 162 208 4 
15 15 2 2 112 63 0 3 208 171 152 171 136 230 43 171 180 231 43 229 43 228 43 99 4 
15 15 2 2 128 63 0 31 14 228 23 228 81 227 93 2 225 1 14 225 111 226 107 17 4 
15 15 2 2 144 63 0 18 0 1 1 237 81 2 224 163 154 18 0 240 81 234 106 21 4 
15 15 2 2 160 63 0 64 5 15 233 110 1 14 234 34 110 207 239 255 107 162 3 208 81 4 
15 15 2 2 176 63 0 107 152 107 136 242 43 107 180 243 43 241 43 240 43 31 14 89 4 
15 15 2 2 192 63 0 240 23 240 81 239 93 2 225 1 14 237 111 238 107 18 0 176 4 
15 15 2 2 208 63 0 1 1 233 81 2 224 157 152 18 0 234 81 234 106 32 5 15 202 4 
15 15 2 2 224 63 0 233 110 1 14 234 34 239 80 173 110 236 7 234 43 31 14 220 4 
15 15 2 2 240 63 0 234 23 235 81 234 93 2 225 1 14 233 111 232 107 18 0 154 4 
15 15 2 2 0 64 0 1 1 245 81 2 224 163 152 18 0 246 81 234 106 96 5 15 59 4 
15 15 2 2 16 64 0 233 110 1 14 234 34 239 80 109 110 248 7 246 43 31 14 211 4 
15 15 2 2 32 64 0 246 23 247 81 246 93 2 225 1 14 245 111 244 107 18 0 45 4 
15 15 2 2 48 64 0 23 216 1 1 224 81 5 15 224 224 5 5 5 5 225 254 14 219 207 250 4 
15 15 2 2 64 64 0 230 255 84 223 7 208 2 14 224 93 5 5 225 254 14 219 207 164 4 
15 15 2 2 80 64 0 230 255 102 223 229 82 0 208 229 82 231 207 217 255 18 0 100 4 
15 15 2 2 96 64 0 217 207 230 255 225 207 217 255 18 0 131 14 230 110 230 104 2 4 
15 15 2 2 112 64 0 125 14 230 110 230 106 10 14 230 110 230 106 1 14 230 110 254 4 
15 15 2 2 128 64 0 230 106 208 14 230 110 7 14 230 110 1 14 230 110 230 106 158 4 
15 15 2 2 144 64 0 230 110 230 106 2 14 230 110 230 106 0 14 230 110 3 14 97 4 
15 15 2 2 160 64 0 230 110 201 236 24 240 245 110 18 14 225 94 245 80 18 0 242 4 
15 15 2 2 176 64 0 217 207 230 255 225 207 217 255 5 5 14 225 38 230 110 244 236 169 4 
15 15 2 2 192 64 0 26 240 229 82 3 14 243 207 219 255 5 4 14 244 207 219 255 95 4 
15 15 2 2 208 64 0 2 1 33 189 27 208 115 14 40 93 9 227 40 81 139 8 34 4 
15 15 2 2 224 64 0 6 227 34 81 64 11 3 225 34 81 128 11 3 224 3 1 108 4 
15 15 2 2 240 64 0 108 107 12 208 35 173 3 208 3 1 1 14 5 4 208 35 171 193 4 
15 15 2 2 0 65 0 5 4 208 3 1 2 14 108 111 1 208 2 1 204 216 82 14 32 4 
15 15 2 2 16 65 0 43 110 73 14 178 216 3 1 108 81 9 225 39 194 14 242 157 4 
15 15 2 2 32 65 0 2 1 34 189 141 152 34 175 101 208 141 136 99 208 108 81 137 4 
15 15 2 2 48 65 0 3 10 17 224 1 10 11 224 3 10 21 225 186 14 193 216 51 4 
15 15 2 2 64 65 0 5 4 14 243 110 2 14 243 207 219 255 141 152 12 208 56 14 21 4 
15 15 2 2 80 65 0 184 216 5 4 14 3 208 94 14 180 216 3 14 243 110 2 14 124 4 
15 15 2 2 96 65 0 243 207 219 255 141 136 1 14 219 207 45 240 2 14 219 207 26 4 
15 15 2 2 112 65 0 46 240 3 14 219 80 45 92 43 110 5 4 14 219 80 46 88 12 4 
15 15 2 2 128 65 0 44 110 216 144 232 80 5 4 230 5 4 14 43 92 0 14 44 88 236 4 
15 15 2 2 144 65 0 26 226 1 14 219 207 49 240 2 14 219 207 50 240 3 14 104 4 
15 15 2 2 160 65 0 219 80 49 92 47 110 5 4 14 219 80 50 88 48 110 232 52 69 4 
15 15 2 2 176 65 0 5 4 227 47 80 252 8 255 14 48 84 5 5 226 3 1 49 14 230 4 
15 15 2 2 192 65 0 12 111 117 14 13 111 118 216 110 216 0 14 230 110 3 14 122 4 
15 15 2 2 208 65 0 230 110 64 236 25 240 245 110 6 14 225 94 245 80 243 80 36 4 
15 15 2 2 224 65 0 223 110 127 14 223 36 2 1 14 111 100 216 67 14 43 110 88 4 
15 15 2 2 240 65 0 73 14 67 216 141 80 16 11 2 224 140 152 1 208 140 136 118 4 
15 15 2 2 0 66 0 2 1 14 81 230 110 230 106 56 14 43 110 73 14 53 216 113 4 
15 15 2 2 16 66 0 217 207 225 255 229 82 231 207 217 255 18 0 3 1 109 81 137 4 
15 15 2 2 32 66 0 3 10 32 224 1 10 22 224 3 10 14 224 1 10 30 225 135 4 
15 15 2 2 48 66 0 145 128 141 140 2 1 35 161 25 208 145 144 0 14 3 1 125 4 
15 15 2 2 64 66 0 110 111 111 107 1 14 5 4 208 145 144 37 216 5 15 227 2 14 192 4 
15 15 2 2 80 66 0 109 111 12 208 141 156 130 160 9 208 3 14 109 111 110 107 200 4 
15 15 2 2 96 66 0 111 107 5 4 208 145 128 23 216 1 227 109 107 145 80 1 11 3 4 
15 15 2 2 112 66 0 2 224 140 158 18 0 140 142 18 0 44 110 45 106 43 192 228 4 
15 15 2 2 128 66 0 230 255 230 110 45 192 230 255 30 236 38 240 245 110 5 5 14 153 4 
15 15 2 2 144 66 0 225 94 245 80 18 0 110 43 0 14 111 35 19 14 110 93 111 4 
15 15 2 2 160 66 0 0 14 111 89 18 0 3 14 219 207 230 255 5 4 14 219 207 214 4 
15 15 2 2 176 66 0 230 255 18 0 1 14 219 207 230 255 2 14 219 207 230 255 214 4 
15 15 2 2 192 66 0 18 0 243 110 1 14 243 207 219 255 18 0 3 1 40 107 51 4 
15 15 2 2 208 66 0 41 107 42 107 43 107 50 107 18 0 38 195 27 240 39 195 158 4 
15 15 2 2 224 66 0 28 240 29 106 30 106 28 174 2 208 29 104 30 104 240 216 80 4 
15 15 2 2 240 66 0 8 14 233 216 27 192 43 240 28 192 44 240 195 14 44 2 6 4 
15 15 2 2 0 67 0 243 207 44 240 3 14 43 2 243 80 44 38 195 14 43 2 10 4 
15 15 2 2 16 67 0 243 207 43 240 244 80 44 38 232 14 34 110 3 14 35 110 14 4 
15 15 2 2 32 67 0 243 207 29 240 44 192 30 240 202 236 21 240 29 192 243 255 70 4 
15 15 2 2 48 67 0 30 192 244 255 18 0 40 195 27 240 41 195 28 240 42 195 203 4 
15 15 2 2 64 67 0 29 240 43 195 30 240 196 216 80 14 189 216 195 14 32 110 130 4 
15 15 2 2 80 67 0 3 14 33 110 171 216 232 14 32 110 3 14 99 239 34 240 77 4 
15 15 2 2 96 67 0 3 1 50 81 8 225 44 107 45 107 46 107 47 107 48 107 236 4 
15 15 2 2 112 67 0 49 107 1 14 50 111 18 0 3 1 50 5 5 30 225 48 195 190 4 
15 15 2 2 128 67 0 43 240 49 195 44 240 45 106 46 106 44 195 27 240 45 195 245 4 
15 15 2 2 144 67 0 28 240 46 195 29 240 47 195 30 240 48 195 32 240 49 195 40 4 
15 15 2 2 160 67 0 33 240 45 192 34 240 46 192 35 240 174 236 39 240 27 192 124 4 
15 15 2 2 176 67 0 36 243 28 192 37 243 3 1 50 107 18 0 36 195 243 255 114 4 
15 15 2 2 192 67 0 37 195 244 255 18 0 217 207 230 255 225 207 217 255 253 14 236 4 
15 15 2 2 208 67 0 219 207 36 243 254 14 219 207 37 243 229 82 231 207 217 255 149 4 
15 15 2 2 224 67 0 18 0 3 1 40 107 41 107 42 107 43 107 18 0 217 207 183 4 
15 15 2 2 240 67 0 230 255 225 207 217 255 2 14 225 38 3 1 50 5 5 18 225 23 4 
15 15 2 2 0 68 0 1 14 230 110 244 236 26 240 229 82 243 80 3 1 44 39 154 4 
15 15 2 2 16 68 0 0 1 244 80 3 1 45 35 0 14 46 35 47 35 48 43 3 4 
15 15 2 2 32 68 0 49 35 62 208 1 14 230 110 244 236 26 240 229 82 3 1 174 4 
15 15 2 2 48 68 0 36 81 243 92 43 110 37 81 244 88 43 192 222 255 221 110 86 4 
15 15 2 2 64 68 0 222 207 43 240 221 207 44 240 216 128 44 80 5 4 231 248 14 35 4 
15 15 2 2 80 68 0 43 92 255 14 44 88 11 227 222 207 45 240 221 207 46 240 206 4 
15 15 2 2 96 68 0 46 52 28 226 45 80 8 8 0 14 46 84 23 226 222 207 53 4 
15 15 2 2 112 68 0 38 243 221 207 39 243 222 207 43 240 221 207 44 240 45 106 66 4 
15 15 2 2 128 68 0 46 106 44 174 2 208 45 104 46 104 43 80 40 39 44 80 131 4 
15 15 2 2 144 68 0 41 35 45 80 42 35 46 80 43 35 2 208 38 107 39 107 81 4 
15 15 2 2 160 68 0 217 207 225 255 229 82 231 207 217 255 18 0 34 106 35 106 160 4 
15 15 2 2 176 68 0 170 236 38 240 23 192 27 240 24 192 28 240 25 192 29 240 176 4 
15 15 2 2 192 68 0 26 192 30 240 18 0 33 110 34 106 35 106 240 239 21 240 114 4 
15 15 2 2 208 68 0 116 14 32 110 5 5 14 33 110 233 223 5 5 14 32 110 33 106 66 4 
15 15 2 2 224 68 0 229 223 32 106 18 0 158 168 254 215 18 0 180 216 254 14 179 4 
15 15 2 2 240 68 0 219 207 230 255 16 236 23 240 229 82 169 208 172 216 3 1 254 4 
15 15 2 2 0 69 0 225 80 253 5 15 100 111 255 14 218 32 101 111 1 14 234 106 105 4 
15 15 2 2 16 69 0 100 37 233 110 101 81 234 34 163 216 100 195 233 255 101 195 83 4 
15 15 2 2 32 69 0 234 255 158 216 148 208 151 216 3 1 102 107 26 14 102 93 165 4 
15 15 2 2 48 69 0 13 226 253 14 219 207 233 255 219 42 254 14 219 207 234 255 87 4 
15 15 2 2 64 69 0 1 227 219 42 141 216 3 1 102 43 240 215 128 208 3 1 121 4 
15 15 2 2 80 69 0 32 14 100 111 2 14 101 111 2 1 32 81 3 1 104 111 51 4 
15 15 2 2 96 69 0 105 107 106 81 104 25 2 225 107 81 105 25 22 224 2 1 45 4 
15 15 2 2 112 69 0 64 181 14 208 106 195 230 255 16 236 23 240 229 82 104 195 253 4 
15 15 2 2 128 69 0 230 255 16 236 23 240 229 82 13 14 173 110 172 223 2 1 84 4 
15 15 2 2 144 69 0 64 149 104 195 106 243 105 195 107 243 3 1 106 43 0 14 153 4 
15 15 2 2 160 69 0 107 35 107 53 7 226 106 81 255 8 0 14 107 85 2 226 140 4 
15 15 2 2 176 69 0 106 107 107 107 18 0 21 14 230 110 60 14 230 110 124 236 205 4 
15 15 2 2 192 69 0 39 240 229 82 229 82 50 14 230 110 60 236 40 240 229 82 103 4 
15 15 2 2 208 69 0 18 0 65 216 254 14 219 207 103 243 72 208 60 216 2 14 112 4 
15 15 2 2 224 69 0 225 38 5 15 14 230 110 254 14 219 80 127 11 254 11 253 11 141 4 
15 15 2 2 240 69 0 230 110 241 14 230 110 226 236 38 240 229 82 229 82 229 82 151 4 
15 15 2 2 0 70 0 10 14 230 110 90 236 40 240 229 82 113 236 40 240 7 236 77 4 
15 15 2 2 16 70 0 5 4 240 0 9 252 225 210 236 39 240 110 236 40 240 196 80 113 4 
15 15 2 2 32 70 0 45 110 46 110 45 106 195 80 0 1 45 16 43 110 46 192 240 4 
15 15 2 2 48 70 0 44 240 222 110 46 192 221 255 222 207 43 240 221 207 44 240 196 4 
15 15 2 2 64 70 0 43 192 243 255 44 192 244 255 217 207 225 255 5 15 208 13 14 56 4 
15 15 2 2 80 70 0 173 110 73 223 11 208 217 207 230 255 225 207 217 255 18 0 33 4 
15 15 2 2 96 70 0 239 80 230 110 16 236 23 240 229 82 18 0 229 82 231 207 138 4 
15 15 2 2 112 70 0 217 255 18 0 0 14 3 1 66 111 67 107 64 111 65 107 144 4 
15 15 2 2 128 70 0 18 0 3 1 64 43 0 14 65 35 2 1 0 159 0 157 5 4 4 
15 15 2 2 144 70 0 3 1 216 144 65 81 5 4 230 0 14 64 93 5 4 14 65 89 231 4 
15 15 2 2 160 70 0 3 226 2 1 0 141 2 208 2 1 0 143 3 1 216 144 209 4 
15 15 2 2 176 70 0 65 81 5 4 230 0 14 64 93 5 4 14 65 89 38 226 64 81 154 4 
15 15 2 2 192 70 0 1 11 35 224 5 5 194 230 255 118 216 190 236 36 240 229 82 248 4 
15 15 2 2 208 70 0 229 82 229 82 5 4 194 230 255 64 195 230 255 65 195 230 255 252 4 
15 15 2 2 224 70 0 190 236 36 240 229 82 229 82 229 82 2 1 5 4 81 230 110 199 4 
15 15 2 2 240 70 0 230 106 64 195 230 255 65 195 230 255 5 5 81 230 110 230 106 171 4 
15 15 2 2 0 71 0 90 216 255 14 45 110 72 14 72 216 18 0 3 1 66 43 226 4 
15 15 2 2 16 71 0 0 14 67 35 216 144 67 81 5 4 230 0 14 66 93 5 4 14 140 4 
15 15 2 2 32 71 0 67 89 17 226 1 14 66 25 14 225 67 81 12 225 0 14 30 4 
15 15 2 2 48 71 0 230 110 230 106 87 216 3 1 69 111 1 14 230 110 230 106 71 4 
15 15 2 2 64 71 0 81 216 3 1 71 111 66 81 1 11 30 225 69 195 68 243 181 4 
15 15 2 2 80 71 0 71 195 70 243 66 195 230 255 67 195 230 255 67 216 3 1 46 4 
15 15 2 2 96 71 0 69 111 53 216 63 216 3 1 71 111 232 80 230 110 230 106 231 4 
15 15 2 2 112 71 0 46 216 69 81 230 110 230 106 66 195 230 255 67 195 230 255 48 4 
15 15 2 2 128 71 0 237 14 45 110 72 14 9 216 69 195 7 242 69 195 5 5 242 104 4 
15 15 2 2 144 71 0 71 195 6 242 71 195 5 4 242 18 0 46 110 47 106 45 192 239 4 
15 15 2 2 160 71 0 230 255 230 110 47 192 230 255 30 236 38 240 245 110 11 14 108 4 
15 15 2 2 176 71 0 225 94 245 80 18 0 64 195 43 240 65 195 44 240 43 6 0 4 
15 15 2 2 192 71 0 0 14 44 90 43 192 230 255 44 192 230 255 18 0 1 14 159 4 
15 15 2 2 208 71 0 44 106 66 37 43 110 67 81 44 34 43 192 230 255 44 192 177 4 
15 15 2 2 224 71 0 230 255 18 0 175 236 36 240 229 82 229 82 18 0 97 114 220 4 
15 15 2 2 240 71 0 109 112 111 116 32 37 100 10 0 100 105 103 105 110 49 49 229 4 
15 15 2 2 0 72 0 32 37 100 32 100 105 103 105 110 49 50 32 37 100 32 100 80 4 
15 15 2 2 16 72 0 105 103 105 110 49 51 32 37 100 10 0 108 101 102 116 32 27 4 
15 15 2 2 32 72 0 37 100 32 114 105 103 104 116 32 37 100 10 0 71 121 114 232 4 
15 15 2 2 48 72 0 111 32 65 110 103 108 101 61 37 100 13 10 13 10 0 32 250 4 
15 15 2 2 64 72 0 71 121 114 111 32 82 97 116 101 61 37 100 13 10 0 32 42 4 
15 15 2 2 80 72 0 71 121 114 111 32 66 105 97 115 61 37 100 13 10 0 97 230 4 
15 15 2 2 96 72 0 110 103 32 37 100 32 97 110 103 48 32 37 100 32 105 114 172 4 
15 15 2 2 112 72 0 115 116 97 116 101 32 37 100 32 99 32 37 100 32 115 116 71 4 
15 15 2 2 128 72 0 97 116 101 32 37 100 32 97 114 109 115 116 97 116 101 32 176 4 
15 15 2 2 144 72 0 37 100 10 0 99 32 37 100 32 101 114 114 111 114 32 37 246 4 
15 15 2 2 160 72 0 100 10 0 108 101 102 116 32 37 100 32 114 105 103 104 116 20 4 
15 15 2 2 176 72 0 32 37 100 10 0 97 110 103 32 37 100 32 97 110 103 48 236 4 
15 15 2 2 192 72 0 32 37 100 10 0 103 121 114 111 100 114 105 118 101 32 115 211 4 
15 15 2 2 208 72 0 116 97 116 101 32 37 100 10 0 105 114 32 37 100 10 0 245 4 
15 15 2 2 224 72 0 105 114 32 37 100 32 103 111 32 37 100 10 0 114 101 97 111 4 
15 15 2 2 240 72 0 100 32 37 100 32 37 100 32 37 100 32 37 100 10 0 119 59 4 
15 15 2 2 0 73 0 114 105 116 105 110 103 32 37 100 32 37 100 32 37 100 32 11 4 
15 15 2 2 16 73 0 37 100 10 0 67 111 117 110 116 32 122 101 114 111 13 0 26 4 
15 15 2 2 32 73 0 73 108 108 101 103 97 108 32 115 105 100 101 13 0 109 115 39 4 
15 15 2 2 48 73 0 32 48 32 119 116 102 13 0 97 114 109 111 117 116 32 37 216 4 
15 15 2 2 64 73 0 100 10 0 97 114 109 103 111 116 111 112 111 115 32 37 100 17 4 
15 15 2 2 80 73 0 10 0 97 114 109 112 111 116 32 37 100 10 0 0 164 216 151 4 
15 15 2 2 96 73 0 166 158 253 14 219 80 169 110 254 14 219 207 44 240 44 192 5 4 4 
15 15 2 2 112 73 0 43 240 44 80 170 110 166 128 168 80 155 208 149 216 230 82 102 4 
15 15 2 2 128 73 0 3 1 96 81 30 225 99 81 234 106 128 5 15 233 110 1 14 130 4 
15 15 2 2 144 73 0 234 34 252 14 219 207 239 255 99 81 114 216 253 14 219 207 194 4 
15 15 2 2 160 73 0 238 255 254 14 219 207 237 255 95 43 99 43 31 14 99 23 197 4 
15 15 2 2 176 73 0 99 81 98 93 2 225 1 14 96 111 97 107 1 14 223 110 167 4 
15 15 2 2 192 73 0 1 208 223 106 223 80 229 82 116 208 110 216 3 14 225 38 209 4 
15 15 2 2 208 73 0 3 1 97 81 77 225 242 80 128 11 1 224 1 14 231 110 237 4 
15 15 2 2 224 73 0 1 14 231 207 219 255 242 80 64 11 1 224 1 14 231 110 98 4 
15 15 2 2 240 73 0 2 14 231 207 219 255 166 158 166 152 161 152 98 81 64 216 157 4 
15 15 2 2 0 74 0 239 80 169 110 98 81 60 216 238 207 43 240 239 207 44 240 227 4 
15 15 2 2 16 74 0 44 192 43 240 44 106 43 80 170 110 98 81 234 106 128 5 15 220 4 
15 15 2 2 32 74 0 233 110 1 14 234 34 239 80 168 110 166 132 242 158 242 156 131 4 
15 15 2 2 48 74 0 85 14 167 110 170 14 167 110 166 130 1 14 43 216 243 70 202 4 
15 15 2 2 64 74 0 127 14 242 20 243 16 242 110 2 14 36 216 191 14 242 20 157 4 
15 15 2 2 80 74 0 243 16 242 110 95 7 98 43 31 14 98 23 99 81 98 93 243 4 
15 15 2 2 96 74 0 2 225 1 14 97 111 96 107 161 168 254 215 161 152 166 148 52 4 
15 15 2 2 112 74 0 217 207 225 255 30 208 32 14 3 1 216 128 95 85 18 0 124 4 
15 15 2 2 128 74 0 233 110 234 106 216 144 233 54 234 54 160 14 233 38 1 14 20 4 
15 15 2 2 144 74 0 234 34 18 0 219 80 1 11 243 110 243 70 243 70 243 70 193 4 
15 15 2 2 160 74 0 243 70 243 70 243 70 18 0 217 207 230 255 225 207 217 255 64 4 
15 15 2 2 176 74 0 18 0 229 82 231 207 217 255 18 0 147 132 240 158 241 152 235 4 
15 15 2 2 192 74 0 240 146 240 136 147 134 241 146 241 150 240 148 240 138 147 136 188 4 
15 15 2 2 208 74 0 147 138 147 140 147 142 241 144 129 207 85 243 242 144 242 150 98 4 
15 15 2 2 224 74 0 18 0 214 106 215 106 213 144 213 146 213 148 213 134 213 152 66 4 
15 15 2 2 240 74 0 213 154 213 156 241 148 242 148 242 154 213 158 18 0 206 106 142 4 
15 15 2 2 0 75 0 207 106 205 152 205 154 205 150 205 146 205 142 159 144 158 144 50 4 
15 15 2 2 16 75 0 157 144 205 144 18 0 178 106 179 106 177 152 177 154 177 146 245 4 
15 15 2 2 32 75 0 177 132 177 142 162 146 161 146 160 146 177 144 18 0 120 106 79 4 
15 15 2 2 48 75 0 249 14 119 110 118 134 118 152 118 154 118 140 118 128 118 146 123 4 
15 15 2 2 64 75 0 165 150 164 150 163 134 118 132 18 0 18 0 18 0 18 0 145 4 
15 15 2 2 80 75 0 3 1 20 43 0 14 21 35 22 43 23 35 18 0 22 195 114 4 
15 15 2 2 96 75 0 28 243 23 195 29 243 3 1 22 107 23 107 34 43 0 14 246 4 
15 15 2 2 112 75 0 35 35 18 0 20 195 26 243 21 195 27 243 3 1 20 107 156 4 
15 15 2 2 128 75 0 21 107 32 43 0 14 33 35 18 0 3 208 2 208 1 208 140 4 
15 15 2 2 144 75 0 0 208 217 207 230 255 229 82 231 207 217 255 18 0 30 14 193 4 
15 15 2 2 160 75 0 246 110 8 14 247 110 0 14 248 110 2 1 9 0 245 80 109 4 
15 15 2 2 176 75 0 250 111 9 0 245 80 251 111 3 225 250 103 1 208 61 208 189 4 
15 15 2 2 192 75 0 9 0 245 80 245 111 9 0 245 80 246 111 9 0 245 80 62 4 
15 15 2 2 208 75 0 247 111 9 0 9 0 245 80 233 110 9 0 245 80 234 110 39 4 
15 15 2 2 224 75 0 9 0 9 0 9 0 245 80 248 111 9 0 245 80 249 111 84 4 
15 15 2 2 240 75 0 9 0 9 0 246 207 252 242 247 207 253 242 248 207 254 242 144 4 
15 15 2 2 0 76 0 245 194 246 255 246 194 247 255 247 194 248 255 2 1 248 83 88 4 
15 15 2 2 16 76 0 2 225 249 83 7 224 9 0 245 80 238 110 248 7 248 226 7 4 
15 15 2 2 32 76 0 249 7 249 215 252 194 246 255 253 194 247 255 254 194 248 255 161 4 
15 15 2 2 48 76 0 2 1 250 7 0 14 251 91 191 215 18 0 217 207 230 255 227 4 
15 15 2 2 64 76 0 218 207 230 255 225 207 217 255 226 207 218 255 230 82 230 82 96 4 
15 15 2 2 80 76 0 230 82 230 82 217 80 251 5 15 43 110 255 14 218 32 44 110 131 4 
15 15 2 2 96 76 0 43 192 222 255 221 110 222 207 230 255 221 207 230 255 251 14 17 4 
15 15 2 2 112 76 0 219 207 230 255 252 14 219 207 230 255 253 14 219 207 230 255 126 4 
15 15 2 2 128 76 0 112 195 230 255 113 195 230 255 104 236 5 4 240 245 110 7 14 63 4 
15 15 2 2 144 76 0 225 92 2 226 225 106 229 82 225 110 245 80 2 14 243 207 23 4 
15 15 2 2 160 76 0 219 255 3 14 244 207 219 255 2 14 219 207 43 240 3 14 162 4 
15 15 2 2 176 76 0 219 207 44 240 43 192 243 255 44 192 244 255 217 207 225 255 246 4 
15 15 2 2 192 76 0 218 207 226 255 229 82 229 207 218 255 231 207 217 255 18 0 2 4 
15 15 2 2 208 76 0 217 207 230 255 218 207 230 255 225 207 217 255 226 207 218 255 179 4 
15 15 2 2 224 76 0 251 14 219 207 43 240 252 14 219 207 44 240 0 1 128 14 163 4 
15 15 2 2 240 76 0 44 20 26 225 251 14 219 207 233 255 252 14 219 207 234 255 77 4 
15 15 2 2 0 77 0 238 207 243 255 237 207 244 255 238 42 0 14 239 34 243 207 88 4 
15 15 2 2 16 77 0 233 255 244 207 234 255 253 14 219 207 239 255 239 80 44 106 147 4 
15 15 2 2 32 77 0 243 110 44 192 244 255 16 208 251 14 219 80 254 8 6 225 78 4 
15 15 2 2 48 77 0 253 14 219 207 230 255 76 236 40 240 5 5 208 253 14 219 207 11 4 
15 15 2 2 64 77 0 230 255 24 236 32 240 229 82 229 82 229 207 218 255 231 207 197 4 
15 15 2 2 80 77 0 217 255 18 0 27 80 32 2 243 207 23 240 244 207 24 240 84 4 
15 15 2 2 96 77 0 33 2 243 80 24 38 0 14 244 32 25 110 27 80 34 2 115 4 
15 15 2 2 112 77 0 243 80 25 38 0 14 244 32 26 110 27 80 35 2 243 80 64 4 
15 15 2 2 128 77 0 26 38 28 80 32 2 243 80 24 38 244 80 25 34 0 14 83 4 
15 15 2 2 144 77 0 26 34 28 80 33 2 243 80 25 38 244 80 26 34 28 80 230 4 
15 15 2 2 160 77 0 34 2 243 80 26 38 29 80 32 2 243 80 25 38 244 80 19 4 
15 15 2 2 176 77 0 26 34 29 80 33 2 243 80 26 38 30 80 32 2 243 80 221 4 
15 15 2 2 192 77 0 26 38 18 0 217 207 230 255 218 207 230 255 225 207 217 255 250 4 
15 15 2 2 208 77 0 226 207 218 255 194 106 193 106 192 106 252 14 219 64 127 11 37 4 
15 15 2 2 224 77 0 60 11 194 110 251 14 219 80 193 110 252 14 219 56 240 11 221 4 
15 15 2 2 240 77 0 48 11 193 18 253 14 219 80 128 11 192 110 253 14 219 56 164 4 
15 15 2 2 0 78 0 5 15 11 7 11 192 18 253 14 219 80 5 4 13 243 80 56 11 227 4 
15 15 2 2 16 78 0 192 18 252 14 219 174 3 208 158 156 157 140 242 140 194 128 67 4 
15 15 2 2 32 78 0 229 82 229 207 218 255 231 207 217 255 18 0 254 14 227 207 108 4 
15 15 2 2 48 78 0 233 255 255 14 227 207 234 255 243 106 244 106 238 82 3 224 16 4 
15 15 2 2 64 78 0 243 74 244 42 251 215 18 0 255 14 227 207 248 255 229 82 66 4 
15 15 2 2 80 78 0 255 14 227 207 247 255 229 82 255 14 227 207 246 255 229 82 135 4 
15 15 2 2 96 78 0 230 106 230 106 230 106 9 0 245 82 9 224 253 14 227 42 13 4 
15 15 2 2 112 78 0 5 5 225 254 14 227 42 2 225 255 14 227 42 244 215 253 14 108 4 
15 15 2 2 128 78 0 227 207 28 240 254 14 227 207 29 240 255 14 227 207 30 240 216 4 
15 15 2 2 144 78 0 18 0 217 207 230 255 218 207 230 255 225 207 217 255 226 207 184 4 
15 15 2 2 160 78 0 218 255 63 14 199 22 198 106 253 14 219 80 198 18 251 14 196 4 
15 15 2 2 176 78 0 219 80 199 18 252 14 219 80 3 10 9 224 1 10 5 4 224 224 4 
15 15 2 2 192 78 0 2 10 6 225 199 140 5 4 208 199 140 198 136 1 208 198 136 20 4 
15 15 2 2 208 78 0 253 14 219 80 5 5 10 3 224 1 10 5 4 225 151 142 148 134 135 4 
15 15 2 2 224 78 0 199 158 1 208 148 150 148 154 148 136 198 138 229 82 229 207 233 4 
15 15 2 2 240 78 0 218 255 231 207 217 255 18 0 217 207 230 255 218 207 230 255 42 4 
15 15 2 2 0 79 0 225 207 217 255 226 207 218 255 172 106 171 106 253 14 219 176 218 4 
15 15 2 2 16 79 0 172 136 219 162 2 208 172 140 171 140 219 180 172 142 219 166 97 4 
15 15 2 2 32 79 0 2 208 171 136 1 208 171 138 219 168 2 208 172 132 1 208 44 4 
15 15 2 2 48 79 0 172 148 219 172 2 208 157 138 1 208 157 154 219 174 2 208 90 4 
15 15 2 2 64 79 0 157 136 1 208 157 152 252 14 219 80 175 110 172 138 171 142 129 4 
15 15 2 2 80 79 0 229 82 229 207 218 255 231 207 217 255 18 0 26 106 25 106 242 4 
15 15 2 2 96 79 0 24 106 23 106 32 14 231 110 216 144 27 54 28 54 29 54 105 4 
15 15 2 2 112 79 0 30 54 23 54 24 54 25 54 26 54 32 80 23 92 33 80 91 4 
15 15 2 2 128 79 0 24 88 34 80 25 88 35 80 26 88 9 227 32 80 23 94 36 4 
15 15 2 2 144 79 0 33 80 24 90 34 80 25 90 35 80 26 90 27 42 231 46 20 4 
15 15 2 2 160 79 0 228 215 18 0 217 207 230 255 218 207 230 255 225 207 217 255 157 4 
15 15 2 2 176 79 0 226 207 218 255 230 82 230 82 195 80 223 110 1 14 196 207 1 4 
15 15 2 2 192 79 0 219 255 222 207 43 240 221 207 44 240 43 192 243 255 44 192 186 4 
15 15 2 2 208 79 0 244 255 229 82 229 82 229 82 229 207 218 255 231 207 217 255 42 4 
15 15 2 2 224 79 0 18 0 26 106 25 106 16 14 231 110 216 144 29 54 30 54 50 4 
15 15 2 2 240 79 0 25 54 26 54 34 80 25 92 35 80 26 88 5 5 227 34 80 248 4 
15 15 2 2 0 80 0 25 94 35 80 26 90 29 42 231 46 240 215 18 0 193 236 108 4 
15 15 2 2 16 80 0 10 240 33 236 14 240 2 1 64 145 2 1 64 161 7 208 8 4 
15 15 2 2 32 80 0 95 236 14 240 2 1 33 173 2 208 28 236 29 240 151 236 8 4 
15 15 2 2 48 80 0 29 240 243 215 243 106 244 106 255 14 225 36 233 110 255 14 116 4 
15 15 2 2 64 80 0 226 32 234 110 237 102 7 208 47 14 239 100 5 4 208 58 14 60 4 
15 15 2 2 80 80 0 239 96 1 208 243 42 18 0 30 238 0 240 46 238 0 240 5 5 4 
15 15 2 2 96 80 0 248 106 38 156 166 142 166 156 254 236 22 240 207 236 37 240 242 4 
15 15 2 2 112 80 0 7 236 40 240 249 215 18 0 255 14 227 80 55 110 72 14 20 4 
15 15 2 2 128 80 0 1 208 76 14 231 110 231 46 254 215 231 106 231 46 254 215 135 4 
15 15 2 2 144 80 0 55 46 247 215 0 0 18 0 255 14 227 80 172 186 5 4 208 93 4 
15 15 2 2 160 80 0 175 106 171 142 172 138 148 156 172 162 254 215 173 110 243 110 181 4 
15 15 2 2 176 80 0 244 106 18 0 255 14 227 80 232 78 18 0 0 0 0 208 52 4 
15 15 2 2 192 80 0 0 208 0 208 232 46 250 215 18 0 48 49 50 51 52 53 36 4 
15 15 2 2 208 80 0 54 55 56 57 97 98 99 100 101 102 0 255 194 144 157 156 31 4 
15 15 2 2 224 80 0 18 0 194 130 18 0 255 0 0 0 0 0 0 0 0 0 101 4 
15 15 2 2 240 80 0 0 0 0 0 1 0 0 0 0 0 0 1 0 0 0 0 186 4 
15 15 2 2 0 81 0 1 0 0 0 0 0 0 1 0 0 0 0 0 0 255 0 170 4 
15 15 2 2 16 81 0 0 0 0 0 0 0 0 0 0 0 0 0 0 0 0 0 155 4 
15 15 2 2 32 81 0 0 0 0 0 0 0 0 0 255 255 1 0 0 1 0 0 139 4 
15 15 2 2 48 81 0 0 3 0 0 255 255 255 255 255 255 255 255 255 255 255 255 132 4 
15 15 8 64 184 4 
