left 0 right 0
armpot 2014
armout 127
digin11 1 digin12 1 digin13 1
armpot 2014
left 0 right 0
armpot 
2014
armout 127
digin11 1 digin12 1 digin13 1
armpot 2014
left 0 right 0
armpot 2014
armout 127
digin11 1 digin12 1 digin13 1
armpot 2014
left 0 right 0
armpot 2014
armout 127
digin11 1 digin12 1 digin13 1
armpot 2014
left 0 right 0
armpot 2014
arm
out 127
digin11 1 digin12 1 digin13 1
armpot 2014
left 0 right 0
armpot 2014
armout 127
digin11 1 digin12 1 digin13 1
armpot 2014
left 0 right 0
armpot 2014
armout 127
digin11 1 digin12 1 digin13 1
armpot 2014
left 0 right 0
armpot 2014
armout 127
digin11 
1 digin12 1 digin13 1
armpot 2014
 Gyro Bias=1462
 Gyro Rate=0
Gyro Angle=0

left 0 right 0
armpot 2014
armout 127
digin11 1 digin12 1 digin13 1
armpot 2014
left 0 right 0
armpot 2014
armout 127
digin11 1 digin12 1 digin13 1
armpot 2014
left 0 right 0

armpot 2014
armout 127
digin11 1 digin12 1 digin13 1
armpot 2014
left 0 right 0
armpot 2014
armout 127
digin11 1 digin12 1 digin13 1
armpot 2014
left 0 right 0
armpot 2014
armout 127
digin11 1 digin12 1 digin13 1
armpot 2014
left 0 right 0
armpot 2014
armo
ut 127
digin11 1 digin12 1 digin13 1
armpot 2014
left 0 right 0
armpot 2014
armout 127
digin11 1 digin12 1 digin13 1
armpot 2014
left 0 right 0
armpot 2014
armout 127
digin11 1 digin12 1 digin13 1
armpot 2014
left 0 right 0
armpot 2014
armout 127
digin11 1
 digin12 1 digin13 1
armpot 2014
left 0 right 0
armpot 2014
armout 127
digin11 1 digin12 1 digin13 1
armpot 2014
left 0 right 0
armpot 2014
armout 127
digin11 1 digin12 1 digin13 1
armpot 2014
left 0 right 0
armpot 2014
armout 127
digin11 1 digin12 1 digin
13 1
armpot 2014
left 0 right 0
armpot 2014
armout 127
digin11 1 digin12 1 digin13 1
armpot 2014
left 0 right 0
armpot 2014
armout 127
digin11 1 digin12 1 digin13 1
armpot 2014
left 0 right 0
armpot 2015
armout 127
digin11 1 digin12 1 digin13 1
armpot 2015

left 0 right 0
armpot 2015
armout 127
digin11 1 digin12 1 digin13 1
armpot 2015
left 0 right 0
armpot 2015
armout 127
digin11 1 digin12 1 digin13 1
armpot 2015
left 0 right 0
a
rmpot 2015
armout 127
digin11 1 digin12 1 digin13 1
armpot 2015
left 0 right 0
armpot 2014
armout 127
digin11 1 digin12 1 digin13 1
armpot 2014

left 0 right 0
armpot 2014
armout 127
digin11 1 digin12 1 digin13 1
armpot 2014
left 0 right 0
armpot 2014
armout 127
digin11 1 digin12 1 digin13 1
armpot 2014

left 0 right 0
armpot 2014
armout 127
digin11 1 digin12 1 digin13 1
armpot 2014
left 0 right 0
armpot 2014
armout 127
digin11 1 digin12 1 digin13 1
armpot 2014

left 0 right 0
armpot 2014
armout 127
digin11 1 digin12 1 digin13 1
armpot 2014
left 0 right 0
armpot 2014
armout 127
digin11 1 digin1
2 1 digin13 1
armpot 2014
left 0 right 0
armpot 2014
armout 127
digin11 1 digin12 1 digin13 1
armpot 2014
left 0 right 0
armpot 2014
armout 127
digin11 1 digin1
2 1 digin13 1
armpot 2014
left 0 right 0
armpot 2014
armout 127
digin11 1 digin12 1 digin13 1
armpot 2014

left 0 right 0
armpot 2014
armout 127
digin11 1 digin12 1 digin13 1
armpot 2014
left 0 right 0
armpot 2014
armout 127
digin11 1 digin12 1 digin13 1
armpot 2014

 Gyro Bias=1462
 Gyro Rate=0
Gyro Angle=0

left 0 right 0
armpot 2014
armout 127
digin11 1 digin12 1 digin13 1
armpot 2014
left 0 right 0
armpot 2014
armout 127
digin11 1 digin12 1 digin13 1
armpot 2014

left 0 right 0
armpot 2014
armout 127
digin11 1 digin12 1 digin13 1
armpot 2014
left 0 right 0
armpot 2014
armout 127
digin11 1 digin12 1
 digin13 1
armpot 2014
left 0 right 0
armpot 2014
armout 127
digin11 1 digin12 1 digin13 1
armpot 2014
left 0 right 0
a
rmpot 2014
armout 127
digin11 1 digin12 1 digin13 1
armpot 2014
left 0 right 0
armpot 2014
armout 127
digin11 1 digin12 1 digin13 1
armpot 2014

left 0 right 0
armpot 2014
armout 127
digin11 1 digin12 1 digin13 1
armpot 2014
left 0 right 0
armpot 2014
armout 127
digin11 1 digin12 1 digin13 1
armpot 2014

left 0 right 0
armpot 2014
armout 127
digin11 1 digin12 1 digin13 1
armpot 2014
left 0 right 0
armpot 2014
armout 127
digin11 1 digin12 1 digin13 1
armpot 2014

left 0 right 0
armpot 2014
armout 127
digin11 1 digin12 1 digin13 1
armpot 2014
left 0 right 0
armpot 2014
armout 127
digin11 1 digin12 1 digin13 1
armpot 2014

left 0 right 0
armpot 2014
armout 127
digin11 1 digin12 1 digin13 1
armpot 2014
left 0 right 0
a
rmpot 2014
armout 127
digin11 1 digin12 1 digin13 1
armpot 2014
left 0 right 0
armpot 2014
armout 127
digin11 1 digin12 1 digin13 1
armpot 2014
left 0 r
ight 0
armpot 2014
armout 127
digin11 1 digin12 1 digin13 1
armpot 2014
left 0 right 0
armpot 2014
armout 127
digin11 1 digin12 1 digin13 1
armpot 2014

left 0 right 0
armpot 2014
armout 127
digin11 1 digin12 1 digin13 1
armpot 2015
left 0 right 0
armpot 2015
armout 127
digin11 1 digin12 1 digin13 1
armpot 2015

left 0 right 0
armpot 2015
armout 127
digin11 1 digin12 1 digin13 1
armpot 2015
left 0 right 0
armpot 2015
armout 127
digin11 1 digin12 1 digin13 1
armpot 2015

left 0 right 0
armpot 2014
armout 127
digin11 1 digin12 1 digin13 1
armpot 2014
left 0 right 0
armpot 2014
armout 127
digin11 1 digin12
 1 digin13 1
armpot 2014
left 0 right 0
armpot 2014
armout 127
digin11 1 digin12 1 digin13 1
armpot 2014
left 0 right 0
a
rmpot 2014
armout 127
digin11 1 digin12 1 digin13 1
armpot 2014
left 0 right 0
armpot 2014
armout 127
digin11 1 digin12 1 digin13 1
armpot 2014

left 0 right 0
armpot 2014
armout 127
digin11 1 digin12 1 digin13 1
armpot 2014
left 0 right 0
armpot 2014
armout 127
digin11 1 digin12 1 digin13 1
armpot 2014

left 0 right 0
armpot 2014
armout 127
digin11 1 digin12 1 digin13 1
armpot 2014
 Gyro Bias=1462
 Gyro Rate=0
Gyro Angle=0

left 0 right 0
armpot 2014
armout 127
digin11 1 digin12 1 digin13
 1
armpot 2014
left 0 right 0
armpot 2014
armout 127
digin11 1 digin12 1 digin13 1
armpot 2014
left 0 right 0
a
rmpot 2014
armout 127
digin11 1 digin12 1 digin13 1
armpot 2014
left 0 right 0
armpot 2014
armout 127
digin11 1 digin12 1 digin13 1
armpot 2014

left 0 right 0
armpot 2014
armout 127
digin11 1 digin12 1 digin13 1
armpot 2014
left 0 right 0
armpot 2014
armout 127
digin11 1 digin12 1 digin13 1
armpot 2014

left 0 right 0
armpot 2014
armout 127
digin11 1 digin12 1 digin13 1
armpot 2014
left 0 right 0
armpot 2014
armout 127
digin11 1 digin12 1 digin13 1
armpot 2014

left 0 right 0
armpot 2014
armout 127
digin11 1 digin12 1 digin13 1
armpot 2014
left 0 right 0
armpot 
2014
armout 127
digin11 1 digin12 1 digin13 1
armpot 2014
left 0 right 0
armpot 2014
armout 127
digin11 1 digin12 1 digin13 1
armpot 2014
left 0 right 0
a
rmpot 2014
armout 127
digin11 1 digin12 1 digin13 1
armpot 2014
left 0 right 0
armpot 2014
armout 127
digin11 1 digin12 1 digin13 1
armpot 2014
left 0 right 0
a
rmpot 2014
armout 127
digin11 1 digin12 1 digin13 1
armpot 2014
left 0 right 0
armpot 2014
armout 127
digin11 1 digin12 1 digin13 1
armpot 2014

left 0 right 0
armpot 2014
armout 127
digin11 1 digin12 1 digin13 1
armpot 2014
left 0 right 0
armpot 2014
armout 127
digin11 1 digin12 1 digin13 1
armpot 2014

left 0 right 0
armpot 2014
armout 127
digin11 1 digin12 1 digin13 1
armpot 2014
left 0 right 0
armpot 2014
armout 127
digin11 1 digin12 1 digin13 1
armpot 2014

left 0 right 0
armpot 2014
armout 127
digin11 1 digin12 1 digin13 1
armpot 2014
left 0 right 0
armpot 2014
armout 127
digin11 1 digin12 1 digin13 1
armpot 2014

left 0 right 0
armpot 2014
armout 127
digin11 1 digin12 1 digin13 1
armpot 2014
left 0 right 0
armpot 2014
armout 127
digin11 1 digin12 1 digin13 1
armpot 2014

left 0 right 0
armpot 2014
armout 127
digin11 1 digin12 1 digin13 1
armpot 2014
left 0 ri
ght 0
armpot 2014
armout 127
digin11 1 digin12 1 digin13 1
armpot 2014
left 0 right 0
armpot 2014
armout 127
digin11 1 digin12 1 digin13 1
armpot 2014

left 0 right 0
armpot 2014
armout 127
digin11 1 digin12 1 digin13 1
armpot 2014
left 0 right 0
armpot 2014
armout 127
digin11 1 digin12 1 digin13 1
armpot 2014

left 0 right 0
armpot 2014
armout 127
digin11 1 digin12 1 digin13 1
armpot 2014
left 0 right 0
armpot 2014
armout 127
digin11 1 digin12 1 digin13 1
armpot 2014

 Gyro Bias=1462
 Gyro Rate=0
Gyro Angle=0

left 0 right 0
armpot 2014
armout 127
digin11 1 digin12 1 digin13 1
armpot 2014
left 0 right 0
armpot 2014
armout 127
digin11 1 digin1
2 1 digin13 1
armpot 2014
left 0 right 0
armpot 2014
armout 127
digin11 1 digin12 1 digin13 1
armpot 2014

left 0 right 0
armpot 2014
armout 127
digin11 1 digin12 1 digin13 1
armpot 2014
left 0 right 0
armpot 2014
armout 127
digin11 1 digin12 1 digin13 1
armpot 2014

left 0 right 0
armpot 2014
armout 127
digin11 1 digin12 1 digin13 1
armpot 2014
left 0 right 0
armpot 2014
armout 127
digin11 1 digin12 1 digi
