15 15 0 2 254 4 
15 15 1 2 254 255 63 193 4 
15 15 9 224 0 8 0 0 5 15 4 
15 15 9 224 0 64 0 0 215 4 
15 15 2 2 0 8 0 105 239 38 240 18 0 0 0 145 239 27 240 18 0 194 80 197 4 
15 15 2 2 16 8 0 2 11 1 224 1 14 18 0 162 239 35 240 18 0 10 0 21 4 
15 15 2 2 32 8 0 173 77 0 0 79 2 0 0 10 0 0 0 171 77 0 0 135 4 
15 15 2 2 48 8 0 113 2 0 0 2 0 0 0 166 77 0 0 94 2 0 0 252 4 
15 15 2 2 64 8 0 5 5 0 0 0 162 77 0 0 99 2 0 0 5 4 0 0 0 87 4 
15 15 2 2 80 8 0 137 77 0 0 31 2 0 0 25 0 0 0 135 77 0 0 192 4 
15 15 2 2 96 8 0 111 2 0 0 2 0 0 0 132 77 0 0 106 2 0 0 228 4 
15 15 2 2 112 8 0 3 0 0 0 127 77 0 0 89 2 0 0 5 5 0 0 0 85 4 
15 15 2 2 128 8 0 6 8 0 0 109 2 0 0 2 0 0 0 124 77 0 0 44 4 
15 15 2 2 144 8 0 103 2 0 0 3 0 0 0 136 236 9 240 251 14 219 207 216 4 
15 15 2 2 160 8 0 243 255 219 6 243 80 0 9 10 224 214 236 9 240 250 14 136 4 
15 15 2 2 176 8 0 65 236 10 240 243 225 44 28 241 225 1 14 1 208 0 14 65 4 
15 15 2 2 192 8 0 183 239 9 240 136 236 9 240 59 14 225 36 2 227 225 104 172 4 
15 15 2 2 208 8 0 230 82 225 110 1 14 219 106 2 14 219 106 249 14 219 207 67 4 
15 15 2 2 224 8 0 246 255 250 14 219 207 247 255 251 14 219 207 248 255 8 0 197 4 
15 15 2 2 240 8 0 245 80 223 110 223 80 2 225 221 239 8 240 37 14 223 92 46 4 
15 15 2 2 0 9 0 2 224 208 239 8 240 3 14 219 106 5 4 14 219 106 5 5 14 154 4 
15 15 2 2 16 9 0 219 106 6 14 219 106 7 14 219 106 240 236 8 240 45 14 220 4 
15 15 2 2 32 9 0 223 92 12 224 43 14 223 92 9 224 32 14 223 92 6 224 0 4 
15 15 2 2 48 9 0 35 14 223 92 3 224 48 14 223 92 26 225 223 80 48 10 151 4 
15 15 2 2 64 9 0 20 224 19 10 5 15 224 3 10 10 224 11 10 5 5 224 6 10 178 4 
15 15 2 2 80 9 0 228 225 3 14 219 128 225 215 3 14 219 130 222 215 3 14 134 4 
15 15 2 2 96 9 0 219 132 219 215 3 14 219 134 216 215 3 14 219 136 213 215 65 4 
15 15 2 2 112 9 0 42 14 223 92 27 225 236 236 8 240 58 236 9 240 16 224 53 4 
15 15 2 2 128 9 0 3 14 219 128 29 104 30 104 19 14 219 207 34 240 20 14 253 4 
15 15 2 2 144 9 0 219 207 35 240 87 236 35 240 5 4 14 27 192 219 255 3 208 182 4 
15 15 2 2 160 9 0 19 14 35 236 9 240 240 236 8 240 11 208 9 14 219 106 31 4 
15 15 2 2 176 9 0 145 236 9 240 3 224 5 5 236 10 240 250 215 9 14 35 236 8 4 
15 15 2 2 192 9 0 9 240 3 14 219 176 219 152 46 14 223 92 27 225 240 236 220 4 
15 15 2 2 208 9 0 8 240 42 14 223 92 11 225 236 236 8 240 58 236 9 240 221 4 
15 15 2 2 224 9 0 3 225 19 14 117 236 9 240 240 236 8 240 11 208 9 14 238 4 
15 15 2 2 240 9 0 219 106 145 236 9 240 3 224 5 5 236 10 240 250 215 9 14 146 4 
15 15 2 2 0 10 0 117 236 9 240 104 14 223 92 7 225 240 236 8 240 104 14 181 4 
15 15 2 2 16 10 0 223 92 29 225 3 14 24 208 116 14 223 92 23 224 122 14 116 4 
15 15 2 2 32 10 0 223 92 20 224 72 14 223 92 6 224 84 14 223 92 3 224 172 4 
15 15 2 2 48 10 0 90 14 223 92 2 225 2 14 7 208 108 14 223 92 3 224 189 4 
15 15 2 2 64 10 0 106 14 223 92 5 4 225 1 14 200 236 9 240 201 219 223 80 139 4 
15 15 2 2 80 10 0 110 10 1 225 129 211 30 10 1 225 146 209 32 10 1 225 123 4 
15 15 2 2 96 10 0 143 209 63 10 1 225 73 209 26 10 1 225 70 209 13 10 185 4 
15 15 2 2 112 10 0 1 225 67 209 32 10 1 225 64 209 58 10 1 225 61 209 59 4 
15 15 2 2 128 10 0 32 10 1 225 58 209 38 10 1 225 53 209 13 10 1 225 74 4 
15 15 2 2 144 10 0 50 209 26 10 1 225 217 208 32 10 74 224 48 10 31 224 35 4 
15 15 2 2 160 10 0 70 10 14 224 37 10 1 224 133 211 217 80 249 5 15 233 110 36 4 
15 15 2 2 176 10 0 255 14 218 32 234 110 1 14 238 94 0 14 238 90 238 90 234 4 
15 15 2 2 192 10 0 214 236 9 240 37 14 230 110 149 219 3 225 44 28 1 225 114 4 
15 15 2 2 208 10 0 107 211 210 236 9 240 1 226 109 211 219 42 107 211 8 14 177 4 
15 15 2 2 224 10 0 219 106 5 4 14 219 80 1 8 6 226 5 4 14 219 5 4 154 236 40 4 
15 15 2 2 240 10 0 9 240 219 80 139 219 8 14 219 80 9 224 3 14 219 80 18 4 
15 15 2 2 0 11 0 1 11 5 5 225 114 219 1 224 79 211 8 14 219 106 100 219 21 4 
15 15 2 2 16 11 0 239 207 223 255 74 236 10 240 3 225 44 28 1 225 68 211 240 4 
15 15 2 2 32 11 0 210 236 9 240 1 227 219 42 96 219 1 225 67 211 60 211 239 4 
15 15 2 2 48 11 0 7 14 219 80 2 8 5 15 225 22 236 10 240 3 14 221 236 177 4 
15 15 2 2 64 11 0 9 240 14 14 238 207 219 255 5 15 14 238 207 219 255 16 14 51 4 
15 15 2 2 80 11 0 238 207 219 255 32 208 247 14 219 207 46 240 248 14 219 207 157 4 
15 15 2 2 96 11 0 47 240 2 14 46 94 0 14 47 90 247 14 46 192 219 255 114 4 
15 15 2 2 112 11 0 248 14 47 192 219 255 46 192 233 255 47 192 234 255 205 236 75 4 
15 15 2 2 128 11 0 9 240 45 106 14 14 43 192 219 255 5 15 14 44 192 219 255 29 4 
15 15 2 2 144 11 0 16 14 45 192 219 255 14 14 219 207 230 255 5 15 14 219 207 10 4 
15 15 2 2 160 11 0 230 255 16 14 219 207 230 255 127 236 36 240 229 82 229 82 210 4 
15 15 2 2 176 11 0 229 82 19 14 28 192 219 255 20 14 29 192 219 255 6 14 70 4 
15 15 2 2 192 11 0 219 80 5 5 224 19 14 17 236 10 240 1 226 106 219 53 236 192 4 
15 15 2 2 208 11 0 10 240 2 226 19 14 55 219 248 236 9 240 6 224 5 4 14 59 4 
15 15 2 2 224 11 0 17 236 10 240 2 226 5 5 14 46 219 3 14 219 176 5 5 208 169 4 
15 15 2 2 240 11 0 252 218 1 224 217 210 8 14 219 106 9 14 219 106 14 14 204 4 
15 15 2 2 0 12 0 219 207 246 255 5 15 14 219 207 247 255 16 14 219 207 248 255 213 4 
15 15 2 2 16 12 0 8 0 245 80 223 110 223 80 20 224 59 236 10 240 17 226 5 15 4 
15 15 2 2 32 12 0 74 236 10 240 3 225 44 28 1 225 190 210 187 219 1 227 136 4 
15 15 2 2 48 12 0 219 42 9 14 219 42 217 80 14 5 15 233 110 0 14 203 219 78 4 
15 15 2 2 64 12 0 231 215 211 218 1 225 182 210 175 210 198 218 17 14 238 207 222 4 
15 15 2 2 80 12 0 219 255 18 14 237 207 219 255 17 14 219 207 230 255 18 14 66 4 
15 15 2 2 96 12 0 219 207 230 255 113 236 36 240 229 82 229 82 19 14 243 207 63 4 
15 15 2 2 112 12 0 219 255 20 14 244 207 219 255 6 14 219 80 5 4 224 19 14 163 4 
15 15 2 2 128 12 0 208 219 1 226 14 219 53 236 10 240 2 226 19 14 219 218 36 4 
15 15 2 2 144 12 0 175 219 5 5 224 5 4 14 197 219 2 226 5 5 14 212 218 3 14 137 4 
15 15 2 2 160 12 0 219 176 5 5 208 162 218 1 224 127 210 8 14 219 106 9 14 208 4 
15 15 2 2 176 12 0 219 106 17 14 219 207 233 255 18 14 219 207 234 255 239 207 217 4 
15 15 2 2 192 12 0 223 255 223 80 20 224 215 219 18 226 228 219 3 225 44 28 158 4 
15 15 2 2 208 12 0 1 225 106 210 103 219 1 227 219 42 9 14 219 42 17 14 156 4 
15 15 2 2 224 12 0 219 42 219 207 233 255 18 14 232 227 219 42 230 215 125 218 117 4 
15 15 2 2 240 12 0 1 225 96 210 89 210 3 14 219 142 7 14 219 5 4 16 225 98 4 
15 15 2 2 0 13 0 149 219 5 4 14 90 219 10 14 238 207 219 255 11 14 238 207 179 4 
15 15 2 2 16 13 0 219 255 12 14 238 207 219 255 13 14 238 207 219 255 108 208 102 4 
15 15 2 2 32 13 0 7 14 219 80 3 8 44 225 3 14 219 174 13 208 178 218 116 4 
15 15 2 2 48 13 0 2 14 118 218 239 207 43 240 44 106 45 106 46 106 43 174 232 4 
15 15 2 2 64 13 0 57 208 44 104 45 104 53 208 247 14 219 207 44 240 248 14 167 4 
15 15 2 2 80 13 0 219 207 45 240 2 14 44 94 0 14 45 90 247 14 44 192 184 4 
15 15 2 2 96 13 0 219 255 248 14 45 192 219 255 44 192 233 255 45 192 234 255 62 4 
15 15 2 2 112 13 0 239 207 43 240 10 14 43 192 219 255 11 14 219 106 56 208 99 4 
15 15 2 2 128 13 0 7 14 219 80 2 8 9 225 3 14 219 174 5 4 208 89 219 153 4 
15 15 2 2 144 13 0 45 174 16 208 14 208 85 219 13 208 3 14 219 174 18 208 61 4 
15 15 2 2 160 13 0 121 218 2 14 61 218 249 218 45 106 46 106 44 174 2 208 39 4 
15 15 2 2 176 13 0 45 104 46 104 226 218 12 14 45 192 219 255 13 14 46 192 110 4 
15 15 2 2 192 13 0 219 255 26 208 247 14 219 207 45 240 248 14 219 207 46 240 209 4 
15 15 2 2 208 13 0 2 14 45 94 0 14 46 90 247 14 45 192 219 255 248 14 28 4 
15 15 2 2 224 13 0 46 192 219 255 45 192 233 255 46 192 234 255 214 218 197 218 76 4 
15 15 2 2 240 13 0 12 14 219 106 13 14 219 106 6 14 219 80 5 5 225 1 14 12 4 
15 15 2 2 0 14 0 243 110 5 5 14 243 207 219 255 21 14 219 106 22 14 219 106 13 4 
15 15 2 2 16 14 0 217 80 55 5 15 43 110 0 14 218 32 44 110 57 14 43 192 2 4 
15 15 2 2 32 14 0 219 255 58 14 44 192 219 255 56 14 219 106 8 14 219 106 0 4 
15 15 2 2 48 14 0 10 14 174 218 223 80 120 10 18 224 32 10 16 224 40 10 47 4 
15 15 2 2 64 14 0 12 224 32 10 10 224 63 10 6 224 13 10 2 224 32 10 92 4 
15 15 2 2 80 14 0 8 225 2 14 5 5 208 8 14 3 208 8 14 223 38 16 14 174 4 
15 15 2 2 96 14 0 151 218 3 14 219 190 2 208 219 146 219 148 219 80 128 11 5 15 4 
15 15 2 2 112 14 0 38 224 138 218 3 14 235 80 0 10 232 174 2 208 216 144 238 4 
15 15 2 2 128 14 0 8 208 0 14 238 92 0 14 238 88 0 14 238 88 0 14 136 4 
15 15 2 2 144 14 0 238 88 21 226 17 218 32 104 33 104 34 104 35 104 48 236 244 4 
15 15 2 2 160 14 0 37 240 10 14 23 192 219 255 11 14 24 192 219 255 12 14 139 4 
15 15 2 2 176 14 0 25 192 219 255 13 14 26 192 219 255 45 14 8 208 3 14 152 4 
15 15 2 2 192 14 0 219 162 2 208 43 14 3 208 219 164 8 208 32 14 243 110 237 4 
15 15 2 2 208 14 0 23 14 243 207 219 255 21 14 219 42 2 208 23 14 219 106 249 4 
15 15 2 2 224 14 0 5 5 14 219 80 3 225 181 217 1 225 137 208 96 14 43 110 28 4 
15 15 2 2 240 14 0 77 14 44 110 0 14 45 110 7 14 219 207 46 240 47 106 234 4 
15 15 2 2 0 5 15 0 48 106 49 106 46 192 32 240 47 192 33 240 48 192 34 240 184 4 
15 15 2 2 16 5 15 0 49 192 35 240 209 217 254 236 37 240 43 80 23 36 243 110 25 4 
15 15 2 2 32 5 15 0 44 80 24 32 244 110 45 80 25 32 248 110 244 207 247 255 226 4 
15 15 2 2 48 5 15 0 243 207 246 255 8 0 9 14 245 207 219 255 88 14 223 92 168 4 
15 15 2 2 64 5 15 0 5 15 225 97 14 243 110 9 14 121 217 10 227 32 14 43 110 208 4 
15 15 2 2 80 5 15 0 9 14 219 207 231 255 43 80 231 94 9 14 231 207 219 255 143 4 
15 15 2 2 96 5 15 0 7 14 219 207 43 240 44 106 45 106 46 106 13 218 43 192 28 4 
15 15 2 2 112 5 15 0 32 240 44 192 33 240 45 192 34 240 46 192 35 240 238 207 179 4 
15 15 2 2 128 5 15 0 27 240 238 207 28 240 238 207 29 240 239 207 30 240 254 236 25 4 
15 15 2 2 144 5 15 0 37 240 30 192 237 255 29 192 237 255 28 192 237 255 27 192 18 4 
15 15 2 2 160 5 15 0 239 255 57 14 219 207 233 255 219 6 58 14 219 207 234 255 202 4 
15 15 2 2 176 5 15 0 1 226 219 6 9 14 219 207 239 255 21 14 219 42 73 217 128 4 
15 15 2 2 192 5 15 0 149 225 3 14 219 166 29 208 111 14 223 92 6 225 191 217 1 4 
15 15 2 2 208 5 15 0 24 227 21 14 219 40 89 218 20 208 120 14 223 92 9 224 59 4 
15 15 2 2 224 5 15 0 88 14 223 92 6 224 98 14 223 92 3 224 66 14 223 92 109 4 
15 15 2 2 240 5 15 0 8 225 2 14 243 110 22 14 243 207 219 255 2 208 21 14 238 4 
15 15 2 2 0 16 0 219 106 3 14 219 80 16 11 14 224 5 4 14 219 207 43 240 139 4 
15 15 2 2 16 16 0 5 5 14 219 80 216 128 43 84 6 226 6 14 219 80 3 225 188 4 
15 15 2 2 32 16 0 5 4 14 219 80 50 218 147 217 10 226 5 5 14 219 207 231 255 136 4 
15 15 2 2 48 16 0 21 14 219 80 231 94 5 5 14 231 207 219 255 2 208 5 5 14 161 4 
15 15 2 2 64 16 0 219 106 5 4 14 219 207 43 240 22 14 67 217 216 128 43 84 121 4 
15 15 2 2 80 16 0 20 226 22 14 219 207 230 255 21 14 219 207 230 255 5 4 14 47 4 
15 15 2 2 96 16 0 219 207 230 255 5 5 14 219 80 229 82 231 92 229 82 216 128 182 4 
15 15 2 2 112 16 0 231 84 229 82 216 128 231 84 93 217 3 14 219 80 1 11 249 4 
15 15 2 2 128 16 0 11 225 8 14 219 80 8 224 176 216 1 224 141 208 8 14 123 4 
15 15 2 2 144 16 0 219 80 188 216 8 14 219 106 23 14 219 80 7 224 134 217 172 4 
15 15 2 2 160 16 0 23 14 239 217 3 225 44 28 1 225 126 208 22 14 219 80 180 4 
15 15 2 2 176 16 0 22 224 124 217 48 14 230 110 157 216 2 225 44 28 116 224 107 4 
15 15 2 2 192 16 0 117 217 223 207 230 255 238 236 36 240 229 82 229 82 229 82 184 4 
15 15 2 2 208 16 0 244 207 44 240 0 1 243 28 2 225 44 28 101 224 5 5 14 170 4 
15 15 2 2 224 16 0 219 207 43 240 22 14 219 80 216 128 43 84 9 226 5 5 14 35 4 
15 15 2 2 240 16 0 219 207 231 255 22 14 219 80 231 94 5 5 14 231 207 219 255 53 4 
15 15 2 2 0 17 0 48 14 230 110 5 5 14 201 217 79 225 57 14 219 42 219 207 126 4 
15 15 2 2 16 17 0 233 255 58 14 1 227 219 42 219 207 234 255 9 14 239 207 90 4 
15 15 2 2 32 17 0 219 255 219 80 14 224 66 217 9 14 171 217 2 225 44 28 247 4 
15 15 2 2 48 17 0 59 224 57 14 219 42 219 207 233 255 58 14 237 227 219 42 165 4 
15 15 2 2 64 17 0 235 215 83 216 49 225 22 14 219 207 230 255 8 14 193 216 74 4 
15 15 2 2 80 17 0 229 82 231 36 91 216 46 208 7 14 219 80 3 10 28 224 223 4 
15 15 2 2 96 17 0 1 10 20 224 3 10 7 224 121 217 219 207 238 255 2 14 159 4 
15 15 2 2 112 17 0 219 207 237 255 31 208 243 216 48 106 46 174 2 208 47 104 76 4 
15 15 2 2 128 17 0 48 104 42 216 186 216 48 192 238 255 20 208 232 216 46 190 210 4 
15 15 2 2 144 17 0 47 104 34 216 178 216 14 208 97 217 219 207 239 255 10 208 182 4 
15 15 2 2 160 17 0 121 217 5 5 225 44 28 3 225 243 104 244 104 16 208 250 216 126 4 
15 15 2 2 176 17 0 1 227 219 42 119 217 119 239 5 4 240 1 14 219 207 43 240 212 4 
15 15 2 2 192 17 0 2 14 219 207 44 240 43 192 243 255 44 192 244 255 217 207 241 4 
15 15 2 2 208 17 0 225 255 218 207 226 255 203 208 41 217 2 14 221 239 9 240 63 4 
15 15 2 2 224 17 0 97 217 8 0 245 80 223 110 18 0 32 14 230 110 8 14 141 4 
15 15 2 2 240 17 0 77 239 10 240 238 236 36 240 229 82 229 82 229 82 243 207 112 4 
15 15 2 2 0 18 0 43 240 244 207 44 240 0 1 243 28 18 0 43 110 44 106 159 4 
15 15 2 2 16 18 0 217 80 1 5 15 77 217 43 80 238 38 44 80 237 34 18 0 79 4 
15 15 2 2 32 18 0 47 94 0 14 48 90 247 14 47 192 219 255 248 14 48 192 225 4 
15 15 2 2 48 18 0 219 255 47 192 233 255 48 192 234 255 18 0 219 207 244 255 129 4 
15 15 2 2 64 18 0 243 80 244 92 18 0 219 80 231 110 5 4 14 231 207 219 255 227 4 
15 15 2 2 80 18 0 18 0 10 14 219 207 43 240 11 14 219 207 44 240 12 14 178 4 
15 15 2 2 96 18 0 219 207 45 240 13 14 219 207 46 240 43 80 44 16 45 16 236 4 
15 15 2 2 112 18 0 46 16 18 0 19 14 238 207 219 255 20 14 237 207 219 255 186 4 
15 15 2 2 128 18 0 19 14 219 207 43 240 20 14 219 207 44 240 0 1 128 14 13 4 
15 15 2 2 144 18 0 44 20 18 0 247 14 219 207 47 240 248 14 219 207 48 240 106 4 
15 15 2 2 160 18 0 18 0 5 5 14 219 80 230 110 217 80 19 5 15 1 217 229 82 74 4 
15 15 2 2 176 18 0 231 80 238 110 237 106 18 0 10 14 219 207 27 240 11 14 88 4 
15 15 2 2 192 18 0 219 207 28 240 12 14 219 207 29 240 13 14 219 207 30 240 208 4 
15 15 2 2 208 18 0 18 0 219 207 230 255 21 14 219 207 230 255 5 5 14 219 80 137 4 
15 15 2 2 224 18 0 229 82 231 36 229 82 231 36 18 0 219 80 206 216 1 14 148 4 
15 15 2 2 240 18 0 243 110 6 14 243 207 219 255 18 0 238 80 239 207 234 255 242 4 
15 15 2 2 0 19 0 233 110 45 192 238 255 46 192 238 255 47 192 238 255 18 0 239 4 
15 15 2 2 16 19 0 217 207 230 255 218 207 230 255 225 207 217 255 226 207 218 255 172 4 
15 15 2 2 32 19 0 18 0 223 207 230 255 230 106 87 236 38 240 229 82 229 82 13 4 
15 15 2 2 48 19 0 243 80 18 0 231 110 8 14 231 207 219 255 18 0 238 207 154 4 
15 15 2 2 64 19 0 43 240 238 207 44 240 239 207 45 240 46 106 18 0 5 5 14 29 4 
15 15 2 2 80 19 0 219 207 43 240 21 14 219 80 216 128 43 84 18 0 1 14 142 4 
15 15 2 2 96 19 0 219 207 45 240 2 14 219 207 46 240 47 106 18 0 229 82 8 4 
15 15 2 2 112 19 0 229 207 218 255 231 207 217 255 18 0 10 14 43 192 219 255 111 4 
15 15 2 2 128 19 0 11 14 44 192 219 255 18 0 217 80 10 5 15 88 239 10 240 245 4 
15 15 2 2 144 19 0 243 110 7 14 243 207 219 255 18 0 238 207 43 240 239 207 159 4 
15 15 2 2 160 19 0 44 240 18 0 1 14 219 42 2 14 18 0 252 14 219 207 49 4 
15 15 2 2 176 19 0 230 255 253 14 219 207 230 255 18 0 43 94 0 14 44 90 139 4 
15 15 2 2 192 19 0 247 14 43 192 219 255 248 14 44 192 219 255 43 192 233 255 192 4 
15 15 2 2 208 19 0 44 192 234 255 18 0 218 32 234 110 239 42 238 207 246 255 21 4 
15 15 2 2 224 19 0 0 14 239 34 238 207 247 255 239 34 238 207 248 255 18 0 96 4 
15 15 2 2 240 19 0 5 4 14 219 207 230 255 19 14 219 80 229 82 231 92 154 223 25 4 
15 15 2 2 0 20 0 219 80 5 4 223 6 14 219 80 18 0 9 14 219 80 10 13 48 4 
15 15 2 2 16 20 0 243 80 223 36 208 5 15 231 110 9 14 231 207 219 255 240 239 216 4 
15 15 2 2 32 20 0 8 240 219 80 243 110 5 5 14 30 239 9 240 247 14 219 207 124 4 
15 15 2 2 48 20 0 43 240 248 14 219 207 44 240 18 0 223 207 230 255 250 239 67 4 
15 15 2 2 64 20 0 8 240 40 223 3 14 236 222 159 239 9 240 76 236 5 4 240 27 4 
15 15 2 2 80 20 0 229 82 229 82 229 82 229 82 0 9 18 0 189 222 238 80 200 4 
15 15 2 2 96 20 0 239 207 234 255 233 110 1 14 18 0 19 14 219 80 243 110 188 4 
15 15 2 2 112 20 0 5 4 14 30 239 9 240 5 4 14 219 80 243 110 9 14 30 239 158 4 
15 15 2 2 128 20 0 9 240 219 207 230 255 250 239 8 240 231 110 5 5 14 231 207 225 4 
15 15 2 2 144 20 0 219 255 18 0 139 223 29 239 10 240 219 207 230 255 134 223 8 4 
15 15 2 2 160 20 0 38 239 10 240 217 80 249 5 15 233 110 255 14 235 239 9 240 209 4 
15 15 2 2 176 20 0 233 110 0 14 218 32 234 110 18 0 91 120 93 32 69 120 98 4 
15 15 2 2 192 20 0 105 116 13 10 0 91 119 93 32 83 97 118 101 32 99 104 107 4 
15 15 2 2 208 20 0 97 110 103 101 115 13 10 0 91 118 93 32 76 111 97 100 37 4 
15 15 2 2 224 20 0 32 100 101 102 97 117 108 116 32 118 97 108 117 101 115 13 70 4 
15 15 2 2 240 20 0 10 0 91 117 93 32 82 101 115 116 97 114 116 32 99 97 216 4 
15 15 2 2 0 21 0 109 101 114 97 13 10 0 91 115 93 32 67 104 97 110 103 255 4 
15 15 2 2 16 21 0 101 32 67 79 77 74 32 61 32 37 117 32 40 48 120 37 253 4 
15 15 2 2 32 21 0 48 50 88 41 13 10 0 91 114 93 32 67 104 97 110 103 162 4 
15 15 2 2 48 21 0 101 32 69 72 83 76 32 61 32 37 117 32 40 48 120 37 218 4 
15 15 2 2 64 21 0 48 50 88 41 13 10 0 91 113 93 32 67 104 97 110 103 131 4 
15 15 2 2 80 21 0 101 32 69 72 83 72 32 61 32 37 117 32 40 48 120 37 190 4 
15 15 2 2 96 21 0 48 50 88 41 13 10 0 91 112 93 32 67 104 97 110 103 100 4 
15 15 2 2 112 21 0 101 32 67 79 77 73 32 61 32 37 117 32 40 48 120 37 158 4 
15 15 2 2 128 21 0 48 50 88 41 13 10 0 91 111 93 32 67 104 97 110 103 69 4 
15 15 2 2 144 21 0 101 32 67 79 77 66 32 61 32 37 117 32 40 48 120 37 133 4 
15 15 2 2 160 21 0 48 50 88 41 13 10 0 91 110 93 32 67 104 97 110 103 38 4 
15 15 2 2 176 21 0 101 32 67 79 77 65 32 61 32 37 117 32 40 48 120 37 102 4 
15 15 2 2 192 21 0 48 50 88 41 13 10 0 91 109 93 32 67 104 97 110 103 7 4 
15 15 2 2 208 21 0 101 32 65 69 67 32 61 32 37 117 32 40 48 120 37 48 109 4 
15 15 2 2 224 21 0 50 88 41 13 10 0 91 108 93 32 67 104 97 110 103 101 179 4 
15 15 2 2 240 21 0 32 66 82 84 32 61 32 37 117 32 40 48 120 37 48 50 97 4 
15 15 2 2 0 22 0 88 41 13 10 0 91 107 93 32 67 104 97 110 103 101 32 165 4 
15 15 2 2 16 22 0 83 65 84 32 61 32 37 117 32 40 48 120 37 48 50 88 8 4 
15 15 2 2 32 22 0 41 13 10 0 91 106 93 32 67 104 97 110 103 101 32 82 140 4 
15 15 2 2 48 22 0 69 68 32 61 32 37 117 32 40 48 120 37 48 50 88 41 30 4 
15 15 2 2 64 22 0 13 10 0 91 105 93 32 67 104 97 110 103 101 32 66 76 90 4 
15 15 2 2 80 22 0 85 32 61 32 37 117 32 40 48 120 37 48 50 88 41 13 37 4 
15 15 2 2 96 22 0 10 0 91 104 93 32 67 104 97 110 103 101 32 65 71 67 11 4 
15 15 2 2 112 22 0 32 61 32 37 117 32 40 48 120 37 48 50 88 41 13 10 80 4 
15 15 2 2 128 22 0 0 13 10 65 100 118 97 110 99 101 100 32 111 112 116 105 93 4 
15 15 2 2 144 22 0 111 110 115 58 13 10 0 91 103 93 32 67 104 97 110 103 149 4 
15 15 2 2 160 22 0 101 32 78 70 32 61 32 37 117 32 40 48 120 37 48 50 159 4 
15 15 2 2 176 22 0 88 41 13 10 0 91 102 93 32 67 104 97 110 103 101 32 250 4 
15 15 2 2 192 22 0 66 95 77 97 120 32 61 32 37 117 32 40 48 120 37 48 3 4 
15 15 2 2 208 22 0 50 88 41 13 10 0 91 101 93 32 67 104 97 110 103 101 201 4 
15 15 2 2 224 22 0 32 66 95 77 105 110 32 61 32 37 117 32 40 48 120 37 245 4 
15 15 2 2 240 22 0 48 50 88 41 13 10 0 91 100 93 32 67 104 97 110 103 223 4 
15 15 2 2 0 23 0 101 32 71 95 77 97 120 32 61 32 37 117 32 40 48 120 141 4 
15 15 2 2 16 23 0 37 48 50 88 41 13 10 0 91 99 93 32 67 104 97 110 1 4 
15 15 2 2 32 23 0 103 101 32 71 95 77 105 110 32 61 32 37 117 32 40 48 128 4 
15 15 2 2 48 23 0 120 37 48 50 88 41 13 10 0 91 98 93 32 67 104 97 216 4 
15 15 2 2 64 23 0 110 103 101 32 82 95 77 97 120 32 61 32 37 117 32 40 21 4 
15 15 2 2 80 23 0 48 120 37 48 50 88 41 13 10 0 91 97 93 32 67 104 234 4 
15 15 2 2 96 23 0 97 110 103 101 32 82 95 77 105 110 32 61 32 37 117 32 190 4 
15 15 2 2 112 23 0 40 48 120 37 48 50 88 41 13 10 0 13 10 67 97 108 95 4 
15 15 2 2 128 23 0 105 98 114 97 116 105 111 110 32 112 97 114 97 109 101 116 3 4 
15 15 2 2 144 23 0 101 114 115 58 13 10 0 13 10 0 13 10 82 101 115 116 238 4 
15 15 2 2 160 23 0 97 114 116 105 110 103 32 67 97 109 101 114 97 46 46 46 205 4 
15 15 2 2 176 23 0 13 10 0 68 111 110 101 13 10 0 13 10 83 97 118 105 215 4 
15 15 2 2 192 23 0 110 103 32 116 111 32 69 69 80 82 79 77 46 46 46 0 219 4 
15 15 2 2 208 23 0 13 10 69 114 114 111 114 58 32 78 117 109 98 101 114 32 17 4 
15 15 2 2 224 23 0 111 117 116 32 111 102 32 114 97 110 103 101 46 13 10 0 70 4 
15 15 2 2 240 23 0 13 10 69 110 116 101 114 32 110 101 119 32 118 97 108 117 158 4 
15 15 2 2 0 24 0 101 32 40 112 114 101 99 101 101 100 32 104 101 120 97 100 53 4 
15 15 2 2 16 24 0 101 99 105 109 97 108 32 110 117 109 98 101 114 115 32 119 182 4 
15 15 2 2 32 24 0 105 116 104 32 48 120 41 58 32 0 67 111 110 102 105 100 225 4 
15 15 2 2 48 24 0 101 110 99 101 32 40 80 105 120 101 108 115 41 32 32 61 182 4 
15 15 2 2 64 24 0 32 37 117 13 10 0 32 66 108 111 98 32 83 105 122 101 121 4 
15 15 2 2 80 24 0 32 40 80 105 120 101 108 115 41 32 32 61 32 37 117 13 106 4 
15 15 2 2 96 24 0 10 0 84 105 108 116 32 69 114 114 111 114 32 40 80 105 178 4 
15 15 2 2 112 24 0 120 101 108 115 41 32 32 61 32 37 100 13 10 0 32 80 226 4 
15 15 2 2 128 24 0 97 110 32 69 114 114 111 114 32 40 80 105 120 101 108 115 174 4 
15 15 2 2 144 24 0 41 32 32 61 32 37 100 13 10 0 84 105 108 116 32 65 240 4 
15 15 2 2 160 24 0 110 103 108 101 32 40 100 101 103 114 101 101 115 41 32 61 241 4 
15 15 2 2 176 24 0 32 37 100 13 10 0 32 80 97 110 32 65 110 103 108 101 46 4 
15 15 2 2 192 24 0 32 40 100 101 103 114 101 101 115 41 32 61 32 37 100 13 193 4 
15 15 2 2 208 24 0 10 0 13 10 0 83 101 97 114 99 104 105 110 103 46 46 3 4 
15 15 2 2 224 24 0 46 13 10 0 91 112 93 32 82 101 116 117 114 110 32 84 131 4 
15 15 2 2 240 24 0 111 32 77 97 105 110 32 84 114 97 99 107 105 110 103 32 109 4 
15 15 2 2 0 25 0 77 101 110 117 13 10 0 91 111 93 32 68 105 115 112 108 244 4 
15 15 2 2 16 25 0 97 121 32 67 117 114 114 101 110 116 32 80 87 77 32 86 108 4 
15 15 2 2 32 25 0 97 108 117 101 115 13 10 0 91 110 93 32 83 101 116 32 0 4 
15 15 2 2 48 25 0 84 105 108 116 32 77 97 120 32 80 87 77 32 86 97 108 121 4 
15 15 2 2 64 25 0 117 101 13 10 0 91 109 93 32 83 101 116 32 84 105 108 248 4 
15 15 2 2 80 25 0 116 32 67 101 110 116 101 114 32 80 87 77 32 86 97 108 71 4 
15 15 2 2 96 25 0 117 101 13 10 0 91 108 93 32 83 101 116 32 84 105 108 217 4 
15 15 2 2 112 25 0 116 32 77 105 110 32 80 87 77 32 86 97 108 117 101 13 125 4 
15 15 2 2 128 25 0 10 0 91 107 93 32 84 105 108 116 32 68 111 119 110 32 161 4 
15 15 2 2 144 25 0 84 101 110 32 83 116 101 112 115 13 10 0 91 106 93 32 164 4 
15 15 2 2 160 25 0 84 105 108 116 32 68 111 119 110 32 79 110 101 32 83 116 197 4 
15 15 2 2 176 25 0 101 112 13 10 0 91 105 93 32 84 105 108 116 32 85 112 132 4 
15 15 2 2 192 25 0 32 84 101 110 32 83 116 101 112 115 13 10 0 91 104 93 118 4 
15 15 2 2 208 25 0 32 84 105 108 116 32 85 112 32 79 110 101 32 83 116 101 227 4 
15 15 2 2 224 25 0 112 13 10 0 91 103 93 32 83 101 116 32 80 97 110 32 178 4 
15 15 2 2 240 25 0 77 97 120 32 80 87 77 32 86 97 108 117 101 13 10 0 133 4 
15 15 2 2 0 26 0 91 102 93 32 83 101 116 32 80 97 110 32 67 101 110 116 143 4 
15 15 2 2 16 26 0 101 114 32 80 87 77 32 86 97 108 117 101 13 10 0 91 88 4 
15 15 2 2 32 26 0 101 93 32 83 101 116 32 80 97 110 32 77 105 110 32 80 193 4 
15 15 2 2 48 26 0 87 77 32 86 97 108 117 101 13 10 0 91 100 93 32 80 78 4 
15 15 2 2 64 26 0 97 110 32 82 105 103 104 116 32 84 101 110 32 83 116 101 34 4 
15 15 2 2 80 26 0 112 115 13 10 0 91 99 93 32 80 97 110 32 82 105 103 252 4 
15 15 2 2 96 26 0 104 116 32 79 110 101 32 83 116 101 112 13 10 0 91 98 212 4 
15 15 2 2 112 26 0 93 32 80 97 110 32 76 101 102 116 32 84 101 110 32 83 113 4 
15 15 2 2 128 26 0 116 101 112 115 13 10 0 91 97 93 32 80 97 110 32 76 203 4 
15 15 2 2 144 26 0 101 102 116 32 79 110 101 32 83 116 101 112 13 10 0 91 163 4 
15 15 2 2 160 26 0 120 93 32 69 120 105 116 13 10 0 91 119 93 32 83 97 153 4 
15 15 2 2 176 26 0 118 101 32 99 104 97 110 103 101 115 13 10 0 91 118 93 25 4 
15 15 2 2 192 26 0 32 76 111 97 100 32 100 101 102 97 117 108 116 32 118 97 134 4 
15 15 2 2 208 26 0 108 117 101 115 13 10 0 91 117 93 32 73 110 116 101 114 243 4 
15 15 2 2 224 26 0 97 99 116 105 118 101 32 80 87 77 32 65 100 106 117 115 91 4 
15 15 2 2 240 26 0 116 109 101 110 116 32 77 101 110 117 13 10 0 91 113 93 213 4 
15 15 2 2 0 27 0 32 67 104 97 110 103 101 32 83 101 97 114 99 104 32 68 161 4 
15 15 2 2 16 27 0 101 108 97 121 32 61 32 37 117 13 10 0 91 112 93 32 176 4 
15 15 2 2 32 27 0 67 104 97 110 103 101 32 84 105 108 116 32 84 97 114 103 16 4 
15 15 2 2 48 27 0 101 116 32 80 105 120 101 108 32 61 32 37 117 13 10 0 136 4 
15 15 2 2 64 27 0 91 111 93 32 67 104 97 110 103 101 32 84 105 108 116 32 55 4 
15 15 2 2 80 27 0 83 101 97 114 99 104 32 83 116 101 112 32 83 105 122 101 196 4 
15 15 2 2 96 27 0 32 61 32 37 117 13 10 0 91 110 93 32 67 104 97 110 147 4 
15 15 2 2 112 27 0 103 101 32 84 105 108 116 32 82 111 116 97 116 105 111 110 120 4 
15 15 2 2 128 27 0 32 83 105 103 110 32 61 32 37 43 100 13 10 0 91 109 160 4 
15 15 2 2 144 27 0 93 32 67 104 97 110 103 101 32 84 105 108 116 32 65 108 5 4 4 
15 15 2 2 160 27 0 108 111 119 97 98 108 101 32 69 114 114 111 114 32 61 32 180 4 
15 15 2 2 176 27 0 37 117 13 10 0 91 108 93 32 67 104 97 110 103 101 32 214 4 
15 15 2 2 192 27 0 84 105 108 116 32 71 97 105 110 32 61 32 37 117 13 10 183 4 
15 15 2 2 208 27 0 0 91 107 93 32 67 104 97 110 103 101 32 84 105 108 116 203 4 
15 15 2 2 224 27 0 32 77 97 120 32 80 87 77 32 61 32 37 117 13 10 0 121 4 
15 15 2 2 240 27 0 91 106 93 32 67 104 97 110 103 101 32 84 105 108 116 32 140 4 
15 15 2 2 0 28 0 67 101 110 116 101 114 32 80 87 77 32 61 32 37 117 13 71 4 
15 15 2 2 16 28 0 10 0 91 105 93 32 67 104 97 110 103 101 32 84 105 108 246 4 
15 15 2 2 32 28 0 116 32 77 105 110 32 80 87 77 32 61 32 37 117 13 10 198 4 
15 15 2 2 48 28 0 0 91 104 93 32 67 104 97 110 103 101 32 80 97 110 32 203 4 
15 15 2 2 64 28 0 84 97 114 103 101 116 32 80 105 120 101 108 32 61 32 37 117 4 
15 15 2 2 80 28 0 117 13 10 0 91 103 93 32 67 104 97 110 103 101 32 80 5 15 4 
15 15 2 2 96 28 0 97 110 32 83 101 97 114 99 104 32 83 116 101 112 32 83 12 4 
15 15 2 2 112 28 0 105 122 101 32 61 32 37 117 13 10 0 91 102 93 32 67 121 4 
15 15 2 2 128 28 0 104 97 110 103 101 32 80 97 110 32 82 111 116 97 116 105 139 4 
15 15 2 2 144 28 0 111 110 32 83 105 103 110 32 61 32 37 43 100 13 10 0 122 4 
15 15 2 2 160 28 0 91 101 93 32 67 104 97 110 103 101 32 80 97 110 32 65 29 4 
15 15 2 2 176 28 0 108 108 111 119 97 98 108 101 32 69 114 114 111 114 32 61 87 4 
15 15 2 2 192 28 0 32 37 117 13 10 0 91 100 93 32 67 104 97 110 103 101 205 4 
15 15 2 2 208 28 0 32 80 97 110 32 71 97 105 110 32 61 32 37 117 13 10 5 4 4 
15 15 2 2 224 28 0 0 91 99 93 32 67 104 97 110 103 101 32 80 97 110 32 32 4 
15 15 2 2 240 28 0 77 97 120 32 80 87 77 32 61 32 37 117 13 10 0 91 45 4 
15 15 2 2 0 29 0 98 93 32 67 104 97 110 103 101 32 80 97 110 32 67 101 179 4 
15 15 2 2 16 29 0 110 116 101 114 32 80 87 77 32 61 32 37 117 13 10 0 212 4 
15 15 2 2 32 29 0 91 97 93 32 67 104 97 110 103 101 32 80 97 110 32 77 148 4 
15 15 2 2 48 29 0 105 110 32 80 87 77 32 61 32 37 117 13 10 0 68 111 227 4 
15 15 2 2 64 29 0 110 101 13 10 0 13 10 83 97 118 105 110 103 32 116 111 51 4 
15 15 2 2 80 29 0 32 69 69 80 82 79 77 46 46 46 0 84 105 108 116 32 96 4 
15 15 2 2 96 29 0 61 32 37 117 0 80 97 110 32 61 32 37 117 13 10 0 59 4 
15 15 2 2 112 29 0 13 10 0 13 10 69 114 114 111 114 58 32 78 117 109 98 75 4 
15 15 2 2 128 29 0 101 114 32 111 117 116 32 111 102 32 114 97 110 103 101 46 192 4 
15 15 2 2 144 29 0 13 10 0 13 10 69 110 116 101 114 32 110 101 119 32 118 35 4 
15 15 2 2 160 29 0 97 108 117 101 58 32 0 255 217 207 230 255 225 207 217 255 42 4 
15 15 2 2 176 29 0 6 14 225 38 2 1 110 81 9 10 1 225 0 210 1 10 128 4 
15 15 2 2 192 29 0 1 225 226 209 5 15 10 1 225 189 209 1 10 1 225 70 209 253 4 
15 15 2 2 208 29 0 3 10 1 225 60 209 1 10 90 224 7 10 75 224 1 10 135 4 
15 15 2 2 224 29 0 26 224 3 10 20 224 1 10 1 224 247 209 1 14 109 111 101 4 
15 15 2 2 240 29 0 2 1 30 107 107 219 1 227 237 209 112 219 239 207 219 255 152 4 
15 15 2 2 0 30 0 30 81 87 219 1 14 219 207 239 255 30 43 243 215 232 217 194 4 
15 15 2 2 16 30 0 2 1 2 14 225 209 236 236 24 240 223 110 97 14 223 92 50 4 
15 15 2 2 32 30 0 14 227 223 80 113 8 11 227 2 1 3 14 110 111 223 207 152 4 
15 15 2 2 48 30 0 28 242 97 14 223 92 2 5 15 2 1 27 111 206 209 117 14 54 4 
15 15 2 2 64 30 0 223 92 5 4 225 110 218 2 1 6 14 198 209 118 14 223 92 201 4 
15 15 2 2 80 30 0 3 225 2 1 7 14 192 209 119 14 223 92 3 225 2 1 90 4 
15 15 2 2 96 30 0 8 14 186 209 120 14 223 92 1 224 183 209 2 1 110 107 215 4 
15 15 2 2 112 30 0 109 107 179 209 2 1 26 107 236 236 24 240 0 9 252 225 196 4 
15 15 2 2 128 30 0 147 14 43 110 29 14 74 219 2 1 5 4 14 165 209 236 236 113 4 
15 15 2 2 144 30 0 24 240 223 110 48 14 223 92 3 227 223 80 57 8 6 226 66 4 
15 15 2 2 160 30 0 43 14 223 92 3 224 45 14 223 92 16 225 2 1 26 81 18 4 
15 15 2 2 176 30 0 6 219 12 226 223 207 230 255 238 236 24 240 229 82 2 1 176 4 
15 15 2 2 192 30 0 26 81 61 219 223 207 239 255 26 43 135 209 13 14 223 92 12 4 
15 15 2 2 208 30 0 1 224 131 209 45 14 2 1 20 93 11 225 5 4 14 219 104 233 4 
15 15 2 2 224 30 0 5 5 14 219 104 26 7 30 107 30 81 233 218 14 226 214 218 44 4 
15 15 2 2 240 30 0 251 215 43 14 20 93 8 225 249 218 26 7 30 107 30 81 157 4 
15 15 2 2 0 31 0 222 218 3 226 203 218 251 215 241 218 2 1 26 81 3 8 133 4 
15 15 2 2 16 31 0 8 226 2 14 219 106 1 14 243 110 3 14 243 207 219 255 113 4 
15 15 2 2 32 31 0 98 208 3 14 26 93 44 225 48 14 20 93 43 110 44 106 24 4 
15 15 2 2 48 31 0 100 14 29 110 30 106 43 192 34 240 44 192 35 240 132 236 188 4 
15 15 2 2 64 31 0 35 240 2 14 27 192 219 255 3 14 28 192 219 255 48 14 192 4 
15 15 2 2 80 31 0 2 1 21 93 45 110 46 106 10 14 29 110 30 106 45 192 205 4 
15 15 2 2 96 31 0 34 240 46 192 35 240 132 236 35 240 28 192 44 240 144 218 133 4 
15 15 2 2 112 31 0 27 80 238 38 44 80 237 34 48 14 2 1 22 93 10 208 213 4 
15 15 2 2 128 31 0 2 14 26 93 5 15 225 48 14 20 93 10 13 243 80 221 218 38 4 
15 15 2 2 144 31 0 48 14 21 93 43 110 44 106 123 218 43 80 238 38 44 80 14 4 
15 15 2 2 160 31 0 237 34 5 5 208 26 5 5 25 225 48 14 20 93 206 218 5 4 14 215 4 
15 15 2 2 176 31 0 219 207 43 240 5 5 14 219 207 44 240 106 218 43 192 34 240 78 4 
15 15 2 2 192 31 0 44 192 35 240 238 207 29 240 237 207 30 240 132 236 35 240 7 4 
15 15 2 2 208 31 0 27 192 238 255 28 192 237 255 6 208 26 81 5 4 225 27 81 235 4 
15 15 2 2 224 31 0 104 218 239 80 178 218 102 14 2 1 28 93 3 224 110 14 161 4 
15 15 2 2 240 31 0 28 93 14 225 77 218 1 14 238 24 1 225 237 80 30 224 44 4 
15 15 2 2 0 32 0 71 218 255 14 238 24 32 225 255 14 237 24 29 225 22 208 177 4 
15 15 2 2 16 32 0 2 14 3 14 219 207 44 240 0 1 128 14 44 20 20 225 33 4 
15 15 2 2 32 32 0 2 14 219 207 45 240 3 14 219 207 46 240 46 52 5 4 226 196 4 
15 15 2 2 48 32 0 45 80 255 8 0 14 46 84 7 227 2 1 27 81 57 218 44 4 
15 15 2 2 64 32 0 2 14 219 207 239 255 198 208 2 1 5 5 14 197 208 115 14 50 4 
15 15 2 2 80 32 0 43 110 29 14 99 218 2 1 3 14 190 208 236 236 24 240 9 4 
15 15 2 2 96 32 0 223 110 97 14 223 92 2 225 1 1 163 7 98 14 223 92 75 4 
15 15 2 2 112 32 0 5 4 225 10 14 1 1 163 95 176 208 99 14 223 92 3 225 91 4 
15 15 2 2 128 32 0 1 1 163 43 170 208 100 14 223 92 5 4 225 10 14 1 1 102 4 
15 15 2 2 144 32 0 163 39 163 208 101 14 223 92 3 225 163 193 2 242 157 208 184 4 
15 15 2 2 160 32 0 102 14 223 92 3 225 163 193 3 242 151 208 103 14 223 92 57 4 
15 15 2 2 176 32 0 3 225 163 193 5 4 242 145 208 104 14 223 92 3 225 1 1 246 4 
15 15 2 2 192 32 0 164 43 139 208 105 14 223 92 5 4 225 10 14 1 1 164 39 118 4 
15 15 2 2 208 32 0 132 208 106 14 223 92 3 225 1 1 164 7 126 208 107 14 173 4 
15 15 2 2 224 32 0 223 92 5 4 225 10 14 1 1 164 95 119 208 108 14 223 92 195 4 
15 15 2 2 240 32 0 3 225 164 193 10 242 113 208 109 14 223 92 3 225 164 193 103 4 
15 15 2 2 0 33 0 11 242 107 208 110 14 223 92 3 225 164 193 12 242 101 208 112 4 
15 15 2 2 16 33 0 111 14 223 92 19 225 29 218 1 1 163 81 230 110 230 106 142 4 
15 15 2 2 32 33 0 101 14 43 110 29 14 253 217 1 1 164 81 230 110 230 106 19 4 
15 15 2 2 48 33 0 91 14 43 110 29 14 245 217 244 216 79 208 112 14 223 92 12 4 
15 15 2 2 64 33 0 76 225 72 208 2 1 2 107 124 14 3 111 248 14 5 4 111 113 4 
15 15 2 2 80 33 0 3 14 5 5 111 6 14 6 111 7 105 62 14 8 111 79 14 237 4 
15 15 2 2 96 33 0 9 111 94 14 10 111 144 14 11 111 194 14 12 111 8 14 165 4 
15 15 2 2 112 33 0 13 111 6 14 14 111 1 14 5 15 111 50 14 16 111 119 14 141 4 
15 15 2 2 128 33 0 17 111 5 5 14 18 111 38 208 2 1 30 107 159 217 10 226 97 4 
15 15 2 2 144 33 0 30 81 143 217 1 14 239 207 219 255 160 217 219 207 239 255 188 4 
15 15 2 2 160 33 0 30 43 244 215 32 14 230 110 230 106 255 216 229 82 229 82 16 4 
15 15 2 2 176 33 0 69 14 43 110 29 14 178 217 2 1 9 14 13 208 105 236 61 4 
15 15 2 2 192 33 0 34 240 32 8 10 225 62 14 43 110 29 14 79 217 229 82 135 4 
15 15 2 2 208 33 0 229 82 229 82 2 1 1 14 110 111 2 1 109 81 142 209 142 4 
15 15 2 2 224 33 0 184 217 183 217 2 1 2 81 230 110 230 106 32 14 43 110 25 4 
15 15 2 2 240 33 0 29 14 151 217 2 1 3 81 230 110 230 106 255 14 43 110 175 4 
15 15 2 2 0 34 0 28 14 143 217 2 1 5 4 81 230 110 230 106 225 14 43 110 196 4 
15 15 2 2 16 34 0 28 14 135 217 2 1 5 5 81 230 110 230 106 198 14 43 110 214 4 
15 15 2 2 32 34 0 28 14 127 217 2 1 6 81 230 110 230 106 160 14 43 110 243 4 
15 15 2 2 48 34 0 28 14 119 217 7 194 43 240 44 106 43 190 44 104 105 217 247 4 
15 15 2 2 64 34 0 123 14 45 110 28 14 112 217 2 1 8 81 230 110 230 106 3 4 
15 15 2 2 80 34 0 84 14 43 110 28 14 101 217 2 1 9 81 230 110 230 106 38 4 
15 15 2 2 96 34 0 49 14 43 110 28 14 93 217 2 1 10 81 230 110 230 106 64 4 
15 15 2 2 112 34 0 18 14 43 110 28 14 85 217 2 1 11 81 230 110 230 106 86 4 
15 15 2 2 128 34 0 240 14 43 110 27 14 77 217 2 1 12 81 230 110 230 106 112 4 
15 15 2 2 144 34 0 209 14 43 110 27 14 69 217 2 1 13 81 230 110 230 106 134 4 
15 15 2 2 160 34 0 181 14 43 110 27 14 61 217 2 1 14 81 230 110 230 106 153 4 
15 15 2 2 176 34 0 142 14 43 110 27 14 53 217 5 15 194 43 240 44 106 43 190 83 4 
15 15 2 2 192 34 0 44 104 39 217 104 14 45 110 27 14 46 217 2 1 16 81 225 4 
15 15 2 2 208 34 0 230 110 230 106 64 14 43 110 27 14 35 217 2 1 17 81 245 4 
15 15 2 2 224 34 0 230 110 230 106 28 14 43 110 27 14 27 217 2 1 18 81 16 4 
15 15 2 2 240 34 0 230 110 230 106 253 14 43 110 26 14 19 217 42 217 215 14 166 4 
15 15 2 2 0 35 0 43 110 26 14 11 217 189 14 43 110 26 14 7 217 170 14 16 4 
15 15 2 2 16 35 0 43 110 26 14 3 217 159 14 43 110 26 14 255 216 169 239 79 4 
15 15 2 2 32 35 0 18 240 23 217 22 217 135 14 43 110 26 14 247 216 110 14 55 4 
15 15 2 2 48 35 0 43 110 26 14 243 216 85 14 43 110 26 14 239 216 59 14 233 4 
15 15 2 2 64 35 0 43 110 26 14 235 216 31 14 43 110 26 14 231 216 0 14 90 4 
15 15 2 2 80 35 0 43 110 26 14 227 216 228 14 43 110 25 14 223 216 205 14 201 4 
15 15 2 2 96 35 0 43 110 25 14 219 216 181 14 43 110 25 14 215 216 156 14 42 4 
15 15 2 2 112 35 0 43 110 25 14 211 216 130 14 43 110 25 14 207 216 101 14 148 4 
15 15 2 2 128 35 0 43 110 25 14 203 216 69 14 43 110 25 14 199 216 40 14 14 4 
15 15 2 2 144 35 0 43 110 25 14 195 216 7 14 43 110 25 14 191 216 228 14 144 4 
15 15 2 2 160 35 0 43 110 24 14 187 216 169 239 18 240 217 207 230 255 225 207 16 4 
15 15 2 2 176 35 0 217 255 5 5 14 225 38 3 14 219 106 5 4 14 219 106 7 1 130 4 
15 15 2 2 192 35 0 71 14 224 111 75 14 225 111 222 106 221 106 222 207 43 240 117 4 
15 15 2 2 208 35 0 221 207 44 240 19 14 43 92 0 14 44 88 49 226 222 207 71 4 
15 15 2 2 224 35 0 233 255 221 207 234 255 224 14 233 38 7 14 234 34 2 14 78 4 
15 15 2 2 240 35 0 239 207 219 255 219 207 230 255 253 14 219 207 45 240 254 14 228 4 
15 15 2 2 0 36 0 219 207 46 240 222 80 45 36 43 110 221 80 46 32 44 110 227 4 
15 15 2 2 16 36 0 43 192 230 255 230 110 236 236 33 240 54 216 2 14 219 80 114 4 
15 15 2 2 32 36 0 43 110 44 106 217 80 3 5 15 233 110 218 207 234 255 43 80 234 4 
15 15 2 2 48 36 0 238 38 44 80 237 34 223 42 1 14 200 227 219 42 198 215 164 4 
15 15 2 2 64 36 0 3 14 219 207 230 255 20 14 231 110 253 14 219 207 43 240 177 4 
15 15 2 2 80 36 0 254 14 219 207 44 240 231 80 43 38 0 14 44 34 43 6 161 4 
15 15 2 2 96 36 0 44 90 87 216 236 236 33 240 5 15 216 72 208 44 110 45 106 170 4 
15 15 2 2 112 36 0 43 192 230 255 230 110 45 192 230 255 164 239 36 240 245 110 104 4 
15 15 2 2 128 36 0 5 5 14 225 94 245 80 18 0 229 82 229 82 229 82 18 0 248 4 
15 15 2 2 144 36 0 217 80 2 5 15 233 110 218 207 234 255 18 0 30 41 79 216 165 4 
15 15 2 2 160 36 0 239 80 230 110 30 81 75 216 229 82 231 80 239 110 30 43 255 4 
15 15 2 2 176 36 0 18 0 234 106 0 5 15 233 110 2 14 234 34 18 0 43 110 149 4 
15 15 2 2 192 36 0 44 106 6 14 43 92 0 14 44 88 18 0 30 81 43 110 59 4 
15 15 2 2 208 36 0 44 106 20 14 43 92 0 14 44 88 18 0 30 81 234 106 98 4 
15 15 2 2 224 36 0 224 5 15 233 110 7 14 234 34 1 14 18 0 1 14 243 110 0 4 
15 15 2 2 240 36 0 5 4 14 243 207 219 255 5 5 14 219 106 18 0 217 207 225 255 72 4 
15 15 2 2 0 37 0 229 82 231 207 217 255 18 0 229 82 231 80 238 110 237 106 223 4 
15 15 2 2 16 37 0 18 0 43 192 230 255 44 192 230 255 18 0 167 223 68 239 73 4 
15 15 2 2 32 37 0 18 240 164 223 63 239 18 240 46 110 47 106 45 192 230 255 251 4 
15 15 2 2 48 37 0 230 110 47 192 230 255 164 236 36 240 63 239 18 240 234 106 87 4 
15 15 2 2 64 37 0 20 5 15 233 110 2 14 234 34 18 0 230 110 161 223 132 239 168 4 
15 15 2 2 80 37 0 18 240 112 14 43 110 29 14 142 239 18 240 217 207 230 255 55 4 
15 15 2 2 96 37 0 225 207 217 255 5 4 14 225 38 2 1 114 81 10 10 1 225 26 4 
15 15 2 2 112 37 0 208 209 3 10 1 225 196 209 1 10 1 225 184 209 5 15 10 179 4 
15 15 2 2 128 37 0 1 225 154 209 1 10 1 225 118 209 3 10 1 225 108 209 170 4 
15 15 2 2 144 37 0 1 10 91 224 7 10 76 224 1 10 26 224 3 10 20 224 190 4 
15 15 2 2 160 37 0 1 10 1 224 189 209 1 14 113 111 1 1 255 107 43 219 92 4 
15 15 2 2 176 37 0 1 227 179 209 48 219 239 207 219 255 255 81 30 219 3 14 194 4 
15 15 2 2 192 37 0 219 207 239 255 255 43 243 215 174 217 2 1 2 14 167 209 121 4 
15 15 2 2 208 37 0 42 219 97 14 7 219 14 227 2 14 219 80 115 8 10 227 29 4 
15 15 2 2 224 37 0 2 1 3 14 114 111 2 14 219 80 159 5 15 2 5 15 1 1 6 4 
15 15 2 2 240 37 0 253 111 150 209 2 14 219 80 117 8 3 225 2 1 9 14 94 4 
15 15 2 2 0 38 0 142 209 2 14 219 80 118 8 3 225 2 1 6 14 135 209 107 4 
15 15 2 2 16 38 0 2 14 219 80 119 8 3 225 2 1 7 14 128 209 2 14 175 4 
15 15 2 2 32 38 0 219 80 120 8 1 224 124 209 2 1 114 107 113 107 120 209 216 4 
15 15 2 2 48 38 0 1 1 252 107 236 236 24 240 0 9 252 225 240 14 43 110 224 4 
15 15 2 2 64 38 0 23 14 6 219 2 1 5 4 14 106 209 237 218 48 14 202 218 151 4 
15 15 2 2 80 38 0 5 4 227 2 14 219 80 57 8 22 226 97 14 195 218 5 4 227 56 4 
15 15 2 2 96 38 0 2 14 219 80 102 8 5 15 226 65 14 188 218 5 4 227 2 14 0 4 
15 15 2 2 112 38 0 219 80 70 8 8 226 2 14 219 80 120 8 5 4 224 2 14 84 4 
15 15 2 2 128 38 0 219 80 88 8 48 225 1 1 252 81 43 110 44 106 6 14 40 4 
15 15 2 2 144 38 0 43 92 0 14 44 88 39 226 97 14 164 218 5 4 227 2 14 64 4 
15 15 2 2 160 38 0 219 80 102 8 5 4 226 2 14 219 80 120 8 10 225 32 14 227 4 
15 15 2 2 176 38 0 43 110 2 14 219 207 231 255 43 80 231 94 2 14 231 207 103 4 
15 15 2 2 192 38 0 219 255 2 14 219 207 230 255 238 236 24 240 229 82 1 1 130 4 
15 15 2 2 208 38 0 252 81 234 106 246 5 15 233 110 1 14 234 34 2 14 219 207 52 4 
15 15 2 2 224 38 0 239 255 252 43 29 209 2 14 219 80 13 8 1 224 24 209 217 4 
15 15 2 2 240 38 0 48 14 1 1 246 93 90 225 88 14 247 93 87 225 252 81 217 4 
15 15 2 2 0 39 0 5 4 8 87 227 5 4 14 252 93 52 225 48 14 248 93 6 227 147 4 
15 15 2 2 16 39 0 248 81 57 8 3 227 48 14 248 93 9 208 65 14 248 93 69 4 
15 15 2 2 32 39 0 11 227 248 81 70 8 8 227 65 14 248 93 10 5 15 16 13 107 4 
15 15 2 2 48 39 0 243 80 222 110 221 106 6 208 88 14 248 93 3 225 222 106 18 4 
15 15 2 2 64 39 0 1 14 221 110 48 14 249 93 6 227 249 81 57 8 3 227 77 4 
15 15 2 2 80 39 0 48 14 249 93 106 208 65 14 249 93 7 227 249 81 70 8 144 4 
15 15 2 2 96 39 0 5 4 227 65 14 249 93 10 5 15 96 208 88 14 249 93 109 225 150 4 
15 15 2 2 112 39 0 25 208 3 14 252 93 29 225 48 14 248 93 6 227 248 81 79 4 
15 15 2 2 128 39 0 57 8 3 227 48 14 248 93 94 208 65 14 248 93 7 227 223 4 
15 15 2 2 144 39 0 248 81 70 8 5 4 227 65 14 248 93 10 5 15 84 208 88 14 128 4 
15 15 2 2 160 39 0 248 93 83 225 77 218 238 82 237 42 79 208 252 81 3 8 183 4 
15 15 2 2 176 39 0 5 4 226 222 106 1 14 221 110 72 208 3 14 252 93 42 225 16 4 
15 15 2 2 192 39 0 48 14 246 93 43 110 44 106 100 14 29 110 30 106 43 192 229 4 
15 15 2 2 208 39 0 34 240 44 192 35 240 132 236 35 240 27 192 222 255 28 192 221 4 
15 15 2 2 224 39 0 221 255 48 14 1 1 247 93 45 110 46 106 10 14 29 110 175 4 
15 15 2 2 240 39 0 30 106 45 192 34 240 46 192 35 240 132 236 35 240 28 192 254 4 
15 15 2 2 0 40 0 44 240 30 218 27 80 238 38 44 80 237 34 48 14 1 1 118 4 
15 15 2 2 16 40 0 248 93 11 208 2 14 252 93 12 225 48 14 246 93 10 13 150 4 
15 15 2 2 32 40 0 243 80 222 110 221 106 48 14 247 93 222 38 0 14 221 34 59 4 
15 15 2 2 48 40 0 12 208 252 5 5 3 225 48 14 246 93 5 5 208 252 81 5 5 225 74 4 
15 15 2 2 64 40 0 253 81 219 217 239 80 222 110 221 106 250 217 255 14 216 128 136 4 
15 15 2 2 80 40 0 238 84 0 14 237 84 5 5 227 253 81 207 217 223 207 239 255 121 4 
15 15 2 2 96 40 0 92 208 2 1 5 5 14 91 208 208 14 43 110 23 14 240 217 162 4 
15 15 2 2 112 40 0 2 1 3 14 84 208 1 1 85 14 226 111 115 14 227 111 163 4 
15 15 2 2 128 40 0 5 15 14 228 111 17 14 229 111 100 14 230 111 145 14 231 111 181 4 
15 15 2 2 144 40 0 232 107 233 107 128 14 234 111 235 111 236 111 1 14 237 111 150 4 
15 15 2 2 160 40 0 238 111 32 14 239 111 240 111 128 14 241 111 242 111 32 14 111 4 
15 15 2 2 176 40 0 243 111 132 14 244 111 49 208 1 1 255 107 164 217 10 226 247 4 
15 15 2 2 192 40 0 255 81 155 217 3 14 239 207 219 255 165 217 219 207 239 255 145 4 
15 15 2 2 208 40 0 255 43 244 215 0 14 230 110 230 106 18 217 229 82 229 82 5 4 4 
15 15 2 2 224 40 0 186 14 43 110 23 14 180 217 2 1 8 14 24 208 105 236 139 4 
15 15 2 2 240 40 0 34 240 32 8 21 225 179 14 43 110 23 14 169 217 13 208 214 4 
15 15 2 2 0 41 0 154 14 43 110 23 14 164 217 184 236 24 240 2 1 10 14 41 4 
15 15 2 2 16 41 0 6 208 187 236 24 240 1 8 3 225 2 1 1 14 114 111 94 4 
15 15 2 2 32 41 0 2 1 113 81 135 209 151 217 123 14 43 110 23 14 144 217 118 4 
15 15 2 2 48 41 0 1 1 226 81 230 110 230 106 226 81 230 110 230 106 90 14 139 4 
15 15 2 2 64 41 0 43 110 23 14 130 217 1 1 227 81 230 110 230 106 227 81 108 4 
15 15 2 2 80 41 0 230 110 230 106 57 14 43 110 23 14 119 217 1 1 228 81 83 4 
15 15 2 2 96 41 0 230 110 230 106 228 81 230 110 230 106 24 14 43 110 23 14 18 4 
15 15 2 2 112 41 0 108 217 1 1 229 81 230 110 230 106 229 81 230 110 230 106 104 4 
15 15 2 2 128 41 0 247 14 43 110 22 14 97 217 1 1 230 81 230 110 230 106 122 4 
15 15 2 2 144 41 0 230 81 230 110 230 106 214 14 43 110 22 14 86 217 1 1 150 4 
15 15 2 2 160 41 0 231 81 230 110 230 106 231 81 230 110 230 106 181 14 43 110 31 4 
15 15 2 2 176 41 0 22 14 75 217 1 1 232 81 230 110 230 106 232 81 230 110 111 4 
15 15 2 2 192 41 0 230 106 151 14 43 110 22 14 64 217 129 14 43 110 22 14 252 4 
15 15 2 2 208 41 0 63 217 1 1 233 81 230 110 230 106 233 81 230 110 230 106 45 4 
15 15 2 2 224 41 0 98 14 43 110 22 14 49 217 1 1 234 81 230 110 230 106 219 4 
15 15 2 2 240 41 0 234 81 230 110 230 106 67 14 43 110 22 14 38 217 1 1 245 4 
15 15 2 2 0 42 0 235 81 230 110 230 106 235 81 230 110 230 106 36 14 43 110 71 4 
15 15 2 2 16 42 0 22 14 27 217 1 1 236 81 230 110 230 106 236 81 230 110 54 4 
15 15 2 2 32 42 0 230 106 5 5 14 43 110 22 14 16 217 1 1 237 81 230 110 21 4 
15 15 2 2 48 42 0 230 106 237 81 230 110 230 106 230 14 43 110 21 14 5 5 217 226 4 
15 15 2 2 64 42 0 1 1 238 81 230 110 230 106 238 81 230 110 230 106 199 14 245 4 
15 15 2 2 80 42 0 43 110 21 14 250 216 1 1 239 81 230 110 230 106 239 81 206 4 
15 15 2 2 96 42 0 230 110 230 106 167 14 43 110 21 14 239 216 1 1 240 81 83 4 
15 15 2 2 112 42 0 230 110 230 106 240 81 230 110 230 106 135 14 43 110 21 14 136 4 
15 15 2 2 128 42 0 228 216 1 1 241 81 230 110 230 106 241 81 230 110 230 106 200 4 
15 15 2 2 144 42 0 103 14 43 110 21 14 217 216 1 1 242 81 230 110 230 106 119 4 
15 15 2 2 160 42 0 242 81 230 110 230 106 71 14 43 110 21 14 206 216 1 1 146 4 
15 15 2 2 176 42 0 243 81 230 110 230 106 243 81 230 110 230 106 39 14 43 110 132 4 
15 15 2 2 192 42 0 21 14 195 216 1 1 244 81 230 110 230 106 244 81 230 110 208 4 
15 15 2 2 208 42 0 230 106 7 14 43 110 21 14 184 216 189 216 242 14 43 110 35 4 
15 15 2 2 224 42 0 20 14 182 216 216 14 43 110 20 14 178 216 197 14 43 110 171 4 
15 15 2 2 240 42 0 20 14 174 216 186 14 43 110 20 14 170 216 43 239 22 240 21 4 
15 15 2 2 0 43 0 217 207 230 255 225 207 217 255 5 5 14 225 38 3 14 219 106 76 4 
15 15 2 2 16 43 0 5 4 14 219 106 1 1 66 14 96 111 80 14 97 111 222 106 211 4 
15 15 2 2 32 43 0 221 106 222 207 43 240 221 207 44 240 21 14 43 92 0 14 34 4 
15 15 2 2 48 43 0 44 88 49 226 222 207 233 255 221 207 234 255 96 14 233 38 99 4 
15 15 2 2 64 43 0 1 14 234 34 2 14 239 207 219 255 219 207 230 255 253 14 52 4 
15 15 2 2 80 43 0 219 207 45 240 254 14 219 207 46 240 222 80 45 36 43 110 206 4 
15 15 2 2 96 43 0 221 80 46 32 44 110 43 192 230 255 230 110 236 236 33 240 79 4 
15 15 2 2 112 43 0 64 216 2 14 219 80 43 110 44 106 217 80 3 5 15 233 110 77 4 
15 15 2 2 128 43 0 218 207 234 255 43 80 238 38 44 80 237 34 223 42 1 14 141 4 
15 15 2 2 144 43 0 200 227 219 42 198 215 3 14 219 207 230 255 22 14 231 110 219 4 
15 15 2 2 160 43 0 253 14 219 207 43 240 254 14 219 207 44 240 231 80 43 38 7 4 
15 15 2 2 176 43 0 0 14 44 34 43 6 44 90 43 192 230 255 44 192 230 255 109 4 
15 15 2 2 192 43 0 236 236 33 240 22 216 54 208 44 110 45 106 43 192 230 255 51 4 
15 15 2 2 208 43 0 230 110 45 192 230 255 164 239 36 240 245 110 7 14 225 94 125 4 
15 15 2 2 224 43 0 245 80 18 0 243 110 2 14 219 207 244 255 243 80 244 92 249 4 
15 15 2 2 240 43 0 18 0 229 82 229 82 229 82 18 0 234 106 224 5 15 233 110 126 4 
15 15 2 2 0 44 0 1 14 234 34 18 0 255 81 43 110 44 106 22 14 43 92 121 4 
15 15 2 2 16 44 0 0 14 44 88 18 0 255 81 234 106 96 5 15 233 110 1 14 163 4 
15 15 2 2 32 44 0 234 34 3 14 18 0 236 236 24 240 231 110 2 14 231 207 134 4 
15 15 2 2 48 44 0 219 255 18 0 217 207 225 255 229 82 231 207 217 255 18 0 85 4 
15 15 2 2 64 44 0 217 207 233 255 218 207 234 255 18 0 190 223 237 239 21 240 222 4 
15 15 2 2 80 44 0 187 223 249 239 21 240 151 14 43 110 23 14 40 239 22 240 121 4 
15 15 2 2 96 44 0 212 218 5 4 14 225 38 2 1 79 81 10 225 209 216 223 110 37 4 
15 15 2 2 112 44 0 223 5 4 5 4 225 2 1 1 14 79 111 2 208 223 80 1 8 190 4 
15 15 2 2 128 44 0 157 218 231 110 1 14 231 207 219 255 219 80 0 8 23 226 185 4 
15 15 2 2 144 44 0 3 14 219 106 1 14 219 80 243 110 3 14 219 207 244 255 161 4 
15 15 2 2 160 44 0 243 80 244 92 12 226 140 218 231 110 2 14 231 207 219 255 84 4 
15 15 2 2 176 44 0 219 207 230 255 7 216 229 82 3 14 219 42 235 215 217 207 251 4 
15 15 2 2 192 44 0 225 255 168 210 162 218 2 1 86 81 6 10 1 225 127 208 79 4 
15 15 2 2 208 44 0 3 10 96 224 6 10 46 224 1 10 35 224 3 10 1 224 153 4 
15 15 2 2 224 44 0 150 208 254 14 219 80 43 110 44 106 255 14 43 24 5 4 225 239 4 
15 15 2 2 240 44 0 44 80 2 225 2 14 138 208 254 14 219 80 65 8 6 225 176 4 
15 15 2 2 0 45 0 1 1 2 14 153 111 2 1 5 5 14 128 208 254 14 219 80 24 4 
15 15 2 2 16 45 0 78 8 1 224 124 208 1 1 2 14 153 111 2 1 6 14 11 4 
15 15 2 2 32 45 0 117 208 254 14 219 80 84 8 112 225 1 1 152 107 2 1 126 4 
15 15 2 2 48 45 0 3 14 108 208 1 1 152 81 43 110 44 106 8 14 43 92 155 4 
15 15 2 2 64 45 0 0 14 44 88 10 226 152 81 234 106 118 5 15 233 110 1 14 233 4 
15 15 2 2 80 45 0 234 34 254 14 219 207 239 255 152 43 152 81 43 110 44 106 244 4 
15 15 2 2 96 45 0 8 14 43 24 84 225 44 80 82 225 118 193 88 241 119 193 122 4 
15 15 2 2 112 45 0 89 241 120 193 90 241 121 193 91 241 122 193 92 241 123 193 71 4 
15 15 2 2 128 45 0 93 241 124 193 94 241 125 193 95 241 2 1 80 43 0 14 91 4 
15 15 2 2 144 45 0 81 35 59 208 2 14 1 1 153 93 5 4 225 254 14 219 80 156 4 
15 15 2 2 160 45 0 67 8 36 224 3 14 153 93 5 4 225 254 14 219 80 75 8 106 4 
15 15 2 2 176 45 0 29 224 5 4 14 153 93 9 225 254 14 219 80 13 8 5 5 225 254 4 
15 15 2 2 192 45 0 2 1 82 43 0 14 83 35 32 208 2 1 30 208 2 14 26 4 
15 15 2 2 208 45 0 1 1 153 93 5 4 225 254 14 219 80 67 8 7 224 3 14 168 4 
15 15 2 2 224 45 0 153 93 6 225 254 14 219 80 75 8 2 225 153 43 5 15 208 2 4 
15 15 2 2 240 45 0 5 4 14 153 93 9 225 254 14 219 80 13 8 5 5 225 2 1 184 4 
15 15 2 2 0 46 0 84 43 0 14 85 35 1 208 2 1 1 14 86 111 2 210 77 4 
15 15 2 2 16 46 0 252 217 230 82 2 1 87 5 5 7 225 167 217 5 5 14 230 110 131 4 
15 15 2 2 32 46 0 173 217 229 82 2 1 87 107 88 5 5 13 225 88 107 1 1 28 4 
15 15 2 2 48 46 0 155 107 1 14 154 111 156 107 157 107 158 107 2 1 82 107 168 4 
15 15 2 2 64 46 0 83 107 84 107 85 107 1 1 155 5 5 40 225 2 1 1 14 148 4 
15 15 2 2 80 46 0 82 93 0 14 83 89 5 5 227 1 1 155 107 156 107 157 107 22 4 
15 15 2 2 96 46 0 217 208 1 14 84 93 0 14 85 89 3 227 1 1 154 5 5 194 4 
15 15 2 2 112 46 0 208 208 1 1 10 14 156 93 0 14 157 89 11 227 128 14 43 4 
15 15 2 2 128 46 0 154 37 43 110 44 106 0 14 44 34 43 6 44 90 43 192 98 4 
15 15 2 2 144 46 0 158 241 192 208 156 43 0 14 157 35 188 208 2 1 82 107 62 4 
15 15 2 2 160 46 0 83 107 84 107 85 107 1 1 154 81 18 10 1 225 176 208 134 4 
15 15 2 2 176 46 0 3 10 1 225 150 208 1 10 1 225 140 208 31 10 1 225 117 4 
15 15 2 2 192 46 0 131 208 1 10 1 225 122 208 3 10 114 224 1 10 106 224 208 4 
15 15 2 2 208 46 0 7 10 98 224 1 10 87 224 3 10 79 224 1 10 71 224 251 4 
15 15 2 2 224 46 0 5 15 10 63 224 1 10 55 224 3 10 47 224 1 10 39 224 102 4 
15 15 2 2 240 46 0 7 10 31 224 1 10 25 224 3 10 1 224 139 208 230 106 49 4 
15 15 2 2 0 47 0 0 14 230 110 230 106 144 216 229 82 229 82 229 82 223 110 193 4 
15 15 2 2 16 47 0 223 80 7 224 223 5 4 5 5 224 2 14 223 92 2 224 3 14 161 4 
15 15 2 2 32 47 0 223 92 35 217 1 1 2 14 1 208 3 14 154 111 155 107 115 4 
15 15 2 2 48 47 0 113 208 113 193 230 255 41 14 89 217 5 4 14 101 208 112 193 100 4 
15 15 2 2 64 47 0 230 255 19 14 83 217 5 5 14 95 208 116 193 230 255 45 14 196 4 
15 15 2 2 80 47 0 77 217 6 14 89 208 114 193 230 255 42 14 71 217 7 14 149 4 
15 15 2 2 96 47 0 83 208 115 193 230 255 43 14 65 217 8 14 77 208 116 193 118 4 
15 15 2 2 112 47 0 230 255 45 14 59 217 9 14 71 208 111 193 230 255 18 14 198 4 
15 15 2 2 128 47 0 53 217 10 14 65 208 105 193 230 255 230 106 5 15 217 229 82 152 4 
15 15 2 2 144 47 0 229 82 1 1 11 14 56 208 106 193 230 255 1 14 38 217 197 4 
15 15 2 2 160 47 0 12 14 50 208 107 193 230 255 2 14 32 217 13 14 44 208 224 4 
15 15 2 2 176 47 0 108 193 230 255 3 14 26 217 14 14 38 208 109 193 230 255 226 4 
15 15 2 2 192 47 0 6 14 20 217 5 15 14 32 208 110 193 230 255 16 14 14 217 230 4 
15 15 2 2 208 47 0 16 14 26 208 104 193 230 255 223 216 229 82 1 1 17 14 216 4 
15 15 2 2 224 47 0 19 208 103 193 230 255 102 193 230 255 101 193 230 255 100 193 193 4 
15 15 2 2 240 47 0 230 255 99 193 230 255 98 193 230 255 167 216 245 110 6 14 241 4 
15 15 2 2 0 48 0 225 94 245 80 1 1 18 14 154 111 1 14 155 111 2 208 50 4 
15 15 2 2 16 48 0 1 14 158 111 158 81 0 8 3 226 2 1 1 14 88 111 235 4 
15 15 2 2 32 48 0 1 1 158 81 229 82 246 208 240 216 6 14 225 38 252 14 209 4 
15 15 2 2 48 48 0 219 80 87 225 2 14 219 106 3 14 219 106 223 106 223 80 22 4 
15 15 2 2 64 48 0 43 110 44 106 22 14 43 92 0 14 44 88 56 226 223 80 215 4 
15 15 2 2 80 48 0 231 110 253 14 219 207 43 240 254 14 219 207 44 240 231 80 78 4 
15 15 2 2 96 48 0 43 38 0 14 44 34 43 192 230 255 44 192 230 255 221 236 85 4 
15 15 2 2 112 48 0 33 240 229 82 229 82 231 110 1 14 231 207 219 255 223 80 186 4 
15 15 2 2 128 48 0 234 106 96 5 15 233 110 1 14 234 34 1 14 219 207 239 255 112 4 
15 15 2 2 144 48 0 223 80 43 110 44 106 21 14 43 92 0 14 44 88 13 226 179 4 
15 15 2 2 160 48 0 1 14 219 80 43 110 44 106 217 80 2 5 15 233 110 218 207 137 4 
15 15 2 2 176 48 0 234 255 43 80 238 38 44 80 237 34 223 42 192 215 66 14 41 4 
15 15 2 2 192 48 0 1 1 96 93 12 225 80 14 97 93 9 225 2 14 219 80 31 4 
15 15 2 2 208 48 0 117 93 3 225 5 4 14 219 106 9 208 1 14 3 208 2 14 36 4 
15 15 2 2 224 48 0 1 208 3 14 243 110 5 4 14 243 207 219 255 5 5 14 219 106 163 4 
15 15 2 2 240 48 0 217 80 5 4 5 15 233 110 218 207 234 255 238 80 237 16 32 224 124 4 
15 15 2 2 0 49 0 1 1 85 14 98 111 115 14 99 111 5 15 14 100 111 17 14 51 4 
15 15 2 2 16 49 0 101 111 100 14 102 111 145 14 103 111 104 107 105 107 128 14 246 4 
15 15 2 2 32 49 0 106 111 107 111 108 111 1 14 109 111 110 111 32 14 111 111 73 4 
15 15 2 2 48 49 0 112 111 128 14 113 111 114 111 32 14 115 111 132 14 116 111 232 4 
15 15 2 2 64 49 0 5 4 14 219 80 217 207 225 255 101 208 95 216 84 14 84 216 204 4 
15 15 2 2 80 49 0 67 14 82 216 6 14 98 216 252 14 82 216 251 14 80 216 77 4 
15 15 2 2 96 49 0 250 14 78 216 249 14 76 216 85 208 13 14 252 239 24 240 223 4 
15 15 2 2 112 49 0 2 1 79 107 18 0 2 1 79 81 18 0 70 216 82 14 89 4 
15 15 2 2 128 49 0 59 216 77 14 57 216 32 14 55 216 254 14 219 80 48 5 15 25 4 
15 15 2 2 144 49 0 51 216 13 14 49 216 62 208 56 216 78 14 45 216 70 14 57 4 
15 15 2 2 160 49 0 43 216 1 14 41 216 254 14 43 216 52 208 46 216 67 14 174 4 
15 15 2 2 176 49 0 35 216 82 14 33 216 2 14 49 216 44 208 34 239 30 240 147 4 
15 15 2 2 192 49 0 73 239 30 240 34 216 254 14 219 207 230 255 129 236 30 240 181 4 
15 15 2 2 208 49 0 229 82 32 208 25 239 30 240 43 239 30 240 22 216 254 14 156 4 
15 15 2 2 224 49 0 219 207 230 255 103 236 30 240 229 82 20 208 230 110 222 223 207 4 
15 15 2 2 240 49 0 229 82 229 82 1 1 18 0 230 110 228 223 229 82 18 0 249 4 
15 15 2 2 0 50 0 219 207 230 255 223 223 229 82 18 0 217 207 230 255 225 207 247 4 
15 15 2 2 16 50 0 217 255 18 0 229 82 231 207 217 255 18 0 237 223 254 14 33 4 
15 15 2 2 32 50 0 239 223 253 14 0 239 25 240 80 218 10 14 225 38 2 1 141 4 
15 15 2 2 48 50 0 89 81 3 225 1 14 89 111 57 217 2 1 90 81 2 1 114 4 
15 15 2 2 64 50 0 80 25 5 4 225 2 1 91 81 2 1 81 25 1 225 45 209 64 4 
15 15 2 2 80 50 0 80 194 90 242 81 194 91 242 1 1 89 81 1 225 197 208 153 4 
15 15 2 2 96 50 0 2 1 1 14 92 111 1 1 163 81 222 110 221 106 1 1 2 4 
15 15 2 2 112 50 0 88 81 45 110 46 106 7 1 233 81 242 217 6 14 43 192 114 4 
15 15 2 2 128 50 0 219 255 7 14 44 192 219 255 3 218 243 217 232 174 2 208 132 4 
15 15 2 2 144 50 0 44 52 1 208 243 217 5 5 226 34 218 32 225 1 14 26 218 86 4 
15 15 2 2 160 50 0 27 208 246 217 47 110 48 106 29 104 30 104 230 199 34 240 111 4 
15 15 2 2 176 50 0 204 217 232 174 2 208 46 52 5 4 208 45 80 43 92 46 80 85 4 
15 15 2 2 192 50 0 44 88 8 226 7 1 11 218 9 225 5 4 14 219 104 5 5 14 93 4 
15 15 2 2 208 50 0 219 104 5 4 208 5 4 14 219 106 5 5 14 219 106 231 199 45 240 105 4 
15 15 2 2 224 50 0 46 106 45 190 46 104 143 217 217 207 233 255 225 217 203 217 123 4 
15 15 2 2 240 50 0 7 1 226 81 0 1 44 174 2 208 216 144 3 208 43 92 48 4 
15 15 2 2 0 51 0 0 14 44 88 3 226 7 1 226 81 11 208 188 217 7 1 159 4 
15 15 2 2 16 51 0 228 81 175 217 232 174 2 208 44 52 1 208 175 217 3 226 246 4 
15 15 2 2 32 51 0 228 81 222 110 221 106 223 207 163 241 1 1 164 81 96 217 111 4 
15 15 2 2 48 51 0 1 1 89 81 45 110 46 106 7 1 241 81 145 217 8 14 240 4 
15 15 2 2 64 51 0 43 192 219 255 9 14 44 192 219 255 170 217 146 217 232 174 99 4 
15 15 2 2 80 51 0 2 208 44 52 1 208 146 217 5 5 226 206 217 32 225 1 14 109 4 
15 15 2 2 96 51 0 185 217 27 208 157 217 47 110 48 106 29 104 30 104 238 199 127 4 
15 15 2 2 112 51 0 34 240 107 217 232 174 2 208 46 52 5 4 208 45 80 43 92 97 4 
15 15 2 2 128 51 0 46 80 44 88 8 226 7 1 183 217 9 225 5 4 14 219 104 134 4 
15 15 2 2 144 51 0 5 5 14 219 104 5 4 208 5 4 14 219 106 5 5 14 219 106 239 199 170 4 
15 15 2 2 160 51 0 45 240 46 106 45 190 46 104 46 217 217 80 2 5 15 233 110 91 4 
15 15 2 2 176 51 0 127 217 56 217 7 1 234 81 0 1 44 174 2 208 216 144 88 4 
15 15 2 2 192 51 0 3 208 43 92 0 14 44 88 3 226 7 1 234 81 11 208 26 4 
15 15 2 2 208 51 0 41 217 7 1 236 81 77 217 232 174 2 208 44 52 1 208 243 4 
15 15 2 2 224 51 0 77 217 96 226 236 81 5 4 217 93 208 2 1 93 43 7 1 167 4 
15 15 2 2 240 51 0 242 81 2 1 216 128 93 85 88 226 93 107 92 5 5 6 225 63 4 
15 15 2 2 0 52 0 92 107 222 106 221 106 7 1 235 81 52 208 1 1 163 81 52 4 
15 15 2 2 16 52 0 222 110 221 106 164 81 236 216 54 217 7 1 228 81 0 1 31 4 
15 15 2 2 32 52 0 44 174 2 208 216 144 3 208 43 92 0 14 44 88 36 227 161 4 
15 15 2 2 48 52 0 7 1 226 81 222 110 221 106 245 216 236 81 0 1 44 174 229 4 
15 15 2 2 64 52 0 2 208 216 144 3 208 43 92 0 14 44 88 3 227 7 1 116 4 
15 15 2 2 80 52 0 234 81 16 208 7 1 240 81 236 216 228 216 236 81 0 1 86 4 
15 15 2 2 96 52 0 44 174 2 208 216 144 3 208 43 92 0 14 44 88 24 227 109 4 
15 15 2 2 112 52 0 7 1 236 81 189 216 20 208 7 1 232 81 222 38 0 14 71 4 
15 15 2 2 128 52 0 221 34 1 217 228 81 0 1 44 174 2 208 216 144 3 208 82 4 
15 15 2 2 144 52 0 43 92 0 14 44 88 5 4 227 7 1 228 81 222 110 221 106 104 4 
15 15 2 2 160 52 0 223 207 163 241 2 14 219 207 164 241 9 209 14 217 230 82 158 4 
15 15 2 2 176 52 0 230 106 32 14 230 110 230 106 18 216 229 82 229 82 229 82 103 4 
15 15 2 2 192 52 0 223 110 223 80 7 224 223 5 4 5 5 224 2 14 223 92 2 224 176 4 
15 15 2 2 208 52 0 3 14 223 92 229 82 229 82 231 207 217 255 18 0 245 216 209 4 
15 15 2 2 224 52 0 6 14 225 38 252 14 219 80 77 225 2 14 219 106 3 14 5 4 4 
15 15 2 2 240 52 0 219 106 223 106 223 80 43 110 44 106 20 14 43 92 0 14 53 4 
15 15 2 2 0 53 0 44 88 46 226 223 80 231 110 253 14 219 207 43 240 254 14 211 4 
15 15 2 2 16 53 0 219 207 44 240 231 80 43 38 0 14 44 34 43 192 230 255 61 4 
15 15 2 2 32 53 0 44 192 230 255 221 236 33 240 229 82 229 82 231 110 1 14 42 4 
15 15 2 2 48 53 0 231 207 219 255 223 80 234 106 224 5 15 233 110 7 14 234 34 29 4 
15 15 2 2 64 53 0 1 14 219 207 239 255 223 80 43 110 44 106 19 14 43 92 218 4 
15 15 2 2 80 53 0 0 14 44 88 3 226 1 14 219 80 107 216 223 42 202 215 217 4 
15 15 2 2 96 53 0 71 14 7 1 224 93 12 225 75 14 225 93 9 225 2 14 79 4 
15 15 2 2 112 53 0 219 80 243 93 3 225 5 4 14 219 106 6 208 1 14 3 208 233 4 
15 15 2 2 128 53 0 2 14 1 208 3 14 166 216 5 5 14 219 106 194 216 33 224 228 4 
15 15 2 2 144 53 0 7 1 226 107 124 14 227 111 248 14 228 111 3 14 229 111 72 4 
15 15 2 2 160 53 0 6 14 230 111 231 105 62 14 232 111 79 14 233 111 94 14 170 4 
15 15 2 2 176 53 0 234 111 144 14 235 111 194 14 236 111 8 14 237 111 6 14 21 4 
15 15 2 2 192 53 0 238 111 1 14 239 111 50 14 240 111 119 14 241 111 5 5 14 166 4 
15 15 2 2 208 53 0 242 111 5 4 14 219 80 115 208 44 192 35 240 49 236 35 240 231 4 
15 15 2 2 224 53 0 5 4 14 29 192 219 255 5 5 14 30 192 219 255 137 239 27 240 208 4 
15 15 2 2 240 53 0 230 110 217 80 2 5 15 233 110 218 207 234 255 229 82 231 80 242 4 
15 15 2 2 0 54 0 238 110 237 106 18 0 45 192 29 240 46 192 30 240 5 4 14 249 4 
15 15 2 2 16 54 0 219 207 34 240 5 5 14 219 207 35 240 87 236 35 240 28 192 248 4 
15 15 2 2 32 54 0 44 240 18 0 2 14 219 207 43 240 3 14 219 207 44 240 204 4 
15 15 2 2 48 54 0 18 0 43 110 44 106 217 80 2 5 15 233 110 218 207 234 255 50 4 
15 15 2 2 64 54 0 43 80 238 38 44 80 237 34 18 0 48 192 35 240 87 236 20 4 
15 15 2 2 80 54 0 35 240 27 192 45 240 28 192 46 240 44 80 28 24 18 0 175 4 
15 15 2 2 96 54 0 47 110 48 106 47 80 45 92 43 110 48 80 46 88 44 110 238 4 
15 15 2 2 112 54 0 18 0 45 110 46 106 46 80 44 24 18 0 43 80 45 92 57 4 
15 15 2 2 128 54 0 44 80 46 88 18 0 222 207 43 240 221 207 44 240 18 0 144 4 
15 15 2 2 144 54 0 6 14 219 207 43 240 7 14 219 207 44 240 230 81 18 0 57 4 
15 15 2 2 160 54 0 8 14 219 207 43 240 9 14 219 207 44 240 238 81 18 0 29 4 
15 15 2 2 176 54 0 218 207 234 255 27 80 238 38 44 80 237 34 18 0 217 207 192 4 
15 15 2 2 192 54 0 225 255 229 82 231 207 217 255 18 0 217 207 230 255 225 207 18 4 
15 15 2 2 208 54 0 217 255 18 0 243 110 5 4 14 243 207 219 255 18 0 229 81 181 4 
15 15 2 2 224 54 0 43 110 44 106 6 14 219 207 29 240 7 14 219 207 30 240 31 4 
15 15 2 2 240 54 0 229 199 34 240 236 239 26 240 237 81 43 110 44 106 8 14 176 4 
15 15 2 2 0 55 0 219 207 29 240 9 14 219 207 30 240 237 199 34 240 236 239 158 4 
15 15 2 2 16 55 0 26 240 217 80 5 4 5 15 233 110 218 207 234 255 238 80 237 16 75 4 
15 15 2 2 32 55 0 18 0 218 207 228 255 226 207 218 255 233 207 228 255 234 207 41 4 
15 15 2 2 48 55 0 228 255 230 82 242 162 2 208 152 216 2 208 158 182 196 216 226 4 
15 15 2 2 64 55 0 229 82 229 207 234 255 229 207 233 255 229 207 218 255 17 0 119 4 
15 15 2 2 80 55 0 230 106 1 14 230 110 5 5 14 230 110 104 236 37 240 229 82 187 4 
15 15 2 2 96 55 0 229 82 229 82 18 0 7 14 180 110 0 14 136 110 135 110 181 4 
15 15 2 2 112 55 0 134 110 133 110 132 110 131 110 130 110 129 110 128 110 145 110 191 4 
15 15 2 2 128 55 0 144 110 143 110 142 110 141 110 140 110 139 110 138 110 137 110 113 4 
15 15 2 2 144 55 0 146 104 147 104 191 14 148 110 149 106 112 14 150 110 159 14 67 4 
15 15 2 2 160 55 0 151 110 228 14 152 110 5 15 14 153 110 154 104 193 110 7 14 190 4 
15 15 2 2 176 55 0 192 110 241 158 176 152 156 142 162 106 159 106 160 106 157 106 192 4 
15 15 2 2 192 55 0 163 106 165 106 197 223 159 134 208 142 158 150 157 134 147 130 86 4 
15 15 2 2 208 55 0 240 106 242 136 240 158 240 152 241 146 240 154 241 106 242 140 37 4 
15 15 2 2 224 55 0 242 142 18 0 217 207 230 255 225 207 217 255 230 82 187 223 108 4 
15 15 2 2 240 55 0 1 1 223 151 223 153 2 1 163 14 67 111 1 14 68 111 189 4 
15 15 2 2 0 56 0 223 106 16 14 223 92 10 226 223 80 234 106 67 37 233 110 244 4 
15 15 2 2 16 56 0 68 81 234 34 127 14 239 110 223 42 243 215 1 1 188 107 45 4 
15 15 2 2 32 56 0 1 14 189 111 201 14 190 111 1 1 223 133 1 1 193 107 209 4 
15 15 2 2 48 56 0 194 107 1 1 159 107 161 107 162 107 1 14 213 110 128 14 98 4 
15 15 2 2 64 56 0 215 110 249 14 214 110 213 158 159 14 230 110 1 14 230 110 29 4 
15 15 2 2 80 56 0 171 216 229 82 229 82 229 82 229 82 231 207 217 255 18 0 117 4 
15 15 2 2 96 56 0 130 130 128 136 148 146 146 152 18 0 242 146 2 1 32 14 65 4 
15 15 2 2 112 56 0 63 111 159 134 1 1 223 169 6 208 2 1 224 14 60 111 133 4 
15 15 2 2 128 56 0 0 14 61 111 5 5 208 2 1 192 14 60 111 0 14 61 111 127 4 
15 15 2 2 144 56 0 1 1 223 161 223 121 223 167 6 208 2 1 128 14 58 111 196 4 
15 15 2 2 160 56 0 0 14 59 111 5 5 208 2 1 160 14 58 111 0 14 59 111 133 4 
15 15 2 2 176 56 0 201 207 64 242 58 194 233 255 59 194 234 255 58 43 0 14 13 4 
15 15 2 2 192 56 0 59 35 239 80 201 110 18 0 158 150 201 207 64 242 2 1 29 4 
15 15 2 2 208 56 0 63 81 0 8 36 226 60 194 233 255 61 194 234 255 60 43 33 4 
15 15 2 2 224 56 0 0 14 61 35 64 194 239 255 58 194 233 255 59 194 234 255 188 4 
15 15 2 2 240 56 0 58 43 59 35 239 207 64 242 64 194 201 255 63 7 63 81 129 4 
15 15 2 2 0 57 0 13 225 1 1 223 129 1 1 2 14 189 111 1 1 223 147 193 4 
15 15 2 2 16 57 0 128 14 215 110 249 14 214 110 242 148 213 142 1 208 201 106 168 4 
15 15 2 2 32 57 0 18 0 217 207 230 255 225 207 217 255 1 1 223 161 56 208 242 4 
15 15 2 2 48 57 0 223 169 6 208 2 1 192 14 56 111 0 14 57 111 5 5 208 50 4 
15 15 2 2 64 57 0 2 1 224 14 56 111 0 14 57 111 253 14 219 207 65 242 77 4 
15 15 2 2 80 57 0 254 14 219 207 66 242 62 107 32 14 62 93 20 226 62 81 146 4 
15 15 2 2 96 57 0 234 106 56 37 233 110 57 81 234 34 239 80 230 110 65 194 47 4 
15 15 2 2 112 57 0 233 255 66 194 234 255 65 43 0 14 66 35 229 82 231 80 49 4 
15 15 2 2 128 57 0 239 110 62 43 233 215 157 150 1 1 223 145 157 134 5 15 14 216 4 
15 15 2 2 144 57 0 0 1 22 93 5 5 224 181 193 230 255 93 236 32 240 229 82 239 4 
15 15 2 2 160 57 0 229 82 231 207 217 255 18 0 217 207 230 255 225 207 217 255 55 4 
15 15 2 2 176 57 0 1 1 223 179 56 208 2 14 1 1 189 93 1 225 126 216 19 4 
15 15 2 2 192 57 0 1 1 223 167 6 208 2 1 160 14 56 111 0 14 57 111 151 4 
15 15 2 2 208 57 0 5 5 208 2 1 128 14 56 111 0 14 57 111 253 14 219 207 123 4 
15 15 2 2 224 57 0 67 242 254 14 219 207 68 242 62 107 32 14 62 93 20 226 90 4 
15 15 2 2 240 57 0 67 194 233 255 68 194 234 255 67 43 0 14 68 35 239 80 213 4 
15 15 2 2 0 58 0 230 110 62 81 234 106 56 37 233 110 57 81 234 34 229 82 10 4 
15 15 2 2 16 58 0 231 80 239 110 62 43 233 215 157 150 1 1 223 119 223 131 8 4 
15 15 2 2 32 58 0 157 134 1 1 188 43 229 82 231 207 217 255 18 0 157 150 140 4 
15 15 2 2 48 58 0 1 1 223 145 157 134 18 0 217 207 230 255 225 207 217 255 214 4 
15 15 2 2 64 58 0 0 1 22 107 217 80 253 5 15 233 110 255 14 218 32 234 110 21 4 
15 15 2 2 80 58 0 1 14 238 24 1 225 237 80 2 225 22 129 1 208 186 106 207 4 
15 15 2 2 96 58 0 217 80 251 5 15 233 110 255 14 218 32 234 110 1 14 238 24 100 4 
15 15 2 2 112 58 0 1 225 237 80 2 225 22 131 1 208 183 106 217 80 249 5 15 148 4 
15 15 2 2 128 58 0 233 110 255 14 218 32 234 110 1 14 238 24 1 225 237 80 88 4 
15 15 2 2 144 58 0 2 225 22 133 1 208 115 106 217 80 247 5 15 233 110 255 14 115 4 
15 15 2 2 160 58 0 218 32 234 110 1 14 238 24 1 225 237 80 2 225 22 135 28 4 
15 15 2 2 176 58 0 1 208 112 106 229 82 231 207 217 255 18 0 1 1 187 107 104 4 
15 15 2 2 192 58 0 182 107 198 174 5 4 208 198 158 1 14 182 111 14 208 241 80 226 4 
15 15 2 2 208 58 0 128 11 6 224 242 80 8 11 3 224 2 14 182 111 5 5 208 63 4 
15 15 2 2 224 58 0 240 166 3 208 144 158 3 14 182 111 37 14 198 20 37 8 219 4 
15 15 2 2 240 58 0 5 5 224 1 14 187 111 198 207 182 241 104 208 197 80 5 5 224 70 4 
15 15 2 2 0 59 0 2 14 187 111 197 207 182 241 97 208 208 190 5 5 208 3 14 167 4 
15 15 2 2 16 59 0 187 111 208 207 182 241 90 208 157 182 5 5 208 5 4 14 187 111 179 4 
15 15 2 2 32 59 0 157 207 182 241 83 208 156 80 5 5 224 5 5 14 187 111 156 207 242 4 
15 15 2 2 48 59 0 182 241 76 208 8 14 159 92 5 5 224 6 14 187 111 159 207 44 4 
15 15 2 2 64 59 0 182 241 68 208 162 80 5 5 224 7 14 187 111 162 207 182 241 152 4 
15 15 2 2 80 59 0 61 208 165 80 5 5 224 8 14 187 111 165 207 182 241 54 208 41 4 
15 15 2 2 96 59 0 80 14 242 20 80 8 5 5 224 9 14 187 111 242 207 182 241 23 4 
15 15 2 2 112 59 0 45 208 71 14 241 20 5 5 224 10 14 187 111 241 207 182 241 108 4 
15 15 2 2 128 59 0 37 208 192 14 240 20 5 5 224 11 14 187 111 240 207 182 241 236 4 
15 15 2 2 144 59 0 29 208 146 168 5 5 208 12 14 187 111 146 207 182 241 22 208 3 4 
15 15 2 2 160 59 0 147 176 5 5 208 13 14 187 111 147 207 182 241 5 15 208 62 14 144 4 
15 15 2 2 176 59 0 148 20 28 8 5 5 224 14 14 187 111 148 207 182 241 6 208 58 4 
15 15 2 2 192 59 0 151 190 5 4 208 5 15 14 187 111 151 207 182 241 18 0 21 14 79 4 
15 15 2 2 208 59 0 175 110 172 132 157 154 157 152 172 152 172 158 148 142 171 156 65 4 
15 15 2 2 224 59 0 171 150 171 138 171 136 159 154 157 138 2 1 111 105 112 105 36 4 
15 15 2 2 240 59 0 148 156 172 156 172 150 159 152 157 136 172 138 171 142 18 0 58 4 
15 15 2 2 0 60 0 21 14 111 110 108 132 163 154 163 152 108 152 108 158 152 132 46 4 
15 15 2 2 16 60 0 107 156 107 150 107 138 107 136 165 154 163 138 2 1 111 105 121 4 
15 15 2 2 32 60 0 112 105 152 146 108 156 108 150 165 152 163 136 108 138 107 142 60 4 
15 15 2 2 48 60 0 18 0 7 217 230 82 157 154 36 194 223 255 157 138 223 80 21 4 
15 15 2 2 64 60 0 229 82 251 208 254 216 230 82 163 154 48 194 223 255 163 138 54 4 
15 15 2 2 80 60 0 223 80 229 82 242 208 245 216 230 82 2 1 33 81 2 224 236 4 
15 15 2 2 96 60 0 0 14 21 208 34 81 234 106 0 5 15 233 110 7 14 234 34 31 4 
15 15 2 2 112 60 0 239 207 223 255 36 7 34 43 31 14 34 23 157 154 35 81 43 4 
15 15 2 2 128 60 0 34 93 2 225 1 14 33 111 157 138 32 107 223 80 229 82 39 4 
15 15 2 2 144 60 0 212 208 215 216 230 82 2 1 45 81 2 224 0 14 21 208 79 4 
15 15 2 2 160 60 0 46 81 234 106 64 5 15 233 110 7 14 234 34 239 207 223 255 234 4 
15 15 2 2 176 60 0 48 7 46 43 31 14 46 23 163 154 47 81 46 93 2 225 227 4 
15 15 2 2 192 60 0 1 14 45 111 163 138 44 107 223 80 229 82 182 208 185 216 20 4 
15 15 2 2 208 60 0 2 1 39 81 253 225 42 81 234 106 32 5 15 233 110 7 14 45 4 
15 15 2 2 224 60 0 234 34 254 14 219 207 239 255 43 43 42 43 31 14 42 23 23 4 
15 15 2 2 240 60 0 157 152 42 81 41 93 2 225 1 14 39 111 157 136 40 107 90 4 
15 15 2 2 0 61 0 156 208 159 216 2 1 51 81 253 225 54 81 234 106 96 5 15 45 4 
15 15 2 2 16 61 0 233 110 7 14 234 34 254 14 219 207 239 255 55 43 54 43 208 4 
15 15 2 2 32 61 0 31 14 54 23 163 152 54 81 53 93 2 225 1 14 51 111 61 4 
15 15 2 2 48 61 0 163 136 52 107 130 208 2 1 32 81 2 224 157 154 18 0 212 4 
15 15 2 2 64 61 0 35 81 234 106 0 5 15 233 110 7 14 234 34 174 207 239 255 197 4 
15 15 2 2 80 61 0 171 162 3 208 171 152 171 136 37 43 171 180 38 43 36 43 138 4 
15 15 2 2 96 61 0 35 43 31 14 35 23 35 81 34 93 2 225 1 14 32 111 54 4 
15 15 2 2 112 61 0 33 107 18 0 2 1 44 81 2 224 163 154 18 0 47 81 128 4 
15 15 2 2 128 61 0 234 106 64 5 15 233 110 7 14 234 34 110 207 239 255 107 162 236 4 
15 15 2 2 144 61 0 3 208 107 152 107 136 49 43 107 180 50 43 48 43 47 43 217 4 
15 15 2 2 160 61 0 31 14 47 23 47 81 46 93 2 225 1 14 44 111 45 107 124 4 
15 15 2 2 176 61 0 18 0 2 1 40 81 2 224 157 152 18 0 41 81 234 106 138 4 
15 15 2 2 192 61 0 32 5 15 233 110 7 14 234 34 239 80 173 110 43 7 41 43 120 4 
15 15 2 2 208 61 0 31 14 41 23 42 81 41 93 2 225 1 14 40 111 39 107 102 4 
15 15 2 2 224 61 0 18 0 2 1 52 81 2 224 163 152 18 0 53 81 234 106 60 4 
15 15 2 2 240 61 0 96 5 15 233 110 7 14 234 34 239 80 109 110 55 7 53 43 48 4 
15 15 2 2 0 62 0 31 14 53 23 54 81 53 93 2 225 1 14 52 111 51 107 249 4 
15 15 2 2 16 62 0 18 0 23 216 2 1 31 81 5 15 224 31 5 5 5 5 225 254 14 53 4 
15 15 2 2 32 62 0 219 207 230 255 84 223 7 208 2 14 31 93 5 5 225 254 14 135 4 
15 15 2 2 48 62 0 219 207 230 255 102 223 229 82 0 208 229 82 231 207 217 255 238 4 
15 15 2 2 64 62 0 18 0 217 207 230 255 225 207 217 255 18 0 158 168 254 215 42 4 
15 15 2 2 80 62 0 18 0 252 216 254 14 219 207 230 255 71 236 32 240 229 82 115 4 
15 15 2 2 96 62 0 241 208 244 216 1 1 225 80 253 5 15 80 111 255 14 218 32 204 4 
15 15 2 2 112 62 0 81 111 1 14 234 106 80 37 233 110 81 81 234 34 235 216 238 4 
15 15 2 2 128 62 0 80 193 233 255 81 193 234 255 230 216 220 208 223 216 253 14 30 4 
15 15 2 2 144 62 0 219 207 43 240 254 14 219 207 44 240 45 106 43 192 230 255 48 4 
15 15 2 2 160 62 0 44 192 230 255 45 192 230 255 0 14 230 110 1 14 230 110 182 4 
15 15 2 2 176 62 0 88 236 36 240 245 110 5 5 14 225 94 245 80 0 14 230 110 90 4 
15 15 2 2 192 62 0 1 14 230 110 113 236 36 240 229 82 229 82 243 207 84 241 181 4 
15 15 2 2 208 62 0 244 207 85 241 1 1 244 52 8 226 84 81 80 8 0 14 198 4 
15 15 2 2 224 62 0 85 85 3 226 80 14 84 111 85 107 86 107 87 107 87 81 67 4 
15 15 2 2 240 62 0 85 25 232 174 2 208 85 53 5 4 208 84 81 86 93 85 81 156 4 
15 15 2 2 0 63 0 87 89 14 226 0 14 86 37 233 110 1 14 87 33 234 110 94 4 
15 15 2 2 16 63 0 239 80 173 110 155 223 1 1 86 43 0 14 87 35 231 215 16 4 
15 15 2 2 32 63 0 160 208 148 216 1 1 82 107 26 14 82 93 13 226 253 14 49 4 
15 15 2 2 48 63 0 219 207 233 255 219 42 254 14 219 207 234 255 1 227 219 42 110 4 
15 15 2 2 64 63 0 138 216 1 1 82 43 240 215 125 208 1 1 191 14 80 111 250 4 
15 15 2 2 80 63 0 1 14 81 111 1 1 191 81 2 1 99 111 100 107 101 81 50 4 
15 15 2 2 96 63 0 99 25 2 225 102 81 100 25 22 224 1 1 223 181 14 208 96 4 
15 15 2 2 112 63 0 101 194 230 255 71 236 32 240 229 82 99 194 230 255 71 236 138 4 
15 15 2 2 128 63 0 32 240 229 82 13 14 173 110 97 223 1 1 223 149 99 194 229 4 
15 15 2 2 144 63 0 101 242 100 194 102 242 2 1 101 43 0 14 102 35 102 53 147 4 
15 15 2 2 160 63 0 7 226 101 81 255 8 0 14 102 85 2 226 101 107 102 107 41 4 
15 15 2 2 176 63 0 18 0 21 14 230 110 60 14 230 110 155 236 37 240 229 82 19 4 
15 15 2 2 192 63 0 229 82 50 14 230 110 121 236 38 240 229 82 18 0 62 216 88 4 
15 15 2 2 208 63 0 254 14 219 207 83 241 69 208 57 216 2 14 225 38 254 14 170 4 
15 15 2 2 224 63 0 219 80 127 11 254 11 253 11 230 110 83 193 230 255 205 236 17 4 
15 15 2 2 240 63 0 37 240 229 82 229 82 10 14 230 110 165 236 38 240 229 82 0 4 
15 15 2 2 0 64 0 188 236 38 240 7 236 5 4 240 0 9 252 225 34 236 38 240 13 4 
15 15 2 2 16 64 0 185 236 38 240 196 80 45 110 46 110 45 106 195 80 0 1 251 4 
15 15 2 2 32 64 0 45 16 43 110 46 192 44 240 222 110 46 192 221 255 222 207 249 4 
15 15 2 2 48 64 0 43 240 221 207 44 240 43 192 243 255 44 192 244 255 217 207 69 4 
15 15 2 2 64 64 0 225 255 5 15 208 13 14 173 110 1 223 11 208 217 207 230 255 63 4 
15 15 2 2 80 64 0 225 207 217 255 18 0 239 80 230 110 71 236 32 240 229 82 197 4 
15 15 2 2 96 64 0 18 0 229 82 231 207 217 255 18 0 0 14 233 110 234 110 182 4 
15 15 2 2 112 64 0 5 4 0 66 236 32 240 234 42 8 14 234 92 216 164 56 239 247 4 
15 15 2 2 128 64 0 32 240 18 0 239 106 233 62 66 239 32 240 18 0 255 14 58 4 
15 15 2 2 144 64 0 227 207 9 240 9 56 5 15 11 6 5 15 216 178 7 5 15 42 5 15 56 4 
15 15 2 2 160 64 0 173 110 38 236 31 240 9 80 5 15 11 6 5 15 216 178 7 5 15 184 4 
15 15 2 2 176 64 0 42 5 15 173 110 38 236 31 240 0 12 255 14 227 207 21 240 199 4 
15 15 2 2 192 64 0 21 176 150 142 21 160 150 158 21 178 152 128 21 162 152 144 108 4 
15 15 2 2 208 64 0 21 180 152 134 21 164 152 150 21 182 152 136 21 166 152 152 72 4 
15 15 2 2 224 64 0 21 184 150 128 21 168 150 144 21 186 150 130 21 170 150 146 72 4 
15 15 2 2 240 64 0 21 188 150 132 21 172 150 148 21 190 150 134 21 174 150 150 24 4 
15 15 2 2 0 65 0 18 0 242 180 18 0 22 80 5 15 10 216 180 18 0 255 14 199 4 
15 15 2 2 16 65 0 227 207 10 240 254 14 227 207 11 240 253 14 227 207 12 240 141 4 
15 15 2 2 32 65 0 252 14 227 207 13 240 10 42 22 160 141 142 11 42 22 162 240 4 
15 15 2 2 48 65 0 143 128 12 42 22 164 143 134 13 42 22 166 143 136 251 14 100 4 
15 15 2 2 64 65 0 227 207 14 240 250 14 227 207 5 15 240 249 14 227 207 16 240 89 4 
15 15 2 2 80 65 0 248 14 227 207 17 240 14 42 141 128 5 15 42 141 130 16 42 235 4 
15 15 2 2 96 65 0 141 132 17 42 141 134 228 236 32 240 10 46 186 239 32 240 43 4 
15 15 2 2 112 65 0 22 160 141 158 11 46 191 239 32 240 22 162 143 144 12 46 98 4 
15 15 2 2 128 65 0 196 239 32 240 22 164 143 150 0 0 13 46 202 239 32 240 149 4 
15 15 2 2 144 65 0 22 166 143 152 0 0 14 46 207 239 32 240 141 144 0 0 33 4 
15 15 2 2 160 65 0 5 15 46 212 239 32 240 141 146 0 0 16 46 217 239 32 240 214 4 
15 15 2 2 176 65 0 141 148 0 0 17 46 222 239 32 240 141 150 6 236 33 240 168 4 
15 15 2 2 192 65 0 19 62 181 239 32 240 18 0 215 14 19 110 0 0 0 0 126 4 
15 15 2 2 208 65 0 0 0 0 0 252 236 32 240 19 46 230 239 32 240 215 14 232 4 
15 15 2 2 224 65 0 19 110 0 0 0 0 0 0 0 0 252 236 32 240 19 46 33 4 
15 15 2 2 240 65 0 241 239 32 240 0 0 18 0 0 0 255 239 32 240 0 0 203 4 
15 15 2 2 0 66 0 0 0 0 0 0 0 0 0 0 0 18 0 3 14 20 110 21 4 
15 15 2 2 16 66 0 0 0 20 46 8 239 33 240 18 0 217 207 230 255 225 207 17 4 
15 15 2 2 32 66 0 217 255 1 1 181 105 225 80 253 5 15 174 216 1 225 181 145 183 4 
15 15 2 2 48 66 0 217 80 251 5 15 169 216 1 225 181 147 217 80 249 5 15 164 216 255 4 
15 15 2 2 64 66 0 1 225 181 149 217 80 247 5 15 159 216 1 225 181 151 217 80 81 4 
15 15 2 2 80 66 0 245 5 15 154 216 1 225 181 153 217 80 243 5 15 149 216 1 225 74 4 
15 15 2 2 96 66 0 181 155 217 80 241 5 15 144 216 1 225 181 157 217 80 239 5 15 30 4 
15 15 2 2 112 66 0 139 216 1 225 181 159 229 82 231 207 217 255 18 0 146 130 198 4 
15 15 2 2 128 66 0 146 128 253 14 230 110 231 236 31 240 229 82 151 136 151 132 118 4 
15 15 2 2 144 66 0 151 128 153 142 153 138 151 140 146 150 146 148 151 150 151 146 2 4 
15 15 2 2 160 66 0 146 154 153 156 153 152 151 154 137 150 137 148 142 150 142 146 215 4 
15 15 2 2 176 66 0 137 154 144 156 144 152 142 154 1 1 114 14 163 111 70 14 131 4 
15 15 2 2 192 66 0 164 111 127 14 170 111 169 111 168 111 167 111 166 111 165 111 211 4 
15 15 2 2 208 66 0 1 14 97 216 96 216 161 223 245 110 16 14 225 94 245 80 229 4 
15 15 2 2 224 66 0 0 14 89 216 28 236 29 240 245 110 8 14 225 94 245 80 137 4 
15 15 2 2 240 66 0 231 236 29 240 0 236 30 240 2 1 1 14 31 111 84 216 36 4 
15 15 2 2 0 67 0 48 239 28 240 217 207 230 255 225 207 217 255 2 14 225 38 98 4 
15 15 2 2 16 67 0 191 14 230 110 1 14 230 110 145 236 28 240 229 82 229 82 46 4 
15 15 2 2 32 67 0 2 1 104 81 5 4 225 105 81 2 225 139 236 34 240 48 236 182 4 
15 15 2 2 48 67 0 22 240 2 1 105 81 2 225 20 236 25 240 2 1 104 5 5 106 4 
15 15 2 2 64 67 0 5 4 225 174 236 18 240 2 1 14 208 105 5 5 5 4 225 212 236 5 4 4 
15 15 2 2 80 67 0 14 240 2 1 5 15 208 236 236 24 240 223 110 99 14 223 92 176 4 
15 15 2 2 96 67 0 5 4 225 2 1 1 14 104 111 6 208 116 14 223 92 3 225 20 4 
15 15 2 2 112 67 0 2 1 1 14 105 111 19 236 34 240 22 216 217 207 225 255 216 4 
15 15 2 2 128 67 0 229 82 231 207 217 255 18 0 233 110 255 14 218 32 234 110 172 4 
15 15 2 2 144 67 0 238 80 237 16 18 0 230 110 230 106 230 110 230 106 230 110 64 4 
15 15 2 2 160 67 0 230 106 230 110 230 106 18 0 159 14 230 110 1 14 230 110 175 4 
15 15 2 2 176 67 0 212 236 28 240 229 82 229 82 18 0 164 216 166 158 253 14 242 4 
15 15 2 2 192 67 0 219 80 169 110 254 14 219 207 44 240 44 192 43 240 44 80 98 4 
15 15 2 2 208 67 0 170 110 166 128 168 80 155 208 149 216 230 82 2 1 95 81 240 4 
15 15 2 2 224 67 0 30 225 98 81 234 106 128 5 15 233 110 7 14 234 34 252 14 194 4 
15 15 2 2 240 67 0 219 207 239 255 98 81 114 216 253 14 219 207 238 255 254 14 134 4 
15 15 2 2 0 68 0 219 207 237 255 94 43 98 43 31 14 98 23 98 81 97 93 245 4 
15 15 2 2 16 68 0 2 225 1 14 95 111 96 107 1 14 223 110 1 208 223 106 167 4 
15 15 2 2 32 68 0 223 80 229 82 116 208 110 216 3 14 225 38 2 1 96 81 220 4 
15 15 2 2 48 68 0 77 225 242 80 128 11 1 224 1 14 231 110 1 14 231 207 131 4 
15 15 2 2 64 68 0 219 255 242 80 64 11 1 224 1 14 231 110 2 14 231 207 6 4 
15 15 2 2 80 68 0 219 255 166 158 166 152 161 152 97 81 64 216 239 80 169 110 179 4 
15 15 2 2 96 68 0 97 81 60 216 238 207 43 240 239 207 44 240 44 192 43 240 217 4 
15 15 2 2 112 68 0 44 106 43 80 170 110 97 81 234 106 128 5 15 233 110 7 14 30 4 
15 15 2 2 128 68 0 234 34 239 80 168 110 166 132 242 158 242 156 85 14 167 110 23 4 
15 15 2 2 144 68 0 170 14 167 110 166 130 1 14 43 216 243 70 127 14 242 20 85 4 
15 15 2 2 160 68 0 243 16 242 110 2 14 36 216 191 14 242 20 243 16 242 110 115 4 
15 15 2 2 176 68 0 94 7 97 43 31 14 97 23 98 81 97 93 2 225 1 14 5 15 4 
15 15 2 2 192 68 0 96 111 95 107 161 168 254 215 161 152 166 148 217 207 225 255 70 4 
15 15 2 2 208 68 0 30 208 32 14 2 1 216 128 94 85 18 0 233 110 234 106 1 4 
15 15 2 2 224 68 0 216 144 233 54 234 54 160 14 233 38 7 14 234 34 18 0 65 4 
15 15 2 2 240 68 0 219 80 1 11 243 110 243 70 243 70 243 70 243 70 243 70 19 4 
15 15 2 2 0 69 0 243 70 18 0 217 207 230 255 225 207 217 255 18 0 229 82 14 4 
15 15 2 2 16 69 0 231 207 217 255 18 0 2 1 107 81 2 1 80 25 5 4 225 247 4 
15 15 2 2 32 69 0 2 1 108 81 2 1 81 25 92 224 2 1 106 43 10 14 126 4 
15 15 2 2 48 69 0 106 93 87 227 106 107 1 1 89 81 8 225 213 14 43 110 160 4 
15 15 2 2 64 69 0 24 14 94 216 229 82 229 82 229 82 18 0 210 14 43 110 235 4 
15 15 2 2 80 69 0 24 14 86 216 229 82 229 82 229 82 1 1 163 81 43 110 223 4 
15 15 2 2 96 69 0 44 106 124 14 43 94 0 14 44 90 65 14 99 216 124 14 6 4 
15 15 2 2 112 69 0 80 216 182 14 45 110 24 14 53 216 1 1 164 81 43 110 253 4 
15 15 2 2 128 69 0 44 106 144 14 43 94 0 14 44 90 25 14 83 216 50 14 84 4 
15 15 2 2 144 69 0 64 216 154 14 45 110 24 14 37 216 1 1 88 81 43 110 101 4 
15 15 2 2 160 69 0 44 106 79 14 80 216 126 14 45 110 24 14 27 216 1 1 186 4 
15 15 2 2 176 69 0 89 81 43 110 44 106 119 14 70 216 98 14 45 110 24 14 90 4 
15 15 2 2 192 69 0 17 216 1 1 94 81 230 110 230 106 70 14 43 110 24 14 166 4 
15 15 2 2 208 69 0 66 216 1 1 95 81 230 110 230 106 42 14 43 110 24 14 128 4 
15 15 2 2 224 69 0 58 216 18 0 46 110 47 106 45 192 230 255 230 110 47 192 105 4 
15 15 2 2 240 69 0 230 255 164 236 36 240 245 110 5 5 14 225 94 245 80 18 0 50 4 
15 15 2 2 0 70 0 44 110 45 106 43 192 230 255 230 110 45 192 230 255 164 239 252 4 
15 15 2 2 16 70 0 36 240 34 110 35 106 243 207 29 240 44 192 30 240 49 236 143 4 
15 15 2 2 32 70 0 35 240 29 192 43 240 30 192 44 240 29 192 230 255 30 192 241 4 
15 15 2 2 48 70 0 230 255 18 0 44 2 243 207 44 240 43 2 243 207 43 240 121 4 
15 15 2 2 64 70 0 244 80 44 38 18 0 43 94 0 14 44 90 43 192 230 255 225 4 
15 15 2 2 80 70 0 44 192 230 255 18 0 212 223 245 110 5 5 14 225 94 245 80 214 4 
15 15 2 2 96 70 0 18 0 37 106 35 174 58 239 35 240 34 108 35 30 232 106 135 4 
15 15 2 2 112 70 0 35 34 37 30 30 174 66 239 35 240 29 108 30 30 232 106 151 4 
15 15 2 2 128 70 0 30 34 37 30 65 236 38 240 30 190 82 239 35 240 37 174 109 4 
15 15 2 2 144 70 0 0 12 29 108 30 30 232 106 30 34 25 108 26 30 232 106 180 4 
15 15 2 2 160 70 0 26 34 0 12 37 190 73 239 35 240 38 136 255 12 30 192 9 4 
15 15 2 2 176 70 0 42 240 29 192 41 240 29 80 34 2 244 207 28 240 243 207 212 4 
15 15 2 2 192 70 0 27 240 30 80 35 2 244 207 30 240 243 207 29 240 34 2 148 4 
15 15 2 2 208 70 0 243 80 28 38 244 80 29 34 232 106 30 34 41 80 35 2 174 4 
15 15 2 2 224 70 0 243 80 28 38 244 80 29 34 232 106 30 34 35 174 125 239 255 4 
15 15 2 2 240 70 0 35 240 41 80 29 94 42 80 30 90 42 174 0 12 34 80 119 4 
15 15 2 2 0 71 0 29 94 35 80 30 90 0 12 29 192 41 240 29 80 34 2 188 4 
15 15 2 2 16 71 0 244 207 28 240 243 207 27 240 30 80 35 2 244 207 30 240 165 4 
15 15 2 2 32 71 0 243 207 29 240 34 2 243 80 28 38 244 80 29 34 232 106 72 4 
15 15 2 2 48 71 0 30 34 41 80 35 2 243 80 28 38 244 80 29 34 232 106 77 4 
15 15 2 2 64 71 0 30 34 0 12 216 207 228 255 224 207 228 255 228 110 218 207 18 4 
15 15 2 2 80 71 0 228 255 226 207 218 255 233 207 228 255 234 207 228 255 243 207 255 4 
15 15 2 2 96 71 0 228 255 244 207 228 255 0 238 23 240 20 14 232 5 4 3 227 227 4 
15 15 2 2 112 71 0 238 207 228 255 251 215 0 238 43 240 7 14 232 5 4 3 227 227 4 
15 15 2 2 128 71 0 238 207 228 255 251 215 230 82 158 80 32 11 6 224 157 80 159 4 
15 15 2 2 144 71 0 32 11 3 224 155 236 30 240 26 208 164 80 32 11 6 224 147 4 
15 15 2 2 160 71 0 163 80 32 11 3 224 186 236 30 240 17 208 158 80 16 11 118 4 
15 15 2 2 176 71 0 6 224 157 80 16 11 3 224 217 236 30 240 8 208 164 80 149 4 
15 15 2 2 192 71 0 16 11 5 5 224 163 80 16 11 2 224 241 236 30 240 229 82 227 4 
15 15 2 2 208 71 0 0 238 49 240 7 14 232 5 4 3 227 229 207 237 255 251 215 125 4 
15 15 2 2 224 71 0 0 238 42 240 20 14 232 5 4 3 227 229 207 237 255 251 215 103 4 
15 15 2 2 240 71 0 229 207 244 255 229 207 243 255 229 207 234 255 229 207 233 255 63 4 
15 15 2 2 0 72 0 229 207 218 255 229 80 229 207 224 255 229 207 216 255 16 0 196 4 
15 15 2 2 16 72 0 18 0 30 14 246 110 8 14 247 110 0 14 248 110 2 1 16 4 
15 15 2 2 32 72 0 9 0 245 80 74 111 9 0 245 80 75 111 3 225 74 103 240 4 
15 15 2 2 48 72 0 1 208 61 208 9 0 245 80 69 111 9 0 245 80 70 111 161 4 
15 15 2 2 64 72 0 9 0 245 80 71 111 9 0 9 0 245 80 233 110 9 0 185 4 
15 15 2 2 80 72 0 245 80 234 110 9 0 9 0 9 0 245 80 72 111 9 0 167 4 
15 15 2 2 96 72 0 245 80 73 111 9 0 9 0 246 207 76 242 247 207 77 242 61 4 
15 15 2 2 112 72 0 248 207 78 242 69 194 246 255 70 194 247 255 71 194 248 255 67 4 
15 15 2 2 128 72 0 2 1 72 83 2 225 73 83 7 224 9 0 245 80 238 110 134 4 
15 15 2 2 144 72 0 72 7 248 226 73 7 249 215 76 194 246 255 77 194 247 255 211 4 
15 15 2 2 160 72 0 78 194 248 255 2 1 74 7 0 14 75 91 191 215 18 0 93 4 
15 15 2 2 176 72 0 251 14 227 207 246 255 252 14 227 207 247 255 253 14 227 207 229 4 
15 15 2 2 192 72 0 248 255 254 14 227 207 233 255 255 14 227 207 234 255 233 207 247 4 
15 15 2 2 208 72 0 243 255 234 207 244 255 9 0 245 207 239 255 238 102 251 215 101 4 
15 15 2 2 224 72 0 18 0 254 14 227 207 233 255 255 14 227 207 234 255 243 106 23 4 
15 15 2 2 240 72 0 244 106 238 82 3 224 243 74 244 42 251 215 18 0 255 14 247 4 
15 15 2 2 0 73 0 227 207 248 255 229 82 255 14 227 207 247 255 229 82 255 14 218 4 
15 15 2 2 16 73 0 227 207 246 255 229 82 230 106 230 106 230 106 9 0 245 82 133 4 
15 15 2 2 32 73 0 9 224 253 14 227 42 5 5 225 254 14 227 42 2 225 255 14 163 4 
15 15 2 2 48 73 0 227 42 244 215 253 14 227 207 28 240 254 14 227 207 29 240 23 4 
15 15 2 2 64 73 0 255 14 227 207 30 240 18 0 217 207 230 255 218 207 230 255 121 4 
15 15 2 2 80 73 0 225 207 217 255 226 207 218 255 230 82 230 82 230 82 230 82 113 4 
15 15 2 2 96 73 0 217 80 251 5 15 43 110 255 14 218 32 44 110 43 192 222 255 30 4 
15 15 2 2 112 73 0 221 110 222 207 230 255 221 207 230 255 251 14 219 207 230 255 61 4 
15 15 2 2 128 73 0 252 14 219 207 230 255 253 14 219 207 230 255 111 194 230 255 234 4 
15 15 2 2 144 73 0 112 194 230 255 98 236 5 4 240 245 110 7 14 225 92 2 226 49 4 
15 15 2 2 160 73 0 225 106 229 82 225 110 245 80 2 14 243 207 219 255 3 14 64 4 
15 15 2 2 176 73 0 244 207 219 255 2 14 219 207 43 240 3 14 219 207 44 240 186 4 
15 15 2 2 192 73 0 43 192 243 255 44 192 244 255 217 207 225 255 218 207 226 255 37 4 
15 15 2 2 208 73 0 229 82 229 207 218 255 231 207 217 255 18 0 217 207 230 255 242 4 
15 15 2 2 224 73 0 218 207 230 255 225 207 217 255 226 207 218 255 251 14 219 207 128 4 
15 15 2 2 240 73 0 43 240 252 14 219 207 44 240 0 1 128 14 44 20 26 225 14 4 
15 15 2 2 0 74 0 251 14 219 207 233 255 252 14 219 207 234 255 238 207 243 255 203 4 
15 15 2 2 16 74 0 237 207 244 255 238 42 0 14 239 34 243 207 233 255 244 207 79 4 
15 15 2 2 32 74 0 234 255 253 14 219 207 239 255 239 80 44 106 243 110 44 192 228 4 
15 15 2 2 48 74 0 244 255 16 208 251 14 219 80 254 8 6 225 253 14 219 207 217 4 
15 15 2 2 64 74 0 230 255 137 236 38 240 5 5 208 253 14 219 207 230 255 9 236 158 4 
15 15 2 2 80 74 0 31 240 229 82 229 82 229 207 218 255 231 207 217 255 18 0 184 4 
15 15 2 2 96 74 0 27 80 32 2 243 207 23 240 244 207 24 240 33 2 243 80 203 4 
15 15 2 2 112 74 0 24 38 0 14 244 32 25 110 27 80 34 2 243 80 25 38 74 4 
15 15 2 2 128 74 0 0 14 244 32 26 110 27 80 35 2 243 80 26 38 28 80 9 4 
15 15 2 2 144 74 0 32 2 243 80 24 38 244 80 25 34 0 14 26 34 28 80 74 4 
15 15 2 2 160 74 0 33 2 243 80 25 38 244 80 26 34 28 80 34 2 243 80 26 4 
15 15 2 2 176 74 0 26 38 29 80 32 2 243 80 25 38 244 80 26 34 29 80 196 4 
15 15 2 2 192 74 0 33 2 243 80 26 38 30 80 32 2 243 80 26 38 18 0 39 4 
15 15 2 2 208 74 0 217 207 230 255 218 207 230 255 225 207 217 255 226 207 218 255 181 4 
15 15 2 2 224 74 0 63 14 199 22 198 106 253 14 219 80 198 18 251 14 219 80 54 4 
15 15 2 2 240 74 0 199 18 252 14 219 80 3 10 9 224 1 10 5 4 224 2 10 195 4 
15 15 2 2 0 75 0 6 225 199 140 5 4 208 199 140 198 136 1 208 198 136 253 14 216 4 
15 15 2 2 16 75 0 219 80 5 5 10 3 224 1 10 5 4 225 146 138 148 134 199 158 249 4 
15 15 2 2 32 75 0 1 208 148 150 148 154 148 136 198 138 229 82 229 207 218 255 56 4 
15 15 2 2 48 75 0 231 207 217 255 18 0 217 207 230 255 218 207 230 255 225 207 22 4 
15 15 2 2 64 75 0 217 255 226 207 218 255 172 106 171 106 253 14 219 176 172 136 26 4 
15 15 2 2 80 75 0 219 162 2 208 172 140 171 140 219 180 172 142 219 166 2 208 135 4 
15 15 2 2 96 75 0 171 136 1 208 171 138 219 168 2 208 172 132 1 208 172 148 130 4 
15 15 2 2 112 75 0 219 172 2 208 157 138 1 208 157 154 219 174 2 208 157 136 57 4 
15 15 2 2 128 75 0 1 208 157 152 252 14 219 80 175 110 172 138 171 142 229 82 51 4 
15 15 2 2 144 75 0 229 207 218 255 231 207 217 255 18 0 217 207 230 255 218 207 190 4 
15 15 2 2 160 75 0 230 255 225 207 217 255 226 207 218 255 194 106 193 106 192 106 153 4 
15 15 2 2 176 75 0 252 14 219 64 127 11 60 11 194 110 253 14 219 80 5 15 11 139 4 
15 15 2 2 192 75 0 43 110 252 14 219 56 240 11 48 11 43 16 193 110 253 14 144 4 
15 15 2 2 208 75 0 219 56 5 15 11 7 11 43 110 253 14 219 80 128 11 43 16 13 4 
15 15 2 2 224 75 0 192 110 252 14 219 174 3 208 158 156 157 140 242 140 194 128 26 4 
15 15 2 2 240 75 0 229 82 229 207 218 255 231 207 217 255 18 0 26 106 25 106 86 4 
15 15 2 2 0 76 0 24 106 23 106 32 14 231 110 216 144 27 54 28 54 29 54 204 4 
15 15 2 2 16 76 0 30 54 23 54 24 54 25 54 26 54 32 80 23 92 33 80 190 4 
15 15 2 2 32 76 0 24 88 34 80 25 88 35 80 26 88 9 227 32 80 23 94 135 4 
15 15 2 2 48 76 0 33 80 24 90 34 80 25 90 35 80 26 90 27 42 231 46 119 4 
15 15 2 2 64 76 0 228 215 18 0 217 207 230 255 218 207 230 255 225 207 217 255 0 4 
15 15 2 2 80 76 0 226 207 218 255 230 82 230 82 195 80 223 110 1 14 196 207 100 4 
15 15 2 2 96 76 0 219 255 222 207 43 240 221 207 44 240 43 192 243 255 44 192 29 4 
15 15 2 2 112 76 0 244 255 229 82 229 82 229 82 229 207 218 255 231 207 217 255 141 4 
15 15 2 2 128 76 0 18 0 26 106 25 106 16 14 231 110 216 144 29 54 30 54 149 4 
15 15 2 2 144 76 0 25 54 26 54 34 80 25 92 35 80 26 88 5 5 227 34 80 91 4 
15 15 2 2 160 76 0 25 94 35 80 26 90 29 42 231 46 240 215 18 0 243 106 32 4 
15 15 2 2 176 76 0 244 106 255 14 225 36 233 110 255 14 226 32 234 110 237 102 127 4 
15 15 2 2 192 76 0 7 208 47 14 239 100 5 4 208 58 14 239 96 1 208 243 42 48 4 
15 15 2 2 208 76 0 18 0 22 238 0 240 38 238 0 240 248 106 38 156 166 142 126 4 
15 15 2 2 224 76 0 166 156 53 236 32 240 9 236 36 240 151 236 38 240 249 215 235 4 
15 15 2 2 240 76 0 18 0 255 14 227 80 50 110 72 14 1 208 76 14 231 110 248 4 
15 15 2 2 0 77 0 231 46 254 215 231 106 231 46 254 215 50 46 247 215 0 0 92 4 
15 15 2 2 16 77 0 18 0 255 14 227 80 172 186 5 4 208 175 106 171 142 172 138 139 4 
15 15 2 2 32 77 0 148 156 172 162 254 215 173 110 243 110 244 106 18 0 242 236 114 4 
15 15 2 2 48 77 0 27 240 63 236 33 240 1 1 223 145 1 1 223 161 2 208 114 4 
15 15 2 2 64 77 0 130 236 33 240 8 236 36 240 248 215 255 14 227 80 232 78 163 4 
15 15 2 2 80 77 0 18 0 0 0 0 208 0 208 0 208 232 46 250 215 18 0 228 4 
15 15 2 2 96 77 0 48 49 50 51 52 53 54 55 56 57 97 98 99 100 101 102 237 4 
15 15 2 2 112 77 0 0 255 194 144 157 156 18 0 194 130 18 0 0 0 0 0 77 4 
15 15 2 2 128 77 0 0 0 1 0 0 0 0 254 255 0 0 1 0 0 0 0 48 4 
15 15 2 2 144 77 0 0 0 1 0 0 0 0 1 0 0 0 0 0 0 1 0 28 4 
15 15 2 2 160 77 0 0 0 0 0 0 0 0 0 1 0 0 0 0 0 0 0 14 4 
15 15 2 2 176 77 0 0 0 0 0 1 1 1 255 255 255 255 255 255 255 255 255 5 5 4 
15 15 8 64 184 4 
