15 15 0 2 254 4 
15 15 1 2 254 255 63 193 4 
15 15 9 224 0 8 0 0 5 15 4 
15 15 9 224 0 64 0 0 215 4 
15 15 2 2 0 8 0 100 239 23 240 18 0 18 0 51 239 10 240 18 0 194 80 54 4 
15 15 2 2 16 8 0 2 11 1 224 1 14 18 0 217 239 19 240 18 0 3 0 245 4 
15 15 2 2 32 8 0 92 47 0 0 222 7 0 0 5 4 0 0 0 90 47 0 0 215 4 
15 15 2 2 48 8 0 229 7 0 0 2 0 0 0 86 47 0 0 218 7 0 0 112 4 
15 15 2 2 64 8 0 5 4 0 0 0 94 236 9 240 251 14 219 207 243 255 219 6 231 4 
15 15 2 2 80 8 0 243 80 0 9 10 224 172 236 9 240 250 14 23 236 10 240 216 4 
15 15 2 2 96 8 0 243 225 44 28 241 225 1 14 1 208 0 14 141 239 9 240 67 4 
15 15 2 2 112 8 0 94 236 9 240 59 14 225 36 2 227 225 104 230 82 225 110 62 4 
15 15 2 2 128 8 0 1 14 219 106 2 14 219 106 249 14 219 207 246 255 250 14 29 4 
15 15 2 2 144 8 0 219 207 247 255 251 14 219 207 248 255 8 0 245 80 223 110 128 4 
15 15 2 2 160 8 0 223 80 2 225 179 239 8 240 37 14 223 92 2 224 166 239 195 4 
15 15 2 2 176 8 0 8 240 3 14 219 106 5 4 14 219 106 5 5 14 219 106 6 14 51 4 
15 15 2 2 192 8 0 219 106 7 14 219 106 198 236 8 240 45 14 223 92 12 224 137 4 
15 15 2 2 208 8 0 43 14 223 92 9 224 32 14 223 92 6 224 35 14 223 92 12 4 
15 15 2 2 224 8 0 3 224 48 14 223 92 26 225 223 80 48 10 20 224 19 10 67 4 
15 15 2 2 240 8 0 5 15 224 3 10 10 224 11 10 5 5 224 6 10 228 225 3 14 62 4 
15 15 2 2 0 9 0 219 128 225 215 3 14 219 130 222 215 3 14 219 132 219 215 155 4 
15 15 2 2 16 9 0 3 14 219 134 216 215 3 14 219 136 213 215 42 14 223 92 47 4 
15 15 2 2 32 9 0 27 225 194 236 8 240 16 236 9 240 16 224 3 14 219 128 224 4 
15 15 2 2 48 9 0 29 104 30 104 19 14 219 207 34 240 20 14 219 207 35 240 252 4 
15 15 2 2 64 9 0 150 236 20 240 5 4 14 27 192 219 255 3 208 19 14 249 236 141 4 
15 15 2 2 80 9 0 8 240 198 236 8 240 11 208 9 14 219 106 103 236 9 240 126 4 
15 15 2 2 96 9 0 3 224 219 236 9 240 250 215 9 14 249 236 8 240 3 14 26 4 
15 15 2 2 112 9 0 219 176 219 152 46 14 223 92 27 225 198 236 8 240 42 14 48 4 
15 15 2 2 128 9 0 223 92 11 225 194 236 8 240 16 236 9 240 3 225 19 14 172 4 
15 15 2 2 144 9 0 75 236 9 240 198 236 8 240 11 208 9 14 219 106 103 236 255 4 
15 15 2 2 160 9 0 9 240 3 224 219 236 9 240 250 215 9 14 75 236 9 240 159 4 
15 15 2 2 176 9 0 104 14 223 92 7 225 198 236 8 240 104 14 223 92 29 225 81 4 
15 15 2 2 192 9 0 3 14 24 208 116 14 223 92 23 224 122 14 223 92 20 224 207 4 
15 15 2 2 208 9 0 72 14 223 92 6 224 84 14 223 92 3 224 90 14 223 92 137 4 
15 15 2 2 224 9 0 2 225 2 14 7 208 108 14 223 92 3 224 106 14 223 92 254 4 
15 15 2 2 240 9 0 5 4 225 1 14 158 236 9 240 201 219 223 80 110 10 1 225 95 4 
15 15 2 2 0 10 0 129 211 30 10 1 225 146 209 32 10 1 225 143 209 63 10 124 4 
15 15 2 2 16 10 0 1 225 73 209 26 10 1 225 70 209 13 10 1 225 67 209 188 4 
15 15 2 2 32 10 0 32 10 1 225 64 209 58 10 1 225 61 209 32 10 1 225 117 4 
15 15 2 2 48 10 0 58 209 38 10 1 225 53 209 13 10 1 225 50 209 26 10 127 4 
15 15 2 2 64 10 0 1 225 217 208 32 10 74 224 48 10 31 224 70 10 14 224 92 4 
15 15 2 2 80 10 0 37 10 1 224 133 211 217 80 249 5 15 233 110 255 14 218 32 171 4 
15 15 2 2 96 10 0 234 110 1 14 238 94 0 14 238 90 238 90 172 236 9 240 176 4 
15 15 2 2 112 10 0 37 14 230 110 149 219 3 225 44 28 1 225 107 211 168 236 171 4 
15 15 2 2 128 10 0 9 240 1 226 109 211 219 42 107 211 8 14 219 106 5 4 14 166 4 
15 15 2 2 144 10 0 219 80 1 8 6 226 5 4 14 219 5 4 112 236 9 240 219 80 213 4 
15 15 2 2 160 10 0 139 219 8 14 219 80 9 224 3 14 219 80 1 11 5 5 225 148 4 
15 15 2 2 176 10 0 114 219 1 224 79 211 8 14 219 106 100 219 239 207 223 255 188 4 
15 15 2 2 192 10 0 32 236 10 240 3 225 44 28 1 225 68 211 168 236 9 240 122 4 
15 15 2 2 208 10 0 1 227 219 42 96 219 1 225 67 211 60 211 7 14 219 80 183 4 
15 15 2 2 224 10 0 2 8 5 15 225 236 236 9 240 3 14 179 236 9 240 14 14 130 4 
15 15 2 2 240 10 0 238 207 219 255 5 15 14 238 207 219 255 16 14 238 207 219 255 2 4 
15 15 2 2 0 11 0 32 208 247 14 219 207 46 240 248 14 219 207 47 240 2 14 85 4 
15 15 2 2 16 11 0 46 94 0 14 47 90 247 14 46 192 219 255 248 14 47 192 252 4 
15 15 2 2 32 11 0 219 255 46 192 233 255 47 192 234 255 163 236 9 240 45 106 42 4 
15 15 2 2 48 11 0 14 14 43 192 219 255 5 15 14 44 192 219 255 16 14 45 192 242 4 
15 15 2 2 64 11 0 219 255 14 14 219 207 230 255 5 15 14 219 207 230 255 16 14 98 4 
15 15 2 2 80 11 0 219 207 230 255 228 236 21 240 229 82 229 82 229 82 19 14 119 4 
15 15 2 2 96 11 0 28 192 219 255 20 14 29 192 219 255 6 14 219 80 5 5 224 222 4 
15 15 2 2 112 11 0 19 14 231 236 9 240 1 226 106 219 11 236 10 240 2 226 151 4 
15 15 2 2 128 11 0 19 14 55 219 206 236 9 240 6 224 5 4 14 231 236 9 240 199 4 
15 15 2 2 144 11 0 2 226 5 5 14 46 219 3 14 219 176 5 5 208 252 218 1 224 57 4 
15 15 2 2 160 11 0 217 210 8 14 219 106 9 14 219 106 14 14 219 207 246 255 52 4 
15 15 2 2 176 11 0 5 15 14 219 207 247 255 16 14 219 207 248 255 8 0 245 80 120 4 
15 15 2 2 192 11 0 223 110 223 80 20 224 17 236 10 240 17 226 32 236 10 240 209 4 
15 15 2 2 208 11 0 3 225 44 28 1 225 190 210 187 219 1 227 219 42 9 14 237 4 
15 15 2 2 224 11 0 219 42 217 80 14 5 15 233 110 0 14 203 219 231 215 211 218 80 4 
15 15 2 2 240 11 0 1 225 182 210 175 210 198 218 17 14 238 207 219 255 18 14 160 4 
15 15 2 2 0 12 0 237 207 219 255 17 14 219 207 230 255 18 14 219 207 230 255 253 4 
15 15 2 2 16 12 0 214 236 21 240 229 82 229 82 19 14 243 207 219 255 20 14 204 4 
15 15 2 2 32 12 0 244 207 219 255 6 14 219 80 5 4 224 19 14 208 219 1 226 97 4 
15 15 2 2 48 12 0 14 219 11 236 10 240 2 226 19 14 219 218 175 219 5 5 224 189 4 
15 15 2 2 64 12 0 5 4 14 197 219 2 226 5 5 14 212 218 3 14 219 176 5 5 208 232 4 
15 15 2 2 80 12 0 162 218 1 224 127 210 8 14 219 106 9 14 219 106 17 14 28 4 
15 15 2 2 96 12 0 219 207 233 255 18 14 219 207 234 255 239 207 223 255 223 80 128 4 
15 15 2 2 112 12 0 20 224 215 219 18 226 228 219 3 225 44 28 1 225 106 210 221 4 
15 15 2 2 128 12 0 103 219 1 227 219 42 9 14 219 42 17 14 219 42 219 207 91 4 
15 15 2 2 144 12 0 233 255 18 14 232 227 219 42 230 215 125 218 1 225 96 210 96 4 
15 15 2 2 160 12 0 89 210 3 14 219 142 7 14 219 5 4 16 225 149 219 5 4 14 68 4 
15 15 2 2 176 12 0 90 219 10 14 238 207 219 255 11 14 238 207 219 255 12 14 146 4 
15 15 2 2 192 12 0 238 207 219 255 13 14 238 207 219 255 108 208 7 14 219 80 107 4 
15 15 2 2 208 12 0 3 8 44 225 3 14 219 174 13 208 178 218 2 14 118 218 165 4 
15 15 2 2 224 12 0 239 207 43 240 44 106 45 106 46 106 43 174 57 208 44 104 252 4 
15 15 2 2 240 12 0 45 104 53 208 247 14 219 207 44 240 248 14 219 207 45 240 206 4 
15 15 2 2 0 13 0 2 14 44 94 0 14 45 90 247 14 44 192 219 255 248 14 239 4 
15 15 2 2 16 13 0 45 192 219 255 44 192 233 255 45 192 234 255 239 207 43 240 149 4 
15 15 2 2 32 13 0 10 14 43 192 219 255 11 14 219 106 56 208 7 14 219 80 76 4 
15 15 2 2 48 13 0 2 8 9 225 3 14 219 174 5 4 208 89 219 45 174 16 208 110 4 
15 15 2 2 64 13 0 14 208 85 219 13 208 3 14 219 174 18 208 121 218 2 14 229 4 
15 15 2 2 80 13 0 61 218 249 218 45 106 46 106 44 174 2 208 45 104 46 104 175 4 
15 15 2 2 96 13 0 226 218 12 14 45 192 219 255 13 14 46 192 219 255 26 208 37 4 
15 15 2 2 112 13 0 247 14 219 207 45 240 248 14 219 207 46 240 2 14 45 94 74 4 
15 15 2 2 128 13 0 0 14 46 90 247 14 45 192 219 255 248 14 46 192 219 255 63 4 
15 15 2 2 144 13 0 45 192 233 255 46 192 234 255 214 218 197 218 12 14 219 106 5 5 4 
15 15 2 2 160 13 0 13 14 219 106 6 14 219 80 5 5 225 1 14 243 110 5 5 14 71 4 
15 15 2 2 176 13 0 243 207 219 255 21 14 219 106 22 14 219 106 217 80 55 5 15 99 4 
15 15 2 2 192 13 0 43 110 0 14 218 32 44 110 57 14 43 192 219 255 58 14 160 4 
15 15 2 2 208 13 0 44 192 219 255 56 14 219 106 8 14 219 106 10 14 174 218 211 4 
15 15 2 2 224 13 0 223 80 120 10 18 224 32 10 16 224 40 10 12 224 32 10 10 4 
15 15 2 2 240 13 0 10 224 63 10 6 224 13 10 2 224 32 10 8 225 2 14 202 4 
15 15 2 2 0 14 0 5 5 208 8 14 3 208 8 14 223 38 16 14 151 218 3 14 117 4 
15 15 2 2 16 14 0 219 190 2 208 219 146 219 148 219 80 128 11 38 224 138 218 119 4 
15 15 2 2 32 14 0 3 14 235 80 0 10 232 174 2 208 216 144 8 208 0 14 194 4 
15 15 2 2 48 14 0 238 92 0 14 238 88 0 14 238 88 0 14 238 88 21 226 129 4 
15 15 2 2 64 14 0 17 218 32 104 33 104 34 104 35 104 158 236 21 240 10 14 246 4 
15 15 2 2 80 14 0 23 192 219 255 11 14 24 192 219 255 12 14 25 192 219 255 85 4 
15 15 2 2 96 14 0 13 14 26 192 219 255 45 14 8 208 3 14 219 162 2 208 76 4 
15 15 2 2 112 14 0 43 14 3 208 219 164 8 208 32 14 243 110 23 14 243 207 165 4 
15 15 2 2 128 14 0 219 255 21 14 219 42 2 208 23 14 219 106 5 5 14 219 80 242 4 
15 15 2 2 144 14 0 3 225 181 217 1 225 137 208 58 14 43 110 47 14 44 110 249 4 
15 15 2 2 160 14 0 0 14 45 110 7 14 219 207 46 240 47 106 48 106 49 106 250 4 
15 15 2 2 176 14 0 46 192 32 240 47 192 33 240 48 192 34 240 49 192 35 240 58 4 
15 15 2 2 192 14 0 209 217 209 236 22 240 43 80 23 36 243 110 44 80 24 32 246 4 
15 15 2 2 208 14 0 244 110 45 80 25 32 248 110 244 207 247 255 243 207 246 255 48 4 
15 15 2 2 224 14 0 8 0 9 14 245 207 219 255 88 14 223 92 5 15 225 97 14 81 4 
15 15 2 2 240 14 0 243 110 9 14 121 217 10 227 32 14 43 110 9 14 219 207 191 4 
15 15 2 2 0 5 15 0 231 255 43 80 231 94 9 14 231 207 219 255 7 14 219 207 225 4 
15 15 2 2 16 5 15 0 43 240 44 106 45 106 46 106 13 218 43 192 32 240 44 192 47 4 
15 15 2 2 32 5 15 0 33 240 45 192 34 240 46 192 35 240 238 207 27 240 238 207 55 4 
15 15 2 2 48 5 15 0 28 240 238 207 29 240 239 207 30 240 209 236 22 240 30 192 122 4 
15 15 2 2 64 5 15 0 237 255 29 192 237 255 28 192 237 255 27 192 239 255 57 14 32 4 
15 15 2 2 80 5 15 0 219 207 233 255 219 6 58 14 219 207 234 255 1 226 219 6 139 4 
15 15 2 2 96 5 15 0 9 14 219 207 239 255 21 14 219 42 73 217 149 225 3 14 13 4 
15 15 2 2 112 5 15 0 219 166 29 208 111 14 223 92 6 225 191 217 24 227 21 14 186 4 
15 15 2 2 128 5 15 0 219 40 89 218 20 208 120 14 223 92 9 224 88 14 223 92 8 4 
15 15 2 2 144 5 15 0 6 224 98 14 223 92 3 224 66 14 223 92 8 225 2 14 101 4 
15 15 2 2 160 5 15 0 243 110 22 14 243 207 219 255 2 208 21 14 219 106 3 14 225 4 
15 15 2 2 176 5 15 0 219 80 16 11 14 224 5 4 14 219 207 43 240 5 5 14 219 80 244 4 
15 15 2 2 192 5 15 0 216 128 43 84 6 226 6 14 219 80 3 225 5 4 14 219 80 14 4 
15 15 2 2 208 5 15 0 50 218 147 217 10 226 5 5 14 219 207 231 255 21 14 219 80 200 4 
15 15 2 2 224 5 15 0 231 94 5 5 14 231 207 219 255 2 208 5 5 14 219 106 5 4 14 233 4 
15 15 2 2 240 5 15 0 219 207 43 240 22 14 67 217 216 128 43 84 20 226 22 14 7 4 
15 15 2 2 0 16 0 219 207 230 255 21 14 219 207 230 255 5 4 14 219 207 230 255 10 4 
15 15 2 2 16 16 0 5 5 14 219 80 229 82 231 92 229 82 216 128 231 84 229 82 35 4 
15 15 2 2 32 16 0 216 128 231 84 93 217 3 14 219 80 1 11 11 225 8 14 185 4 
15 15 2 2 48 16 0 219 80 8 224 176 216 1 224 141 208 8 14 219 80 188 216 14 4 
15 15 2 2 64 16 0 8 14 219 106 23 14 219 80 7 224 134 217 23 14 239 217 206 4 
15 15 2 2 80 16 0 3 225 44 28 1 225 126 208 22 14 219 80 22 224 124 217 166 4 
15 15 2 2 96 16 0 48 14 230 110 157 216 2 225 44 28 116 224 117 217 223 207 10 4 
15 15 2 2 112 16 0 230 255 92 236 21 240 229 82 229 82 229 82 244 207 44 240 198 4 
15 15 2 2 128 16 0 0 1 243 28 2 225 44 28 101 224 5 5 14 219 207 43 240 20 4 
15 15 2 2 144 16 0 22 14 219 80 216 128 43 84 9 226 5 5 14 219 207 231 255 168 4 
15 15 2 2 160 16 0 22 14 219 80 231 94 5 5 14 231 207 219 255 48 14 230 110 131 4 
15 15 2 2 176 16 0 5 5 14 201 217 79 225 57 14 219 42 219 207 233 255 58 14 49 4 
15 15 2 2 192 16 0 1 227 219 42 219 207 234 255 9 14 239 207 219 255 219 80 214 4 
15 15 2 2 208 16 0 14 224 66 217 9 14 171 217 2 225 44 28 59 224 57 14 235 4 
15 15 2 2 224 16 0 219 42 219 207 233 255 58 14 237 227 219 42 235 215 83 216 107 4 
15 15 2 2 240 16 0 49 225 22 14 219 207 230 255 8 14 193 216 229 82 231 36 70 4 
15 15 2 2 0 17 0 91 216 46 208 7 14 219 80 3 10 28 224 1 10 20 224 114 4 
15 15 2 2 16 17 0 3 10 7 224 121 217 219 207 238 255 2 14 219 207 237 255 88 4 
15 15 2 2 32 17 0 31 208 243 216 48 106 46 174 2 208 47 104 48 104 42 216 152 4 
15 15 2 2 48 17 0 186 216 48 192 238 255 20 208 232 216 46 190 47 104 34 216 43 4 
15 15 2 2 64 17 0 178 216 14 208 97 217 219 207 239 255 10 208 121 217 5 5 225 95 4 
15 15 2 2 80 17 0 44 28 3 225 243 104 244 104 16 208 250 216 1 227 219 42 29 4 
15 15 2 2 96 17 0 119 217 77 239 5 4 240 1 14 219 207 43 240 2 14 219 207 125 4 
15 15 2 2 112 17 0 44 240 43 192 243 255 44 192 244 255 217 207 225 255 218 207 114 4 
15 15 2 2 128 17 0 226 255 203 208 41 217 2 14 179 239 9 240 97 217 8 0 0 4 
15 15 2 2 144 17 0 245 80 223 110 18 0 32 14 230 110 8 14 35 239 10 240 19 4 
15 15 2 2 160 17 0 92 236 21 240 229 82 229 82 229 82 243 207 43 240 244 207 185 4 
15 15 2 2 176 17 0 44 240 0 1 243 28 18 0 43 110 44 106 217 80 1 5 15 149 4 
15 15 2 2 192 17 0 77 217 43 80 238 38 44 80 237 34 18 0 47 94 0 14 62 4 
15 15 2 2 208 17 0 48 90 247 14 47 192 219 255 248 14 48 192 219 255 47 192 5 4 4 
15 15 2 2 224 17 0 233 255 48 192 234 255 18 0 219 207 244 255 243 80 244 92 8 4 
15 15 2 2 240 17 0 18 0 219 80 231 110 5 4 14 231 207 219 255 18 0 10 14 157 4 
15 15 2 2 0 18 0 219 207 43 240 11 14 219 207 44 240 12 14 219 207 45 240 101 4 
15 15 2 2 16 18 0 13 14 219 207 46 240 43 80 44 16 45 16 46 16 18 0 179 4 
15 15 2 2 32 18 0 19 14 238 207 219 255 20 14 237 207 219 255 19 14 219 207 143 4 
15 15 2 2 48 18 0 43 240 20 14 219 207 44 240 0 1 128 14 44 20 18 0 214 4 
15 15 2 2 64 18 0 247 14 219 207 47 240 248 14 219 207 48 240 18 0 5 5 14 231 4 
15 15 2 2 80 18 0 219 80 230 110 217 80 19 5 15 1 217 229 82 231 80 238 110 44 4 
15 15 2 2 96 18 0 237 106 18 0 10 14 219 207 27 240 11 14 219 207 28 240 133 4 
15 15 2 2 112 18 0 12 14 219 207 29 240 13 14 219 207 30 240 18 0 219 207 26 4 
15 15 2 2 128 18 0 230 255 21 14 219 207 230 255 5 5 14 219 80 229 82 231 36 83 4 
15 15 2 2 144 18 0 229 82 231 36 18 0 219 80 206 216 1 14 243 110 6 14 177 4 
15 15 2 2 160 18 0 243 207 219 255 18 0 238 80 239 207 234 255 233 110 45 192 115 4 
15 15 2 2 176 18 0 238 255 46 192 238 255 47 192 238 255 18 0 217 207 230 255 247 4 
15 15 2 2 192 18 0 218 207 230 255 225 207 217 255 226 207 218 255 18 0 223 207 202 4 
15 15 2 2 208 18 0 230 255 230 106 82 236 23 240 229 82 229 82 243 80 18 0 221 4 
15 15 2 2 224 18 0 231 110 8 14 231 207 219 255 18 0 238 207 43 240 238 207 104 4 
15 15 2 2 240 18 0 44 240 239 207 45 240 46 106 18 0 5 5 14 219 207 43 240 129 4 
15 15 2 2 0 19 0 21 14 219 80 216 128 43 84 18 0 1 14 219 207 45 240 220 4 
15 15 2 2 16 19 0 2 14 219 207 46 240 47 106 18 0 229 82 229 207 218 255 146 4 
15 15 2 2 32 19 0 231 207 217 255 18 0 10 14 43 192 219 255 11 14 44 192 71 4 
15 15 2 2 48 19 0 219 255 18 0 217 80 10 5 15 46 239 10 240 243 110 7 14 254 4 
15 15 2 2 64 19 0 243 207 219 255 18 0 238 207 43 240 239 207 44 240 18 0 55 4 
15 15 2 2 80 19 0 1 14 219 42 2 14 18 0 252 14 219 207 230 255 253 14 191 4 
15 15 2 2 96 19 0 219 207 230 255 18 0 43 94 0 14 44 90 247 14 43 192 219 4 
15 15 2 2 112 19 0 219 255 248 14 44 192 219 255 43 192 233 255 44 192 234 255 43 4 
15 15 2 2 128 19 0 18 0 218 32 234 110 239 42 238 207 246 255 0 14 239 34 27 4 
15 15 2 2 144 19 0 238 207 247 255 239 34 238 207 248 255 18 0 5 4 14 219 207 19 4 
15 15 2 2 160 19 0 230 255 19 14 219 80 229 82 231 92 154 223 219 80 5 4 223 23 4 
15 15 2 2 176 19 0 6 14 219 80 18 0 9 14 219 80 10 13 243 80 223 36 73 4 
15 15 2 2 192 19 0 208 5 15 231 110 9 14 231 207 219 255 198 239 8 240 219 80 118 4 
15 15 2 2 208 19 0 243 110 5 5 14 244 239 8 240 247 14 219 207 43 240 248 14 250 4 
15 15 2 2 224 19 0 219 207 44 240 18 0 223 207 230 255 208 239 8 240 40 223 224 4 
15 15 2 2 240 19 0 3 14 236 222 117 239 9 240 34 236 5 4 240 229 82 229 82 81 4 
15 15 2 2 0 20 0 229 82 229 82 0 9 18 0 189 222 238 80 239 207 234 255 223 4 
15 15 2 2 16 20 0 233 110 1 14 18 0 19 14 219 80 243 110 5 4 14 244 239 190 4 
15 15 2 2 32 20 0 8 240 5 4 14 219 80 243 110 9 14 244 239 8 240 219 207 150 4 
15 15 2 2 48 20 0 230 255 208 239 8 240 231 110 5 5 14 231 207 219 255 18 0 18 4 
15 15 2 2 64 20 0 139 223 243 239 9 240 219 207 230 255 134 223 252 239 9 240 139 4 
15 15 2 2 80 20 0 217 80 249 5 15 233 110 255 14 193 239 9 240 233 110 0 14 245 4 
15 15 2 2 96 20 0 218 32 234 110 18 0 218 207 228 255 226 207 218 255 233 207 86 4 
15 15 2 2 112 20 0 228 255 234 207 228 255 230 82 242 162 2 208 160 216 2 208 17 4 
15 15 2 2 128 20 0 158 182 204 216 229 82 229 207 234 255 229 207 233 255 229 207 76 4 
15 15 2 2 144 20 0 218 255 17 0 230 106 1 14 230 110 5 5 14 230 110 9 236 95 4 
15 15 2 2 160 20 0 22 240 229 82 229 82 229 82 18 0 7 14 180 110 0 14 70 4 
15 15 2 2 176 20 0 136 110 135 110 134 110 133 110 132 110 131 110 130 110 129 110 164 4 
15 15 2 2 192 20 0 128 110 145 110 144 110 143 110 142 110 141 110 140 110 139 110 86 4 
15 15 2 2 208 20 0 138 110 137 110 47 14 146 110 147 104 156 14 148 110 149 106 70 4 
15 15 2 2 224 20 0 150 106 151 104 5 4 14 152 110 14 14 154 110 153 104 193 106 161 4 
15 15 2 2 240 20 0 241 158 176 152 156 142 162 106 159 106 160 106 157 106 163 106 196 4 
15 15 2 2 0 21 0 165 106 200 223 159 134 208 142 158 150 157 134 147 130 240 106 232 4 
15 15 2 2 16 21 0 242 136 240 158 240 152 241 146 240 154 241 106 242 140 242 142 225 4 
15 15 2 2 32 21 0 18 0 217 207 230 255 225 207 217 255 230 82 190 223 1 1 201 4 
15 15 2 2 48 21 0 64 151 64 153 7 1 5 4 14 202 111 1 14 203 111 223 106 34 4 
15 15 2 2 64 21 0 16 14 223 92 10 226 223 80 234 106 202 37 233 110 203 81 125 4 
15 15 2 2 80 21 0 234 34 127 14 239 110 223 42 243 215 1 1 29 107 1 14 53 4 
15 15 2 2 96 21 0 30 111 194 14 31 111 1 1 64 133 1 1 34 107 35 107 184 4 
15 15 2 2 112 21 0 1 1 0 107 2 107 3 107 1 14 213 110 50 14 215 110 88 4 
15 15 2 2 128 21 0 207 14 214 110 213 158 0 14 230 110 1 14 230 110 139 216 171 4 
15 15 2 2 144 21 0 229 82 229 82 1 1 64 147 0 14 230 110 1 14 230 110 79 4 
15 15 2 2 160 21 0 130 216 229 82 229 82 1 1 64 147 229 82 229 82 231 207 134 4 
15 15 2 2 176 21 0 217 255 18 0 130 130 128 136 148 146 146 152 18 0 242 146 91 4 
15 15 2 2 192 21 0 7 1 32 14 198 111 159 134 1 1 64 169 6 208 7 1 206 4 
15 15 2 2 208 21 0 224 14 195 111 0 14 196 111 5 5 208 7 1 192 14 195 111 217 4 
15 15 2 2 224 21 0 0 14 196 111 1 1 64 161 64 121 64 167 6 208 7 1 101 4 
15 15 2 2 240 21 0 128 14 193 111 0 14 194 111 5 5 208 7 1 160 14 193 111 63 4 
15 15 2 2 0 22 0 0 14 194 111 201 207 199 247 193 199 233 255 194 199 234 255 111 4 
15 15 2 2 16 22 0 193 43 0 14 194 35 239 80 201 110 18 0 158 150 201 207 163 4 
15 15 2 2 32 22 0 199 247 7 1 198 81 0 8 35 226 195 199 233 255 196 199 223 4 
15 15 2 2 48 22 0 234 255 195 43 0 14 196 35 199 199 239 255 193 199 233 255 254 4 
15 15 2 2 64 22 0 194 199 234 255 193 43 194 35 239 207 199 247 199 199 201 255 145 4 
15 15 2 2 80 22 0 198 7 198 81 12 225 1 1 2 14 30 111 1 1 64 147 81 4 
15 15 2 2 96 22 0 64 129 50 14 215 110 207 14 214 110 242 148 213 142 1 208 101 4 
15 15 2 2 112 22 0 201 106 18 0 217 207 230 255 225 207 217 255 1 1 64 161 57 4 
15 15 2 2 128 22 0 14 208 253 14 219 207 230 255 254 14 219 207 230 255 187 236 172 4 
15 15 2 2 144 22 0 16 240 229 82 229 82 157 150 1 1 64 145 157 134 229 82 136 4 
15 15 2 2 160 22 0 231 207 217 255 18 0 217 207 230 255 225 207 217 255 1 1 143 4 
15 15 2 2 176 22 0 64 179 50 208 253 14 219 207 233 255 254 14 219 207 234 255 5 5 4 
15 15 2 2 192 22 0 30 14 233 38 0 14 234 34 239 80 2 8 9 225 253 14 147 4 
15 15 2 2 208 22 0 219 207 230 255 254 14 219 207 230 255 105 216 229 82 229 82 61 4 
15 15 2 2 224 22 0 253 14 219 207 233 255 254 14 219 207 234 255 21 14 233 38 152 4 
15 15 2 2 240 22 0 0 14 234 34 239 158 253 14 219 207 230 255 254 14 219 207 255 4 
15 15 2 2 0 23 0 230 255 41 236 16 240 229 82 229 82 157 150 1 1 64 119 145 4 
15 15 2 2 16 23 0 64 131 157 134 1 1 29 43 229 82 231 207 217 255 18 0 206 4 
15 15 2 2 32 23 0 157 150 1 1 64 145 157 134 18 0 217 207 230 255 225 207 77 4 
15 15 2 2 48 23 0 217 255 0 1 22 107 217 80 253 5 15 233 110 255 14 218 32 200 4 
15 15 2 2 64 23 0 234 110 1 14 238 24 1 225 237 80 2 225 22 129 1 208 206 4 
15 15 2 2 80 23 0 186 106 217 80 251 5 15 233 110 255 14 218 32 234 110 1 14 121 4 
15 15 2 2 96 23 0 238 24 1 225 237 80 2 225 22 131 1 208 183 106 217 80 201 4 
15 15 2 2 112 23 0 249 5 15 233 110 255 14 218 32 234 110 1 14 238 24 1 225 192 4 
15 15 2 2 128 23 0 237 80 2 225 22 133 1 208 115 106 217 80 247 5 15 233 110 118 4 
15 15 2 2 144 23 0 255 14 218 32 234 110 1 14 238 24 1 225 237 80 2 225 223 4 
15 15 2 2 160 23 0 22 135 1 208 112 106 229 82 231 207 217 255 18 0 217 207 126 4 
15 15 2 2 176 23 0 230 255 225 207 217 255 253 14 219 207 233 255 254 14 219 207 117 4 
15 15 2 2 192 23 0 234 255 28 14 233 38 0 14 234 34 239 106 253 14 219 207 219 4 
15 15 2 2 208 23 0 233 255 254 14 219 207 234 255 23 14 233 38 0 14 234 34 64 4 
15 15 2 2 224 23 0 239 106 198 174 14 208 198 158 253 14 219 207 233 255 254 14 77 4 
15 15 2 2 240 23 0 219 207 234 255 23 14 233 38 0 14 234 34 1 14 239 110 168 4 
15 15 2 2 0 24 0 34 208 241 80 128 11 16 224 242 80 8 11 13 224 253 14 233 4 
15 15 2 2 16 24 0 219 207 233 255 254 14 219 207 234 255 23 14 233 38 0 14 97 4 
15 15 2 2 32 24 0 234 34 2 14 239 110 5 15 208 240 166 13 208 144 158 253 14 192 4 
15 15 2 2 48 24 0 219 207 233 255 254 14 219 207 234 255 23 14 233 38 0 14 65 4 
15 15 2 2 64 24 0 234 34 3 14 239 110 37 14 198 20 37 8 25 224 253 14 236 4 
15 15 2 2 80 24 0 219 207 233 255 254 14 219 207 234 255 28 14 233 38 0 14 28 4 
15 15 2 2 96 24 0 234 34 1 14 239 110 253 14 219 207 233 255 254 14 219 207 185 4 
15 15 2 2 112 24 0 234 255 23 14 233 38 0 14 234 34 198 207 239 255 128 209 105 4 
15 15 2 2 128 24 0 197 80 25 224 253 14 219 207 233 255 254 14 219 207 234 255 26 4 
15 15 2 2 144 24 0 28 14 233 38 0 14 234 34 2 14 239 110 253 14 219 207 223 4 
15 15 2 2 160 24 0 233 255 254 14 219 207 234 255 23 14 233 38 0 14 234 34 111 4 
15 15 2 2 176 24 0 197 207 239 255 101 209 208 190 25 208 253 14 219 207 233 255 104 4 
15 15 2 2 192 24 0 254 14 219 207 234 255 28 14 233 38 0 14 234 34 3 14 33 4 
15 15 2 2 208 24 0 239 110 253 14 219 207 233 255 254 14 219 207 234 255 23 14 86 4 
15 15 2 2 224 24 0 233 38 0 14 234 34 208 207 239 255 74 209 157 182 25 208 247 4 
15 15 2 2 240 24 0 253 14 219 207 233 255 254 14 219 207 234 255 28 14 233 38 127 4 
15 15 2 2 0 25 0 0 14 234 34 5 4 14 239 110 253 14 219 207 233 255 254 14 177 4 
15 15 2 2 16 25 0 219 207 234 255 23 14 233 38 0 14 234 34 157 207 239 255 152 4 
15 15 2 2 32 25 0 47 209 156 80 25 224 253 14 219 207 233 255 254 14 219 207 139 4 
15 15 2 2 48 25 0 234 255 28 14 233 38 0 14 234 34 5 5 14 239 110 253 14 252 4 
15 15 2 2 64 25 0 219 207 233 255 254 14 219 207 234 255 23 14 233 38 0 14 48 4 
15 15 2 2 80 25 0 234 34 156 207 239 255 20 209 8 14 159 92 25 224 253 14 52 4 
15 15 2 2 96 25 0 219 207 233 255 254 14 219 207 234 255 28 14 233 38 0 14 11 4 
15 15 2 2 112 25 0 234 34 6 14 239 110 253 14 219 207 233 255 254 14 219 207 163 4 
15 15 2 2 128 25 0 234 255 23 14 233 38 0 14 234 34 159 207 239 255 248 208 8 4 
15 15 2 2 144 25 0 162 80 25 224 253 14 219 207 233 255 254 14 219 207 234 255 44 4 
15 15 2 2 160 25 0 28 14 233 38 0 14 234 34 7 14 239 110 253 14 219 207 201 4 
15 15 2 2 176 25 0 233 255 254 14 219 207 234 255 23 14 233 38 0 14 234 34 94 4 
15 15 2 2 192 25 0 162 207 239 255 221 208 165 80 25 224 253 14 219 207 233 255 140 4 
15 15 2 2 208 25 0 254 14 219 207 234 255 28 14 233 38 0 14 234 34 8 14 11 4 
15 15 2 2 224 25 0 239 110 253 14 219 207 233 255 254 14 219 207 234 255 23 14 69 4 
15 15 2 2 240 25 0 233 38 0 14 234 34 165 207 239 255 194 208 16 14 242 20 178 4 
15 15 2 2 0 26 0 16 8 25 224 253 14 219 207 233 255 254 14 219 207 234 255 149 4 
15 15 2 2 16 26 0 28 14 233 38 0 14 234 34 9 14 239 110 253 14 219 207 86 4 
15 15 2 2 32 26 0 233 255 254 14 219 207 234 255 23 14 233 38 0 14 234 34 237 4 
15 15 2 2 48 26 0 242 207 239 255 165 208 71 14 241 20 25 224 253 14 219 207 134 4 
15 15 2 2 64 26 0 233 255 254 14 219 207 234 255 28 14 233 38 0 14 234 34 200 4 
15 15 2 2 80 26 0 10 14 239 110 253 14 219 207 233 255 254 14 219 207 234 255 225 4 
15 15 2 2 96 26 0 23 14 233 38 0 14 234 34 241 207 239 255 137 208 192 14 95 4 
15 15 2 2 112 26 0 240 20 25 224 253 14 219 207 233 255 254 14 219 207 234 255 57 4 
15 15 2 2 128 26 0 28 14 233 38 0 14 234 34 11 14 239 110 253 14 219 207 228 4 
15 15 2 2 144 26 0 233 255 254 14 219 207 234 255 23 14 233 38 0 14 234 34 125 4 
15 15 2 2 160 26 0 240 207 239 255 109 208 146 168 25 208 253 14 219 207 233 255 152 4 
15 15 2 2 176 26 0 254 14 219 207 234 255 28 14 233 38 0 14 234 34 12 14 38 4 
15 15 2 2 192 26 0 239 110 253 14 219 207 233 255 254 14 219 207 234 255 23 14 100 4 
15 15 2 2 208 26 0 233 38 0 14 234 34 146 207 239 255 82 208 147 176 25 208 76 4 
15 15 2 2 224 26 0 253 14 219 207 233 255 254 14 219 207 234 255 28 14 233 38 141 4 
15 15 2 2 240 26 0 0 14 234 34 13 14 239 110 253 14 219 207 233 255 254 14 183 4 
15 15 2 2 0 27 0 219 207 234 255 23 14 233 38 0 14 234 34 147 207 239 255 176 4 
15 15 2 2 16 27 0 55 208 62 14 148 20 28 8 25 224 253 14 219 207 233 255 28 4 
15 15 2 2 32 27 0 254 14 219 207 234 255 28 14 233 38 0 14 234 34 14 14 179 4 
15 15 2 2 48 27 0 239 110 253 14 219 207 233 255 254 14 219 207 234 255 23 14 243 4 
15 15 2 2 64 27 0 233 38 0 14 234 34 148 207 239 255 26 208 151 190 24 208 0 4 
15 15 2 2 80 27 0 253 14 219 207 233 255 254 14 219 207 234 255 28 14 233 38 28 4 
15 15 2 2 96 27 0 0 14 234 34 5 15 14 239 110 253 14 219 207 233 255 254 14 68 4 
15 15 2 2 112 27 0 219 207 234 255 23 14 233 38 0 14 234 34 151 207 239 255 60 4 
15 15 2 2 128 27 0 229 82 231 207 217 255 18 0 9 218 242 156 252 217 238 82 5 4 4 
15 15 2 2 144 27 0 239 106 249 217 84 14 233 38 0 14 234 34 239 106 242 140 196 4 
15 15 2 2 160 27 0 249 209 252 217 230 82 7 1 174 14 93 111 5 15 14 94 111 240 4 
15 15 2 2 176 27 0 173 14 95 111 5 15 14 96 111 1 14 8 111 8 14 230 110 204 4 
15 15 2 2 192 27 0 7 14 230 110 225 223 229 82 229 82 7 1 110 14 182 111 225 4 
15 15 2 2 208 27 0 5 15 14 183 111 109 14 184 111 5 15 14 185 111 2 14 97 111 7 4 
15 15 2 2 224 27 0 97 14 230 110 7 14 230 110 207 223 229 82 229 82 21 14 150 4 
15 15 2 2 240 27 0 230 110 124 14 230 110 110 236 22 240 229 82 229 82 159 152 186 4 
15 15 2 2 0 28 0 159 154 148 156 148 142 174 80 223 110 174 80 223 110 158 154 135 4 
15 15 2 2 16 28 0 21 14 230 110 124 14 230 110 60 236 22 240 229 82 229 82 223 4 
15 15 2 2 32 28 0 165 154 165 152 152 146 152 132 110 80 223 110 110 80 223 110 232 4 
15 15 2 2 48 28 0 164 154 7 1 186 107 229 82 173 209 223 217 239 5 4 2 225 2 4 
15 15 2 2 64 28 0 157 136 1 208 163 136 166 209 169 217 225 80 172 217 6 225 233 4 
15 15 2 2 80 28 0 158 168 13 208 8 14 230 110 7 14 5 5 208 164 168 7 208 246 4 
15 15 2 2 96 28 0 97 14 230 110 7 14 230 110 232 223 229 82 229 82 146 209 188 4 
15 15 2 2 112 28 0 217 207 230 255 225 80 151 217 5 5 225 171 178 171 152 171 136 137 4 
15 15 2 2 128 28 0 157 138 5 4 208 107 178 107 152 107 136 163 138 131 209 181 217 67 4 
15 15 2 2 144 28 0 239 5 4 3 225 158 152 157 152 2 208 164 152 163 152 122 209 122 4 
15 15 2 2 160 28 0 172 217 238 82 239 80 5 5 225 161 217 241 223 229 82 229 82 158 4 
15 15 2 2 176 28 0 25 208 105 217 2 14 233 38 0 14 234 34 238 207 243 255 29 4 
15 15 2 2 192 28 0 237 207 244 255 238 42 239 34 243 207 233 255 244 207 234 255 242 4 
15 15 2 2 208 28 0 239 80 230 110 88 217 129 217 229 82 231 80 239 110 83 217 251 4 
15 15 2 2 224 28 0 238 82 239 6 87 209 90 217 230 82 7 1 6 81 6 10 201 4 
15 15 2 2 240 28 0 70 224 3 10 58 224 1 10 49 224 7 10 40 224 1 10 99 4 
15 15 2 2 0 29 0 26 224 3 10 9 224 1 10 72 225 6 107 254 14 219 80 19 4 
15 15 2 2 16 29 0 201 8 68 225 1 14 49 208 6 107 7 155 254 14 219 80 127 4 
15 15 2 2 32 29 0 23 8 2 225 7 157 5 5 208 254 14 219 80 24 8 1 225 11 4 
15 15 2 2 48 29 0 7 141 2 14 34 208 254 14 219 207 2 247 219 207 24 241 183 4 
15 15 2 2 64 29 0 2 81 128 11 1 224 1 14 186 111 3 14 22 208 254 14 165 4 
15 15 2 2 80 29 0 219 207 3 247 219 207 25 241 5 4 14 5 15 208 254 14 219 207 144 4 
15 15 2 2 96 29 0 5 4 247 219 207 26 241 5 5 14 8 208 254 14 219 207 5 5 247 50 4 
15 15 2 2 112 29 0 219 207 27 241 7 173 5 15 208 6 14 6 111 5 15 208 2 81 107 4 
15 15 2 2 128 29 0 3 37 5 4 37 5 5 37 223 110 223 28 243 110 254 14 219 80 5 4 4 
15 15 2 2 144 29 0 243 92 1 225 7 139 6 107 1 208 6 107 229 82 250 208 216 4 
15 15 2 2 160 29 0 158 170 9 208 158 154 93 199 233 255 94 199 234 255 239 80 141 4 
15 15 2 2 176 29 0 230 110 153 223 20 208 158 168 7 208 8 14 230 110 7 14 227 4 
15 15 2 2 192 29 0 230 110 110 223 229 82 229 82 164 170 11 208 164 154 182 199 44 4 
15 15 2 2 208 29 0 233 255 183 199 234 255 239 80 230 110 106 236 20 240 229 82 156 4 
15 15 2 2 224 29 0 18 0 164 168 7 208 97 14 230 110 7 14 230 110 88 223 103 4 
15 15 2 2 240 29 0 229 82 229 82 18 0 209 239 13 240 208 216 220 216 27 192 123 4 
15 15 2 2 0 30 0 187 247 28 192 188 247 8 14 7 1 187 39 7 14 188 35 169 4 
15 15 2 2 16 30 0 242 156 187 199 233 255 188 199 234 255 2 14 233 38 0 14 61 4 
15 15 2 2 32 30 0 234 34 251 14 219 207 238 255 252 14 219 207 237 255 187 199 240 4 
15 15 2 2 48 30 0 233 255 188 199 234 255 238 82 249 14 219 207 239 255 242 140 253 4 
15 15 2 2 64 30 0 213 216 2 223 229 82 229 82 165 208 168 216 180 216 27 192 70 4 
15 15 2 2 80 30 0 189 247 28 192 190 247 8 14 7 1 189 39 7 14 190 35 81 4 
15 15 2 2 96 30 0 189 199 233 255 190 199 234 255 184 216 251 14 219 207 239 255 115 4 
15 15 2 2 112 30 0 217 80 153 216 3 225 158 184 3 208 253 215 164 168 254 215 210 4 
15 15 2 2 128 30 0 137 208 140 216 7 1 9 81 0 8 252 227 92 81 92 43 36 4 
15 15 2 2 144 30 0 234 106 12 5 15 233 110 7 14 234 34 254 14 219 207 239 255 195 4 
15 15 2 2 160 30 0 219 80 13 8 3 224 80 14 92 93 5 15 227 242 156 12 14 106 4 
15 15 2 2 176 30 0 10 111 7 14 11 111 92 199 9 247 242 140 92 107 0 14 176 4 
15 15 2 2 192 30 0 230 110 230 106 193 222 229 82 229 82 100 208 7 1 7 189 109 4 
15 15 2 2 208 30 0 1 12 0 12 99 216 2 14 225 38 1 14 219 106 7 1 71 4 
15 15 2 2 224 30 0 7 173 2 208 7 171 75 208 9 14 112 216 5 15 226 254 14 79 4 
15 15 2 2 240 30 0 219 5 4 43 110 1 14 43 82 5 4 224 232 70 254 11 43 6 158 4 
15 15 2 2 0 31 0 252 225 223 110 223 80 7 1 5 5 21 53 208 17 14 94 216 8 4 
15 15 2 2 16 31 0 16 226 254 14 219 80 247 5 15 43 110 1 14 43 82 5 4 224 149 4 
15 15 2 2 32 31 0 232 70 254 11 43 6 252 225 223 110 223 80 7 1 5 4 21 219 4 
15 15 2 2 48 31 0 34 208 25 14 75 216 16 226 254 14 219 80 239 5 15 43 110 177 4 
15 15 2 2 64 31 0 1 14 43 82 5 4 224 232 70 254 11 43 6 252 225 223 110 155 4 
15 15 2 2 80 31 0 223 80 7 1 3 21 5 15 208 254 14 219 80 231 5 15 43 110 153 4 
15 15 2 2 96 31 0 1 14 43 82 5 4 224 232 70 254 11 43 6 252 225 223 110 123 4 
15 15 2 2 112 31 0 223 80 7 1 2 21 231 110 1 14 231 207 219 255 219 80 0 4 
15 15 2 2 128 31 0 217 207 225 255 7 208 253 14 219 207 233 255 254 14 219 207 171 4 
15 15 2 2 144 31 0 234 255 18 0 229 82 231 207 217 255 18 0 217 207 230 255 238 4 
15 15 2 2 160 31 0 225 207 217 255 18 0 253 5 15 233 110 255 14 218 32 234 110 225 4 
15 15 2 2 176 31 0 238 80 237 16 18 0 89 14 29 110 30 106 253 14 219 207 177 4 
15 15 2 2 192 31 0 34 240 254 14 219 207 35 240 150 239 20 240 243 110 254 14 76 4 
15 15 2 2 208 31 0 219 207 244 255 243 80 244 92 18 0 87 14 233 38 0 14 73 4 
15 15 2 2 224 31 0 234 34 238 80 239 207 234 255 233 110 18 0 253 14 219 207 238 4 
15 15 2 2 240 31 0 230 255 254 14 219 207 230 255 18 0 208 223 195 239 5 15 240 251 4 
15 15 2 2 0 32 0 0 14 233 110 234 110 5 4 0 13 236 16 240 234 42 8 14 248 4 
15 15 2 2 16 32 0 234 92 216 164 3 239 16 240 18 0 239 106 233 62 13 239 138 4 
15 15 2 2 32 32 0 16 240 18 0 255 14 227 207 9 240 9 56 5 15 11 6 5 15 130 4 
15 15 2 2 48 32 0 216 178 7 5 15 42 5 15 173 110 21 236 19 240 9 80 5 15 11 65 4 
15 15 2 2 64 32 0 6 5 15 216 178 7 5 15 42 5 15 173 110 21 236 19 240 0 12 131 4 
15 15 2 2 80 32 0 18 0 234 207 5 4 240 233 207 5 5 240 255 14 227 207 234 255 120 4 
15 15 2 2 96 32 0 254 14 227 207 233 255 64 167 65 208 238 207 160 240 238 207 212 4 
15 15 2 2 112 32 0 161 240 238 207 162 240 238 207 163 240 238 207 164 240 238 207 46 4 
15 15 2 2 128 32 0 165 240 238 207 166 240 238 207 167 240 238 207 168 240 238 207 14 4 
15 15 2 2 144 32 0 169 240 238 207 170 240 238 207 171 240 238 207 172 240 238 207 238 4 
15 15 2 2 160 32 0 173 240 238 207 174 240 238 207 175 240 238 207 176 240 238 207 206 4 
15 15 2 2 176 32 0 177 240 238 207 178 240 238 207 179 240 238 207 180 240 238 207 174 4 
15 15 2 2 192 32 0 181 240 238 207 182 240 238 207 183 240 238 207 184 240 238 207 142 4 
15 15 2 2 208 32 0 185 240 238 207 186 240 238 207 187 240 238 207 188 240 238 207 110 4 
15 15 2 2 224 32 0 189 240 238 207 190 240 238 207 191 240 64 208 238 207 128 240 59 4 
15 15 2 2 240 32 0 238 207 129 240 238 207 130 240 238 207 131 240 238 207 132 240 46 4 
15 15 2 2 0 33 0 238 207 133 240 238 207 134 240 238 207 135 240 238 207 136 240 13 4 
15 15 2 2 16 33 0 238 207 137 240 238 207 138 240 238 207 139 240 238 207 140 240 237 4 
15 15 2 2 32 33 0 238 207 141 240 238 207 142 240 238 207 143 240 238 207 144 240 205 4 
15 15 2 2 48 33 0 238 207 145 240 238 207 146 240 238 207 147 240 238 207 148 240 173 4 
15 15 2 2 64 33 0 238 207 149 240 238 207 150 240 238 207 151 240 238 207 152 240 141 4 
15 15 2 2 80 33 0 238 207 153 240 238 207 154 240 238 207 155 240 238 207 156 240 109 4 
15 15 2 2 96 33 0 238 207 157 240 238 207 158 240 238 207 159 240 5 4 192 234 255 237 4 
15 15 2 2 112 33 0 5 5 192 233 255 18 0 64 161 18 0 234 207 5 4 240 233 207 84 4 
15 15 2 2 128 33 0 5 5 240 255 14 227 207 234 255 254 14 227 207 233 255 64 169 47 4 
15 15 2 2 144 33 0 65 208 192 192 238 255 193 192 238 255 194 192 238 255 195 192 109 4 
15 15 2 2 160 33 0 238 255 196 192 238 255 197 192 238 255 198 192 238 255 199 192 113 4 
15 15 2 2 176 33 0 238 255 200 192 238 255 201 192 238 255 202 192 238 255 203 192 81 4 
15 15 2 2 192 33 0 238 255 204 192 238 255 205 192 238 255 206 192 238 255 207 192 49 4 
15 15 2 2 208 33 0 238 255 208 192 238 255 209 192 238 255 210 192 238 255 211 192 17 4 
15 15 2 2 224 33 0 238 255 212 192 238 255 213 192 238 255 214 192 238 255 215 192 241 4 
15 15 2 2 240 33 0 238 255 216 192 238 255 217 192 238 255 218 192 238 255 219 192 209 4 
15 15 2 2 0 34 0 238 255 220 192 238 255 221 192 238 255 222 192 238 255 223 192 176 4 
15 15 2 2 16 34 0 238 255 64 208 224 192 238 255 225 192 238 255 226 192 238 255 35 4 
15 15 2 2 32 34 0 227 192 238 255 228 192 238 255 229 192 238 255 230 192 238 255 116 4 
15 15 2 2 48 34 0 231 192 238 255 232 192 238 255 233 192 238 255 234 192 238 255 84 4 
15 15 2 2 64 34 0 235 192 238 255 236 192 238 255 237 192 238 255 238 192 238 255 52 4 
15 15 2 2 80 34 0 239 192 238 255 240 192 238 255 241 192 238 255 242 192 238 255 20 4 
15 15 2 2 96 34 0 243 192 238 255 244 192 238 255 245 192 238 255 246 192 238 255 244 4 
15 15 2 2 112 34 0 247 192 238 255 248 192 238 255 249 192 238 255 250 192 238 255 212 4 
15 15 2 2 128 34 0 251 192 238 255 252 192 238 255 253 192 238 255 254 192 238 255 180 4 
15 15 2 2 144 34 0 255 192 238 255 5 4 192 234 255 5 5 192 233 255 18 0 242 180 140 4 
15 15 2 2 160 34 0 18 0 22 80 5 15 10 216 180 18 0 255 14 227 207 10 240 82 4 
15 15 2 2 176 34 0 254 14 227 207 11 240 253 14 227 207 12 240 252 14 227 207 252 4 
15 15 2 2 192 34 0 13 240 10 42 22 160 141 142 11 42 22 162 143 128 12 42 230 4 
15 15 2 2 208 34 0 22 164 143 134 13 42 22 166 143 136 14 106 5 15 106 16 106 198 4 
15 15 2 2 224 34 0 17 106 162 236 17 240 10 46 120 239 17 240 22 160 141 158 111 4 
15 15 2 2 240 34 0 11 46 125 239 17 240 22 162 143 144 12 46 130 239 17 240 193 4 
15 15 2 2 0 35 0 22 164 143 150 0 0 13 46 136 239 17 240 22 166 143 152 100 4 
15 15 2 2 16 35 0 0 0 14 46 141 239 17 240 18 144 0 0 5 15 46 146 239 176 4 
15 15 2 2 32 35 0 17 240 18 146 0 0 16 46 151 239 17 240 18 148 0 0 169 4 
15 15 2 2 48 35 0 17 46 156 239 17 240 18 150 196 236 17 240 19 62 115 239 210 4 
15 15 2 2 64 35 0 17 240 18 0 215 14 19 110 0 0 0 0 0 0 0 0 32 4 
15 15 2 2 80 35 0 186 236 17 240 19 46 164 239 17 240 215 14 19 110 0 0 167 4 
15 15 2 2 96 35 0 0 0 0 0 0 0 186 236 17 240 19 46 175 239 17 240 242 4 
15 15 2 2 112 35 0 0 0 18 0 0 0 189 239 17 240 0 0 0 0 0 0 170 4 
15 15 2 2 128 35 0 0 0 0 0 0 0 18 0 3 14 20 110 0 0 20 46 114 4 
15 15 2 2 144 35 0 198 239 17 240 18 0 55 217 7 225 37 217 239 80 127 8 197 4 
15 15 2 2 160 35 0 3 226 33 217 127 14 239 110 60 209 45 217 9 225 27 217 127 4 
15 15 2 2 176 35 0 239 207 43 240 127 14 43 92 3 226 21 217 127 14 239 110 127 4 
15 15 2 2 192 35 0 48 209 217 207 230 255 225 207 217 255 36 217 216 144 44 80 34 4 
15 15 2 2 208 35 0 5 4 230 208 14 43 92 7 14 44 88 5 5 226 7 1 208 14 84 4 
15 15 2 2 224 35 0 226 111 7 14 12 208 22 217 44 52 11 226 43 80 206 8 42 4 
15 15 2 2 240 35 0 8 14 44 84 6 226 7 1 206 14 226 111 8 14 227 111 206 4 
15 15 2 2 0 36 0 6 208 253 14 219 207 226 247 254 14 219 207 227 247 226 199 59 4 
15 15 2 2 16 36 0 43 240 227 199 44 240 208 14 43 94 7 14 44 90 43 80 106 4 
15 15 2 2 32 36 0 0 209 240 14 230 110 139 236 19 240 229 82 147 138 147 136 172 4 
15 15 2 2 48 36 0 147 134 147 132 153 130 153 128 147 142 147 140 154 132 154 130 202 4 
15 15 2 2 64 36 0 153 134 153 132 154 138 154 136 148 128 154 134 154 142 154 156 132 4 
15 15 2 2 80 36 0 145 156 1 1 127 14 11 111 10 111 9 111 8 111 7 111 116 4 
15 15 2 2 96 36 0 6 111 5 5 111 5 4 111 19 111 18 111 17 111 16 111 5 15 111 156 4 
15 15 2 2 112 36 0 14 111 13 111 12 111 0 14 230 110 230 106 230 110 230 106 158 4 
15 15 2 2 128 36 0 230 110 230 106 230 110 230 106 149 236 11 240 245 110 8 14 27 4 
15 15 2 2 144 36 0 225 94 245 80 175 216 251 236 14 240 84 14 43 110 46 14 33 4 
15 15 2 2 160 36 0 44 110 45 106 43 192 230 255 230 110 45 192 230 255 18 236 19 4 
15 15 2 2 176 36 0 21 240 229 82 229 82 229 82 218 239 10 240 32 14 230 110 57 4 
15 15 2 2 192 36 0 1 14 230 110 58 236 11 240 229 82 229 82 37 216 19 193 85 4 
15 15 2 2 208 36 0 230 255 18 193 230 255 17 193 230 255 16 193 230 255 79 236 195 4 
15 15 2 2 224 36 0 17 240 229 82 229 82 229 82 229 82 7 1 186 81 18 224 22 4 
15 15 2 2 240 36 0 7 1 1 14 228 111 29 14 228 93 12 226 228 199 230 255 148 4 
15 15 2 2 0 37 0 106 236 5 15 240 229 82 0 9 2 224 228 199 2 241 7 1 186 4 
15 15 2 2 16 37 0 228 43 241 215 250 239 18 240 38 193 5 4 241 46 193 5 5 241 68 4 
15 15 2 2 32 37 0 39 193 8 241 1 1 8 81 43 110 44 106 255 14 216 128 231 4 
15 15 2 2 48 37 0 43 86 0 14 44 86 43 192 8 241 1 1 34 171 5 4 208 5 15 4 
15 15 2 2 64 37 0 1 14 7 1 218 111 219 107 1 1 34 169 3 208 7 1 73 4 
15 15 2 2 80 37 0 218 107 219 107 7 1 218 81 1 11 243 110 254 14 141 20 175 4 
15 15 2 2 96 37 0 243 16 141 110 1 1 35 81 16 11 2 224 141 148 1 208 20 4 
15 15 2 2 112 37 0 141 132 35 81 32 11 2 224 140 148 1 208 140 132 34 173 5 5 4 
15 15 2 2 128 37 0 2 208 141 130 140 146 34 175 2 208 140 130 141 146 35 81 20 4 
15 15 2 2 144 37 0 64 11 2 224 140 128 1 208 140 144 220 199 43 240 221 199 191 4 
15 15 2 2 160 37 0 44 240 232 14 34 110 3 14 35 110 220 199 29 240 221 199 159 4 
15 15 2 2 176 37 0 30 240 112 236 20 240 25 192 43 240 26 192 44 240 216 144 103 4 
15 15 2 2 192 37 0 26 80 5 4 230 250 14 43 92 0 14 44 88 5 4 227 1 1 185 4 
15 15 2 2 208 37 0 34 81 1 11 2 224 145 128 1 208 145 144 7 1 220 43 148 4 
15 15 2 2 224 37 0 0 14 221 35 18 0 252 14 219 207 233 255 253 14 219 207 134 4 
15 15 2 2 240 37 0 234 255 18 0 0 14 230 110 1 14 230 110 83 236 11 240 237 4 
15 15 2 2 0 38 0 229 82 229 82 18 0 217 207 230 255 225 207 217 255 254 14 53 4 
15 15 2 2 16 38 0 219 80 18 0 253 14 219 207 43 240 254 14 219 207 44 240 231 4 
15 15 2 2 32 38 0 18 0 229 82 231 207 217 255 18 0 158 168 254 215 18 0 160 4 
15 15 2 2 48 38 0 177 216 254 14 219 207 230 255 18 236 16 240 229 82 166 208 215 4 
15 15 2 2 64 38 0 169 216 7 1 225 80 253 5 15 214 111 255 14 218 32 215 111 62 4 
15 15 2 2 80 38 0 1 14 234 106 214 37 233 110 215 81 234 34 160 216 214 199 136 4 
15 15 2 2 96 38 0 233 255 215 199 234 255 155 216 145 208 148 216 7 1 216 107 124 4 
15 15 2 2 112 38 0 26 14 216 93 13 226 253 14 219 207 233 255 219 42 254 14 108 4 
15 15 2 2 128 38 0 219 207 234 255 1 227 219 42 138 216 7 1 216 43 240 215 166 4 
15 15 2 2 144 38 0 125 208 7 1 32 14 214 111 1 14 215 111 1 1 32 81 182 4 
15 15 2 2 160 38 0 7 1 222 111 223 107 224 81 222 25 2 225 225 81 223 25 98 4 
15 15 2 2 176 38 0 22 224 1 1 64 181 14 208 224 199 230 255 18 236 16 240 209 4 
15 15 2 2 192 38 0 229 82 222 199 230 255 18 236 16 240 229 82 13 14 173 110 234 4 
15 15 2 2 208 38 0 172 223 1 1 64 149 222 199 224 247 223 199 225 247 7 1 162 4 
15 15 2 2 224 38 0 224 43 0 14 225 35 225 53 7 226 224 81 255 8 0 14 148 4 
15 15 2 2 240 38 0 225 85 2 226 224 107 225 107 18 0 21 14 230 110 60 14 98 4 
15 15 2 2 0 39 0 230 110 110 236 22 240 229 82 229 82 50 14 230 110 116 236 191 4 
15 15 2 2 16 39 0 23 240 229 82 18 0 62 216 254 14 219 207 217 247 69 208 196 4 
15 15 2 2 32 39 0 57 216 2 14 225 38 254 14 219 80 127 11 254 11 253 11 187 4 
15 15 2 2 48 39 0 230 110 217 199 230 255 160 236 22 240 229 82 229 82 10 14 180 4 
15 15 2 2 64 39 0 230 110 146 236 23 240 229 82 169 236 23 240 7 236 5 4 240 2 4 
15 15 2 2 80 39 0 0 9 252 225 245 236 22 240 166 236 23 240 196 80 45 110 112 4 
15 15 2 2 96 39 0 46 110 45 106 195 80 0 1 45 16 43 110 46 192 44 240 78 4 
15 15 2 2 112 39 0 222 110 46 192 221 255 222 207 43 240 221 207 44 240 43 192 212 4 
15 15 2 2 128 39 0 243 255 44 192 244 255 217 207 225 255 5 15 208 13 14 173 110 231 4 
15 15 2 2 144 39 0 76 223 11 208 217 207 230 255 225 207 217 255 18 0 239 80 217 4 
15 15 2 2 160 39 0 230 110 18 236 16 240 229 82 18 0 229 82 231 207 217 255 213 4 
15 15 2 2 176 39 0 18 0 216 207 228 255 224 207 228 255 228 110 218 207 228 255 25 4 
15 15 2 2 192 39 0 226 207 218 255 233 207 228 255 234 207 228 255 243 207 228 255 175 4 
15 15 2 2 208 39 0 244 207 228 255 230 82 217 207 230 255 225 207 217 255 230 82 218 4 
15 15 2 2 224 39 0 240 80 2 11 5 5 224 240 80 16 11 2 224 240 146 20 208 32 4 
15 15 2 2 240 39 0 240 80 5 4 11 5 5 224 240 80 32 11 2 224 240 148 12 208 5 4 4 
15 15 2 2 0 40 0 242 80 1 11 7 224 242 80 8 11 5 4 224 129 80 223 110 72 4 
15 15 2 2 16 40 0 242 144 2 208 208 236 14 240 229 82 229 82 231 207 217 255 186 4 
15 15 2 2 32 40 0 229 82 229 207 244 255 229 207 243 255 229 207 234 255 229 207 223 4 
15 15 2 2 48 40 0 233 255 229 207 218 255 229 80 229 207 224 255 229 207 216 255 220 4 
15 15 2 2 64 40 0 16 0 1 1 127 14 11 111 10 111 9 111 8 111 7 111 157 4 
15 15 2 2 80 40 0 6 111 5 5 111 5 4 111 19 111 18 111 17 111 16 111 5 15 111 168 4 
15 15 2 2 96 40 0 14 111 13 111 12 111 140 146 141 146 140 144 141 144 140 150 104 4 
15 15 2 2 112 40 0 141 150 140 148 141 148 140 154 141 154 140 152 141 152 140 158 64 4 
15 15 2 2 128 40 0 145 144 140 156 141 156 1 1 33 173 34 208 1 1 64 161 61 4 
15 15 2 2 144 40 0 250 215 32 14 230 110 1 14 230 110 58 236 11 240 229 82 54 4 
15 15 2 2 160 40 0 229 82 19 193 230 255 18 193 230 255 17 193 230 255 16 193 5 4 4 
15 15 2 2 176 40 0 230 255 79 236 17 240 229 82 229 82 229 82 229 82 0 14 25 4 
15 15 2 2 192 40 0 230 110 1 14 230 110 83 236 11 240 229 82 229 82 219 215 3 4 
15 15 2 2 208 40 0 18 0 18 0 217 207 230 255 229 82 231 207 217 255 18 0 124 4 
15 15 2 2 224 40 0 37 106 35 174 121 239 20 240 34 108 35 30 232 106 35 34 194 4 
15 15 2 2 240 40 0 37 30 30 174 129 239 20 240 29 108 30 30 232 106 30 34 10 4 
15 15 2 2 0 41 0 37 30 20 236 23 240 30 190 145 239 20 240 37 174 0 12 74 4 
15 15 2 2 16 41 0 29 108 30 30 232 106 30 34 25 108 26 30 232 106 26 34 33 4 
15 15 2 2 32 41 0 0 12 37 190 136 239 20 240 38 136 255 12 30 192 42 240 152 4 
15 15 2 2 48 41 0 29 192 41 240 29 80 34 2 244 207 28 240 243 207 27 240 128 4 
15 15 2 2 64 41 0 30 80 35 2 244 207 30 240 243 207 29 240 34 2 243 80 249 4 
15 15 2 2 80 41 0 28 38 244 80 29 34 232 106 30 34 41 80 35 2 243 80 75 4 
15 15 2 2 96 41 0 28 38 244 80 29 34 232 106 30 34 35 174 188 239 20 240 156 4 
15 15 2 2 112 41 0 41 80 29 94 42 80 30 90 42 174 0 12 34 80 29 94 172 4 
15 15 2 2 128 41 0 35 80 30 90 0 12 30 14 246 110 8 14 247 110 0 14 67 4 
15 15 2 2 144 41 0 248 110 7 1 9 0 245 80 209 111 9 0 245 80 210 111 184 4 
15 15 2 2 160 41 0 3 225 209 103 1 208 61 208 9 0 245 80 204 111 9 0 167 4 
15 15 2 2 176 41 0 245 80 205 111 9 0 245 80 206 111 9 0 9 0 245 80 192 4 
15 15 2 2 192 41 0 233 110 9 0 245 80 234 110 9 0 9 0 9 0 245 80 182 4 
15 15 2 2 208 41 0 207 111 9 0 245 80 208 111 9 0 9 0 246 207 211 247 151 4 
15 15 2 2 224 41 0 247 207 212 247 248 207 213 247 204 199 246 255 205 199 247 255 189 4 
15 15 2 2 240 41 0 206 199 248 255 7 1 207 83 2 225 208 83 7 224 9 0 55 4 
15 15 2 2 0 42 0 245 80 238 110 207 7 248 226 208 7 249 215 211 199 246 255 75 4 
15 15 2 2 16 42 0 212 199 247 255 213 199 248 255 7 1 209 7 0 14 210 91 131 4 
15 15 2 2 32 42 0 191 215 18 0 217 207 230 255 218 207 230 255 225 207 217 255 103 4 
15 15 2 2 48 42 0 226 207 218 255 230 82 230 82 230 82 230 82 217 80 251 5 15 5 5 4 
15 15 2 2 64 42 0 43 110 255 14 218 32 44 110 43 192 222 255 221 110 222 207 152 4 
15 15 2 2 80 42 0 230 255 221 207 230 255 251 14 219 207 230 255 252 14 219 207 192 4 
15 15 2 2 96 42 0 230 255 253 14 219 207 230 255 229 199 230 255 230 199 230 255 208 4 
15 15 2 2 112 42 0 56 236 5 4 240 245 110 7 14 225 92 2 226 225 106 229 82 47 4 
15 15 2 2 128 42 0 225 110 245 80 2 14 243 207 219 255 3 14 244 207 219 255 100 4 
15 15 2 2 144 42 0 2 14 219 207 43 240 3 14 219 207 44 240 43 192 243 255 185 4 
15 15 2 2 160 42 0 44 192 244 255 217 207 225 255 218 207 226 255 229 82 229 207 86 4 
15 15 2 2 176 42 0 218 255 231 207 217 255 18 0 217 207 230 255 218 207 230 255 142 4 
15 15 2 2 192 42 0 225 207 217 255 226 207 218 255 251 14 219 207 43 240 252 14 40 4 
15 15 2 2 208 42 0 219 207 44 240 0 1 128 14 44 20 26 225 251 14 219 207 191 4 
15 15 2 2 224 42 0 233 255 252 14 219 207 234 255 238 207 243 255 237 207 244 255 5 15 4 
15 15 2 2 240 42 0 238 42 0 14 239 34 243 207 233 255 244 207 234 255 253 14 74 4 
15 15 2 2 0 43 0 219 207 239 255 239 80 44 106 243 110 44 192 244 255 16 208 68 4 
15 15 2 2 16 43 0 251 14 219 80 254 8 6 225 253 14 219 207 230 255 132 236 150 4 
15 15 2 2 32 43 0 23 240 5 5 208 253 14 219 207 230 255 3 236 5 4 240 229 82 33 4 
15 15 2 2 48 43 0 229 82 229 207 218 255 231 207 217 255 18 0 27 80 32 2 176 4 
15 15 2 2 64 43 0 243 207 23 240 244 207 24 240 33 2 243 80 24 38 0 14 75 4 
15 15 2 2 80 43 0 244 32 25 110 27 80 34 2 243 80 25 38 0 14 244 32 179 4 
15 15 2 2 96 43 0 26 110 27 80 35 2 243 80 26 38 28 80 32 2 243 80 5 5 4 
15 15 2 2 112 43 0 24 38 244 80 25 34 0 14 26 34 28 80 33 2 243 80 136 4 
15 15 2 2 128 43 0 25 38 244 80 26 34 28 80 34 2 243 80 26 38 29 80 18 4 
15 15 2 2 144 43 0 32 2 243 80 25 38 244 80 26 34 29 80 33 2 243 80 74 4 
15 15 2 2 160 43 0 26 38 30 80 32 2 243 80 26 38 18 0 254 14 227 207 14 4 
15 15 2 2 176 43 0 233 255 255 14 227 207 234 255 243 106 244 106 238 82 3 224 179 4 
15 15 2 2 192 43 0 243 74 244 42 251 215 18 0 255 14 227 207 248 255 229 82 229 4 
15 15 2 2 208 43 0 255 14 227 207 247 255 229 82 255 14 227 207 246 255 229 82 42 4 
15 15 2 2 224 43 0 230 106 230 106 230 106 9 0 245 82 9 224 253 14 227 42 176 4 
15 15 2 2 240 43 0 5 5 225 254 14 227 42 2 225 255 14 227 42 244 215 253 14 5 15 4 
15 15 2 2 0 44 0 227 207 28 240 254 14 227 207 29 240 255 14 227 207 30 240 122 4 
15 15 2 2 16 44 0 18 0 217 207 230 255 218 207 230 255 225 207 217 255 226 207 90 4 
15 15 2 2 32 44 0 218 255 63 14 199 22 198 106 253 14 219 80 198 18 251 14 102 4 
15 15 2 2 48 44 0 219 80 199 18 252 14 219 80 3 10 9 224 1 10 5 4 224 130 4 
15 15 2 2 64 44 0 2 10 6 225 199 140 5 4 208 199 140 198 136 1 208 198 136 182 4 
15 15 2 2 80 44 0 253 14 219 80 5 5 10 3 224 1 10 5 4 225 146 138 148 134 50 4 
15 15 2 2 96 44 0 199 158 1 208 148 150 148 154 148 136 198 138 229 82 229 207 139 4 
15 15 2 2 112 44 0 218 255 231 207 217 255 18 0 217 207 230 255 218 207 230 255 204 4 
15 15 2 2 128 44 0 225 207 217 255 226 207 218 255 108 106 107 106 253 14 219 176 253 4 
15 15 2 2 144 44 0 108 136 219 162 2 208 108 140 107 140 219 180 108 142 219 166 5 4 4 
15 15 2 2 160 44 0 2 208 107 136 1 208 107 138 219 168 2 208 108 132 1 208 143 4 
15 15 2 2 176 44 0 108 148 219 172 2 208 163 138 1 208 163 154 219 174 2 208 49 4 
15 15 2 2 192 44 0 163 136 1 208 163 152 252 14 219 80 111 110 108 138 107 142 216 4 
15 15 2 2 208 44 0 229 82 229 207 218 255 231 207 217 255 18 0 217 207 230 255 5 15 4 
15 15 2 2 224 44 0 218 207 230 255 225 207 217 255 226 207 218 255 172 106 171 106 37 4 
15 15 2 2 240 44 0 253 14 219 176 172 136 219 162 2 208 172 140 171 140 219 180 201 4 
15 15 2 2 0 45 0 172 142 219 166 2 208 171 136 1 208 171 138 219 168 2 208 180 4 
15 15 2 2 16 45 0 172 132 1 208 172 148 219 172 2 208 157 138 1 208 157 154 246 4 
15 15 2 2 32 45 0 219 174 2 208 157 136 1 208 157 152 252 14 219 80 175 110 215 4 
15 15 2 2 48 45 0 172 138 171 142 229 82 229 207 218 255 231 207 217 255 18 0 204 4 
15 15 2 2 64 45 0 217 207 230 255 218 207 230 255 225 207 217 255 226 207 218 255 98 4 
15 15 2 2 80 45 0 194 106 193 106 192 106 252 14 219 64 127 11 60 11 194 110 216 4 
15 15 2 2 96 45 0 253 14 219 80 5 15 11 43 110 252 14 219 56 240 11 48 11 51 4 
15 15 2 2 112 45 0 43 16 193 110 253 14 219 56 5 15 11 7 11 43 110 253 14 7 4 
15 15 2 2 128 45 0 219 80 128 11 43 16 192 110 252 14 219 174 3 208 158 156 144 4 
15 15 2 2 144 45 0 157 140 242 140 194 128 229 82 229 207 218 255 231 207 217 255 5 4 4 
15 15 2 2 160 45 0 18 0 26 106 25 106 24 106 23 106 32 14 231 110 216 144 40 4 
15 15 2 2 176 45 0 27 54 28 54 29 54 30 54 23 54 24 54 25 54 26 54 155 4 
15 15 2 2 192 45 0 32 80 23 92 33 80 24 88 34 80 25 88 35 80 26 88 131 4 
15 15 2 2 208 45 0 9 227 32 80 23 94 33 80 24 90 34 80 25 90 35 80 243 4 
15 15 2 2 224 45 0 26 90 27 42 231 46 228 215 18 0 217 207 230 255 218 207 30 4 
15 15 2 2 240 45 0 230 255 225 207 217 255 226 207 218 255 230 82 230 82 195 80 101 4 
15 15 2 2 0 46 0 223 110 1 14 196 207 219 255 222 207 43 240 221 207 44 240 117 4 
15 15 2 2 16 46 0 43 192 243 255 44 192 244 255 229 82 229 82 229 82 229 207 169 4 
15 15 2 2 32 46 0 218 255 231 207 217 255 18 0 26 106 25 106 16 14 231 110 187 4 
15 15 2 2 48 46 0 216 144 29 54 30 54 25 54 26 54 34 80 25 92 35 80 150 4 
15 15 2 2 64 46 0 26 88 5 5 227 34 80 25 94 35 80 26 90 29 42 231 46 8 4 
15 15 2 2 80 46 0 240 215 18 0 73 70 73 32 50 48 48 54 32 85 115 101 152 4 
15 15 2 2 96 46 0 114 32 80 114 111 99 101 115 115 111 114 32 73 110 105 116 104 4 
15 15 2 2 112 46 0 105 97 108 105 122 101 100 32 46 46 46 13 0 255 145 236 73 4 
15 15 2 2 128 46 0 10 240 17 236 18 240 1 1 64 145 1 1 64 161 7 208 200 4 
15 15 2 2 144 46 0 94 236 18 240 1 1 33 173 2 208 33 236 20 240 105 236 234 4 
15 15 2 2 160 46 0 20 240 243 215 243 106 244 106 255 14 225 36 233 110 255 14 47 4 
15 15 2 2 176 46 0 226 32 234 110 237 102 7 208 47 14 239 100 5 4 208 58 14 238 4 
15 15 2 2 192 46 0 239 96 1 208 243 42 18 0 22 238 0 240 38 238 0 240 199 4 
15 15 2 2 208 46 0 248 106 38 156 166 142 166 156 0 236 16 240 195 236 20 240 197 4 
15 15 2 2 224 46 0 63 236 23 240 249 215 18 0 255 14 227 80 55 110 72 14 159 4 
15 15 2 2 240 46 0 1 208 76 14 231 110 231 46 254 215 231 106 231 46 254 215 57 4 
15 15 2 2 0 47 0 55 46 247 215 0 0 18 0 255 14 227 80 172 186 5 4 208 14 4 
15 15 2 2 16 47 0 175 106 171 142 172 138 148 156 172 162 254 215 173 110 243 110 102 4 
15 15 2 2 32 47 0 244 106 18 0 255 14 227 80 232 78 18 0 0 0 0 208 229 4 
15 15 2 2 48 47 0 0 208 0 208 232 46 250 215 18 0 48 49 50 51 52 53 213 4 
15 15 2 2 64 47 0 54 55 56 57 97 98 99 100 101 102 0 255 194 144 157 156 208 4 
15 15 2 2 80 47 0 18 0 194 130 18 0 0 0 0 0 254 255 0 0 0 0 24 4 
15 15 8 64 184 4 
