 48
 48
Pump: 49
Pump: 49
 49
Pump: 49
 49
 49
 49
Pump: 50
Pump: 50
Pump: 50
Pump: 50
Pump: 50
 50
 50
Pump: 51
Pump: 51
Pump: 51
 52
 52
 52
Pump: 53
Pump: 53
 53
: 53
 53
 53
Pump: 53
Pump: 54
: 54
Pump: 54
: 54
 54
 54
Pump: 56
Pump: 56
 56
 56
 56
Pump: 56
Pump: 57
 57
 57
 57
 57
Pump: 58
Pump: 58
Pump: 58
 57
 59
 58
 58
Pump: 59
Pump: 59
Pump: 59
Pump: 59
Pump: 60
 60
 60
Pump: 61
Pump: 61
Pump: 61
Pump: 61
 61
 61
Pump: 62
Pump: 62
 63
 62
 63
 63
 63
Pump: 64
Pump: 64
 64
 64
 64
 64
 64
Pump: 64
Pump: 64
Pump: 64
Pump: 64
Pump: 64
 64
 64
 64
Pump: 64
Pump: 64
Pump: 64
Pump: 64
 64
 64
Pump: 64
Pump: 64
Pump: 64
 64
 65
Pump: 65
Pump: 65
: 65
 65
: 65
 65
: 65
Pump: 65
Pump: 66
 65
Pump: 65
 65
 65
 65
Pump: 66
Pump: 66
Pump: 66
Pump: 66
: 66
 66
 66
 66
Pump: 67
Pump: 67
Pump: 67
 67
 67
 67
 67
Pump: 68
Pump: 68
 68
 68
 68
 68
Pump: 68
Pump: 69
Pump: 68
Pump: 68
: 68
 68
 68
Pump: 69
Pump: 69
Pump: 69
 69
 69
 69
 69
71
Pump: 70
Pump: 70
Pump: 70
Pump: 70
Pump: 70
 70
 70
Pump: 71
Pump: 71
Pump: 72
: 72
 72
 72
Pump: 72
Pump: 72
: 72
 72
 72
 72
Pump: 72
Pump: 72
